#
# A fatal error has been detected by the Java Runtime Environment:
#
#  EXCEPTION_ACCESS_VIOLATION (0xc0000005) at pc=0x000001ce07ad16bc, pid=15248, tid=5972
#
# JRE version: Java(TM) SE Runtime Environment (23.0.2+7) (build 23.0.2+7-58)
# Java VM: Java HotSpot(TM) 64-Bit Server VM (23.0.2+7-58, mixed mode, sharing, tiered, compressed oops, compressed class ptrs, g1 gc, windows-amd64)
# Problematic frame:
# J 171 c2 java.lang.String.equals(Ljava/lang/Object;)Z java.base@23.0.2 (56 bytes) @ 0x000001ce07ad16bc [0x000001ce07ad1680+0x000000000000003c]
#
# No core dump will be written. Minidumps are not enabled by default on client versions of Windows
#
# If you would like to submit a bug report, please visit:
#   https://bugreport.java.com/bugreport/crash.jsp
#

---------------  S U M M A R Y ------------

Command Line: -javaagent:C:\Program Files\JetBrains\IntelliJ IDEA Community Edition 2024.3.3\lib\idea_rt.jar=64894:C:\Program Files\JetBrains\IntelliJ IDEA Community Edition 2024.3.3\bin -Dfile.encoding=UTF-8 -Dsun.stdout.encoding=UTF-8 -Dsun.stderr.encoding=UTF-8 com.example.greetingApp.GreetingAppApplication

Host: Intel(R) Core(TM) i5-7200U CPU @ 2.50GHz, 4 cores, 7G,  Windows 10 , 64 bit Build 19041 (10.0.19041.5438)
Time: Mon Mar  3 19:11:08 2025 India Standard Time elapsed time: 2.187483 seconds (0d 0h 0m 2s)

---------------  T H R E A D  ---------------

Current thread (0x000001ce5556c280):  JavaThread "background-preinit"        [_thread_in_Java, id=5972, stack(0x0000002da4e00000,0x0000002da4f00000) (1024K)]

Stack: [0x0000002da4e00000,0x0000002da4f00000],  sp=0x0000002da4efe530,  free space=1017k
Native frames: (J=compiled Java code, j=interpreted, Vv=VM code, C=native code)
C  0x000001ce07ad16bc  (no source info available)

The last pc belongs to nmethod (printed below).

siginfo: EXCEPTION_ACCESS_VIOLATION (0xc0000005), reading address 0x00000000992552b8


Registers:
RAX=0x000001ce0f170fc8, RBX=0x000001ce0f170fc8, RCX=0xfffffffffffffff5, RDX=0x00000000893e7c90
RSP=0x0000002da4efe530, RBP=0x0000002da4efe5b8, RSI=0x000000008925efd8, RDI=0x00000000893e7ca8
R8 =0x00000000992552b0, R9 =0x0000000089255d00, R10=0x000001ce0f000000, R11=0x000001ce07ad1690
R12=0x0000000000000000, R13=0x0000002da4efe560, R14=0x0000000000000000, R15=0x000001ce5556c280
RIP=0x000001ce07ad16bc, EFLAGS=0x0000000000010202


Register to memory mapping:

RAX={method} {0x000001ce0f170fd0} 'equals' '(Ljava/lang/Object;)Z' in 'java/lang/String'
RBX={method} {0x000001ce0f170fd0} 'equals' '(Ljava/lang/Object;)Z' in 'java/lang/String'
RCX=0xfffffffffffffff5 is an unknown value
RDX=0x00000000893e7c90 is an oop: java.lang.String 
{0x00000000893e7c90} - klass: 'java/lang/String'
 - string: "jdk.xml.cdataChunkSize"
 - ---- fields (total size 3 words):
 - private 'hash' 'I' @12  -1776145067 (0x96222d55)
 - private final 'coder' 'B' @16  0 (0x00)
 - private 'hashIsZero' 'Z' @17  false (0x00)
 - injected 'flags' 'B' @18  0 (0x00)
 - private final 'value' '[B' @20  [B{0x00000000893e7ca8} (0x893e7ca8)
RSP=0x0000002da4efe530 is pointing into the stack for thread: 0x000001ce5556c280
RBP=0x0000002da4efe5b8 is pointing into the stack for thread: 0x000001ce5556c280
RSI=0x000000008925efd8 is an oop: [B 
{0x000000008925efd8} - klass: {type array byte}
 - length: 30
 -   0: 68 h
 -   1: 74 t
 -   2: 74 t
 -   3: 70 p
 -   4: 3a :
 -   5: 2f /
 -   6: 2f /
 -   7: 78 x
 -   8: 6d m
 -   9: 6c l
 -  10: 2e .
 -  11: 6f o
 -  12: 72 r
 -  13: 67 g
 -  14: 2f /
 -  15: 73 s
 -  16: 61 a
 -  17: 78 x
 -  18: 2f /
 -  19: 70 p
 -  20: 72 r
 -  21: 6f o
 -  22: 70 p
 -  23: 65 e
 -  24: 72 r
 -  25: 74 t
 -  26: 69 i
 -  27: 65 e
 -  28: 73 s
 -  29: 2f /
RDI=0x00000000893e7ca8 is an oop: [B 
{0x00000000893e7ca8} - klass: {type array byte}
 - length: 22
 -   0: 6a j
 -   1: 64 d
 -   2: 6b k
 -   3: 2e .
 -   4: 78 x
 -   5: 6d m
 -   6: 6c l
 -   7: 2e .
 -   8: 63 c
 -   9: 64 d
 -  10: 61 a
 -  11: 74 t
 -  12: 61 a
 -  13: 43 C
 -  14: 68 h
 -  15: 75 u
 -  16: 6e n
 -  17: 6b k
 -  18: 53 S
 -  19: 69 i
 -  20: 7a z
 -  21: 65 e
R8 =0x00000000992552b0 is an unallocated location in the heap
R9 =0x0000000089255d00 is an oop: java.util.ArrayList 
{0x0000000089255d00} - klass: 'java/util/ArrayList'
 - ---- fields (total size 3 words):
 - protected transient 'modCount' 'I' @12  7 (0x00000007)
 - private 'size' 'I' @16  65 (0x00000041)
 - transient 'elementData' '[Ljava/lang/Object;' @20  a 'java/lang/Object'[96] {0x000000008925dd98} (0x8925dd98)
R10=0x000001ce0f000000 is pointing into metadata
R11=0x000001ce07ad1690 is at entry_point+14 in (nmethod*)0x000001ce07ad1588
Compiled method (c2) 2587  171       4       java.lang.String::equals (56 bytes)
 total in heap  [0x000001ce07ad1588,0x000001ce07ad1878] = 752
 relocation     [0x000001ce07ad1660,0x000001ce07ad1680] = 32
 main code      [0x000001ce07ad1680,0x000001ce07ad1850] = 464
 stub code      [0x000001ce07ad1850,0x000001ce07ad1868] = 24
 metadata       [0x000001ce07ad1868,0x000001ce07ad1878] = 16
 immutable data [0x000001ce54141460,0x000001ce541414d0] = 112
 dependencies   [0x000001ce54141460,0x000001ce54141468] = 8
 scopes pcs     [0x000001ce54141468,0x000001ce541414a8] = 64
 scopes data    [0x000001ce541414a8,0x000001ce541414d0] = 40
R12=0x0 is null
R13=0x0000002da4efe560 is pointing into the stack for thread: 0x000001ce5556c280
R14=0x0 is null
R15=0x000001ce5556c280 is a thread

Top of Stack: (sp=0x0000002da4efe530)
0x0000002da4efe530:   000001ce5556c280 0000000000000001
0x0000002da4efe540:   000001ce50983f08 0000000000000000
0x0000002da4efe550:   0000002da4efe5b8 000001ce07538848
0x0000002da4efe560:   00000000992552b0 00000000893e7c90
0x0000002da4efe570:   fffffffffffffff7 000001ce0f7fc6a6
0x0000002da4efe580:   0000000000000007 000001ce0f1ecd80
0x0000002da4efe590:   0000000000000000 00000000822ba868
0x0000002da4efe5a0:   000001ce0f1edc68 fffffffffffffff5
0x0000002da4efe5b0:   0000002da4efe5d8 0000002da4efe640
0x0000002da4efe5c0:   000001ce07538848 0000000000000011
0x0000002da4efe5d0:   000000008925dd98 0000000000000041
0x0000002da4efe5e0:   0000000000000000 00000000893e7c90
0x0000002da4efe5f0:   0000000089255d00 fffffffffffffff7
0x0000002da4efe600:   000001ce0f7fbbff 0000000000000003
0x0000002da4efe610:   000001ce0f1ecd80 0000000000000000
0x0000002da4efe620:   00000000822ba868 000001ce0f1ed588
0x0000002da4efe630:   fffffffffffffff3 0000002da4efe650
0x0000002da4efe640:   0000002da4efe6a8 000001ce07538848
0x0000002da4efe650:   00000000893e7c90 0000000089255d00
0x0000002da4efe660:   fffffffffffffff7 000001ce0f7fb73a
0x0000002da4efe670:   0000000000000003 000001ce0f1ecd80
0x0000002da4efe680:   0000000000000000 00000000822ba868
0x0000002da4efe690:   000001ce0f1ed270 fffffffffffffff5
0x0000002da4efe6a0:   0000002da4efe6b8 0000002da4efe710
0x0000002da4efe6b0:   000001ce07538d4e 00000000893e7c90
0x0000002da4efe6c0:   0000000089255d00 fffffffffffffff7
0x0000002da4efe6d0:   000001ce50983f0d 0000000000000004
0x0000002da4efe6e0:   000001ce50984818 0000000000000000
0x0000002da4efe6f0:   00000000892545e0 000001ce50983f78
0x0000002da4efe700:   fffffffffffffff5 0000002da4efe728
0x0000002da4efe710:   0000002da4efe780 000001ce0753889a
0x0000002da4efe720:   0000000000000000 00000000893e7c90 

Instructions: (pc=0x000001ce07ad16bc)
0x000001ce07ad15bc:   01 00 00 00 00 00 00 00 00 00 00 00 02 00 00 00
0x000001ce07ad15cc:   00 00 00 00 c8 0f 17 0f ce 01 00 00 00 00 00 00
0x000001ce07ad15dc:   00 00 00 00 60 14 14 54 ce 01 00 00 00 de 1d 54
0x000001ce07ad15ec:   ce 01 00 00 00 00 00 00 00 00 00 00 00 00 00 00
0x000001ce07ad15fc:   00 00 00 00 00 00 00 00 00 00 00 00 00 00 00 00
0x000001ce07ad160c:   00 00 00 00 80 16 ad 07 ce 01 00 00 02 00 10 00
0x000001ce07ad161c:   ff ff ff ff 70 00 00 00 10 00 00 00 c8 02 00 00
0x000001ce07ad162c:   c8 02 00 00 cd 02 00 00 ff ff ff ff ff ff 00 00
0x000001ce07ad163c:   00 00 10 00 08 00 08 00 08 00 00 00 48 00 00 00
0x000001ce07ad164c:   70 00 00 00 10 00 00 00 ab 00 00 00 04 02 02 02
0x000001ce07ad165c:   00 00 00 00 0a 30 01 78 36 63 ff 00 1c 58 28 31
0x000001ce07ad166c:   05 80 1b 31 05 80 55 78 08 40 11 31 05 31 0a 00
0x000001ce07ad167c:   00 31 0f 31 66 90 44 8b 52 08 44 3b 50 08 0f 85
0x000001ce07ad168c:   50 ce aa ff 89 84 24 00 80 ff ff 55 48 83 ec 20
0x000001ce07ad169c:   41 81 7f 20 01 00 00 00 0f 85 9c 01 00 00 49 3b
0x000001ce07ad16ac:   d0 0f 84 36 01 00 00 4d 85 c0 0f 84 15 01 00 00
0x000001ce07ad16bc:   45 8b 58 08 41 81 fb 28 0d 17 00 0f 85 43 01 00
0x000001ce07ad16cc:   00 44 0f be 52 10 41 0f be 68 10 66 0f 1f 84 00
0x000001ce07ad16dc:   00 00 00 00 44 3b d5 0f 85 0e 01 00 00 45 8b 50
0x000001ce07ad16ec:   14 44 8b 42 14 45 8b 5a 0c 41 8b 48 0c 0f 1f 80
0x000001ce07ad16fc:   00 00 00 00 41 3b cb 0f 85 c8 00 00 00 4d 8b da
0x000001ce07ad170c:   49 8d 72 10 4d 8b d0 49 8d 78 10 85 c9 0f 84 9d
0x000001ce07ad171c:   00 00 00 8b c1 83 e0 1f 83 e1 e0 0f 84 4b 00 00
0x000001ce07ad172c:   00 48 8d 3c 0f 48 8d 34 0e 48 f7 d9 c5 fe 6f 0c
0x000001ce07ad173c:   0f c5 fe 6f 04 0e c5 f5 ef c8 c4 e2 7d 17 c9 0f
0x000001ce07ad174c:   85 72 00 00 00 48 83 c1 20 75 e1 85 c0 0f 84 5d
0x000001ce07ad175c:   00 00 00 c5 fe 6f 4c 07 e0 c5 fe 6f 44 06 e0 c5
0x000001ce07ad176c:   f5 ef c8 c4 e2 7d 17 c9 75 4d eb 44 8b c8 83 e1
0x000001ce07ad177c:   fc 74 19 48 8d 3c 0f 48 8d 34 0e 48 f7 d9 8b 1c
0x000001ce07ad178c:   0f 3b 1c 0e 75 31 48 83 c1 04 75 f2 a8 02 74 12
0x000001ce07ad179c:   0f b7 1f 0f b7 0e 3b d9 75 1d 48 8d 7f 02 48 8d
0x000001ce07ad17ac:   76 02 a8 01 74 0a 0f b6 1f 0f b6 0e 3b d9 75 07 


Stack slot to memory mapping:

stack at sp + 0 slots: 0x000001ce5556c280 is a thread
stack at sp + 1 slots: 0x0000000000000001 is an unknown value
stack at sp + 2 slots: 0x000001ce50983f08 is pointing into metadata
stack at sp + 3 slots: 0x0 is null
stack at sp + 4 slots: 0x0000002da4efe5b8 is pointing into the stack for thread: 0x000001ce5556c280
stack at sp + 5 slots: 0x000001ce07538848 is at code_begin+1608 in an Interpreter codelet
return entry points  [0x000001ce07538200, 0x000001ce07538e90]  3216 bytes
stack at sp + 6 slots: 0x00000000992552b0 is an unallocated location in the heap
stack at sp + 7 slots: 0x00000000893e7c90 is an oop: java.lang.String 
{0x00000000893e7c90} - klass: 'java/lang/String'
 - string: "jdk.xml.cdataChunkSize"
 - ---- fields (total size 3 words):
 - private 'hash' 'I' @12  -1776145067 (0x96222d55)
 - private final 'coder' 'B' @16  0 (0x00)
 - private 'hashIsZero' 'Z' @17  false (0x00)
 - injected 'flags' 'B' @18  0 (0x00)
 - private final 'value' '[B' @20  [B{0x00000000893e7ca8} (0x893e7ca8)

Lock stack of current Java thread (top to bottom):
LockStack[0]: java.lang.Object 
{0x0000000089248670} - klass: 'java/lang/Object'
 - ---- fields (total size 2 words):


Compiled method (c2) 2606  171       4       java.lang.String::equals (56 bytes)
 total in heap  [0x000001ce07ad1588,0x000001ce07ad1878] = 752
 relocation     [0x000001ce07ad1660,0x000001ce07ad1680] = 32
 main code      [0x000001ce07ad1680,0x000001ce07ad1850] = 464
 stub code      [0x000001ce07ad1850,0x000001ce07ad1868] = 24
 metadata       [0x000001ce07ad1868,0x000001ce07ad1878] = 16
 immutable data [0x000001ce54141460,0x000001ce541414d0] = 112
 dependencies   [0x000001ce54141460,0x000001ce54141468] = 8
 scopes pcs     [0x000001ce54141468,0x000001ce541414a8] = 64
 scopes data    [0x000001ce541414a8,0x000001ce541414d0] = 40

[Constant Pool (empty)]

[MachCode]
[Instructions begin]
  0x000001ce07ad1680: 6690 448b | 5208 443b 

  0x000001ce07ad1688: ;   {runtime_call ic_miss_stub}
  0x000001ce07ad1688: 5008 0f85 | 50ce aaff 
[Verified Entry Point]
  0x000001ce07ad1690: 8984 2400 | 80ff ff55 | 4883 ec20 | 4181 7f20 | 0100 0000 | 0f85 9c01 | 0000 493b | d00f 8436 
  0x000001ce07ad16b0: 0100 004d | 85c0 0f84 | 1501 0000 | 458b 5808 

  0x000001ce07ad16c0: ;   {metadata('java/lang/String')}
  0x000001ce07ad16c0: 4181 fb28 | 0d17 000f | 8543 0100 | 0044 0fbe | 5210 410f | be68 1066 | 0f1f 8400 | 0000 0000 
  0x000001ce07ad16e0: 443b d50f | 850e 0100 | 0045 8b50 | 1444 8b42 | 1445 8b5a | 0c41 8b48 | 0c0f 1f80 | 0000 0000 
  0x000001ce07ad1700: 413b cb0f | 85c8 0000 | 004d 8bda | 498d 7210 | 4d8b d049 | 8d78 1085 | c90f 849d | 0000 008b 
  0x000001ce07ad1720: c183 e01f | 83e1 e00f | 844b 0000 | 0048 8d3c | 0f48 8d34 | 0e48 f7d9 | c5fe 6f0c | 0fc5 fe6f 
  0x000001ce07ad1740: 040e c5f5 | efc8 c4e2 | 7d17 c90f | 8572 0000 | 0048 83c1 | 2075 e185 | c00f 845d | 0000 00c5 
  0x000001ce07ad1760: fe6f 4c07 | e0c5 fe6f | 4406 e0c5 | f5ef c8c4 | e27d 17c9 | 754d eb44 | 8bc8 83e1 | fc74 1948 
  0x000001ce07ad1780: 8d3c 0f48 | 8d34 0e48 | f7d9 8b1c | 0f3b 1c0e | 7531 4883 | c104 75f2 | a802 7412 | 0fb7 1f0f 
  0x000001ce07ad17a0: b70e 3bd9 | 751d 488d | 7f02 488d | 7602 a801 | 740a 0fb6 | 1f0f b60e | 3bd9 7507 

  0x000001ce07ad17bc: ;   {no_reloc}
  0x000001ce07ad17bc: b801 0000 | 00eb 0233 | c0c5 f5ef | c9c5 fdef | c085 c075 | 1f33 c0c5 | f877 4883 

  0x000001ce07ad17d8: ;   {poll_return}
  0x000001ce07ad17d8: c420 5d49 | 3ba7 4804 | 0000 0f87 | 4800 0000 | c3b8 0100 | 0000 ebe3 | b801 0000 | 00eb dcba 
  0x000001ce07ad17f8: 45ff ffff | 4489 1424 

  0x000001ce07ad1800: ;   {runtime_call UncommonTrapBlob}
  0x000001ce07ad1800: c5f8 77e8 

  0x000001ce07ad1804: ; ImmutableOopMap {}
                      ;*if_icmpne {reexecute=1 rethrow=0 return_oop=0}
                      ; - (reexecute) java.lang.String::equals@33 (line 1950)
  0x000001ce07ad1804: 582b abff 

  0x000001ce07ad1808: ;   {other}
  0x000001ce07ad1808: 0f1f 8400 | 8002 0000 | 488b ea4c | 8944 2408 | bade ffff | ff66 6690 

  0x000001ce07ad1820: ;   {runtime_call UncommonTrapBlob}
  0x000001ce07ad1820: c5f8 77e8 

  0x000001ce07ad1824: ; ImmutableOopMap {rbp=Oop [8]=Oop }
                      ;*instanceof {reexecute=0 rethrow=0 return_oop=0}
                      ; - java.lang.String::equals@8 (line 1952)
  0x000001ce07ad1824: 382b abff 

  0x000001ce07ad1828: ;   {other}
  0x000001ce07ad1828: 0f1f 8400 | a002 0001 

  0x000001ce07ad1830: ;   {internal_word}
  0x000001ce07ad1830: 49ba db17 | ad07 ce01 | 0000 4d89 | 9760 0400 

  0x000001ce07ad1840: ;   {runtime_call SafepointBlob}
  0x000001ce07ad1840: 00e9 9a3b 

  0x000001ce07ad1844: ;   {runtime_call StubRoutines (final stubs)}
  0x000001ce07ad1844: abff e8f5 | 5ea9 ffe9 | 5afe ffff 
[Exception Handler]
  0x000001ce07ad1850: ;   {no_reloc}
  0x000001ce07ad1850: e98b 01ae | ffe8 0000 | 0000 4883 

  0x000001ce07ad185c: ;   {runtime_call DeoptimizationBlob}
  0x000001ce07ad185c: 2c24 05e9 | 1c2e abff | f4f4 f4f4 
[/MachCode]


---------------  P R O C E S S  ---------------

Threads class SMR info:
_java_thread_list=0x000001ce55214000, length=16, elements={
0x000001ce6ca995e0, 0x000001ce7c138c00, 0x000001ce7c1399b0, 0x000001ce7c13b540,
0x000001ce7c13dbc0, 0x000001ce7c13e230, 0x000001ce7c1428b0, 0x000001ce7c143250,
0x000001ce54052f80, 0x000001ce54105d60, 0x000001ce54587b50, 0x000001ce5458cd50,
0x000001ce54b52270, 0x000001ce54e95da0, 0x000001ce55128380, 0x000001ce5556c280
}

Java Threads: ( => current thread )
  0x000001ce6ca995e0 JavaThread "main"                              [_thread_blocked, id=5932, stack(0x0000002da3400000,0x0000002da3500000) (1024K)]
  0x000001ce7c138c00 JavaThread "Reference Handler"          daemon [_thread_blocked, id=3120, stack(0x0000002da3d00000,0x0000002da3e00000) (1024K)]
  0x000001ce7c1399b0 JavaThread "Finalizer"                  daemon [_thread_blocked, id=15048, stack(0x0000002da3e00000,0x0000002da3f00000) (1024K)]
  0x000001ce7c13b540 JavaThread "Signal Dispatcher"          daemon [_thread_blocked, id=15012, stack(0x0000002da3f00000,0x0000002da4000000) (1024K)]
  0x000001ce7c13dbc0 JavaThread "Attach Listener"            daemon [_thread_blocked, id=14984, stack(0x0000002da4000000,0x0000002da4100000) (1024K)]
  0x000001ce7c13e230 JavaThread "Service Thread"             daemon [_thread_blocked, id=10308, stack(0x0000002da4100000,0x0000002da4200000) (1024K)]
  0x000001ce7c1428b0 JavaThread "Monitor Deflation Thread"   daemon [_thread_blocked, id=9820, stack(0x0000002da4200000,0x0000002da4300000) (1024K)]
  0x000001ce7c143250 JavaThread "C2 CompilerThread0"         daemon [_thread_blocked, id=5280, stack(0x0000002da4300000,0x0000002da4400000) (1024K)]
  0x000001ce54052f80 JavaThread "C1 CompilerThread0"         daemon [_thread_blocked, id=15732, stack(0x0000002da4400000,0x0000002da4500000) (1024K)]
  0x000001ce54105d60 JavaThread "Common-Cleaner"             daemon [_thread_blocked, id=15572, stack(0x0000002da4500000,0x0000002da4600000) (1024K)]
  0x000001ce54587b50 JavaThread "Monitor Ctrl-Break"         daemon [_thread_in_native, id=9344, stack(0x0000002da4700000,0x0000002da4800000) (1024K)]
  0x000001ce5458cd50 JavaThread "Notification Thread"        daemon [_thread_blocked, id=6948, stack(0x0000002da4800000,0x0000002da4900000) (1024K)]
  0x000001ce54b52270 JavaThread "Thread-0"                          [_thread_blocked, id=12168, stack(0x0000002da4b00000,0x0000002da4c00000) (1024K)]
  0x000001ce54e95da0 JavaThread "restartedMain"                     [_thread_blocked, id=1680, stack(0x0000002da4c00000,0x0000002da4d00000) (1024K)]
  0x000001ce55128380 JavaThread "C2 CompilerThread1"         daemon [_thread_blocked, id=14492, stack(0x0000002da4d00000,0x0000002da4e00000) (1024K)]
=>0x000001ce5556c280 JavaThread "background-preinit"                [_thread_in_Java, id=5972, stack(0x0000002da4e00000,0x0000002da4f00000) (1024K)]
Total: 16

Other Threads:
  0x000001ce7c11f9a0 VMThread "VM Thread"                           [id=16460, stack(0x0000002da3c00000,0x0000002da3d00000) (1024K)] _threads_hazard_ptr=0x000001ce55214000
  0x000001ce7c10eca0 WatcherThread "VM Periodic Task Thread"        [id=16140, stack(0x0000002da3b00000,0x0000002da3c00000) (1024K)]
  0x000001ce6eca7710 WorkerThread "GC Thread#0"                     [id=17108, stack(0x0000002da3600000,0x0000002da3700000) (1024K)]
  0x000001ce5493e990 WorkerThread "GC Thread#1"                     [id=4580, stack(0x0000002da4600000,0x0000002da4700000) (1024K)]
  0x000001ce5493ed40 WorkerThread "GC Thread#2"                     [id=17076, stack(0x0000002da4900000,0x0000002da4a00000) (1024K)]
  0x000001ce54806920 WorkerThread "GC Thread#3"                     [id=4736, stack(0x0000002da4a00000,0x0000002da4b00000) (1024K)]
  0x000001ce6ecbd940 ConcurrentGCThread "G1 Main Marker"            [id=14844, stack(0x0000002da3700000,0x0000002da3800000) (1024K)]
  0x000001ce6ecbebf0 WorkerThread "G1 Conc#0"                       [id=3964, stack(0x0000002da3800000,0x0000002da3900000) (1024K)]
  0x000001ce7bfcfce0 ConcurrentGCThread "G1 Refine#0"               [id=2348, stack(0x0000002da3900000,0x0000002da3a00000) (1024K)]
  0x000001ce7bfd2480 ConcurrentGCThread "G1 Service"                [id=796, stack(0x0000002da3a00000,0x0000002da3b00000) (1024K)]
Total: 10

Threads with active compile tasks:
Total: 0

VM state: not at safepoint (normal execution)

VM Mutex/Monitor currently owned by a thread: None

Heap address: 0x0000000081e00000, size: 2018 MB, Compressed Oops mode: 32-bit

CDS archive(s) mapped at: [0x000001ce0f000000-0x000001ce0fd70000-0x000001ce0fd70000), size 14090240, SharedBaseAddress: 0x000001ce0f000000, ArchiveRelocationMode: 1.
Compressed class space mapped at: 0x000001ce10000000-0x000001ce50000000, reserved size: 1073741824
Narrow klass base: 0x000001ce0f000000, Narrow klass shift: 0, Narrow klass range: 0x41000000

GC Precious Log:
 CardTable entry size: 512
 Card Set container configuration: InlinePtr #cards 5 size 8 Array Of Cards #cards 10 size 36 Howl #buckets 4 coarsen threshold 1843 Howl Bitmap #cards 512 size 80 coarsen threshold 460 Card regions per heap region 1 cards per card region 2048
 CPUs: 4 total, 4 available
 Memory: 8067M
 Large Page Support: Disabled
 NUMA Support: Disabled
 Compressed Oops: Enabled (32-bit)
 Heap Region Size: 1M
 Heap Min Capacity: 8M
 Heap Initial Capacity: 128M
 Heap Max Capacity: 2018M
 Pre-touch: Disabled
 Parallel Workers: 4
 Concurrent Workers: 1
 Concurrent Refinement Workers: 4
 Periodic GC: Disabled

Heap:
 garbage-first heap   total reserved 2066432K, committed 131072K, used 25280K [0x0000000081e00000, 0x0000000100000000)
  region size 1024K, 20 young (20480K), 1 survivors (1024K)
 Metaspace       used 12963K, committed 13248K, reserved 1114112K
  class space    used 1661K, committed 1792K, reserved 1048576K

Heap Regions: E=young(eden), S=young(survivor), O=old, HS=humongous(starts), HC=humongous(continues), CS=collection set, F=free, TAMS=top-at-mark-start, PB=parsable bottom
|   0|0x0000000081e00000, 0x0000000081f00000, 0x0000000081f00000|100%|HS|  |TAMS 0x0000000081e00000| PB 0x0000000081e00000| Complete |  0
|   1|0x0000000081f00000, 0x0000000082000000, 0x0000000082000000|100%|HS|  |TAMS 0x0000000081f00000| PB 0x0000000081f00000| Complete |  0
|   2|0x0000000082000000, 0x0000000082100000, 0x0000000082100000|100%| O|  |TAMS 0x0000000082000000| PB 0x0000000082000000| Untracked |  0
|   3|0x0000000082100000, 0x0000000082200000, 0x0000000082200000|100%| O|  |TAMS 0x0000000082100000| PB 0x0000000082100000| Untracked |  0
|   4|0x0000000082200000, 0x0000000082300000, 0x0000000082300000|100%| O|  |TAMS 0x0000000082200000| PB 0x0000000082200000| Untracked |  0
|   5|0x0000000082300000, 0x0000000082400000, 0x0000000082400000|100%| O|  |TAMS 0x0000000082300000| PB 0x0000000082300000| Untracked |  0
|   6|0x0000000082400000, 0x00000000824c8a50, 0x0000000082500000| 78%| O|  |TAMS 0x0000000082400000| PB 0x0000000082400000| Untracked |  0
|   7|0x0000000082500000, 0x0000000082500000, 0x0000000082600000|  0%| F|  |TAMS 0x0000000082500000| PB 0x0000000082500000| Untracked |  0
|   8|0x0000000082600000, 0x0000000082600000, 0x0000000082700000|  0%| F|  |TAMS 0x0000000082600000| PB 0x0000000082600000| Untracked |  0
|   9|0x0000000082700000, 0x0000000082700000, 0x0000000082800000|  0%| F|  |TAMS 0x0000000082700000| PB 0x0000000082700000| Untracked |  0
|  10|0x0000000082800000, 0x0000000082800000, 0x0000000082900000|  0%| F|  |TAMS 0x0000000082800000| PB 0x0000000082800000| Untracked |  0
|  11|0x0000000082900000, 0x0000000082900000, 0x0000000082a00000|  0%| F|  |TAMS 0x0000000082900000| PB 0x0000000082900000| Untracked |  0
|  12|0x0000000082a00000, 0x0000000082a00000, 0x0000000082b00000|  0%| F|  |TAMS 0x0000000082a00000| PB 0x0000000082a00000| Untracked |  0
|  13|0x0000000082b00000, 0x0000000082b00000, 0x0000000082c00000|  0%| F|  |TAMS 0x0000000082b00000| PB 0x0000000082b00000| Untracked |  0
|  14|0x0000000082c00000, 0x0000000082c00000, 0x0000000082d00000|  0%| F|  |TAMS 0x0000000082c00000| PB 0x0000000082c00000| Untracked |  0
|  15|0x0000000082d00000, 0x0000000082d00000, 0x0000000082e00000|  0%| F|  |TAMS 0x0000000082d00000| PB 0x0000000082d00000| Untracked |  0
|  16|0x0000000082e00000, 0x0000000082e00000, 0x0000000082f00000|  0%| F|  |TAMS 0x0000000082e00000| PB 0x0000000082e00000| Untracked |  0
|  17|0x0000000082f00000, 0x0000000082f00000, 0x0000000083000000|  0%| F|  |TAMS 0x0000000082f00000| PB 0x0000000082f00000| Untracked |  0
|  18|0x0000000083000000, 0x0000000083000000, 0x0000000083100000|  0%| F|  |TAMS 0x0000000083000000| PB 0x0000000083000000| Untracked |  0
|  19|0x0000000083100000, 0x0000000083100000, 0x0000000083200000|  0%| F|  |TAMS 0x0000000083100000| PB 0x0000000083100000| Untracked |  0
|  20|0x0000000083200000, 0x0000000083200000, 0x0000000083300000|  0%| F|  |TAMS 0x0000000083200000| PB 0x0000000083200000| Untracked |  0
|  21|0x0000000083300000, 0x0000000083300000, 0x0000000083400000|  0%| F|  |TAMS 0x0000000083300000| PB 0x0000000083300000| Untracked |  0
|  22|0x0000000083400000, 0x0000000083400000, 0x0000000083500000|  0%| F|  |TAMS 0x0000000083400000| PB 0x0000000083400000| Untracked |  0
|  23|0x0000000083500000, 0x0000000083500000, 0x0000000083600000|  0%| F|  |TAMS 0x0000000083500000| PB 0x0000000083500000| Untracked |  0
|  24|0x0000000083600000, 0x0000000083600000, 0x0000000083700000|  0%| F|  |TAMS 0x0000000083600000| PB 0x0000000083600000| Untracked |  0
|  25|0x0000000083700000, 0x0000000083700000, 0x0000000083800000|  0%| F|  |TAMS 0x0000000083700000| PB 0x0000000083700000| Untracked |  0
|  26|0x0000000083800000, 0x0000000083800000, 0x0000000083900000|  0%| F|  |TAMS 0x0000000083800000| PB 0x0000000083800000| Untracked |  0
|  27|0x0000000083900000, 0x0000000083900000, 0x0000000083a00000|  0%| F|  |TAMS 0x0000000083900000| PB 0x0000000083900000| Untracked |  0
|  28|0x0000000083a00000, 0x0000000083a00000, 0x0000000083b00000|  0%| F|  |TAMS 0x0000000083a00000| PB 0x0000000083a00000| Untracked |  0
|  29|0x0000000083b00000, 0x0000000083b00000, 0x0000000083c00000|  0%| F|  |TAMS 0x0000000083b00000| PB 0x0000000083b00000| Untracked |  0
|  30|0x0000000083c00000, 0x0000000083c00000, 0x0000000083d00000|  0%| F|  |TAMS 0x0000000083c00000| PB 0x0000000083c00000| Untracked |  0
|  31|0x0000000083d00000, 0x0000000083d00000, 0x0000000083e00000|  0%| F|  |TAMS 0x0000000083d00000| PB 0x0000000083d00000| Untracked |  0
|  32|0x0000000083e00000, 0x0000000083e00000, 0x0000000083f00000|  0%| F|  |TAMS 0x0000000083e00000| PB 0x0000000083e00000| Untracked |  0
|  33|0x0000000083f00000, 0x0000000083f00000, 0x0000000084000000|  0%| F|  |TAMS 0x0000000083f00000| PB 0x0000000083f00000| Untracked |  0
|  34|0x0000000084000000, 0x0000000084000000, 0x0000000084100000|  0%| F|  |TAMS 0x0000000084000000| PB 0x0000000084000000| Untracked |  0
|  35|0x0000000084100000, 0x0000000084100000, 0x0000000084200000|  0%| F|  |TAMS 0x0000000084100000| PB 0x0000000084100000| Untracked |  0
|  36|0x0000000084200000, 0x0000000084200000, 0x0000000084300000|  0%| F|  |TAMS 0x0000000084200000| PB 0x0000000084200000| Untracked |  0
|  37|0x0000000084300000, 0x0000000084300000, 0x0000000084400000|  0%| F|  |TAMS 0x0000000084300000| PB 0x0000000084300000| Untracked |  0
|  38|0x0000000084400000, 0x0000000084400000, 0x0000000084500000|  0%| F|  |TAMS 0x0000000084400000| PB 0x0000000084400000| Untracked |  0
|  39|0x0000000084500000, 0x0000000084500000, 0x0000000084600000|  0%| F|  |TAMS 0x0000000084500000| PB 0x0000000084500000| Untracked |  0
|  40|0x0000000084600000, 0x0000000084600000, 0x0000000084700000|  0%| F|  |TAMS 0x0000000084600000| PB 0x0000000084600000| Untracked |  0
|  41|0x0000000084700000, 0x0000000084700000, 0x0000000084800000|  0%| F|  |TAMS 0x0000000084700000| PB 0x0000000084700000| Untracked |  0
|  42|0x0000000084800000, 0x0000000084800000, 0x0000000084900000|  0%| F|  |TAMS 0x0000000084800000| PB 0x0000000084800000| Untracked |  0
|  43|0x0000000084900000, 0x0000000084900000, 0x0000000084a00000|  0%| F|  |TAMS 0x0000000084900000| PB 0x0000000084900000| Untracked |  0
|  44|0x0000000084a00000, 0x0000000084a00000, 0x0000000084b00000|  0%| F|  |TAMS 0x0000000084a00000| PB 0x0000000084a00000| Untracked |  0
|  45|0x0000000084b00000, 0x0000000084b00000, 0x0000000084c00000|  0%| F|  |TAMS 0x0000000084b00000| PB 0x0000000084b00000| Untracked |  0
|  46|0x0000000084c00000, 0x0000000084c00000, 0x0000000084d00000|  0%| F|  |TAMS 0x0000000084c00000| PB 0x0000000084c00000| Untracked |  0
|  47|0x0000000084d00000, 0x0000000084d00000, 0x0000000084e00000|  0%| F|  |TAMS 0x0000000084d00000| PB 0x0000000084d00000| Untracked |  0
|  48|0x0000000084e00000, 0x0000000084e00000, 0x0000000084f00000|  0%| F|  |TAMS 0x0000000084e00000| PB 0x0000000084e00000| Untracked |  0
|  49|0x0000000084f00000, 0x0000000084f00000, 0x0000000085000000|  0%| F|  |TAMS 0x0000000084f00000| PB 0x0000000084f00000| Untracked |  0
|  50|0x0000000085000000, 0x0000000085000000, 0x0000000085100000|  0%| F|  |TAMS 0x0000000085000000| PB 0x0000000085000000| Untracked |  0
|  51|0x0000000085100000, 0x0000000085100000, 0x0000000085200000|  0%| F|  |TAMS 0x0000000085100000| PB 0x0000000085100000| Untracked |  0
|  52|0x0000000085200000, 0x0000000085200000, 0x0000000085300000|  0%| F|  |TAMS 0x0000000085200000| PB 0x0000000085200000| Untracked |  0
|  53|0x0000000085300000, 0x0000000085300000, 0x0000000085400000|  0%| F|  |TAMS 0x0000000085300000| PB 0x0000000085300000| Untracked |  0
|  54|0x0000000085400000, 0x0000000085400000, 0x0000000085500000|  0%| F|  |TAMS 0x0000000085400000| PB 0x0000000085400000| Untracked |  0
|  55|0x0000000085500000, 0x0000000085500000, 0x0000000085600000|  0%| F|  |TAMS 0x0000000085500000| PB 0x0000000085500000| Untracked |  0
|  56|0x0000000085600000, 0x0000000085600000, 0x0000000085700000|  0%| F|  |TAMS 0x0000000085600000| PB 0x0000000085600000| Untracked |  0
|  57|0x0000000085700000, 0x0000000085700000, 0x0000000085800000|  0%| F|  |TAMS 0x0000000085700000| PB 0x0000000085700000| Untracked |  0
|  58|0x0000000085800000, 0x0000000085800000, 0x0000000085900000|  0%| F|  |TAMS 0x0000000085800000| PB 0x0000000085800000| Untracked |  0
|  59|0x0000000085900000, 0x0000000085900000, 0x0000000085a00000|  0%| F|  |TAMS 0x0000000085900000| PB 0x0000000085900000| Untracked |  0
|  60|0x0000000085a00000, 0x0000000085a00000, 0x0000000085b00000|  0%| F|  |TAMS 0x0000000085a00000| PB 0x0000000085a00000| Untracked |  0
|  61|0x0000000085b00000, 0x0000000085b00000, 0x0000000085c00000|  0%| F|  |TAMS 0x0000000085b00000| PB 0x0000000085b00000| Untracked |  0
|  62|0x0000000085c00000, 0x0000000085c00000, 0x0000000085d00000|  0%| F|  |TAMS 0x0000000085c00000| PB 0x0000000085c00000| Untracked |  0
|  63|0x0000000085d00000, 0x0000000085d00000, 0x0000000085e00000|  0%| F|  |TAMS 0x0000000085d00000| PB 0x0000000085d00000| Untracked |  0
|  64|0x0000000085e00000, 0x0000000085e00000, 0x0000000085f00000|  0%| F|  |TAMS 0x0000000085e00000| PB 0x0000000085e00000| Untracked |  0
|  65|0x0000000085f00000, 0x0000000085f00000, 0x0000000086000000|  0%| F|  |TAMS 0x0000000085f00000| PB 0x0000000085f00000| Untracked |  0
|  66|0x0000000086000000, 0x0000000086000000, 0x0000000086100000|  0%| F|  |TAMS 0x0000000086000000| PB 0x0000000086000000| Untracked |  0
|  67|0x0000000086100000, 0x0000000086100000, 0x0000000086200000|  0%| F|  |TAMS 0x0000000086100000| PB 0x0000000086100000| Untracked |  0
|  68|0x0000000086200000, 0x0000000086200000, 0x0000000086300000|  0%| F|  |TAMS 0x0000000086200000| PB 0x0000000086200000| Untracked |  0
|  69|0x0000000086300000, 0x0000000086300000, 0x0000000086400000|  0%| F|  |TAMS 0x0000000086300000| PB 0x0000000086300000| Untracked |  0
|  70|0x0000000086400000, 0x0000000086400000, 0x0000000086500000|  0%| F|  |TAMS 0x0000000086400000| PB 0x0000000086400000| Untracked |  0
|  71|0x0000000086500000, 0x0000000086500000, 0x0000000086600000|  0%| F|  |TAMS 0x0000000086500000| PB 0x0000000086500000| Untracked |  0
|  72|0x0000000086600000, 0x0000000086600000, 0x0000000086700000|  0%| F|  |TAMS 0x0000000086600000| PB 0x0000000086600000| Untracked |  0
|  73|0x0000000086700000, 0x0000000086700000, 0x0000000086800000|  0%| F|  |TAMS 0x0000000086700000| PB 0x0000000086700000| Untracked |  0
|  74|0x0000000086800000, 0x0000000086800000, 0x0000000086900000|  0%| F|  |TAMS 0x0000000086800000| PB 0x0000000086800000| Untracked |  0
|  75|0x0000000086900000, 0x0000000086900000, 0x0000000086a00000|  0%| F|  |TAMS 0x0000000086900000| PB 0x0000000086900000| Untracked |  0
|  76|0x0000000086a00000, 0x0000000086a00000, 0x0000000086b00000|  0%| F|  |TAMS 0x0000000086a00000| PB 0x0000000086a00000| Untracked |  0
|  77|0x0000000086b00000, 0x0000000086b00000, 0x0000000086c00000|  0%| F|  |TAMS 0x0000000086b00000| PB 0x0000000086b00000| Untracked |  0
|  78|0x0000000086c00000, 0x0000000086c00000, 0x0000000086d00000|  0%| F|  |TAMS 0x0000000086c00000| PB 0x0000000086c00000| Untracked |  0
|  79|0x0000000086d00000, 0x0000000086d00000, 0x0000000086e00000|  0%| F|  |TAMS 0x0000000086d00000| PB 0x0000000086d00000| Untracked |  0
|  80|0x0000000086e00000, 0x0000000086e00000, 0x0000000086f00000|  0%| F|  |TAMS 0x0000000086e00000| PB 0x0000000086e00000| Untracked |  0
|  81|0x0000000086f00000, 0x0000000086f00000, 0x0000000087000000|  0%| F|  |TAMS 0x0000000086f00000| PB 0x0000000086f00000| Untracked |  0
|  82|0x0000000087000000, 0x0000000087000000, 0x0000000087100000|  0%| F|  |TAMS 0x0000000087000000| PB 0x0000000087000000| Untracked |  0
|  83|0x0000000087100000, 0x0000000087100000, 0x0000000087200000|  0%| F|  |TAMS 0x0000000087100000| PB 0x0000000087100000| Untracked |  0
|  84|0x0000000087200000, 0x0000000087200000, 0x0000000087300000|  0%| F|  |TAMS 0x0000000087200000| PB 0x0000000087200000| Untracked |  0
|  85|0x0000000087300000, 0x0000000087300000, 0x0000000087400000|  0%| F|  |TAMS 0x0000000087300000| PB 0x0000000087300000| Untracked |  0
|  86|0x0000000087400000, 0x0000000087400000, 0x0000000087500000|  0%| F|  |TAMS 0x0000000087400000| PB 0x0000000087400000| Untracked |  0
|  87|0x0000000087500000, 0x0000000087500000, 0x0000000087600000|  0%| F|  |TAMS 0x0000000087500000| PB 0x0000000087500000| Untracked |  0
|  88|0x0000000087600000, 0x0000000087600000, 0x0000000087700000|  0%| F|  |TAMS 0x0000000087600000| PB 0x0000000087600000| Untracked |  0
|  89|0x0000000087700000, 0x0000000087700000, 0x0000000087800000|  0%| F|  |TAMS 0x0000000087700000| PB 0x0000000087700000| Untracked |  0
|  90|0x0000000087800000, 0x0000000087800000, 0x0000000087900000|  0%| F|  |TAMS 0x0000000087800000| PB 0x0000000087800000| Untracked |  0
|  91|0x0000000087900000, 0x0000000087900000, 0x0000000087a00000|  0%| F|  |TAMS 0x0000000087900000| PB 0x0000000087900000| Untracked |  0
|  92|0x0000000087a00000, 0x0000000087a00000, 0x0000000087b00000|  0%| F|  |TAMS 0x0000000087a00000| PB 0x0000000087a00000| Untracked |  0
|  93|0x0000000087b00000, 0x0000000087b00000, 0x0000000087c00000|  0%| F|  |TAMS 0x0000000087b00000| PB 0x0000000087b00000| Untracked |  0
|  94|0x0000000087c00000, 0x0000000087c00000, 0x0000000087d00000|  0%| F|  |TAMS 0x0000000087c00000| PB 0x0000000087c00000| Untracked |  0
|  95|0x0000000087d00000, 0x0000000087d00000, 0x0000000087e00000|  0%| F|  |TAMS 0x0000000087d00000| PB 0x0000000087d00000| Untracked |  0
|  96|0x0000000087e00000, 0x0000000087e00000, 0x0000000087f00000|  0%| F|  |TAMS 0x0000000087e00000| PB 0x0000000087e00000| Untracked |  0
|  97|0x0000000087f00000, 0x0000000087f00000, 0x0000000088000000|  0%| F|  |TAMS 0x0000000087f00000| PB 0x0000000087f00000| Untracked |  0
|  98|0x0000000088000000, 0x0000000088000000, 0x0000000088100000|  0%| F|  |TAMS 0x0000000088000000| PB 0x0000000088000000| Untracked |  0
|  99|0x0000000088100000, 0x0000000088100000, 0x0000000088200000|  0%| F|  |TAMS 0x0000000088100000| PB 0x0000000088100000| Untracked |  0
| 100|0x0000000088200000, 0x0000000088200000, 0x0000000088300000|  0%| F|  |TAMS 0x0000000088200000| PB 0x0000000088200000| Untracked |  0
| 101|0x0000000088300000, 0x0000000088300000, 0x0000000088400000|  0%| F|  |TAMS 0x0000000088300000| PB 0x0000000088300000| Untracked |  0
| 102|0x0000000088400000, 0x0000000088400000, 0x0000000088500000|  0%| F|  |TAMS 0x0000000088400000| PB 0x0000000088400000| Untracked |  0
| 103|0x0000000088500000, 0x0000000088500000, 0x0000000088600000|  0%| F|  |TAMS 0x0000000088500000| PB 0x0000000088500000| Untracked |  0
| 104|0x0000000088600000, 0x0000000088600000, 0x0000000088700000|  0%| F|  |TAMS 0x0000000088600000| PB 0x0000000088600000| Untracked |  0
| 105|0x0000000088700000, 0x0000000088700000, 0x0000000088800000|  0%| F|  |TAMS 0x0000000088700000| PB 0x0000000088700000| Untracked |  0
| 106|0x0000000088800000, 0x0000000088800000, 0x0000000088900000|  0%| F|  |TAMS 0x0000000088800000| PB 0x0000000088800000| Untracked |  0
| 107|0x0000000088900000, 0x0000000088900000, 0x0000000088a00000|  0%| F|  |TAMS 0x0000000088900000| PB 0x0000000088900000| Untracked |  0
| 108|0x0000000088a00000, 0x0000000088a997b8, 0x0000000088b00000| 59%| E|  |TAMS 0x0000000088a00000| PB 0x0000000088a00000| Complete |  0
| 109|0x0000000088b00000, 0x0000000088c00000, 0x0000000088c00000|100%| E|CS|TAMS 0x0000000088b00000| PB 0x0000000088b00000| Complete |  0
| 110|0x0000000088c00000, 0x0000000088d00000, 0x0000000088d00000|100%| E|CS|TAMS 0x0000000088c00000| PB 0x0000000088c00000| Complete |  0
| 111|0x0000000088d00000, 0x0000000088e00000, 0x0000000088e00000|100%| E|CS|TAMS 0x0000000088d00000| PB 0x0000000088d00000| Complete |  0
| 112|0x0000000088e00000, 0x0000000088f00000, 0x0000000088f00000|100%| E|CS|TAMS 0x0000000088e00000| PB 0x0000000088e00000| Complete |  0
| 113|0x0000000088f00000, 0x0000000089000000, 0x0000000089000000|100%| E|CS|TAMS 0x0000000088f00000| PB 0x0000000088f00000| Complete |  0
| 114|0x0000000089000000, 0x0000000089100000, 0x0000000089100000|100%| E|CS|TAMS 0x0000000089000000| PB 0x0000000089000000| Complete |  0
| 115|0x0000000089100000, 0x00000000891e75d0, 0x0000000089200000| 90%| S|CS|TAMS 0x0000000089100000| PB 0x0000000089100000| Complete |  0
| 116|0x0000000089200000, 0x0000000089300000, 0x0000000089300000|100%| E|  |TAMS 0x0000000089200000| PB 0x0000000089200000| Complete |  0
| 117|0x0000000089300000, 0x0000000089400000, 0x0000000089400000|100%| E|CS|TAMS 0x0000000089300000| PB 0x0000000089300000| Complete |  1
| 118|0x0000000089400000, 0x0000000089500000, 0x0000000089500000|100%| E|CS|TAMS 0x0000000089400000| PB 0x0000000089400000| Complete |  0
| 119|0x0000000089500000, 0x0000000089600000, 0x0000000089600000|100%| E|CS|TAMS 0x0000000089500000| PB 0x0000000089500000| Complete |  0
| 120|0x0000000089600000, 0x0000000089700000, 0x0000000089700000|100%| E|CS|TAMS 0x0000000089600000| PB 0x0000000089600000| Complete |  0
| 121|0x0000000089700000, 0x0000000089800000, 0x0000000089800000|100%| E|CS|TAMS 0x0000000089700000| PB 0x0000000089700000| Complete |  0
| 122|0x0000000089800000, 0x0000000089900000, 0x0000000089900000|100%| E|CS|TAMS 0x0000000089800000| PB 0x0000000089800000| Complete |  0
| 123|0x0000000089900000, 0x0000000089a00000, 0x0000000089a00000|100%| E|CS|TAMS 0x0000000089900000| PB 0x0000000089900000| Complete |  0
| 124|0x0000000089a00000, 0x0000000089b00000, 0x0000000089b00000|100%| E|CS|TAMS 0x0000000089a00000| PB 0x0000000089a00000| Complete |  0
| 125|0x0000000089b00000, 0x0000000089c00000, 0x0000000089c00000|100%| E|CS|TAMS 0x0000000089b00000| PB 0x0000000089b00000| Complete |  0
| 126|0x0000000089c00000, 0x0000000089d00000, 0x0000000089d00000|100%| E|CS|TAMS 0x0000000089c00000| PB 0x0000000089c00000| Complete |  0
| 127|0x0000000089d00000, 0x0000000089e00000, 0x0000000089e00000|100%| E|CS|TAMS 0x0000000089d00000| PB 0x0000000089d00000| Complete |  0

Card table byte_map: [0x000001ce77790000,0x000001ce77b90000] _byte_map_base: 0x000001ce77381000

Marking Bits: (CMBitMap*) 0x000001ce6eca9230
 Bits: [0x000001ce77b90000, 0x000001ce79b18000)

Polling page: 0x000001ce6ca00000

Metaspace:

Usage:
  Non-class:     11.04 MB used.
      Class:      1.62 MB used.
       Both:     12.66 MB used.

Virtual space:
  Non-class space:       64.00 MB reserved,      11.19 MB ( 17%) committed,  1 nodes.
      Class space:        1.00 GB reserved,       1.75 MB ( <1%) committed,  1 nodes.
             Both:        1.06 GB reserved,      12.94 MB (  1%) committed. 

Chunk freelists:
   Non-Class:  4.02 MB
       Class:  14.08 MB
        Both:  18.09 MB

MaxMetaspaceSize: unlimited
CompressedClassSpaceSize: 1.00 GB
Initial GC threshold: 21.00 MB
Current GC threshold: 21.00 MB
CDS: on
 - commit_granule_bytes: 65536.
 - commit_granule_words: 8192.
 - virtual_space_node_default_size: 8388608.
 - enlarge_chunks_in_place: 1.
 - use_allocation_guard: 0.


Internal statistics:

num_allocs_failed_limit: 0.
num_arena_births: 300.
num_arena_deaths: 0.
num_vsnodes_births: 2.
num_vsnodes_deaths: 0.
num_space_committed: 207.
num_space_uncommitted: 0.
num_chunks_returned_to_freelist: 0.
num_chunks_taken_from_freelist: 714.
num_chunk_merges: 0.
num_chunk_splits: 423.
num_chunks_enlarged: 248.
num_inconsistent_stats: 0.

CodeHeap 'non-profiled nmethods': size=120064Kb used=684Kb max_used=684Kb free=119380Kb
 bounds [0x000001ce07ac0000, 0x000001ce07d30000, 0x000001ce0f000000]
CodeHeap 'profiled nmethods': size=120000Kb used=3153Kb max_used=3153Kb free=116846Kb
 bounds [0x000001ce00000000, 0x000001ce00320000, 0x000001ce07530000]
CodeHeap 'non-nmethods': size=5696Kb used=1416Kb max_used=1455Kb free=4279Kb
 bounds [0x000001ce07530000, 0x000001ce077a0000, 0x000001ce07ac0000]
CodeCache: size=245760Kb, used=5253Kb, max_used=5292Kb, free=240505Kb
 total_blobs=2762, nmethods=2247, adapters=420, full_count=0
Compilation: enabled, stopped_count=0, restarted_count=0

Compilation events (20 events):
Event: 2.132 Thread 0x000001ce7c143250 nmethod 2002 0x000001ce07b57d08 code [0x000001ce07b57e00, 0x000001ce07b57e70]
Event: 2.132 Thread 0x000001ce54052f80 nmethod 2001 0x000001ce002b3a08 code [0x000001ce002b3c20, 0x000001ce002b4968]
Event: 2.132 Thread 0x000001ce54052f80 2000       3       java.lang.module.ModuleDescriptor$1::newExports (12 bytes)
Event: 2.132 Thread 0x000001ce54052f80 nmethod 2000 0x000001ce002b4a08 code [0x000001ce002b4b40, 0x000001ce002b4e78]
Event: 2.132 Thread 0x000001ce54052f80 2003       3       java.util.List::of (64 bytes)
Event: 2.133 Thread 0x000001ce54052f80 nmethod 2003 0x000001ce002b4f08 code [0x000001ce002b5120, 0x000001ce002b5d88]
Event: 2.133 Thread 0x000001ce54052f80 2004       3       java.net.URI::toLower (19 bytes)
Event: 2.133 Thread 0x000001ce54052f80 nmethod 2004 0x000001ce002b5e08 code [0x000001ce002b5f20, 0x000001ce002b6098]
Event: 2.133 Thread 0x000001ce54052f80 2005       3       java.net.URI::hash (33 bytes)
Event: 2.134 Thread 0x000001ce54052f80 nmethod 2005 0x000001ce002b6108 code [0x000001ce002b6260, 0x000001ce002b64c0]
Event: 2.134 Thread 0x000001ce54052f80 2006       3       java.net.URI::isOpaque (13 bytes)
Event: 2.134 Thread 0x000001ce54052f80 nmethod 2006 0x000001ce002b6508 code [0x000001ce002b6620, 0x000001ce002b6780]
Event: 2.135 Thread 0x000001ce54052f80 2007       3       java.security.AccessController::doPrivileged (9 bytes)
Event: 2.135 Thread 0x000001ce54052f80 nmethod 2007 0x000001ce002b6808 code [0x000001ce002b6960, 0x000001ce002b6cd0]
Event: 2.138 Thread 0x000001ce7c143250 2009       4       java.lang.invoke.MethodTypeForm::canonicalize (74 bytes)
Event: 2.139 Thread 0x000001ce7c143250 nmethod 2009 0x000001ce07b58308 code [0x000001ce07b58400, 0x000001ce07b584d8]
Event: 2.142 Thread 0x000001ce54052f80 2010       1       jdk.xml.internal.XMLSecurityManager$Limit::systemProperty (5 bytes)
Event: 2.142 Thread 0x000001ce54052f80 nmethod 2010 0x000001ce07b58608 code [0x000001ce07b58720, 0x000001ce07b587e8]
Event: 2.164 Thread 0x000001ce55128380 nmethod 1991% 0x000001ce07b58908 code [0x000001ce07b58b00, 0x000001ce07b59f78]
Event: 2.180 Thread 0x000001ce7c143250 2011       4       java.lang.String::regionMatches (150 bytes)

GC Heap History (4 events):
Event: 1.042 GC heap before
{Heap before GC invocations=0 (full 0):
 garbage-first heap   total reserved 2066432K, committed 131072K, used 15360K [0x0000000081e00000, 0x0000000100000000)
  region size 1024K, 14 young (14336K), 0 survivors (0K)
 Metaspace       used 4188K, committed 4352K, reserved 1114112K
  class space    used 466K, committed 512K, reserved 1048576K
}
Event: 1.049 GC heap after
{Heap after GC invocations=1 (full 0):
 garbage-first heap   total reserved 2066432K, committed 131072K, used 6911K [0x0000000081e00000, 0x0000000100000000)
  region size 1024K, 2 young (2048K), 2 survivors (2048K)
 Metaspace       used 4188K, committed 4352K, reserved 1114112K
  class space    used 466K, committed 512K, reserved 1048576K
}
Event: 1.590 GC heap before
{Heap before GC invocations=1 (full 0):
 garbage-first heap   total reserved 2066432K, committed 131072K, used 18175K [0x0000000081e00000, 0x0000000100000000)
  region size 1024K, 14 young (14336K), 2 survivors (2048K)
 Metaspace       used 7432K, committed 7616K, reserved 1114112K
  class space    used 891K, committed 960K, reserved 1048576K
}
Event: 1.594 GC heap after
{Heap after GC invocations=2 (full 0):
 garbage-first heap   total reserved 2066432K, committed 131072K, used 7872K [0x0000000081e00000, 0x0000000100000000)
  region size 1024K, 1 young (1024K), 1 survivors (1024K)
 Metaspace       used 7432K, committed 7616K, reserved 1114112K
  class space    used 891K, committed 960K, reserved 1048576K
}

Dll operation events (12 events):
Event: 0.035 Loaded shared library C:\Program Files\Java\jdk-23\bin\java.dll
Event: 0.100 Loaded shared library C:\Program Files\Java\jdk-23\bin\jsvml.dll
Event: 0.290 Loaded shared library C:\Program Files\Java\jdk-23\bin\zip.dll
Event: 0.295 Loaded shared library C:\Program Files\Java\jdk-23\bin\instrument.dll
Event: 0.304 Loaded shared library C:\Program Files\Java\jdk-23\bin\net.dll
Event: 0.307 Loaded shared library C:\Program Files\Java\jdk-23\bin\nio.dll
Event: 0.311 Loaded shared library C:\Program Files\Java\jdk-23\bin\zip.dll
Event: 0.466 Loaded shared library C:\Program Files\JetBrains\IntelliJ IDEA Community Edition 2024.3.3\bin\breakgen64.dll
Event: 0.482 Loaded shared library C:\Program Files\Java\jdk-23\bin\extnet.dll
Event: 0.547 Loaded shared library C:\Program Files\Java\jdk-23\bin\jimage.dll
Event: 1.150 Loaded shared library C:\Program Files\Java\jdk-23\bin\management.dll
Event: 1.154 Loaded shared library C:\Program Files\Java\jdk-23\bin\management_ext.dll

Deoptimization events (20 events):
Event: 1.771 Thread 0x000001ce54e95da0 DEOPT PACKING pc=0x000001ce07b1a2a4 sp=0x0000002da4cfcd70
Event: 1.771 Thread 0x000001ce54e95da0 DEOPT UNPACKING pc=0x000001ce07584402 sp=0x0000002da4cfccf0 mode 2
Event: 1.771 Thread 0x000001ce54e95da0 Uncommon trap: trap_request=0xffffffc6 fr.pc=0x000001ce07b1a2a4 relative=0x00000000000003c4
Event: 1.771 Thread 0x000001ce54e95da0 Uncommon trap: reason=bimorphic_or_optimized_type_check action=maybe_recompile pc=0x000001ce07b1a2a4 method=java.util.concurrent.ConcurrentHashMap.get(Ljava/lang/Object;)Ljava/lang/Object; @ 149 c2
Event: 1.771 Thread 0x000001ce54e95da0 DEOPT PACKING pc=0x000001ce07b1a2a4 sp=0x0000002da4cfd120
Event: 1.771 Thread 0x000001ce54e95da0 DEOPT UNPACKING pc=0x000001ce07584402 sp=0x0000002da4cfd0a0 mode 2
Event: 1.838 Thread 0x000001ce54e95da0 Uncommon trap: trap_request=0xffffffc6 fr.pc=0x000001ce07b37178 relative=0x0000000000000378
Event: 1.838 Thread 0x000001ce54e95da0 Uncommon trap: reason=bimorphic_or_optimized_type_check action=maybe_recompile pc=0x000001ce07b37178 method=java.util.HashMap.getNode(Ljava/lang/Object;)Ljava/util/HashMap$Node; @ 63 c2
Event: 1.838 Thread 0x000001ce54e95da0 DEOPT PACKING pc=0x000001ce07b37178 sp=0x0000002da4cfe490
Event: 1.838 Thread 0x000001ce54e95da0 DEOPT UNPACKING pc=0x000001ce07584402 sp=0x0000002da4cfe408 mode 2
Event: 1.838 Thread 0x000001ce54e95da0 Uncommon trap: trap_request=0xffffffc6 fr.pc=0x000001ce07b37178 relative=0x0000000000000378
Event: 1.838 Thread 0x000001ce54e95da0 Uncommon trap: reason=bimorphic_or_optimized_type_check action=maybe_recompile pc=0x000001ce07b37178 method=java.util.HashMap.getNode(Ljava/lang/Object;)Ljava/util/HashMap$Node; @ 63 c2
Event: 1.838 Thread 0x000001ce54e95da0 DEOPT PACKING pc=0x000001ce07b37178 sp=0x0000002da4cfe490
Event: 1.838 Thread 0x000001ce54e95da0 DEOPT UNPACKING pc=0x000001ce07584402 sp=0x0000002da4cfe408 mode 2
Event: 1.846 Thread 0x000001ce54e95da0 Uncommon trap: trap_request=0xffffffc6 fr.pc=0x000001ce07b37178 relative=0x0000000000000378
Event: 1.846 Thread 0x000001ce54e95da0 Uncommon trap: reason=bimorphic_or_optimized_type_check action=maybe_recompile pc=0x000001ce07b37178 method=java.util.HashMap.getNode(Ljava/lang/Object;)Ljava/util/HashMap$Node; @ 63 c2
Event: 1.846 Thread 0x000001ce54e95da0 DEOPT PACKING pc=0x000001ce07b37178 sp=0x0000002da4cfe490
Event: 1.846 Thread 0x000001ce54e95da0 DEOPT UNPACKING pc=0x000001ce07584402 sp=0x0000002da4cfe408 mode 2
Event: 1.955 Thread 0x000001ce54e95da0 DEOPT PACKING pc=0x000001ce001857cf sp=0x0000002da4cf9170
Event: 1.955 Thread 0x000001ce54e95da0 DEOPT UNPACKING pc=0x000001ce07584b22 sp=0x0000002da4cf8658 mode 0

Classes loaded (20 events):
Event: 2.178 Loading class com/sun/org/apache/xerces/internal/impl/dv/dtd/IDDatatypeValidator
Event: 2.179 Loading class com/sun/org/apache/xerces/internal/impl/dv/dtd/IDDatatypeValidator done
Event: 2.179 Loading class com/sun/org/apache/xerces/internal/impl/dv/dtd/IDREFDatatypeValidator
Event: 2.179 Loading class com/sun/org/apache/xerces/internal/impl/dv/dtd/IDREFDatatypeValidator done
Event: 2.179 Loading class com/sun/org/apache/xerces/internal/impl/dv/dtd/ListDatatypeValidator
Event: 2.179 Loading class com/sun/org/apache/xerces/internal/impl/dv/dtd/ListDatatypeValidator done
Event: 2.179 Loading class com/sun/org/apache/xerces/internal/impl/dv/dtd/ENTITYDatatypeValidator
Event: 2.179 Loading class com/sun/org/apache/xerces/internal/impl/dv/dtd/ENTITYDatatypeValidator done
Event: 2.179 Loading class com/sun/org/apache/xerces/internal/impl/dv/dtd/NOTATIONDatatypeValidator
Event: 2.179 Loading class com/sun/org/apache/xerces/internal/impl/dv/dtd/NOTATIONDatatypeValidator done
Event: 2.179 Loading class com/sun/org/apache/xerces/internal/impl/dv/dtd/NMTOKENDatatypeValidator
Event: 2.179 Loading class com/sun/org/apache/xerces/internal/impl/dv/dtd/NMTOKENDatatypeValidator done
Event: 2.179 Loading class com/sun/org/apache/xerces/internal/impl/validation/ValidationManager
Event: 2.179 Loading class com/sun/org/apache/xerces/internal/impl/validation/ValidationManager done
Event: 2.179 Loading class com/sun/org/apache/xerces/internal/impl/XMLVersionDetector
Event: 2.180 Loading class com/sun/org/apache/xerces/internal/impl/XMLVersionDetector done
Event: 2.180 Loading class com/sun/org/apache/xerces/internal/impl/msg/XMLMessageFormatter
Event: 2.180 Loading class com/sun/org/apache/xerces/internal/util/MessageFormatter
Event: 2.180 Loading class com/sun/org/apache/xerces/internal/util/MessageFormatter done
Event: 2.180 Loading class com/sun/org/apache/xerces/internal/impl/msg/XMLMessageFormatter done

Classes unloaded (0 events):
No events

Classes redefined (0 events):
No events

Internal exceptions (20 events):
Event: 1.657 Thread 0x000001ce54e95da0 Exception <a 'java/lang/NoSuchMethodError'{0x0000000089ce39f0}: 'java.lang.Object java.lang.invoke.DirectMethodHandle$Holder.newInvokeSpecial(java.lang.Object, java.lang.Object, java.lang.Object, java.lang.Object, java.lang.Object, java.lang.Object, int)'> (0x0000000089ce39f0) 
thrown [s\open\src\hotspot\share\interpreter\linkResolver.cpp, line 796]
Event: 1.658 Thread 0x000001ce54e95da0 Exception <a 'java/lang/NoSuchMethodError'{0x0000000089ce8098}: 'java.lang.Object java.lang.invoke.DirectMethodHandle$Holder.invokeSpecial(java.lang.Object, java.lang.Object, java.lang.Object, java.lang.Object, java.lang.Object, java.lang.Object, java.lang.Object, int)'> (0x0000000089ce8098) 
thrown [s\open\src\hotspot\share\interpreter\linkResolver.cpp, line 796]
Event: 1.713 Thread 0x000001ce54e95da0 Exception <a 'java/lang/NoSuchMethodError'{0x0000000089a0f5b0}: 'int java.lang.invoke.DirectMethodHandle$Holder.invokeInterface(java.lang.Object, java.lang.Object)'> (0x0000000089a0f5b0) 
thrown [s\open\src\hotspot\share\interpreter\linkResolver.cpp, line 796]
Event: 1.720 Thread 0x000001ce54e95da0 Exception <a 'java/lang/NoSuchMethodError'{0x0000000089a349b0}: 'void java.lang.invoke.DirectMethodHandle$Holder.invokeSpecial(java.lang.Object, java.lang.Object, java.lang.Object, java.lang.Object, java.lang.Object)'> (0x0000000089a349b0) 
thrown [s\open\src\hotspot\share\interpreter\linkResolver.cpp, line 796]
Event: 1.737 Thread 0x000001ce54e95da0 Exception <a 'java/lang/NoSuchMethodError'{0x0000000089a75960}: 'int java.lang.invoke.DirectMethodHandle$Holder.invokeVirtual(java.lang.Object, java.lang.Object)'> (0x0000000089a75960) 
thrown [s\open\src\hotspot\share\interpreter\linkResolver.cpp, line 796]
Event: 1.773 Thread 0x000001ce54e95da0 Exception <a 'java/lang/NoSuchMethodError'{0x000000008991afa0}: 'java.lang.Object java.lang.invoke.DirectMethodHandle$Holder.invokeSpecial(java.lang.Object, java.lang.Object, java.lang.Object, int, java.lang.Object)'> (0x000000008991afa0) 
thrown [s\open\src\hotspot\share\interpreter\linkResolver.cpp, line 796]
Event: 1.774 Thread 0x000001ce54e95da0 Exception <a 'java/lang/NoSuchMethodError'{0x0000000089922cf0}: 'java.lang.Object java.lang.invoke.DirectMethodHandle$Holder.newInvokeSpecial(java.lang.Object, java.lang.Object, java.lang.Object, int, java.lang.Object)'> (0x0000000089922cf0) 
thrown [s\open\src\hotspot\share\interpreter\linkResolver.cpp, line 796]
Event: 1.775 Thread 0x000001ce54e95da0 Exception <a 'java/lang/NoSuchMethodError'{0x000000008992a2c8}: 'java.lang.Object java.lang.invoke.Invokers$Holder.linkToTargetMethod(java.lang.Object, java.lang.Object, int, java.lang.Object, java.lang.Object)'> (0x000000008992a2c8) 
thrown [s\open\src\hotspot\share\interpreter\linkResolver.cpp, line 796]
Event: 1.776 Thread 0x000001ce54e95da0 Exception <a 'java/lang/NoSuchMethodError'{0x00000000899317d8}: 'int java.lang.invoke.DirectMethodHandle$Holder.invokeStatic(java.lang.Object, int, java.lang.Object, java.lang.Object)'> (0x00000000899317d8) 
thrown [s\open\src\hotspot\share\interpreter\linkResolver.cpp, line 796]
Event: 1.777 Thread 0x000001ce54e95da0 Exception <a 'java/lang/NoSuchMethodError'{0x00000000899389a0}: 'java.lang.Object java.lang.invoke.DirectMethodHandle$Holder.newInvokeSpecial(java.lang.Object, int, java.lang.Object)'> (0x00000000899389a0) 
thrown [s\open\src\hotspot\share\interpreter\linkResolver.cpp, line 796]
Event: 1.778 Thread 0x000001ce54e95da0 Exception <a 'java/lang/NoSuchMethodError'{0x000000008993d9e0}: 'int java.lang.invoke.DirectMethodHandle$Holder.invokeSpecialIFC(java.lang.Object, java.lang.Object, java.lang.Object, java.lang.Object)'> (0x000000008993d9e0) 
thrown [s\open\src\hotspot\share\interpreter\linkResolver.cpp, line 796]
Event: 1.819 Thread 0x000001ce54e95da0 Exception <a 'java/lang/NoSuchMethodError'{0x000000008980ead8}: 'void java.lang.invoke.DirectMethodHandle$Holder.invokeInterface(java.lang.Object, java.lang.Object, java.lang.Object)'> (0x000000008980ead8) 
thrown [s\open\src\hotspot\share\interpreter\linkResolver.cpp, line 796]
Event: 1.861 Thread 0x000001ce54e95da0 Exception <a 'java/lang/NoSuchMethodError'{0x00000000898aa990}: 'void java.lang.invoke.DirectMethodHandle$Holder.invokeStaticInit(java.lang.Object, java.lang.Object, java.lang.Object)'> (0x00000000898aa990) 
thrown [s\open\src\hotspot\share\interpreter\linkResolver.cpp, line 796]
Event: 1.870 Thread 0x000001ce54e95da0 Exception <a 'java/lang/NoSuchMethodError'{0x00000000898f3f10}: 'java.lang.Object java.lang.invoke.DirectMethodHandle$Holder.invokeVirtual(java.lang.Object, java.lang.Object, java.lang.Object)'> (0x00000000898f3f10) 
thrown [s\open\src\hotspot\share\interpreter\linkResolver.cpp, line 796]
Event: 1.905 Thread 0x000001ce54e95da0 Exception <a 'java/lang/NoSuchMethodError'{0x000000008977f098}: 'void java.lang.invoke.DirectMethodHandle$Holder.invokeVirtual(java.lang.Object, java.lang.Object, java.lang.Object, java.lang.Object)'> (0x000000008977f098) 
thrown [s\open\src\hotspot\share\interpreter\linkResolver.cpp, line 796]
Event: 2.046 Thread 0x000001ce54e95da0 Exception <a 'java/lang/NoSuchMethodError'{0x00000000895fa3c0}: 'java.lang.reflect.Field[] java.lang.Class.getDeclaredFields(java.lang.Class)'> (0x00000000895fa3c0) 
thrown [s\open\src\hotspot\share\interpreter\linkResolver.cpp, line 796]
Event: 2.048 Thread 0x000001ce54e95da0 Exception <a 'java/lang/NoSuchMethodError'{0x00000000895fedd0}: 'java.lang.Object java.lang.invoke.DirectMethodHandle$Holder.invokeStatic(java.lang.Object, java.lang.Object, int)'> (0x00000000895fedd0) 
thrown [s\open\src\hotspot\share\interpreter\linkResolver.cpp, line 796]
Event: 2.050 Thread 0x000001ce54e95da0 Exception <a 'java/lang/NoSuchMethodError'{0x000000008940a4a0}: 'void java.lang.invoke.DelegatingMethodHandle$Holder.delegate(java.lang.Object, java.lang.Object, int, java.lang.Object)'> (0x000000008940a4a0) 
thrown [s\open\src\hotspot\share\interpreter\linkResolver.cpp, line 796]
Event: 2.052 Thread 0x000001ce5556c280 Exception <a 'java/lang/NoClassDefFoundError'{0x00000000895c78a0}: jakarta/validation/Validation> (0x00000000895c78a0) 
thrown [s\open\src\hotspot\share\classfile\systemDictionary.cpp, line 302]
Event: 2.074 Thread 0x000001ce54e95da0 Exception <a 'java/lang/IncompatibleClassChangeError'{0x0000000089326a10}: Found class java.lang.Object, but interface was expected> (0x0000000089326a10) 
thrown [s\open\src\hotspot\share\interpreter\linkResolver.cpp, line 863]

VM Operations (20 events):
Event: 1.084 Executing VM operation: HandshakeAllThreads (Deoptimize)
Event: 1.084 Executing VM operation: HandshakeAllThreads (Deoptimize) done
Event: 1.084 Executing VM operation: HandshakeAllThreads (Deoptimize)
Event: 1.084 Executing VM operation: HandshakeAllThreads (Deoptimize) done
Event: 1.379 Executing VM operation: HandshakeAllThreads (Deoptimize)
Event: 1.379 Executing VM operation: HandshakeAllThreads (Deoptimize) done
Event: 1.590 Executing VM operation: G1CollectForAllocation (G1 Evacuation Pause)
Event: 1.594 Executing VM operation: G1CollectForAllocation (G1 Evacuation Pause) done
Event: 1.731 Executing VM operation: HandshakeAllThreads (Deoptimize)
Event: 1.731 Executing VM operation: HandshakeAllThreads (Deoptimize) done
Event: 2.023 Executing VM operation: HandshakeAllThreads (Deoptimize)
Event: 2.023 Executing VM operation: HandshakeAllThreads (Deoptimize) done
Event: 2.030 Executing VM operation: HandshakeAllThreads (Deoptimize)
Event: 2.030 Executing VM operation: HandshakeAllThreads (Deoptimize) done
Event: 2.030 Executing VM operation: HandshakeAllThreads (Deoptimize)
Event: 2.030 Executing VM operation: HandshakeAllThreads (Deoptimize) done
Event: 2.048 Executing VM operation: HandshakeAllThreads (Deoptimize)
Event: 2.048 Executing VM operation: HandshakeAllThreads (Deoptimize) done
Event: 2.093 Executing VM operation: HandshakeAllThreads (Deoptimize)
Event: 2.093 Executing VM operation: HandshakeAllThreads (Deoptimize) done

Memory protections (0 events):
No events

Nmethod flushes (0 events):
No events

Events (18 events):
Event: 0.062 Thread 0x000001ce6ca995e0 Thread added: 0x000001ce6ca995e0
Event: 0.095 Thread 0x000001ce6ca995e0 Thread added: 0x000001ce7c138c00
Event: 0.095 Thread 0x000001ce6ca995e0 Thread added: 0x000001ce7c1399b0
Event: 0.096 Thread 0x000001ce6ca995e0 Thread added: 0x000001ce7c13b540
Event: 0.096 Thread 0x000001ce6ca995e0 Thread added: 0x000001ce7c13dbc0
Event: 0.096 Thread 0x000001ce6ca995e0 Thread added: 0x000001ce7c13e230
Event: 0.096 Thread 0x000001ce6ca995e0 Thread added: 0x000001ce7c1428b0
Event: 0.096 Thread 0x000001ce6ca995e0 Thread added: 0x000001ce7c143250
Event: 0.104 Thread 0x000001ce6ca995e0 Thread added: 0x000001ce54052f80
Event: 0.243 Thread 0x000001ce6ca995e0 Thread added: 0x000001ce54105d60
Event: 0.374 Thread 0x000001ce54052f80 Thread added: 0x000001ce542e2790
Event: 0.467 Thread 0x000001ce6ca995e0 Thread added: 0x000001ce54587b50
Event: 0.468 Thread 0x000001ce6ca995e0 Thread added: 0x000001ce5458cd50
Event: 1.016 Thread 0x000001ce542e2790 Thread exited: 0x000001ce542e2790
Event: 1.239 Thread 0x000001ce6ca995e0 Thread added: 0x000001ce54b52270
Event: 1.243 Thread 0x000001ce54b52270 Thread added: 0x000001ce54e95da0
Event: 1.790 Thread 0x000001ce54052f80 Thread added: 0x000001ce55128380
Event: 2.041 Thread 0x000001ce54e95da0 Thread added: 0x000001ce5556c280


Dynamic libraries:
0x00007ff704740000 - 0x00007ff704750000 	C:\Program Files\Java\jdk-23\bin\java.exe
0x00007ffddd470000 - 0x00007ffddd668000 	C:\WINDOWS\SYSTEM32\ntdll.dll
0x00007ffdd1b70000 - 0x00007ffdd1b8a000 	C:\Program Files\AVG\Antivirus\aswhook.dll
0x00007ffddc300000 - 0x00007ffddc3c2000 	C:\WINDOWS\System32\KERNEL32.DLL
0x00007ffddadb0000 - 0x00007ffddb0af000 	C:\WINDOWS\System32\KERNELBASE.dll
0x00007ffddb240000 - 0x00007ffddb340000 	C:\WINDOWS\System32\ucrtbase.dll
0x00007ffdd21d0000 - 0x00007ffdd21e7000 	C:\Program Files\Java\jdk-23\bin\jli.dll
0x00007ffddca10000 - 0x00007ffddcbad000 	C:\WINDOWS\System32\USER32.dll
0x00007ffddab10000 - 0x00007ffddab32000 	C:\WINDOWS\System32\win32u.dll
0x00007ffddb5a0000 - 0x00007ffddb5cb000 	C:\WINDOWS\System32\GDI32.dll
0x00007ffddab40000 - 0x00007ffddac5a000 	C:\WINDOWS\System32\gdi32full.dll
0x00007ffddb340000 - 0x00007ffddb3dd000 	C:\WINDOWS\System32\msvcp_win.dll
0x00007ffdd21b0000 - 0x00007ffdd21cb000 	C:\Program Files\Java\jdk-23\bin\VCRUNTIME140.dll
0x00007ffdd9e70000 - 0x00007ffdda10a000 	C:\WINDOWS\WinSxS\amd64_microsoft.windows.common-controls_6595b64144ccf1df_6.0.19041.4355_none_60b8b9eb71f62e16\COMCTL32.dll
0x00007ffddce60000 - 0x00007ffddcefe000 	C:\WINDOWS\System32\msvcrt.dll
0x00007ffddd260000 - 0x00007ffddd28f000 	C:\WINDOWS\System32\IMM32.DLL
0x00007ffdd41e0000 - 0x00007ffdd41ec000 	C:\Program Files\Java\jdk-23\bin\vcruntime140_1.dll
0x00007ffdd0320000 - 0x00007ffdd03ae000 	C:\Program Files\Java\jdk-23\bin\msvcp140.dll
0x00007ffd7f9c0000 - 0x00007ffd80710000 	C:\Program Files\Java\jdk-23\bin\server\jvm.dll
0x00007ffddd2f0000 - 0x00007ffddd39f000 	C:\WINDOWS\System32\ADVAPI32.dll
0x00007ffddc250000 - 0x00007ffddc2ef000 	C:\WINDOWS\System32\sechost.dll
0x00007ffddccd0000 - 0x00007ffddcdf3000 	C:\WINDOWS\System32\RPCRT4.dll
0x00007ffddb0b0000 - 0x00007ffddb0d7000 	C:\WINDOWS\System32\bcrypt.dll
0x00007ffddc990000 - 0x00007ffddc9fb000 	C:\WINDOWS\System32\WS2_32.dll
0x00007ffdda970000 - 0x00007ffdda9bb000 	C:\WINDOWS\SYSTEM32\POWRPROF.dll
0x00007ffdb1070000 - 0x00007ffdb1097000 	C:\WINDOWS\SYSTEM32\WINMM.dll
0x00007ffdcec20000 - 0x00007ffdcec2a000 	C:\WINDOWS\SYSTEM32\VERSION.dll
0x00007ffdda950000 - 0x00007ffdda962000 	C:\WINDOWS\SYSTEM32\UMPDC.dll
0x00007ffdd8cb0000 - 0x00007ffdd8cc2000 	C:\WINDOWS\SYSTEM32\kernel.appcore.dll
0x00007ffdd2150000 - 0x00007ffdd215a000 	C:\Program Files\Java\jdk-23\bin\jimage.dll
0x00007ffdda490000 - 0x00007ffdda674000 	C:\WINDOWS\SYSTEM32\DBGHELP.DLL
0x00007ffdda220000 - 0x00007ffdda254000 	C:\WINDOWS\SYSTEM32\dbgcore.DLL
0x00007ffddad20000 - 0x00007ffddada2000 	C:\WINDOWS\System32\bcryptPrimitives.dll
0x00007ffdc3710000 - 0x00007ffdc371f000 	C:\Program Files\Java\jdk-23\bin\instrument.dll
0x00007ffdd0470000 - 0x00007ffdd048e000 	C:\Program Files\Java\jdk-23\bin\java.dll
0x00007ffddc500000 - 0x00007ffddc62b000 	C:\WINDOWS\System32\ole32.dll
0x00007ffddc630000 - 0x00007ffddc985000 	C:\WINDOWS\System32\combase.dll
0x00007ffddb5d0000 - 0x00007ffddbd3d000 	C:\WINDOWS\System32\SHELL32.dll
0x00007ffdd8410000 - 0x00007ffdd8bb4000 	C:\WINDOWS\SYSTEM32\windows.storage.dll
0x00007ffdd9dd0000 - 0x00007ffdd9dff000 	C:\WINDOWS\SYSTEM32\Wldp.dll
0x00007ffddc3d0000 - 0x00007ffddc49d000 	C:\WINDOWS\System32\OLEAUT32.dll
0x00007ffddb4f0000 - 0x00007ffddb59d000 	C:\WINDOWS\System32\SHCORE.dll
0x00007ffddd290000 - 0x00007ffddd2e5000 	C:\WINDOWS\System32\shlwapi.dll
0x00007ffddaa40000 - 0x00007ffddaa64000 	C:\WINDOWS\SYSTEM32\profapi.dll
0x00007ffd93480000 - 0x00007ffd93557000 	C:\Program Files\Java\jdk-23\bin\jsvml.dll
0x00007ffdc8710000 - 0x00007ffdc8727000 	C:\Program Files\Java\jdk-23\bin\zip.dll
0x00007ffdd0460000 - 0x00007ffdd0470000 	C:\Program Files\Java\jdk-23\bin\net.dll
0x00007ffdd9b30000 - 0x00007ffdd9b9c000 	C:\WINDOWS\system32\mswsock.dll
0x00007ffdae0b0000 - 0x00007ffdae0c6000 	C:\Program Files\Java\jdk-23\bin\nio.dll
0x00007ffdada80000 - 0x00007ffdada9a000 	C:\Program Files\JetBrains\IntelliJ IDEA Community Edition 2024.3.3\bin\breakgen64.dll
0x00007ffdc2870000 - 0x00007ffdc2879000 	C:\Program Files\Java\jdk-23\bin\extnet.dll
0x00007ffdc3700000 - 0x00007ffdc370a000 	C:\Program Files\Java\jdk-23\bin\management.dll
0x00007ffdc3580000 - 0x00007ffdc358b000 	C:\Program Files\Java\jdk-23\bin\management_ext.dll
0x00007ffddd3a0000 - 0x00007ffddd3a8000 	C:\WINDOWS\System32\PSAPI.DLL

dbghelp: loaded successfully - version: 4.0.5 - missing functions: none
symbol engine: initialized successfully - sym options: 0x614 - pdb path: .;C:\Program Files\Java\jdk-23\bin;C:\WINDOWS\SYSTEM32;C:\Program Files\AVG\Antivirus;C:\WINDOWS\WinSxS\amd64_microsoft.windows.common-controls_6595b64144ccf1df_6.0.19041.4355_none_60b8b9eb71f62e16;C:\Program Files\Java\jdk-23\bin\server;C:\Program Files\JetBrains\IntelliJ IDEA Community Edition 2024.3.3\bin

VM Arguments:
jvm_args: -javaagent:C:\Program Files\JetBrains\IntelliJ IDEA Community Edition 2024.3.3\lib\idea_rt.jar=64894:C:\Program Files\JetBrains\IntelliJ IDEA Community Edition 2024.3.3\bin -Dfile.encoding=UTF-8 -Dsun.stdout.encoding=UTF-8 -Dsun.stderr.encoding=UTF-8 
java_command: com.example.greetingApp.GreetingAppApplication
java_class_path (initial): C:\Users\Harit Saxena\Desktop\greetingApp\target\classes;C:\Users\Harit Saxena\.m2\repository\org\springframework\boot\spring-boot-starter-web\3.4.3\spring-boot-starter-web-3.4.3.jar;C:\Users\Harit Saxena\.m2\repository\org\springframework\boot\spring-boot-starter\3.4.3\spring-boot-starter-3.4.3.jar;C:\Users\Harit Saxena\.m2\repository\org\springframework\boot\spring-boot-starter-logging\3.4.3\spring-boot-starter-logging-3.4.3.jar;C:\Users\Harit Saxena\.m2\repository\ch\qos\logback\logback-classic\1.5.16\logback-classic-1.5.16.jar;C:\Users\Harit Saxena\.m2\repository\ch\qos\logback\logback-core\1.5.16\logback-core-1.5.16.jar;C:\Users\Harit Saxena\.m2\repository\org\apache\logging\log4j\log4j-to-slf4j\2.24.3\log4j-to-slf4j-2.24.3.jar;C:\Users\Harit Saxena\.m2\repository\org\apache\logging\log4j\log4j-api\2.24.3\log4j-api-2.24.3.jar;C:\Users\Harit Saxena\.m2\repository\org\slf4j\jul-to-slf4j\2.0.16\jul-to-slf4j-2.0.16.jar;C:\Users\Harit Saxena\.m2\repository\jakarta\annotation\jakarta.annotation-api\2.1.1\jakarta.annotation-api-2.1.1.jar;C:\Users\Harit Saxena\.m2\repository\org\yaml\snakeyaml\2.3\snakeyaml-2.3.jar;C:\Users\Harit Saxena\.m2\repository\org\springframework\boot\spring-boot-starter-json\3.4.3\spring-boot-starter-json-3.4.3.jar;C:\Users\Harit Saxena\.m2\repository\com\fasterxml\jackson\core\jackson-databind\2.18.2\jackson-databind-2.18.2.jar;C:\Users\Harit Saxena\.m2\repository\com\fasterxml\jackson\core\jackson-annotations\2.18.2\jackson-annotations-2.18.2.jar;C:\Users\Harit Saxena\.m2\repository\com\fasterxml\jackson\core\jackson-core\2.18.2\jackson-core-2.18.2.jar;C:\Users\Harit Saxena\.m2\repository\com\fasterxml\jackson\datatype\jackson-datatype-jdk8\2.18.2\jackson-datatype-jdk8-2.18.2.jar;C:\Users\Harit Saxena\.m2\repository\com\fasterxml\jackson\datatype\jackson-datatype-jsr310\2.18.2\jackson-datatype-jsr310-2.18.2.jar;C:\Users\Harit Saxena\.m2\repository\com\fasterxml\jackson\module\jackson-module-parameter-names\2.18.2\jackson-module-parameter-names-2.18.2.jar;C:\Users\Harit Saxena\.m2\repository\org\springframework\boot\spring-boot-starter-tomcat\3.4.3\spring-boot-starter-tomcat-3.4.3.jar;C:\Users\Harit Saxena\.m2\repository\org\apache\tomcat\embed\tomcat-embed-core\10.1.36\tomcat-embed-core-10.1.36.jar;C:\Users\Harit Saxena\.m2\repository\org\apache\tomcat\embed\tomcat-embed-el\10.1.36\tomcat-embed-el-10.1.36.jar;C:\Users\Harit Saxena\.m2\repository\org\apache\tomcat\embed\tomcat-embed-websocket\10.1.36\tomcat-embed-websocket-10.1.36.jar;C:\Users\Harit Saxena\.m2\repository\org\springframework\spring-web\6.2.3\spring-web-6.2.3.jar;C:\Users\Harit Saxena\.m2\repository\org\springframework\spring-beans\6.2.3\spring-beans-6.2.3.jar;C:\Users\Harit Saxena\.m2\repository\io\micrometer\micrometer-observation\1.14.4\micrometer-observation-1.14.4.jar;C:\Users\Harit Saxena\.m2\repository\io\micrometer\micrometer-commons\1.14.4\micrometer-commons-1.14.4.jar;C:\Users\Harit Saxena\.m2\repository\org\springframework\spring-webmvc\6.2.3\spring-webmvc-6.2.3.jar;C:\Users\Harit Saxena\.m2\repository\org\springframework\spring-aop\6.2.3\spring-aop-6.2.3.jar;C:\Users\Harit Saxena\.m2\repository\org\springframework\spring-context\6.2.3\spring-context-6.2.3.jar;C:\Users\Harit Saxena\.m2\repository\org\springframework\spring-expression\6.2.3\spring-expression-6.2.3.jar;C:\Users\Harit Saxena\.m2\repository\org\springframework\boot\spring-boot-devtools\3.4.3\spring-boot-devtools-3.4.3.jar;C:\Users\Harit Saxena\.m2\repository\org\springframework\boot\spring-boot\3.4.3\spring-boot-3.4.3.jar;C:\Users\Harit Saxena\.m2\repository\org\springframework\boot\spring-boot-autoconfigure\3.4.3\spring-boot-autoconfigure-3.4.3.jar;C:\Users\Harit Saxena\.m2\repository\org\slf4j\slf4j-api\2.0.16\slf4j-api-2.0.16.jar;C:\Users\Harit Saxena\.m2\repository\jakarta\xml\bind\jakarta.xml.bind-api\4.0.2\jakarta.xml.bind-api-4.0.2.jar;C:\Users\Harit Saxena\.m2\repository\jakarta\activation\jakarta.activation-api\2.1.3\jakarta.activation-api-2.1.3.jar;C:\Users\Harit Saxena\.m2\repository\net\bytebuddy\byte-buddy\1.15.11\byte-buddy-1.15.11.jar;C:\Users\Harit Saxena\.m2\repository\org\springframework\spring-core\6.2.3\spring-core-6.2.3.jar;C:\Users\Harit Saxena\.m2\repository\org\springframework\spring-jcl\6.2.3\spring-jcl-6.2.3.jar;C:\Users\Harit Saxena\.m2\repository\org\springframework\boot\spring-boot-starter-data-jpa\3.4.3\spring-boot-starter-data-jpa-3.4.3.jar;C:\Users\Harit Saxena\.m2\repository\org\springframework\boot\spring-boot-starter-jdbc\3.4.3\spring-boot-starter-jdbc-3.4.3.jar;C:\Users\Harit Saxena\.m2\repository\com\zaxxer\HikariCP\5.1.0\HikariCP-5.1.0.jar;C:\Users\Harit Saxena\.m2\repository\org\springframework\spring-jdbc\6.2.3\spring-jdbc-6.2.3.jar;C:\Users\Harit Saxena\.m2\repository\org\hibernate\orm\hibernate-core\6.6.8.Final\hibernate-core-6.6.8.Final.jar;C:\Users\Harit Saxena\.m2\repository\jakarta\persistence\jakarta.persistence-api\3.1.0\jakarta.persistence-api-3.1.0.jar;C:\Users\Harit Saxena\.m2\repository\jakarta\transaction\jakarta.transaction-api\2.0.1\jakarta.transaction-api-2.0.1.jar;C:\Users\Harit Saxena\.m2\repository\org\jboss\logging\jboss-logging\3.6.1.Final\jboss-logging-3.6.1.Final.jar;C:\Users\Harit Saxena\.m2\repository\org\hibernate\common\hibernate-commons-annotations\7.0.3.Final\hibernate-commons-annotations-7.0.3.Final.jar;C:\Users\Harit Saxena\.m2\repository\io\smallrye\jandex\3.2.0\jandex-3.2.0.jar;C:\Users\Harit Saxena\.m2\repository\com\fasterxml\classmate\1.7.0\classmate-1.7.0.jar;C:\Users\Harit Saxena\.m2\repository\org\glassfish\jaxb\jaxb-runtime\4.0.5\jaxb-runtime-4.0.5.jar;C:\Users\Harit Saxena\.m2\repository\org\glassfish\jaxb\jaxb-core\4.0.5\jaxb-core-4.0.5.jar;C:\Users\Harit Saxena\.m2\repository\org\eclipse\angus\angus-activation\2.0.2\angus-activation-2.0.2.jar;C:\Users\Harit Saxena\.m2\repository\org\glassfish\jaxb\txw2\4.0.5\txw2-4.0.5.jar;C:\Users\Harit Saxena\.m2\repository\com\sun\istack\istack-commons-runtime\4.1.2\istack-commons-runtime-4.1.2.jar;C:\Users\Harit Saxena\.m2\repository\jakarta\inject\jakarta.inject-api\2.0.1\jakarta.inject-api-2.0.1.jar;C:\Users\Harit Saxena\.m2\repository\org\antlr\antlr4-runtime\4.13.0\antlr4-runtime-4.13.0.jar;C:\Users\Harit Saxena\.m2\repository\org\springframework\data\spring-data-jpa\3.4.3\spring-data-jpa-3.4.3.jar;C:\Users\Harit Saxena\.m2\repository\org\springframework\data\spring-data-commons\3.4.3\spring-data-commons-3.4.3.jar;C:\Users\Harit Saxena\.m2\repository\org\springframework\spring-orm\6.2.3\spring-orm-6.2.3.jar;C:\Users\Harit Saxena\.m2\repository\org\springframework\spring-tx\6.2.3\spring-tx-6.2.3.jar;C:\Users\Harit Saxena\.m2\repository\org\springframework\spring-aspects\6.2.3\spring-aspects-6.2.3.jar;C:\Users\Harit Saxena\.m2\repository\org\aspectj\aspectjweaver\1.9.22.1\aspectjweaver-1.9.22.1.jar;C:\Users\Harit Saxena\.m2\repository\com\h2database\h2\2.3.232\h2-2.3.232.jar
Launcher Type: SUN_STANDARD

[Global flags]
     intx CICompilerCount                          = 3                                         {product} {ergonomic}
     uint ConcGCThreads                            = 1                                         {product} {ergonomic}
     uint G1ConcRefinementThreads                  = 4                                         {product} {ergonomic}
   size_t G1HeapRegionSize                         = 1048576                                   {product} {ergonomic}
   size_t InitialHeapSize                          = 134217728                                 {product} {ergonomic}
   size_t MarkStackSize                            = 4194304                                   {product} {ergonomic}
   size_t MarkStackSizeMax                         = 536870912                                 {product} {ergonomic}
   size_t MaxHeapSize                              = 2116026368                                {product} {ergonomic}
   size_t MaxNewSize                               = 1268776960                                {product} {ergonomic}
   size_t MinHeapDeltaBytes                        = 1048576                                   {product} {ergonomic}
   size_t MinHeapSize                              = 8388608                                   {product} {ergonomic}
    uintx NonNMethodCodeHeapSize                   = 5832704                                {pd product} {ergonomic}
    uintx NonProfiledCodeHeapSize                  = 122945536                              {pd product} {ergonomic}
    uintx ProfiledCodeHeapSize                     = 122880000                              {pd product} {ergonomic}
    uintx ReservedCodeCacheSize                    = 251658240                              {pd product} {ergonomic}
     bool SegmentedCodeCache                       = true                                      {product} {ergonomic}
   size_t SoftMaxHeapSize                          = 2116026368                             {manageable} {ergonomic}
     bool UseCompressedOops                        = true                           {product lp64_product} {ergonomic}
     bool UseG1GC                                  = true                                      {product} {ergonomic}
     bool UseLargePagesIndividualAllocation        = false                                  {pd product} {ergonomic}

Logging:
Log output configuration:
 #0: stdout all=warning uptime,level,tags foldmultilines=false
 #1: stderr all=off uptime,level,tags foldmultilines=false

Environment Variables:
PATH=C:\Program Files\Common Files\Oracle\Java\javapath;C:\Program Files\Microsoft\jdk-11.0.16.101-hotspot\bin;C:\WINDOWS\system32;C:\WINDOWS;C:\WINDOWS\System32\Wbem;C:\WINDOWS\System32\WindowsPowerShell\v1.0\;C:\WINDOWS\System32\OpenSSH\;C:\xampp\php;C:\ProgramData\chocolatey\bin;C:\Python311;C:\Program Files\nodejs\;C:\Program Files\dotnet\;C:\Program Files (x86)\Git\cmd;C:\Users\Harit Saxena\.cargo\bin;C:\Users\Harit Saxena\AppData\Local\Microsoft\WindowsApps;C:\Users\Harit Saxena\AppData\Roaming\Composer\vendor\bin;C:\Users\Harit Saxena\AppData\Roaming\npm;C:\Users\Harit Saxena\AppData\Local\Programs\Microsoft VS Code\bin;C:\Users\Harit Saxena\.dotnet\tools;C:\Users\Harit Saxena\AppData\Local\Programs\Python\Python311;C:\Users\Harit Saxena\AppData\Local\Programs\Python\Python311\Scripts;;C:\Program Files\JetBrains\IntelliJ IDEA Community Edition 2024.3.3\bin;
USERNAME=Harit Saxena
OS=Windows_NT
PROCESSOR_IDENTIFIER=Intel64 Family 6 Model 142 Stepping 9, GenuineIntel
TMP=C:\Users\HARITS~1\AppData\Local\Temp
TEMP=C:\Users\HARITS~1\AppData\Local\Temp




Periodic native trim disabled

---------------  S Y S T E M  ---------------

OS:
 Windows 10 , 64 bit Build 19041 (10.0.19041.5438)
OS uptime: 0 days 4:07 hours

CPU: total 4 (initial active 4) (2 cores per cpu, 2 threads per core) family 6 model 142 stepping 9 microcode 0xea, cx8, cmov, fxsr, ht, mmx, 3dnowpref, sse, sse2, sse3, ssse3, sse4.1, sse4.2, popcnt, lzcnt, tsc, tscinvbit, avx, avx2, aes, erms, clmul, bmi1, bmi2, adx, fma, vzeroupper, clflush, clflushopt, rdtscp, f16c
Processor Information for the first 4 processors :
  Max Mhz: 2712, Current Mhz: 2511, Mhz Limit: 2495

Memory: 4k page, system-wide physical 8067M (1249M free)
TotalPageFile size 12675M (AvailPageFile size 2607M)
current process WorkingSet (physical memory assigned to process): 100M, peak: 100M
current process commit charge ("private bytes"): 235M, peak: 235M

vm_info: Java HotSpot(TM) 64-Bit Server VM (23.0.2+7-58) for windows-amd64 JRE (23.0.2+7-58), built on 2024-11-29T09:34:55Z with MS VC++ 17.6 (VS2022)

END.
