#
# A fatal error has been detected by the Java Runtime Environment:
#
#  EXCEPTION_ACCESS_VIOLATION (0xc0000005) at pc=0x00007ffd7fb9d48b, pid=12452, tid=2016
#
# JRE version: Java(TM) SE Runtime Environment (23.0.2+7) (build 23.0.2+7-58)
# Java VM: Java HotSpot(TM) 64-Bit Server VM (23.0.2+7-58, mixed mode, sharing, tiered, compressed oops, compressed class ptrs, g1 gc, windows-amd64)
# Problematic frame:
# V  [jvm.dll+0x1dd48b]
#
# No core dump will be written. Minidumps are not enabled by default on client versions of Windows
#
# If you would like to submit a bug report, please visit:
#   https://bugreport.java.com/bugreport/crash.jsp
#

---------------  S U M M A R Y ------------

Command Line: -javaagent:C:\Program Files\JetBrains\IntelliJ IDEA Community Edition 2024.3.3\lib\idea_rt.jar=64768:C:\Program Files\JetBrains\IntelliJ IDEA Community Edition 2024.3.3\bin -Dfile.encoding=UTF-8 -Dsun.stdout.encoding=UTF-8 -Dsun.stderr.encoding=UTF-8 com.example.greetingApp.GreetingAppApplication

Host: Intel(R) Core(TM) i5-7200U CPU @ 2.50GHz, 4 cores, 7G,  Windows 10 , 64 bit Build 19041 (10.0.19041.5438)
Time: Mon Mar  3 16:37:20 2025 India Standard Time elapsed time: 3.269034 seconds (0d 0h 0m 3s)

---------------  T H R E A D  ---------------

Current thread (0x000002cda452ade0):  JavaThread "C2 CompilerThread0" daemon [_thread_in_native, id=2016, stack(0x000000e125b00000,0x000000e125c00000) (1024K)]


Current CompileTask:
C2:3269 2944   !   4       java.util.concurrent.ConcurrentHashMap::putVal (432 bytes)

Stack: [0x000000e125b00000,0x000000e125c00000],  sp=0x000000e125bfcb60,  free space=1010k
Native frames: (J=compiled Java code, j=interpreted, Vv=VM code, C=native code)
V  [jvm.dll+0x1dd48b]  (no source info available)
V  [jvm.dll+0x1dcaca]  (no source info available)
V  [jvm.dll+0x1dc366]  (no source info available)
V  [jvm.dll+0x244ce5]  (no source info available)
V  [jvm.dll+0x243eff]  (no source info available)
V  [jvm.dll+0x1c34b0]  (no source info available)
V  [jvm.dll+0x253df1]  (no source info available)
V  [jvm.dll+0x2520aa]  (no source info available)
V  [jvm.dll+0x3ee226]  (no source info available)
V  [jvm.dll+0x8254cb]  (no source info available)
V  [jvm.dll+0x6df345]  (no source info available)
C  [ucrtbase.dll+0x21bb2]  (no source info available)
C  [KERNEL32.DLL+0x17374]  (no source info available)
C  [ntdll.dll+0x4cc91]  (no source info available)


siginfo: EXCEPTION_ACCESS_VIOLATION (0xc0000005), reading address 0x000002ce2c329df8


Registers:
RAX=0x000000000fc330cf, RBX=0x000002cdeb37e0b0, RCX=0x000000e125bfd1d0, RDX=0x0000000010000000
RSP=0x000000e125bfcb60, RBP=0x000000e125bfcbf9, RSI=0x0000000000000000, RDI=0x000000e125bfd1d0
R8 =0x000002cdec329df8, R9 =0x0000000000000000, R10=0x0000000000000001, R11=0x000002cdeb37e0e8
R12=0x0000000000001900, R13=0x000000e125bfd1d0, R14=0x0000000000000000, R15=0x000002cdeb37e0b0
RIP=0x00007ffd7fb9d48b, EFLAGS=0x0000000000010246


Register to memory mapping:

RAX=0x000000000fc330cf is an unknown value
RBX=0x000002cdeb37e0b0 points into unknown readable memory: 0x4007fffd7d092ffa | fa 2f 09 7d fd ff 07 40
RCX=0x000000e125bfd1d0 is pointing into the stack for thread: 0x000002cda452ade0
RDX=0x0000000010000000 is an unknown value
RSP=0x000000e125bfcb60 is pointing into the stack for thread: 0x000002cda452ade0
RBP=0x000000e125bfcbf9 is pointing into the stack for thread: 0x000002cda452ade0
RSI=0x0 is null
RDI=0x000000e125bfd1d0 is pointing into the stack for thread: 0x000002cda452ade0
R8 =0x000002cdec329df8 points into unknown readable memory: 0x0000000100000000 | 00 00 00 00 01 00 00 00
R9 =0x0 is null
R10=0x0000000000000001 is an unknown value
R11=0x000002cdeb37e0e8 points into unknown readable memory: 0x000000000fc330cf | cf 30 c3 0f 00 00 00 00
R12=0x0000000000001900 is an unknown value
R13=0x000000e125bfd1d0 is pointing into the stack for thread: 0x000002cda452ade0
R14=0x0 is null
R15=0x000002cdeb37e0b0 points into unknown readable memory: 0x4007fffd7d092ffa | fa 2f 09 7d fd ff 07 40

Top of Stack: (sp=0x000000e125bfcb60)
0x000000e125bfcb60:   000002cdeb396f70 000000e125bfcbf9
0x000000e125bfcb70:   0000000000000000 000000020000034c
0x000000e125bfcb80:   0000000000c00000 0000000000000000
0x000000e125bfcb90:   0000000000000000 0000000000000000
0x000000e125bfcba0:   0000000000000000 0000000000000000
0x000000e125bfcbb0:   0000000000000028 00007ffd7fd78e84
0x000000e125bfcbc0:   0000000000000000 0000000000000000
0x000000e125bfcbd0:   0000000000000000 0000000000000000
0x000000e125bfcbe0:   0000000000000028 00007ffd7fd74222
0x000000e125bfcbf0:   000002cdeba61280 000000e125bfce20
0x000000e125bfcc00:   0000000000000000 0000000000000000
0x000000e125bfcc10:   0000000000000000 00000004000003de
0x000000e125bfcc20:   0000000400000004 000002cdea979580
0x000000e125bfcc30:   000002cdeba3c170 000002cdeba3c160
0x000000e125bfcc40:   0000000000000000 0000000000000004
0x000000e125bfcc50:   0000000000000000 00007ffd7fb9caca
0x000000e125bfcc60:   0000000000000000 000002cdeb37e0b0
0x000000e125bfcc70:   000002cdeb37e0e8 00007ffd803959c0
0x000000e125bfcc80:   0000000000000000 00000004000003de
0x000000e125bfcc90:   0000000400000004 000002cdea979580
0x000000e125bfcca0:   000002cdeba3c170 000002cdeba3c160
0x000000e125bfccb0:   0000000000000000 0000000000000000
0x000000e125bfccc0:   0000000000000000 0000000000000000
0x000000e125bfccd0:   0000000000000000 00007ffd803959d0
0x000000e125bfcce0:   0000000000000000 000000e125bfe680
0x000000e125bfccf0:   0000000000000000 00007ffd803959d0
0x000000e125bfcd00:   0000000000000000 0000000000000000
0x000000e125bfcd10:   000002cda45f8610 000000e125bfd2b0
0x000000e125bfcd20:   000002cda45f8620 0000000000000000
0x000000e125bfcd30:   0000000000000001 000000e125bfce50
0x000000e125bfcd40:   000000e125bfd1d0 00007ffd7fb9c366
0x000000e125bfcd50:   000000e10000752f 0000000000000000 

Instructions: (pc=0x00007ffd7fb9d48b)
0x00007ffd7fb9d38b:   f1 00 00 00 45 33 c0 41 bb 04 00 00 00 4c 89 45
0x00007ffd7fb9d39b:   87 45 8b d0 44 89 45 8f 41 8b f0 4c 89 5d 93 45
0x00007ffd7fb9d3ab:   8b 79 04 44 89 7d 9b 4c 89 45 9f 49 8b 41 08 48
0x00007ffd7fb9d3bb:   89 45 a7 4c 89 4d af 4d 85 c0 74 1c 49 0f bc c0
0x00007ffd7fb9d3cb:   8b c8 49 d3 e8 49 ff c8 44 03 d0 4c 89 45 87 44
0x00007ffd7fb9d3db:   89 55 8f 41 8b c2 eb 2b 41 83 fb 04 72 09 41 3b
0x00007ffd7fb9d3eb:   f7 0f 83 8e 00 00 00 48 8d 4d 87 e8 b5 b8 1d 00
0x00007ffd7fb9d3fb:   44 8b 5d 93 44 8b 55 8f 4c 8b 45 87 44 8b 7d 9b
0x00007ffd7fb9d40b:   8b 75 97 85 c0 74 6e 8b c0 48 69 d0 b0 00 00 00
0x00007ffd7fb9d41b:   48 8b 47 70 48 8b 48 20 44 8b 4c 0a 30 45 3b ce
0x00007ffd7fb9d42b:   7c 95 41 8d 86 c0 02 00 00 44 3b c8 7d 89 41 8b
0x00007ffd7fb9d43b:   d1 41 2b d6 8b c2 83 e0 3f 0f b6 c8 8b c2 48 c1
0x00007ffd7fb9d44b:   e8 06 48 8b 44 c3 38 48 0f a3 c8 0f 83 66 ff ff
0x00007ffd7fb9d45b:   ff 0f b7 83 9c 00 00 00 83 f8 01 74 10 8d 50 ff
0x00007ffd7fb9d46b:   8b ca 41 23 c9 3b ca 0f 85 4a ff ff ff 41 8b c1
0x00007ffd7fb9d47b:   e9 7e 02 00 00 48 63 53 24 4c 8b 87 f0 00 00 00
0x00007ffd7fb9d48b:   45 8b 0c 90 44 3b ca 74 45 0f 1f 40 00 0f 1f 84
0x00007ffd7fb9d49b:   00 00 00 00 00 41 8b c9 49 63 c1 45 8b 0c 80 44
0x00007ffd7fb9d4ab:   3b c9 75 f1 41 3b d1 74 22 0f 1f 40 00 0f 1f 84
0x00007ffd7fb9d4bb:   00 00 00 00 00 48 8b 87 f0 00 00 00 48 63 ca 8b
0x00007ffd7fb9d4cb:   14 88 44 89 0c 88 41 3b d1 75 ea 44 8b ca 45 85
0x00007ffd7fb9d4db:   c9 0f 84 2c 01 00 00 4c 8b 57 70 41 8b c1 c1 e8
0x00007ffd7fb9d4eb:   05 49 8b 52 38 3b 02 0f 83 8e 01 00 00 48 8b 52
0x00007ffd7fb9d4fb:   08 41 8b c9 83 e1 1f 8b 04 82 0f a3 c8 0f 83 78
0x00007ffd7fb9d50b:   01 00 00 45 85 f6 0f 85 f7 00 00 00 0f 10 4b 48
0x00007ffd7fb9d51b:   8b 93 90 00 00 00 0f 10 43 38 41 8b c1 0f 29 4d
0x00007ffd7fb9d52b:   97 0f 10 4b 68 0f 29 45 87 0f 10 43 58 0f 29 4d
0x00007ffd7fb9d53b:   b7 0f 10 8b 88 00 00 00 4c 69 c0 b0 00 00 00 0f
0x00007ffd7fb9d54b:   29 45 a7 0f 10 43 78 0f 29 4d d7 66 0f 73 d9 0c
0x00007ffd7fb9d55b:   66 0f 7e c9 0f 29 45 c7 4d 03 42 20 3b d1 77 22
0x00007ffd7fb9d56b:   0f 1f 44 00 00 49 8b 44 d0 38 48 8d 4d 87 48 21
0x00007ffd7fb9d57b:   04 d1 48 8d 0c d1 8b 4d e3 ff c2 3b d1 76 e6 8b 


Stack slot to memory mapping:

stack at sp + 0 slots: 0x000002cdeb396f70 points into unknown readable memory: 0x3ff0d2d776e5d144 | 44 d1 e5 76 d7 d2 f0 3f
stack at sp + 1 slots: 0x000000e125bfcbf9 is pointing into the stack for thread: 0x000002cda452ade0
stack at sp + 2 slots: 0x0 is null
stack at sp + 3 slots: 0x000000020000034c is an unknown value
stack at sp + 4 slots: 0x0000000000c00000 is an unknown value
stack at sp + 5 slots: 0x0 is null
stack at sp + 6 slots: 0x0 is null
stack at sp + 7 slots: 0x0 is null

Lock stack of current Java thread (top to bottom):


---------------  P R O C E S S  ---------------

Threads class SMR info:
_java_thread_list=0x000002cdec279f70, length=15, elements={
0x000002cd8803eea0, 0x000002cda4511040, 0x000002cda4512700, 0x000002cda4515920,
0x000002cda4518390, 0x000002cda451ddd0, 0x000002cda451fd10, 0x000002cda452ade0,
0x000002cda452c030, 0x000002cda44e7680, 0x000002cda48af3e0, 0x000002cdea0e9730,
0x000002cdea0e9da0, 0x000002cdea8f1430, 0x000002cdea8f1aa0
}

Java Threads: ( => current thread )
  0x000002cd8803eea0 JavaThread "main"                              [_thread_blocked, id=4116, stack(0x000000e124c00000,0x000000e124d00000) (1024K)]
  0x000002cda4511040 JavaThread "Reference Handler"          daemon [_thread_blocked, id=4908, stack(0x000000e125500000,0x000000e125600000) (1024K)]
  0x000002cda4512700 JavaThread "Finalizer"                  daemon [_thread_blocked, id=12604, stack(0x000000e125600000,0x000000e125700000) (1024K)]
  0x000002cda4515920 JavaThread "Signal Dispatcher"          daemon [_thread_blocked, id=6980, stack(0x000000e125700000,0x000000e125800000) (1024K)]
  0x000002cda4518390 JavaThread "Attach Listener"            daemon [_thread_blocked, id=3892, stack(0x000000e125800000,0x000000e125900000) (1024K)]
  0x000002cda451ddd0 JavaThread "Service Thread"             daemon [_thread_blocked, id=5280, stack(0x000000e125900000,0x000000e125a00000) (1024K)]
  0x000002cda451fd10 JavaThread "Monitor Deflation Thread"   daemon [_thread_blocked, id=1544, stack(0x000000e125a00000,0x000000e125b00000) (1024K)]
=>0x000002cda452ade0 JavaThread "C2 CompilerThread0"         daemon [_thread_in_native, id=2016, stack(0x000000e125b00000,0x000000e125c00000) (1024K)]
  0x000002cda452c030 JavaThread "C1 CompilerThread0"         daemon [_thread_in_native, id=3488, stack(0x000000e125c00000,0x000000e125d00000) (1024K)]
  0x000002cda44e7680 JavaThread "Common-Cleaner"             daemon [_thread_blocked, id=6692, stack(0x000000e125d00000,0x000000e125e00000) (1024K)]
  0x000002cda48af3e0 JavaThread "C2 CompilerThread1"         daemon [_thread_in_native, id=1576, stack(0x000000e125e00000,0x000000e125f00000) (1024K)]
  0x000002cdea0e9730 JavaThread "Monitor Ctrl-Break"         daemon [_thread_in_native, id=864, stack(0x000000e125f00000,0x000000e126000000) (1024K)]
  0x000002cdea0e9da0 JavaThread "Notification Thread"        daemon [_thread_blocked, id=12232, stack(0x000000e126000000,0x000000e126100000) (1024K)]
  0x000002cdea8f1430 JavaThread "Thread-0"                          [_thread_blocked, id=14000, stack(0x000000e126400000,0x000000e126500000) (1024K)]
  0x000002cdea8f1aa0 JavaThread "restartedMain"                     [_thread_in_vm, id=10544, stack(0x000000e126500000,0x000000e126600000) (1024K)]
Total: 15

Other Threads:
  0x000002cda44f6ba0 VMThread "VM Thread"                           [id=11516, stack(0x000000e125300000,0x000000e125400000) (1024K)]
  0x000002cda44e6280 WatcherThread "VM Periodic Task Thread"        [id=9072, stack(0x000000e125200000,0x000000e125300000) (1024K)]
  0x000002cd880950f0 WorkerThread "GC Thread#0"                     [id=4280, stack(0x000000e124d00000,0x000000e124e00000) (1024K)]
  0x000002cdea44c6c0 WorkerThread "GC Thread#1"                     [id=2432, stack(0x000000e126100000,0x000000e126200000) (1024K)]
  0x000002cdea44ca70 WorkerThread "GC Thread#2"                     [id=6976, stack(0x000000e126200000,0x000000e126300000) (1024K)]
  0x000002cdea381cd0 WorkerThread "GC Thread#3"                     [id=5128, stack(0x000000e126300000,0x000000e126400000) (1024K)]
  0x000002cd880a9c90 ConcurrentGCThread "G1 Main Marker"            [id=11752, stack(0x000000e124e00000,0x000000e124f00000) (1024K)]
  0x000002cd880ad6b0 WorkerThread "G1 Conc#0"                       [id=5788, stack(0x000000e124f00000,0x000000e125000000) (1024K)]
  0x000002cda43aa110 ConcurrentGCThread "G1 Refine#0"               [id=13664, stack(0x000000e125000000,0x000000e125100000) (1024K)]
  0x000002cda43aaaa0 ConcurrentGCThread "G1 Service"                [id=2376, stack(0x000000e125100000,0x000000e125200000) (1024K)]
Total: 10

Threads with active compile tasks:
C2 CompilerThread0  3561 2944   !   4       java.util.concurrent.ConcurrentHashMap::putVal (432 bytes)
C2 CompilerThread1  3561 2987       4       org.springframework.boot.context.properties.source.ConfigurationPropertyName$ElementsParser::parse (234 bytes)
Total: 2

VM state: not at safepoint (normal execution)

VM Mutex/Monitor currently owned by a thread: None

Heap address: 0x0000000081e00000, size: 2018 MB, Compressed Oops mode: 32-bit

CDS archive(s) mapped at: [0x000002cda5000000-0x000002cda5d70000-0x000002cda5d70000), size 14090240, SharedBaseAddress: 0x000002cda5000000, ArchiveRelocationMode: 1.
Compressed class space mapped at: 0x000002cda6000000-0x000002cde6000000, reserved size: 1073741824
Narrow klass base: 0x000002cda5000000, Narrow klass shift: 0, Narrow klass range: 0x41000000

GC Precious Log:
 CardTable entry size: 512
 Card Set container configuration: InlinePtr #cards 5 size 8 Array Of Cards #cards 10 size 36 Howl #buckets 4 coarsen threshold 1843 Howl Bitmap #cards 512 size 80 coarsen threshold 460 Card regions per heap region 1 cards per card region 2048
 CPUs: 4 total, 4 available
 Memory: 8067M
 Large Page Support: Disabled
 NUMA Support: Disabled
 Compressed Oops: Enabled (32-bit)
 Heap Region Size: 1M
 Heap Min Capacity: 8M
 Heap Initial Capacity: 128M
 Heap Max Capacity: 2018M
 Pre-touch: Disabled
 Parallel Workers: 4
 Concurrent Workers: 1
 Concurrent Refinement Workers: 4
 Periodic GC: Disabled

Heap:
 garbage-first heap   total reserved 2066432K, committed 51200K, used 14352K [0x0000000081e00000, 0x0000000100000000)
  region size 1024K, 5 young (5120K), 4 survivors (4096K)
 Metaspace       used 21180K, committed 21568K, reserved 1114112K
  class space    used 2635K, committed 2816K, reserved 1048576K

Heap Regions: E=young(eden), S=young(survivor), O=old, HS=humongous(starts), HC=humongous(continues), CS=collection set, F=free, TAMS=top-at-mark-start, PB=parsable bottom
|   0|0x0000000081e00000, 0x0000000081f00000, 0x0000000081f00000|100%|HS|  |TAMS 0x0000000081e00000| PB 0x0000000081e00000| Complete |  0
|   1|0x0000000081f00000, 0x0000000082000000, 0x0000000082000000|100%|HS|  |TAMS 0x0000000081f00000| PB 0x0000000081f00000| Complete |  0
|   2|0x0000000082000000, 0x0000000082100000, 0x0000000082100000|100%| O|  |TAMS 0x0000000082000000| PB 0x0000000082000000| Untracked |  0
|   3|0x0000000082100000, 0x0000000082200000, 0x0000000082200000|100%| O|  |TAMS 0x0000000082100000| PB 0x0000000082100000| Untracked |  0
|   4|0x0000000082200000, 0x0000000082300000, 0x0000000082300000|100%| O|  |TAMS 0x0000000082200000| PB 0x0000000082200000| Untracked |  0
|   5|0x0000000082300000, 0x0000000082400000, 0x0000000082400000|100%| O|  |TAMS 0x0000000082300000| PB 0x0000000082300000| Untracked |  0
|   6|0x0000000082400000, 0x0000000082500000, 0x0000000082500000|100%| O|  |TAMS 0x0000000082400000| PB 0x0000000082400000| Untracked |  0
|   7|0x0000000082500000, 0x0000000082600000, 0x0000000082600000|100%| O|  |TAMS 0x0000000082500000| PB 0x0000000082500000| Untracked |  0
|   8|0x0000000082600000, 0x0000000082700000, 0x0000000082700000|100%| O|  |TAMS 0x0000000082600000| PB 0x0000000082600000| Untracked |  0
|   9|0x0000000082700000, 0x0000000082800000, 0x0000000082800000|100%| O|  |TAMS 0x0000000082700000| PB 0x0000000082700000| Untracked |  0
|  10|0x0000000082800000, 0x0000000082836480, 0x0000000082900000| 21%| O|  |TAMS 0x0000000082800000| PB 0x0000000082800000| Untracked |  0
|  11|0x0000000082900000, 0x0000000082900000, 0x0000000082a00000|  0%| F|  |TAMS 0x0000000082900000| PB 0x0000000082900000| Untracked |  0
|  12|0x0000000082a00000, 0x0000000082a00000, 0x0000000082b00000|  0%| F|  |TAMS 0x0000000082a00000| PB 0x0000000082a00000| Untracked |  0
|  13|0x0000000082b00000, 0x0000000082b00000, 0x0000000082c00000|  0%| F|  |TAMS 0x0000000082b00000| PB 0x0000000082b00000| Untracked |  0
|  14|0x0000000082c00000, 0x0000000082c00000, 0x0000000082d00000|  0%| F|  |TAMS 0x0000000082c00000| PB 0x0000000082c00000| Untracked |  0
|  15|0x0000000082d00000, 0x0000000082d00000, 0x0000000082e00000|  0%| F|  |TAMS 0x0000000082d00000| PB 0x0000000082d00000| Untracked |  0
|  16|0x0000000082e00000, 0x0000000082e00000, 0x0000000082f00000|  0%| F|  |TAMS 0x0000000082e00000| PB 0x0000000082e00000| Untracked |  0
|  17|0x0000000082f00000, 0x0000000082f00000, 0x0000000083000000|  0%| F|  |TAMS 0x0000000082f00000| PB 0x0000000082f00000| Untracked |  0
|  18|0x0000000083000000, 0x0000000083000000, 0x0000000083100000|  0%| F|  |TAMS 0x0000000083000000| PB 0x0000000083000000| Untracked |  0
|  19|0x0000000083100000, 0x0000000083100000, 0x0000000083200000|  0%| F|  |TAMS 0x0000000083100000| PB 0x0000000083100000| Untracked |  0
|  20|0x0000000083200000, 0x0000000083200000, 0x0000000083300000|  0%| F|  |TAMS 0x0000000083200000| PB 0x0000000083200000| Untracked |  0
|  21|0x0000000083300000, 0x0000000083300000, 0x0000000083400000|  0%| F|  |TAMS 0x0000000083300000| PB 0x0000000083300000| Untracked |  0
|  22|0x0000000083400000, 0x0000000083400000, 0x0000000083500000|  0%| F|  |TAMS 0x0000000083400000| PB 0x0000000083400000| Untracked |  0
|  23|0x0000000083500000, 0x0000000083500000, 0x0000000083600000|  0%| F|  |TAMS 0x0000000083500000| PB 0x0000000083500000| Untracked |  0
|  24|0x0000000083600000, 0x0000000083600000, 0x0000000083700000|  0%| F|  |TAMS 0x0000000083600000| PB 0x0000000083600000| Untracked |  0
|  25|0x0000000083700000, 0x0000000083700000, 0x0000000083800000|  0%| F|  |TAMS 0x0000000083700000| PB 0x0000000083700000| Untracked |  0
|  26|0x0000000083800000, 0x0000000083800000, 0x0000000083900000|  0%| F|  |TAMS 0x0000000083800000| PB 0x0000000083800000| Untracked |  0
|  27|0x0000000083900000, 0x0000000083900000, 0x0000000083a00000|  0%| F|  |TAMS 0x0000000083900000| PB 0x0000000083900000| Untracked |  0
|  28|0x0000000083a00000, 0x0000000083a00000, 0x0000000083b00000|  0%| F|  |TAMS 0x0000000083a00000| PB 0x0000000083a00000| Untracked |  0
|  29|0x0000000083b00000, 0x0000000083b00000, 0x0000000083c00000|  0%| F|  |TAMS 0x0000000083b00000| PB 0x0000000083b00000| Untracked |  0
|  30|0x0000000083c00000, 0x0000000083c00000, 0x0000000083d00000|  0%| F|  |TAMS 0x0000000083c00000| PB 0x0000000083c00000| Untracked |  0
|  31|0x0000000083d00000, 0x0000000083d00000, 0x0000000083e00000|  0%| F|  |TAMS 0x0000000083d00000| PB 0x0000000083d00000| Untracked |  0
|  32|0x0000000083e00000, 0x0000000083e00000, 0x0000000083f00000|  0%| F|  |TAMS 0x0000000083e00000| PB 0x0000000083e00000| Untracked |  0
|  33|0x0000000083f00000, 0x0000000083f00000, 0x0000000084000000|  0%| F|  |TAMS 0x0000000083f00000| PB 0x0000000083f00000| Untracked |  0
|  34|0x0000000084000000, 0x0000000084000000, 0x0000000084100000|  0%| F|  |TAMS 0x0000000084000000| PB 0x0000000084000000| Untracked |  0
|  35|0x0000000084100000, 0x0000000084100000, 0x0000000084200000|  0%| F|  |TAMS 0x0000000084100000| PB 0x0000000084100000| Untracked |  0
|  36|0x0000000084200000, 0x0000000084200000, 0x0000000084300000|  0%| F|  |TAMS 0x0000000084200000| PB 0x0000000084200000| Untracked |  0
|  37|0x0000000084300000, 0x0000000084300000, 0x0000000084400000|  0%| F|  |TAMS 0x0000000084300000| PB 0x0000000084300000| Untracked |  0
|  38|0x0000000084400000, 0x0000000084400000, 0x0000000084500000|  0%| F|  |TAMS 0x0000000084400000| PB 0x0000000084400000| Untracked |  0
|  39|0x0000000084500000, 0x0000000084500000, 0x0000000084600000|  0%| F|  |TAMS 0x0000000084500000| PB 0x0000000084500000| Untracked |  0
|  40|0x0000000084600000, 0x0000000084600000, 0x0000000084700000|  0%| F|  |TAMS 0x0000000084600000| PB 0x0000000084600000| Untracked |  0
|  41|0x0000000084700000, 0x0000000084700000, 0x0000000084800000|  0%| F|  |TAMS 0x0000000084700000| PB 0x0000000084700000| Untracked |  0
|  42|0x0000000084800000, 0x0000000084800000, 0x0000000084900000|  0%| F|  |TAMS 0x0000000084800000| PB 0x0000000084800000| Untracked |  0
|  43|0x0000000084900000, 0x0000000084900000, 0x0000000084a00000|  0%| F|  |TAMS 0x0000000084900000| PB 0x0000000084900000| Untracked |  0
|  44|0x0000000084a00000, 0x0000000084a00000, 0x0000000084b00000|  0%| F|  |TAMS 0x0000000084a00000| PB 0x0000000084a00000| Untracked |  0
|  97|0x0000000087f00000, 0x0000000087fcdd70, 0x0000000088000000| 80%| S|CS|TAMS 0x0000000087f00000| PB 0x0000000087f00000| Complete |  0
|  98|0x0000000088000000, 0x0000000088100000, 0x0000000088100000|100%| S|CS|TAMS 0x0000000088000000| PB 0x0000000088000000| Complete |  0
|  99|0x0000000088100000, 0x0000000088200000, 0x0000000088200000|100%| S|CS|TAMS 0x0000000088100000| PB 0x0000000088100000| Complete |  0
| 100|0x0000000088200000, 0x0000000088300000, 0x0000000088300000|100%| S|CS|TAMS 0x0000000088200000| PB 0x0000000088200000| Complete |  0
| 127|0x0000000089d00000, 0x0000000089d83b18, 0x0000000089e00000| 51%| E|  |TAMS 0x0000000089d00000| PB 0x0000000089d00000| Complete |  0

Card table byte_map: [0x000002cd9fb80000,0x000002cd9ff80000] _byte_map_base: 0x000002cd9f771000

Marking Bits: (CMBitMap*) 0x000002cd88095800
 Bits: [0x000002cd9ff80000, 0x000002cda1f08000)

Polling page: 0x000002cd85ff0000

Metaspace:

Usage:
  Non-class:     18.11 MB used.
      Class:      2.57 MB used.
       Both:     20.68 MB used.

Virtual space:
  Non-class space:       64.00 MB reserved,      18.31 MB ( 29%) committed,  1 nodes.
      Class space:        1.00 GB reserved,       2.75 MB ( <1%) committed,  1 nodes.
             Both:        1.06 GB reserved,      21.06 MB (  2%) committed. 

Chunk freelists:
   Non-Class:  13.23 MB
       Class:  13.23 MB
        Both:  26.47 MB

MaxMetaspaceSize: unlimited
CompressedClassSpaceSize: 1.00 GB
Initial GC threshold: 21.00 MB
Current GC threshold: 35.12 MB
CDS: on
 - commit_granule_bytes: 65536.
 - commit_granule_words: 8192.
 - virtual_space_node_default_size: 8388608.
 - enlarge_chunks_in_place: 1.
 - use_allocation_guard: 0.


Internal statistics:

num_allocs_failed_limit: 3.
num_arena_births: 344.
num_arena_deaths: 0.
num_vsnodes_births: 2.
num_vsnodes_deaths: 0.
num_space_committed: 337.
num_space_uncommitted: 0.
num_chunks_returned_to_freelist: 3.
num_chunks_taken_from_freelist: 1026.
num_chunk_merges: 3.
num_chunk_splits: 672.
num_chunks_enlarged: 452.
num_inconsistent_stats: 0.

CodeHeap 'non-profiled nmethods': size=120064Kb used=983Kb max_used=983Kb free=119080Kb
 bounds [0x000002cd98240000, 0x000002cd984b0000, 0x000002cd9f780000]
CodeHeap 'profiled nmethods': size=120000Kb used=4761Kb max_used=4761Kb free=115238Kb
 bounds [0x000002cd90780000, 0x000002cd90c30000, 0x000002cd97cb0000]
CodeHeap 'non-nmethods': size=5696Kb used=1459Kb max_used=1514Kb free=4236Kb
 bounds [0x000002cd97cb0000, 0x000002cd97f20000, 0x000002cd98240000]
CodeCache: size=245760Kb, used=7203Kb, max_used=7258Kb, free=238554Kb
 total_blobs=3711, nmethods=3160, adapters=456, full_count=0
Compilation: enabled, stopped_count=0, restarted_count=0

Compilation events (20 events):
Event: 3.253 Thread 0x000002cda452c030 nmethod 2974 0x000002cd90bb2208 code [0x000002cd90bb2340, 0x000002cd90bb2538]
Event: 3.253 Thread 0x000002cda452c030 2975       3       sun.net.www.protocol.file.Handler::openConnection (7 bytes)
Event: 3.253 Thread 0x000002cda452c030 nmethod 2975 0x000002cd90bb2588 code [0x000002cd90bb26a0, 0x000002cd90bb2800]
Event: 3.253 Thread 0x000002cda452c030 2976       1       sun.net.www.protocol.jar.JarURLConnection::access$000 (5 bytes)
Event: 3.253 Thread 0x000002cda452c030 nmethod 2976 0x000002cd98333c88 code [0x000002cd98333da0, 0x000002cd98333e50]
Event: 3.254 Thread 0x000002cda452c030 2977       3       java.util.stream.ReduceOps$ReduceOp::<init> (10 bytes)
Event: 3.254 Thread 0x000002cda452c030 nmethod 2977 0x000002cd90bb2888 code [0x000002cd90bb29a0, 0x000002cd90bb2b58]
Event: 3.254 Thread 0x000002cda452c030 2978       3       java.util.stream.ReduceOps$ReduceOp::evaluateSequential (18 bytes)
Event: 3.254 Thread 0x000002cda452c030 nmethod 2978 0x000002cd90bb2b88 code [0x000002cd90bb2ce0, 0x000002cd90bb3140]
Event: 3.254 Thread 0x000002cda452c030 2979       3       org.springframework.boot.autoconfigure.condition.FilteringSpringBootCondition::filter (82 bytes)
Event: 3.255 Thread 0x000002cda452c030 nmethod 2979 0x000002cd90bb3188 code [0x000002cd90bb33a0, 0x000002cd90bb4120]
Event: 3.255 Thread 0x000002cda452c030 2980       3       java.util.stream.Collectors$CollectorImpl::<init> (32 bytes)
Event: 3.255 Thread 0x000002cda452c030 nmethod 2980 0x000002cd90bb4188 code [0x000002cd90bb42c0, 0x000002cd90bb4650]
Event: 3.256 Thread 0x000002cda48af3e0 nmethod 2970 0x000002cd98333f88 code [0x000002cd983340a0, 0x000002cd983345b0]
Event: 3.256 Thread 0x000002cda452c030 2981       3       java.util.stream.ReferencePipeline::collect (124 bytes)
Event: 3.256 Thread 0x000002cda48af3e0 2972       4       java.util.LinkedHashMap$Entry::<init> (10 bytes)
Event: 3.257 Thread 0x000002cda452c030 nmethod 2981 0x000002cd90bb4688 code [0x000002cd90bb48c0, 0x000002cd90bb5530]
Event: 3.257 Thread 0x000002cda452c030 2984       3       org.springframework.core.annotation.AnnotationsScanner::hasPlainJavaAnnotationsOnly (26 bytes)
Event: 3.257 Thread 0x000002cda452c030 nmethod 2984 0x000002cd90bb5608 code [0x000002cd90bb5760, 0x000002cd90bb5a78]
Event: 3.257 Thread 0x000002cda452c030 2982       3       org.springframework.core.annotation.MergedAnnotations::from (41 bytes)

GC Heap History (6 events):
Event: 0.926 GC heap before
{Heap before GC invocations=0 (full 0):
 garbage-first heap   total reserved 2066432K, committed 131072K, used 15360K [0x0000000081e00000, 0x0000000100000000)
  region size 1024K, 14 young (14336K), 0 survivors (0K)
 Metaspace       used 4156K, committed 4288K, reserved 1114112K
  class space    used 462K, committed 512K, reserved 1048576K
}
Event: 0.932 GC heap after
{Heap after GC invocations=1 (full 0):
 garbage-first heap   total reserved 2066432K, committed 131072K, used 7082K [0x0000000081e00000, 0x0000000100000000)
  region size 1024K, 2 young (2048K), 2 survivors (2048K)
 Metaspace       used 4156K, committed 4288K, reserved 1114112K
  class space    used 462K, committed 512K, reserved 1048576K
}
Event: 1.380 GC heap before
{Heap before GC invocations=1 (full 0):
 garbage-first heap   total reserved 2066432K, committed 131072K, used 18346K [0x0000000081e00000, 0x0000000100000000)
  region size 1024K, 14 young (14336K), 2 survivors (2048K)
 Metaspace       used 7424K, committed 7616K, reserved 1114112K
  class space    used 891K, committed 960K, reserved 1048576K
}
Event: 1.385 GC heap after
{Heap after GC invocations=2 (full 0):
 garbage-first heap   total reserved 2066432K, committed 131072K, used 7868K [0x0000000081e00000, 0x0000000100000000)
  region size 1024K, 1 young (1024K), 1 survivors (1024K)
 Metaspace       used 7424K, committed 7616K, reserved 1114112K
  class space    used 891K, committed 960K, reserved 1048576K
}
Event: 2.515 GC heap before
{Heap before GC invocations=2 (full 0):
 garbage-first heap   total reserved 2066432K, committed 131072K, used 40636K [0x0000000081e00000, 0x0000000100000000)
  region size 1024K, 34 young (34816K), 1 survivors (1024K)
 Metaspace       used 17115K, committed 17472K, reserved 1114112K
  class space    used 2129K, committed 2304K, reserved 1048576K
}
Event: 2.522 GC heap after
{Heap after GC invocations=3 (full 0):
 garbage-first heap   total reserved 2066432K, committed 131072K, used 10531K [0x0000000081e00000, 0x0000000100000000)
  region size 1024K, 4 young (4096K), 4 survivors (4096K)
 Metaspace       used 17115K, committed 17472K, reserved 1114112K
  class space    used 2129K, committed 2304K, reserved 1048576K
}

Dll operation events (13 events):
Event: 0.040 Loaded shared library C:\Program Files\Java\jdk-23\bin\java.dll
Event: 0.103 Loaded shared library C:\Program Files\Java\jdk-23\bin\jsvml.dll
Event: 0.262 Loaded shared library C:\Program Files\Java\jdk-23\bin\zip.dll
Event: 0.267 Loaded shared library C:\Program Files\Java\jdk-23\bin\instrument.dll
Event: 0.277 Loaded shared library C:\Program Files\Java\jdk-23\bin\net.dll
Event: 0.280 Loaded shared library C:\Program Files\Java\jdk-23\bin\nio.dll
Event: 0.285 Loaded shared library C:\Program Files\Java\jdk-23\bin\zip.dll
Event: 0.431 Loaded shared library C:\Program Files\JetBrains\IntelliJ IDEA Community Edition 2024.3.3\bin\breakgen64.dll
Event: 0.446 Loaded shared library C:\Program Files\Java\jdk-23\bin\extnet.dll
Event: 0.511 Loaded shared library C:\Program Files\Java\jdk-23\bin\jimage.dll
Event: 1.033 Loaded shared library C:\Program Files\Java\jdk-23\bin\management.dll
Event: 1.036 Loaded shared library C:\Program Files\Java\jdk-23\bin\management_ext.dll
Event: 2.896 Loaded shared library C:\Program Files\Java\jdk-23\bin\sunmscapi.dll

Deoptimization events (20 events):
Event: 2.944 Thread 0x000002cdea8f1aa0 DEOPT PACKING pc=0x000002cd9086db0e sp=0x000000e1265fe130
Event: 2.944 Thread 0x000002cdea8f1aa0 DEOPT UNPACKING pc=0x000002cd97d04b22 sp=0x000000e1265fd618 mode 0
Event: 2.944 Thread 0x000002cdea8f1aa0 DEOPT PACKING pc=0x000002cd9086db0e sp=0x000000e1265fe130
Event: 2.944 Thread 0x000002cdea8f1aa0 DEOPT UNPACKING pc=0x000002cd97d04b22 sp=0x000000e1265fd618 mode 0
Event: 2.944 Thread 0x000002cdea8f1aa0 DEOPT PACKING pc=0x000002cd9086db0e sp=0x000000e1265fe130
Event: 2.944 Thread 0x000002cdea8f1aa0 DEOPT UNPACKING pc=0x000002cd97d04b22 sp=0x000000e1265fd618 mode 0
Event: 2.945 Thread 0x000002cdea8f1aa0 DEOPT PACKING pc=0x000002cd9086db0e sp=0x000000e1265fe130
Event: 2.945 Thread 0x000002cdea8f1aa0 DEOPT UNPACKING pc=0x000002cd97d04b22 sp=0x000000e1265fd618 mode 0
Event: 2.945 Thread 0x000002cdea8f1aa0 DEOPT PACKING pc=0x000002cd9086db0e sp=0x000000e1265fe130
Event: 2.945 Thread 0x000002cdea8f1aa0 DEOPT UNPACKING pc=0x000002cd97d04b22 sp=0x000000e1265fd618 mode 0
Event: 2.945 Thread 0x000002cdea8f1aa0 DEOPT PACKING pc=0x000002cd9086db0e sp=0x000000e1265fe130
Event: 2.945 Thread 0x000002cdea8f1aa0 DEOPT UNPACKING pc=0x000002cd97d04b22 sp=0x000000e1265fd618 mode 0
Event: 3.022 Thread 0x000002cdea8f1aa0 Uncommon trap: trap_request=0xffffffc6 fr.pc=0x000002cd982f824c relative=0x0000000000001dac
Event: 3.022 Thread 0x000002cdea8f1aa0 Uncommon trap: reason=bimorphic_or_optimized_type_check action=maybe_recompile pc=0x000002cd982f824c method=java.util.HashMap.putVal(ILjava/lang/Object;Ljava/lang/Object;ZZ)Ljava/lang/Object; @ 91 c2
Event: 3.022 Thread 0x000002cdea8f1aa0 DEOPT PACKING pc=0x000002cd982f824c sp=0x000000e1265fe100
Event: 3.022 Thread 0x000002cdea8f1aa0 DEOPT UNPACKING pc=0x000002cd97d04402 sp=0x000000e1265fdfb8 mode 2
Event: 3.043 Thread 0x000002cdea8f1aa0 Uncommon trap: trap_request=0xffffffde fr.pc=0x000002cd982f8210 relative=0x0000000000001d70
Event: 3.043 Thread 0x000002cdea8f1aa0 Uncommon trap: reason=class_check action=maybe_recompile pc=0x000002cd982f8210 method=java.util.HashMap.putVal(ILjava/lang/Object;Ljava/lang/Object;ZZ)Ljava/lang/Object; @ 203 c2
Event: 3.043 Thread 0x000002cdea8f1aa0 DEOPT PACKING pc=0x000002cd982f8210 sp=0x000000e1265fe030
Event: 3.043 Thread 0x000002cdea8f1aa0 DEOPT UNPACKING pc=0x000002cd97d04402 sp=0x000000e1265fdef8 mode 2

Classes loaded (20 events):
Event: 2.887 Loading class java/security/PrivilegedActionException
Event: 2.887 Loading class java/security/PrivilegedActionException done
Event: 2.887 Loading class javax/security/auth/login/FailedLoginException
Event: 2.888 Loading class javax/security/auth/login/FailedLoginException done
Event: 2.888 Loading class javax/security/auth/Subject
Event: 2.888 Loading class javax/security/auth/Subject done
Event: 2.888 Loading class javax/security/auth/callback/CallbackHandler
Event: 2.888 Loading class javax/security/auth/callback/CallbackHandler done
Event: 2.898 Loading class com/sun/security/sasl/Provider
Event: 2.898 Loading class com/sun/security/sasl/Provider done
Event: 2.898 Loading class com/sun/security/sasl/Provider$1
Event: 2.898 Loading class com/sun/security/sasl/Provider$1 done
Event: 2.899 Loading class com/sun/security/sasl/Provider$ProviderService
Event: 2.899 Loading class com/sun/security/sasl/Provider$ProviderService done
Event: 2.899 Loading class sun/security/provider/certpath/ldap/JdkLDAP
Event: 2.899 Loading class sun/security/provider/certpath/ldap/JdkLDAP done
Event: 2.900 Loading class sun/security/provider/certpath/ldap/JdkLDAP$ProviderService
Event: 2.900 Loading class sun/security/provider/certpath/ldap/JdkLDAP$ProviderService done
Event: 3.240 Loading class java/beans/PropertyVetoException
Event: 3.240 Loading class java/beans/PropertyVetoException done

Classes unloaded (0 events):
No events

Classes redefined (0 events):
No events

Internal exceptions (20 events):
Event: 1.623 Thread 0x000002cdea8f1aa0 Exception <a 'java/lang/NoSuchMethodError'{0x00000000899389a0}: 'java.lang.Object java.lang.invoke.DirectMethodHandle$Holder.newInvokeSpecial(java.lang.Object, int, java.lang.Object)'> (0x00000000899389a0) 
thrown [s\open\src\hotspot\share\interpreter\linkResolver.cpp, line 796]
Event: 1.624 Thread 0x000002cdea8f1aa0 Exception <a 'java/lang/NoSuchMethodError'{0x000000008993d9e0}: 'int java.lang.invoke.DirectMethodHandle$Holder.invokeSpecialIFC(java.lang.Object, java.lang.Object, java.lang.Object, java.lang.Object)'> (0x000000008993d9e0) 
thrown [s\open\src\hotspot\share\interpreter\linkResolver.cpp, line 796]
Event: 1.660 Thread 0x000002cdea8f1aa0 Exception <a 'java/lang/NoSuchMethodError'{0x000000008980eb10}: 'void java.lang.invoke.DirectMethodHandle$Holder.invokeInterface(java.lang.Object, java.lang.Object, java.lang.Object)'> (0x000000008980eb10) 
thrown [s\open\src\hotspot\share\interpreter\linkResolver.cpp, line 796]
Event: 1.702 Thread 0x000002cdea8f1aa0 Exception <a 'java/lang/NoSuchMethodError'{0x00000000898aa9b0}: 'void java.lang.invoke.DirectMethodHandle$Holder.invokeStaticInit(java.lang.Object, java.lang.Object, java.lang.Object)'> (0x00000000898aa9b0) 
thrown [s\open\src\hotspot\share\interpreter\linkResolver.cpp, line 796]
Event: 1.712 Thread 0x000002cdea8f1aa0 Exception <a 'java/lang/NoSuchMethodError'{0x00000000898f3f30}: 'java.lang.Object java.lang.invoke.DirectMethodHandle$Holder.invokeVirtual(java.lang.Object, java.lang.Object, java.lang.Object)'> (0x00000000898f3f30) 
thrown [s\open\src\hotspot\share\interpreter\linkResolver.cpp, line 796]
Event: 1.758 Thread 0x000002cdea8f1aa0 Exception <a 'java/lang/NoSuchMethodError'{0x000000008977f098}: 'void java.lang.invoke.DirectMethodHandle$Holder.invokeVirtual(java.lang.Object, java.lang.Object, java.lang.Object, java.lang.Object)'> (0x000000008977f098) 
thrown [s\open\src\hotspot\share\interpreter\linkResolver.cpp, line 796]
Event: 1.899 Thread 0x000002cdeaf7dd80 Exception <a 'java/lang/NoClassDefFoundError'{0x00000000895c75f0}: jakarta/validation/Validation> (0x00000000895c75f0) 
thrown [s\open\src\hotspot\share\classfile\systemDictionary.cpp, line 302]
Event: 1.902 Thread 0x000002cdea8f1aa0 Exception <a 'java/lang/NoSuchMethodError'{0x0000000089401490}: 'java.lang.reflect.Field[] java.lang.Class.getDeclaredFields(java.lang.Class)'> (0x0000000089401490) 
thrown [s\open\src\hotspot\share\interpreter\linkResolver.cpp, line 796]
Event: 1.903 Thread 0x000002cdea8f1aa0 Exception <a 'java/lang/NoSuchMethodError'{0x0000000089405ea0}: 'java.lang.Object java.lang.invoke.DirectMethodHandle$Holder.invokeStatic(java.lang.Object, java.lang.Object, int)'> (0x0000000089405ea0) 
thrown [s\open\src\hotspot\share\interpreter\linkResolver.cpp, line 796]
Event: 1.905 Thread 0x000002cdea8f1aa0 Exception <a 'java/lang/NoSuchMethodError'{0x0000000089411308}: 'void java.lang.invoke.DelegatingMethodHandle$Holder.delegate(java.lang.Object, java.lang.Object, int, java.lang.Object)'> (0x0000000089411308) 
thrown [s\open\src\hotspot\share\interpreter\linkResolver.cpp, line 796]
Event: 1.934 Thread 0x000002cdea8f1aa0 Exception <a 'java/lang/IncompatibleClassChangeError'{0x00000000893287e8}: Found class java.lang.Object, but interface was expected> (0x00000000893287e8) 
thrown [s\open\src\hotspot\share\interpreter\linkResolver.cpp, line 863]
Event: 2.509 Thread 0x000002cdea8f1aa0 Exception <a 'java/lang/NoSuchMethodError'{0x0000000087c45c20}: 'int java.lang.invoke.DirectMethodHandle$Holder.invokeSpecial(java.lang.Object, java.lang.Object, java.lang.Object, java.lang.Object, java.lang.Object)'> (0x0000000087c45c20) 
thrown [s\open\src\hotspot\share\interpreter\linkResolver.cpp, line 796]
Event: 2.513 Thread 0x000002cdea8f1aa0 Exception <a 'java/lang/NoSuchMethodError'{0x0000000087cb1ce0}: 'void java.lang.invoke.DirectMethodHandle$Holder.invokeVirtual(java.lang.Object, java.lang.Object)'> (0x0000000087cb1ce0) 
thrown [s\open\src\hotspot\share\interpreter\linkResolver.cpp, line 796]
Event: 2.689 Thread 0x000002cdeaf7dd80 Exception <a 'java/lang/NoSuchMethodError'{0x00000000899c19e8}: 'long java.lang.invoke.DirectMethodHandle$Holder.invokeSpecial(java.lang.Object, java.lang.Object)'> (0x00000000899c19e8) 
thrown [s\open\src\hotspot\share\interpreter\linkResolver.cpp, line 796]
Event: 2.692 Thread 0x000002cdeaf7dd80 Exception <a 'java/lang/NoSuchMethodError'{0x00000000899cb658}: 'long java.lang.invoke.DirectMethodHandle$Holder.invokeStatic(java.lang.Object, java.lang.Object)'> (0x00000000899cb658) 
thrown [s\open\src\hotspot\share\interpreter\linkResolver.cpp, line 796]
Event: 2.692 Thread 0x000002cdeaf7dd80 Exception <a 'java/lang/NoSuchMethodError'{0x00000000899ce758}: 'long java.lang.invoke.DirectMethodHandle$Holder.invokeStaticInit(java.lang.Object, java.lang.Object)'> (0x00000000899ce758) 
thrown [s\open\src\hotspot\share\interpreter\linkResolver.cpp, line 796]
Event: 2.695 Thread 0x000002cdeaf7dd80 Exception <a 'java/lang/NoSuchMethodError'{0x00000000899da9e0}: 'long java.lang.invoke.DirectMethodHandle$Holder.invokeInterface(java.lang.Object, java.lang.Object)'> (0x00000000899da9e0) 
thrown [s\open\src\hotspot\share\interpreter\linkResolver.cpp, line 796]
Event: 2.696 Thread 0x000002cdeaf7dd80 Exception <a 'java/lang/IncompatibleClassChangeError'{0x00000000899dda08}: Found class java.lang.Object, but interface was expected> (0x00000000899dda08) 
thrown [s\open\src\hotspot\share\interpreter\linkResolver.cpp, line 863]
Event: 2.704 Thread 0x000002cdeaf7dd80 Exception <a 'java/lang/NoSuchMethodError'{0x000000008985a9d0}: 'java.lang.Object java.lang.invoke.DirectMethodHandle$Holder.invokeVirtual(java.lang.Object, java.lang.Object, java.lang.Object, java.lang.Object)'> (0x000000008985a9d0) 
thrown [s\open\src\hotspot\share\interpreter\linkResolver.cpp, line 796]
Event: 2.935 Thread 0x000002cdea8f1aa0 Exception <a 'java/lang/IncompatibleClassChangeError'{0x00000000891f8498}: Found class java.lang.Object, but interface was expected> (0x00000000891f8498) 
thrown [s\open\src\hotspot\share\interpreter\linkResolver.cpp, line 863]

VM Operations (20 events):
Event: 1.881 Executing VM operation: HandshakeAllThreads (Deoptimize)
Event: 1.882 Executing VM operation: HandshakeAllThreads (Deoptimize) done
Event: 1.882 Executing VM operation: HandshakeAllThreads (Deoptimize)
Event: 1.882 Executing VM operation: HandshakeAllThreads (Deoptimize) done
Event: 1.903 Executing VM operation: HandshakeAllThreads (Deoptimize)
Event: 1.903 Executing VM operation: HandshakeAllThreads (Deoptimize) done
Event: 1.953 Executing VM operation: HandshakeAllThreads (Deoptimize)
Event: 1.955 Executing VM operation: HandshakeAllThreads (Deoptimize) done
Event: 2.331 Executing VM operation: HandshakeAllThreads (Deoptimize)
Event: 2.331 Executing VM operation: HandshakeAllThreads (Deoptimize) done
Event: 2.406 Executing VM operation: HandshakeAllThreads (Deoptimize)
Event: 2.406 Executing VM operation: HandshakeAllThreads (Deoptimize) done
Event: 2.477 Executing VM operation: HandshakeAllThreads (Deoptimize)
Event: 2.477 Executing VM operation: HandshakeAllThreads (Deoptimize) done
Event: 2.515 Executing VM operation: G1CollectForAllocation (G1 Evacuation Pause)
Event: 2.522 Executing VM operation: G1CollectForAllocation (G1 Evacuation Pause) done
Event: 2.779 Executing VM operation: HandshakeAllThreads (Deoptimize)
Event: 2.779 Executing VM operation: HandshakeAllThreads (Deoptimize) done
Event: 2.846 Executing VM operation: HandshakeAllThreads (Deoptimize)
Event: 2.846 Executing VM operation: HandshakeAllThreads (Deoptimize) done

Memory protections (0 events):
No events

Nmethod flushes (0 events):
No events

Events (19 events):
Event: 0.073 Thread 0x000002cd8803eea0 Thread added: 0x000002cd8803eea0
Event: 0.098 Thread 0x000002cd8803eea0 Thread added: 0x000002cda4511040
Event: 0.098 Thread 0x000002cd8803eea0 Thread added: 0x000002cda4512700
Event: 0.099 Thread 0x000002cd8803eea0 Thread added: 0x000002cda4515920
Event: 0.099 Thread 0x000002cd8803eea0 Thread added: 0x000002cda4518390
Event: 0.099 Thread 0x000002cd8803eea0 Thread added: 0x000002cda451ddd0
Event: 0.099 Thread 0x000002cd8803eea0 Thread added: 0x000002cda451fd10
Event: 0.099 Thread 0x000002cd8803eea0 Thread added: 0x000002cda452ade0
Event: 0.100 Thread 0x000002cd8803eea0 Thread added: 0x000002cda452c030
Event: 0.220 Thread 0x000002cd8803eea0 Thread added: 0x000002cda44e7680
Event: 0.344 Thread 0x000002cda452c030 Thread added: 0x000002cda48af3e0
Event: 0.432 Thread 0x000002cd8803eea0 Thread added: 0x000002cdea0e9730
Event: 0.432 Thread 0x000002cd8803eea0 Thread added: 0x000002cdea0e9da0
Event: 1.096 Thread 0x000002cd8803eea0 Thread added: 0x000002cdea8f1430
Event: 1.099 Thread 0x000002cdea8f1430 Thread added: 0x000002cdea8f1aa0
Event: 1.893 Thread 0x000002cdea8f1aa0 Thread added: 0x000002cdeaf7dd80
Event: 2.751 Thread 0x000002cdea8f1aa0 Thread added: 0x000002cdeb590d80
Event: 2.892 Thread 0x000002cdeb590d80 Thread exited: 0x000002cdeb590d80
Event: 2.904 Thread 0x000002cdeaf7dd80 Thread exited: 0x000002cdeaf7dd80


Dynamic libraries:
0x00007ff704740000 - 0x00007ff704750000 	C:\Program Files\Java\jdk-23\bin\java.exe
0x00007ffddd470000 - 0x00007ffddd668000 	C:\WINDOWS\SYSTEM32\ntdll.dll
0x00007ffdd1b70000 - 0x00007ffdd1b8a000 	C:\Program Files\AVG\Antivirus\aswhook.dll
0x00007ffddc300000 - 0x00007ffddc3c2000 	C:\WINDOWS\System32\KERNEL32.DLL
0x00007ffddadb0000 - 0x00007ffddb0af000 	C:\WINDOWS\System32\KERNELBASE.dll
0x00007ffddb240000 - 0x00007ffddb340000 	C:\WINDOWS\System32\ucrtbase.dll
0x00007ffdd21d0000 - 0x00007ffdd21e7000 	C:\Program Files\Java\jdk-23\bin\jli.dll
0x00007ffddca10000 - 0x00007ffddcbad000 	C:\WINDOWS\System32\USER32.dll
0x00007ffddab10000 - 0x00007ffddab32000 	C:\WINDOWS\System32\win32u.dll
0x00007ffddb5a0000 - 0x00007ffddb5cb000 	C:\WINDOWS\System32\GDI32.dll
0x00007ffddab40000 - 0x00007ffddac5a000 	C:\WINDOWS\System32\gdi32full.dll
0x00007ffddb340000 - 0x00007ffddb3dd000 	C:\WINDOWS\System32\msvcp_win.dll
0x00007ffdd9e70000 - 0x00007ffdda10a000 	C:\WINDOWS\WinSxS\amd64_microsoft.windows.common-controls_6595b64144ccf1df_6.0.19041.4355_none_60b8b9eb71f62e16\COMCTL32.dll
0x00007ffddce60000 - 0x00007ffddcefe000 	C:\WINDOWS\System32\msvcrt.dll
0x00007ffdd21b0000 - 0x00007ffdd21cb000 	C:\Program Files\Java\jdk-23\bin\VCRUNTIME140.dll
0x00007ffddd260000 - 0x00007ffddd28f000 	C:\WINDOWS\System32\IMM32.DLL
0x00007ffdd2150000 - 0x00007ffdd215c000 	C:\Program Files\Java\jdk-23\bin\vcruntime140_1.dll
0x00007ffdd0320000 - 0x00007ffdd03ae000 	C:\Program Files\Java\jdk-23\bin\msvcp140.dll
0x00007ffd7f9c0000 - 0x00007ffd80710000 	C:\Program Files\Java\jdk-23\bin\server\jvm.dll
0x00007ffddd2f0000 - 0x00007ffddd39f000 	C:\WINDOWS\System32\ADVAPI32.dll
0x00007ffddc250000 - 0x00007ffddc2ef000 	C:\WINDOWS\System32\sechost.dll
0x00007ffddccd0000 - 0x00007ffddcdf3000 	C:\WINDOWS\System32\RPCRT4.dll
0x00007ffddb0b0000 - 0x00007ffddb0d7000 	C:\WINDOWS\System32\bcrypt.dll
0x00007ffddc990000 - 0x00007ffddc9fb000 	C:\WINDOWS\System32\WS2_32.dll
0x00007ffdda970000 - 0x00007ffdda9bb000 	C:\WINDOWS\SYSTEM32\POWRPROF.dll
0x00007ffdb1070000 - 0x00007ffdb1097000 	C:\WINDOWS\SYSTEM32\WINMM.dll
0x00007ffdcec20000 - 0x00007ffdcec2a000 	C:\WINDOWS\SYSTEM32\VERSION.dll
0x00007ffdda950000 - 0x00007ffdda962000 	C:\WINDOWS\SYSTEM32\UMPDC.dll
0x00007ffdd8cb0000 - 0x00007ffdd8cc2000 	C:\WINDOWS\SYSTEM32\kernel.appcore.dll
0x00007ffdd0f60000 - 0x00007ffdd0f6a000 	C:\Program Files\Java\jdk-23\bin\jimage.dll
0x00007ffdda490000 - 0x00007ffdda674000 	C:\WINDOWS\SYSTEM32\DBGHELP.DLL
0x00007ffdda220000 - 0x00007ffdda254000 	C:\WINDOWS\SYSTEM32\dbgcore.DLL
0x00007ffddad20000 - 0x00007ffddada2000 	C:\WINDOWS\System32\bcryptPrimitives.dll
0x00007ffdd0490000 - 0x00007ffdd049f000 	C:\Program Files\Java\jdk-23\bin\instrument.dll
0x00007ffdd0470000 - 0x00007ffdd048e000 	C:\Program Files\Java\jdk-23\bin\java.dll
0x00007ffddc500000 - 0x00007ffddc62b000 	C:\WINDOWS\System32\ole32.dll
0x00007ffddc630000 - 0x00007ffddc985000 	C:\WINDOWS\System32\combase.dll
0x00007ffddb5d0000 - 0x00007ffddbd3d000 	C:\WINDOWS\System32\SHELL32.dll
0x00007ffdd8410000 - 0x00007ffdd8bb4000 	C:\WINDOWS\SYSTEM32\windows.storage.dll
0x00007ffdd9dd0000 - 0x00007ffdd9dff000 	C:\WINDOWS\SYSTEM32\Wldp.dll
0x00007ffddc3d0000 - 0x00007ffddc49d000 	C:\WINDOWS\System32\OLEAUT32.dll
0x00007ffddb4f0000 - 0x00007ffddb59d000 	C:\WINDOWS\System32\SHCORE.dll
0x00007ffddd290000 - 0x00007ffddd2e5000 	C:\WINDOWS\System32\shlwapi.dll
0x00007ffddaa40000 - 0x00007ffddaa64000 	C:\WINDOWS\SYSTEM32\profapi.dll
0x00007ffd93480000 - 0x00007ffd93557000 	C:\Program Files\Java\jdk-23\bin\jsvml.dll
0x00007ffdc8710000 - 0x00007ffdc8727000 	C:\Program Files\Java\jdk-23\bin\zip.dll
0x00007ffdd0460000 - 0x00007ffdd0470000 	C:\Program Files\Java\jdk-23\bin\net.dll
0x00007ffdd9b30000 - 0x00007ffdd9b9c000 	C:\WINDOWS\system32\mswsock.dll
0x00007ffdae0b0000 - 0x00007ffdae0c6000 	C:\Program Files\Java\jdk-23\bin\nio.dll
0x00007ffdac240000 - 0x00007ffdac25a000 	C:\Program Files\JetBrains\IntelliJ IDEA Community Edition 2024.3.3\bin\breakgen64.dll
0x00007ffdc2870000 - 0x00007ffdc2879000 	C:\Program Files\Java\jdk-23\bin\extnet.dll
0x00007ffdc25d0000 - 0x00007ffdc25da000 	C:\Program Files\Java\jdk-23\bin\management.dll
0x00007ffdc2470000 - 0x00007ffdc247b000 	C:\Program Files\Java\jdk-23\bin\management_ext.dll
0x00007ffddd3a0000 - 0x00007ffddd3a8000 	C:\WINDOWS\System32\PSAPI.DLL
0x00007ffdc1bc0000 - 0x00007ffdc1bce000 	C:\Program Files\Java\jdk-23\bin\sunmscapi.dll
0x00007ffddb0e0000 - 0x00007ffddb23c000 	C:\WINDOWS\System32\CRYPT32.dll
0x00007ffdd9e40000 - 0x00007ffdd9e67000 	C:\WINDOWS\SYSTEM32\ncrypt.dll
0x00007ffdd9e00000 - 0x00007ffdd9e3b000 	C:\WINDOWS\SYSTEM32\NTASN1.dll

dbghelp: loaded successfully - version: 4.0.5 - missing functions: none
symbol engine: initialized successfully - sym options: 0x614 - pdb path: .;C:\Program Files\Java\jdk-23\bin;C:\WINDOWS\SYSTEM32;C:\Program Files\AVG\Antivirus;C:\WINDOWS\WinSxS\amd64_microsoft.windows.common-controls_6595b64144ccf1df_6.0.19041.4355_none_60b8b9eb71f62e16;C:\Program Files\Java\jdk-23\bin\server;C:\Program Files\JetBrains\IntelliJ IDEA Community Edition 2024.3.3\bin

VM Arguments:
jvm_args: -javaagent:C:\Program Files\JetBrains\IntelliJ IDEA Community Edition 2024.3.3\lib\idea_rt.jar=64768:C:\Program Files\JetBrains\IntelliJ IDEA Community Edition 2024.3.3\bin -Dfile.encoding=UTF-8 -Dsun.stdout.encoding=UTF-8 -Dsun.stderr.encoding=UTF-8 
java_command: com.example.greetingApp.GreetingAppApplication
java_class_path (initial): C:\Users\Harit Saxena\Desktop\greetingApp\target\classes;C:\Users\Harit Saxena\.m2\repository\org\springframework\boot\spring-boot-starter-web\3.4.3\spring-boot-starter-web-3.4.3.jar;C:\Users\Harit Saxena\.m2\repository\org\springframework\boot\spring-boot-starter\3.4.3\spring-boot-starter-3.4.3.jar;C:\Users\Harit Saxena\.m2\repository\org\springframework\boot\spring-boot-starter-logging\3.4.3\spring-boot-starter-logging-3.4.3.jar;C:\Users\Harit Saxena\.m2\repository\ch\qos\logback\logback-classic\1.5.16\logback-classic-1.5.16.jar;C:\Users\Harit Saxena\.m2\repository\ch\qos\logback\logback-core\1.5.16\logback-core-1.5.16.jar;C:\Users\Harit Saxena\.m2\repository\org\apache\logging\log4j\log4j-to-slf4j\2.24.3\log4j-to-slf4j-2.24.3.jar;C:\Users\Harit Saxena\.m2\repository\org\apache\logging\log4j\log4j-api\2.24.3\log4j-api-2.24.3.jar;C:\Users\Harit Saxena\.m2\repository\org\slf4j\jul-to-slf4j\2.0.16\jul-to-slf4j-2.0.16.jar;C:\Users\Harit Saxena\.m2\repository\jakarta\annotation\jakarta.annotation-api\2.1.1\jakarta.annotation-api-2.1.1.jar;C:\Users\Harit Saxena\.m2\repository\org\yaml\snakeyaml\2.3\snakeyaml-2.3.jar;C:\Users\Harit Saxena\.m2\repository\org\springframework\boot\spring-boot-starter-json\3.4.3\spring-boot-starter-json-3.4.3.jar;C:\Users\Harit Saxena\.m2\repository\com\fasterxml\jackson\core\jackson-databind\2.18.2\jackson-databind-2.18.2.jar;C:\Users\Harit Saxena\.m2\repository\com\fasterxml\jackson\core\jackson-annotations\2.18.2\jackson-annotations-2.18.2.jar;C:\Users\Harit Saxena\.m2\repository\com\fasterxml\jackson\core\jackson-core\2.18.2\jackson-core-2.18.2.jar;C:\Users\Harit Saxena\.m2\repository\com\fasterxml\jackson\datatype\jackson-datatype-jdk8\2.18.2\jackson-datatype-jdk8-2.18.2.jar;C:\Users\Harit Saxena\.m2\repository\com\fasterxml\jackson\datatype\jackson-datatype-jsr310\2.18.2\jackson-datatype-jsr310-2.18.2.jar;C:\Users\Harit Saxena\.m2\repository\com\fasterxml\jackson\module\jackson-module-parameter-names\2.18.2\jackson-module-parameter-names-2.18.2.jar;C:\Users\Harit Saxena\.m2\repository\org\springframework\boot\spring-boot-starter-tomcat\3.4.3\spring-boot-starter-tomcat-3.4.3.jar;C:\Users\Harit Saxena\.m2\repository\org\apache\tomcat\embed\tomcat-embed-core\10.1.36\tomcat-embed-core-10.1.36.jar;C:\Users\Harit Saxena\.m2\repository\org\apache\tomcat\embed\tomcat-embed-el\10.1.36\tomcat-embed-el-10.1.36.jar;C:\Users\Harit Saxena\.m2\repository\org\apache\tomcat\embed\tomcat-embed-websocket\10.1.36\tomcat-embed-websocket-10.1.36.jar;C:\Users\Harit Saxena\.m2\repository\org\springframework\spring-web\6.2.3\spring-web-6.2.3.jar;C:\Users\Harit Saxena\.m2\repository\org\springframework\spring-beans\6.2.3\spring-beans-6.2.3.jar;C:\Users\Harit Saxena\.m2\repository\io\micrometer\micrometer-observation\1.14.4\micrometer-observation-1.14.4.jar;C:\Users\Harit Saxena\.m2\repository\io\micrometer\micrometer-commons\1.14.4\micrometer-commons-1.14.4.jar;C:\Users\Harit Saxena\.m2\repository\org\springframework\spring-webmvc\6.2.3\spring-webmvc-6.2.3.jar;C:\Users\Harit Saxena\.m2\repository\org\springframework\spring-aop\6.2.3\spring-aop-6.2.3.jar;C:\Users\Harit Saxena\.m2\repository\org\springframework\spring-context\6.2.3\spring-context-6.2.3.jar;C:\Users\Harit Saxena\.m2\repository\org\springframework\spring-expression\6.2.3\spring-expression-6.2.3.jar;C:\Users\Harit Saxena\.m2\repository\org\springframework\boot\spring-boot-devtools\3.4.3\spring-boot-devtools-3.4.3.jar;C:\Users\Harit Saxena\.m2\repository\org\springframework\boot\spring-boot\3.4.3\spring-boot-3.4.3.jar;C:\Users\Harit Saxena\.m2\repository\org\springframework\boot\spring-boot-autoconfigure\3.4.3\spring-boot-autoconfigure-3.4.3.jar;C:\Users\Harit Saxena\.m2\repository\org\slf4j\slf4j-api\2.0.16\slf4j-api-2.0.16.jar;C:\Users\Harit Saxena\.m2\repository\jakarta\xml\bind\jakarta.xml.bind-api\4.0.2\jakarta.xml.bind-api-4.0.2.jar;C:\Users\Harit Saxena\.m2\repository\jakarta\activation\jakarta.activation-api\2.1.3\jakarta.activation-api-2.1.3.jar;C:\Users\Harit Saxena\.m2\repository\net\bytebuddy\byte-buddy\1.15.11\byte-buddy-1.15.11.jar;C:\Users\Harit Saxena\.m2\repository\org\springframework\spring-core\6.2.3\spring-core-6.2.3.jar;C:\Users\Harit Saxena\.m2\repository\org\springframework\spring-jcl\6.2.3\spring-jcl-6.2.3.jar;C:\Users\Harit Saxena\.m2\repository\org\springframework\boot\spring-boot-starter-data-jpa\3.4.3\spring-boot-starter-data-jpa-3.4.3.jar;C:\Users\Harit Saxena\.m2\repository\org\springframework\boot\spring-boot-starter-jdbc\3.4.3\spring-boot-starter-jdbc-3.4.3.jar;C:\Users\Harit Saxena\.m2\repository\com\zaxxer\HikariCP\5.1.0\HikariCP-5.1.0.jar;C:\Users\Harit Saxena\.m2\repository\org\springframework\spring-jdbc\6.2.3\spring-jdbc-6.2.3.jar;C:\Users\Harit Saxena\.m2\repository\org\hibernate\orm\hibernate-core\6.6.8.Final\hibernate-core-6.6.8.Final.jar;C:\Users\Harit Saxena\.m2\repository\jakarta\persistence\jakarta.persistence-api\3.1.0\jakarta.persistence-api-3.1.0.jar;C:\Users\Harit Saxena\.m2\repository\jakarta\transaction\jakarta.transaction-api\2.0.1\jakarta.transaction-api-2.0.1.jar;C:\Users\Harit Saxena\.m2\repository\org\jboss\logging\jboss-logging\3.6.1.Final\jboss-logging-3.6.1.Final.jar;C:\Users\Harit Saxena\.m2\repository\org\hibernate\common\hibernate-commons-annotations\7.0.3.Final\hibernate-commons-annotations-7.0.3.Final.jar;C:\Users\Harit Saxena\.m2\repository\io\smallrye\jandex\3.2.0\jandex-3.2.0.jar;C:\Users\Harit Saxena\.m2\repository\com\fasterxml\classmate\1.7.0\classmate-1.7.0.jar;C:\Users\Harit Saxena\.m2\repository\org\glassfish\jaxb\jaxb-runtime\4.0.5\jaxb-runtime-4.0.5.jar;C:\Users\Harit Saxena\.m2\repository\org\glassfish\jaxb\jaxb-core\4.0.5\jaxb-core-4.0.5.jar;C:\Users\Harit Saxena\.m2\repository\org\eclipse\angus\angus-activation\2.0.2\angus-activation-2.0.2.jar;C:\Users\Harit Saxena\.m2\repository\org\glassfish\jaxb\txw2\4.0.5\txw2-4.0.5.jar;C:\Users\Harit Saxena\.m2\repository\com\sun\istack\istack-commons-runtime\4.1.2\istack-commons-runtime-4.1.2.jar;C:\Users\Harit Saxena\.m2\repository\jakarta\inject\jakarta.inject-api\2.0.1\jakarta.inject-api-2.0.1.jar;C:\Users\Harit Saxena\.m2\repository\org\antlr\antlr4-runtime\4.13.0\antlr4-runtime-4.13.0.jar;C:\Users\Harit Saxena\.m2\repository\org\springframework\data\spring-data-jpa\3.4.3\spring-data-jpa-3.4.3.jar;C:\Users\Harit Saxena\.m2\repository\org\springframework\data\spring-data-commons\3.4.3\spring-data-commons-3.4.3.jar;C:\Users\Harit Saxena\.m2\repository\org\springframework\spring-orm\6.2.3\spring-orm-6.2.3.jar;C:\Users\Harit Saxena\.m2\repository\org\springframework\spring-tx\6.2.3\spring-tx-6.2.3.jar;C:\Users\Harit Saxena\.m2\repository\org\springframework\spring-aspects\6.2.3\spring-aspects-6.2.3.jar;C:\Users\Harit Saxena\.m2\repository\org\aspectj\aspectjweaver\1.9.22.1\aspectjweaver-1.9.22.1.jar;C:\Users\Harit Saxena\.m2\repository\com\h2database\h2\2.3.232\h2-2.3.232.jar
Launcher Type: SUN_STANDARD

[Global flags]
     intx CICompilerCount                          = 3                                         {product} {ergonomic}
     uint ConcGCThreads                            = 1                                         {product} {ergonomic}
     uint G1ConcRefinementThreads                  = 4                                         {product} {ergonomic}
   size_t G1HeapRegionSize                         = 1048576                                   {product} {ergonomic}
   size_t InitialHeapSize                          = 134217728                                 {product} {ergonomic}
   size_t MarkStackSize                            = 4194304                                   {product} {ergonomic}
   size_t MarkStackSizeMax                         = 536870912                                 {product} {ergonomic}
   size_t MaxHeapSize                              = 2116026368                                {product} {ergonomic}
   size_t MaxNewSize                               = 1268776960                                {product} {ergonomic}
   size_t MinHeapDeltaBytes                        = 1048576                                   {product} {ergonomic}
   size_t MinHeapSize                              = 8388608                                   {product} {ergonomic}
    uintx NonNMethodCodeHeapSize                   = 5832704                                {pd product} {ergonomic}
    uintx NonProfiledCodeHeapSize                  = 122945536                              {pd product} {ergonomic}
    uintx ProfiledCodeHeapSize                     = 122880000                              {pd product} {ergonomic}
    uintx ReservedCodeCacheSize                    = 251658240                              {pd product} {ergonomic}
     bool SegmentedCodeCache                       = true                                      {product} {ergonomic}
   size_t SoftMaxHeapSize                          = 2116026368                             {manageable} {ergonomic}
     bool UseCompressedOops                        = true                           {product lp64_product} {ergonomic}
     bool UseG1GC                                  = true                                      {product} {ergonomic}
     bool UseLargePagesIndividualAllocation        = false                                  {pd product} {ergonomic}

Logging:
Log output configuration:
 #0: stdout all=warning uptime,level,tags foldmultilines=false
 #1: stderr all=off uptime,level,tags foldmultilines=false

Environment Variables:
PATH=C:\Program Files\Common Files\Oracle\Java\javapath;C:\Program Files\Microsoft\jdk-11.0.16.101-hotspot\bin;C:\WINDOWS\system32;C:\WINDOWS;C:\WINDOWS\System32\Wbem;C:\WINDOWS\System32\WindowsPowerShell\v1.0\;C:\WINDOWS\System32\OpenSSH\;C:\xampp\php;C:\ProgramData\chocolatey\bin;C:\Python311;C:\Program Files\nodejs\;C:\Program Files\dotnet\;C:\Program Files (x86)\Git\cmd;C:\Users\Harit Saxena\.cargo\bin;C:\Users\Harit Saxena\AppData\Local\Microsoft\WindowsApps;C:\Users\Harit Saxena\AppData\Roaming\Composer\vendor\bin;C:\Users\Harit Saxena\AppData\Roaming\npm;C:\Users\Harit Saxena\AppData\Local\Programs\Microsoft VS Code\bin;C:\Users\Harit Saxena\.dotnet\tools;C:\Users\Harit Saxena\AppData\Local\Programs\Python\Python311;C:\Users\Harit Saxena\AppData\Local\Programs\Python\Python311\Scripts;;C:\Program Files\JetBrains\IntelliJ IDEA Community Edition 2024.3.3\bin;
USERNAME=Harit Saxena
OS=Windows_NT
PROCESSOR_IDENTIFIER=Intel64 Family 6 Model 142 Stepping 9, GenuineIntel
TMP=C:\Users\HARITS~1\AppData\Local\Temp
TEMP=C:\Users\HARITS~1\AppData\Local\Temp




Periodic native trim disabled

---------------  S Y S T E M  ---------------

OS:
 Windows 10 , 64 bit Build 19041 (10.0.19041.5438)
OS uptime: 0 days 1:33 hours

CPU: total 4 (initial active 4) (2 cores per cpu, 2 threads per core) family 6 model 142 stepping 9 microcode 0xea, cx8, cmov, fxsr, ht, mmx, 3dnowpref, sse, sse2, sse3, ssse3, sse4.1, sse4.2, popcnt, lzcnt, tsc, tscinvbit, avx, avx2, aes, erms, clmul, bmi1, bmi2, adx, fma, vzeroupper, clflush, clflushopt, rdtscp, f16c
Processor Information for the first 4 processors :
  Max Mhz: 2712, Current Mhz: 2511, Mhz Limit: 2495

Memory: 4k page, system-wide physical 8067M (1295M free)
TotalPageFile size 12675M (AvailPageFile size 5189M)
current process WorkingSet (physical memory assigned to process): 123M, peak: 153M
current process commit charge ("private bytes"): 188M, peak: 267M

vm_info: Java HotSpot(TM) 64-Bit Server VM (23.0.2+7-58) for windows-amd64 JRE (23.0.2+7-58), built on 2024-11-29T09:34:55Z with MS VC++ 17.6 (VS2022)

END.
