#
# A fatal error has been detected by the Java Runtime Environment:
#
#  Internal Error (macroAssembler_x86.cpp:832), pid=13960, tid=12140
#  fatal error: DEBUG MESSAGE: illegal bytecode sequence - method not verified
#
# JRE version: Java(TM) SE Runtime Environment (23.0.2+7) (build 23.0.2+7-58)
# Java VM: Java HotSpot(TM) 64-Bit Server VM (23.0.2+7-58, mixed mode, sharing, tiered, compressed oops, compressed class ptrs, g1 gc, windows-amd64)
# No core dump will be written. Minidumps are not enabled by default on client versions of Windows
#
# If you would like to submit a bug report, please visit:
#   https://bugreport.java.com/bugreport/crash.jsp
#

---------------  S U M M A R Y ------------

Command Line: -javaagent:C:\Program Files\JetBrains\IntelliJ IDEA Community Edition 2024.3.3\lib\idea_rt.jar=64765:C:\Program Files\JetBrains\IntelliJ IDEA Community Edition 2024.3.3\bin -Dfile.encoding=UTF-8 -Dsun.stdout.encoding=UTF-8 -Dsun.stderr.encoding=UTF-8 com.example.greetingApp.GreetingAppApplication

Host: Intel(R) Core(TM) i5-7200U CPU @ 2.50GHz, 4 cores, 7G,  Windows 10 , 64 bit Build 19041 (10.0.19041.5438)
Time: Mon Mar  3 16:37:10 2025 India Standard Time elapsed time: 2.206229 seconds (0d 0h 0m 2s)

---------------  T H R E A D  ---------------

Current thread (0x000002308fc13370):  JavaThread "background-preinit"        [_thread_in_Java, id=12140, stack(0x000000adfe500000,0x000000adfe600000) (1024K)]

Stack: [0x000000adfe500000,0x000000adfe600000]
Native frames: (J=compiled Java code, j=interpreted, Vv=VM code, C=native code)
V  [jvm.dll+0x6e0b99]  (no source info available)
V  [jvm.dll+0x87e2b3]  (no source info available)
V  [jvm.dll+0x88073e]  (no source info available)
V  [jvm.dll+0x27adf1]  (no source info available)
V  [jvm.dll+0x634dde]  (no source info available)
C  0x000002303cce81d5  (no source info available)

The last pc belongs to error exits (printed below).
Lock stack of current Java thread (top to bottom):
LockStack[0]: sun.text.resources.cldr.FormatData 
{0x00000000887bbec8} - klass: 'sun/text/resources/cldr/FormatData'
 - ---- fields (total size 5 words):
 - private volatile 'expired' 'Z' @12  false (0x00)
 - protected 'parent' 'Ljava/util/ResourceBundle;' @16  null (0x00000000)
 - private 'locale' 'Ljava/util/Locale;' @20  a 'java/util/Locale'{0x00000000822feff8} (0x822feff8)
 - private 'name' 'Ljava/lang/String;' @24  "sun.text.resources.cldr.FormatData"{0x00000000887ba908} (0x887ba908)
 - private volatile 'cacheKey' 'Ljava/util/ResourceBundle$CacheKey;' @28  null (0x00000000)
 - private volatile 'keySet' 'Ljava/util/Set;' @32  null (0x00000000)
 - private volatile 'lookup' 'Ljava/util/Map;' @36  null (0x00000000)

error exits  [0x000002303cce81a0, 0x000002303cce81d8]  56 bytes
[MachCode]
  0x000002303cce81a0: 48b9 5850 | 4380 fd7f | 0000 4883 | e4f0 48b8 | 504d ff7f | fd7f 0000 | ffd0 f448 | b970 5043 
  0x000002303cce81c0: 80fd 7f00 | 0048 83e4 | f048 b850 | 4dff 7ffd | 7f00 00ff | d0f4 6690 
[/MachCode]

---------------  P R O C E S S  ---------------

Threads class SMR info:
_java_thread_list=0x000002308fbf9710, length=16, elements={
0x000002302ad3c380, 0x0000023049522f70, 0x00000230495244a0, 0x0000023049526880,
0x000002304952beb0, 0x000002304952d130, 0x0000023049531ba0, 0x0000023049534bc0,
0x0000023049538290, 0x00000230496251a0, 0x0000023049845200, 0x000002308f13a880,
0x000002308f143d40, 0x000002308fae1d10, 0x000002308faa8100, 0x000002308fc13370
}

Java Threads: ( => current thread )
  0x000002302ad3c380 JavaThread "main"                              [_thread_blocked, id=3940, stack(0x000000adfcc00000,0x000000adfcd00000) (1024K)]
  0x0000023049522f70 JavaThread "Reference Handler"          daemon [_thread_blocked, id=12584, stack(0x000000adfd400000,0x000000adfd500000) (1024K)]
  0x00000230495244a0 JavaThread "Finalizer"                  daemon [_thread_blocked, id=9528, stack(0x000000adfd500000,0x000000adfd600000) (1024K)]
  0x0000023049526880 JavaThread "Signal Dispatcher"          daemon [_thread_blocked, id=9888, stack(0x000000adfd600000,0x000000adfd700000) (1024K)]
  0x000002304952beb0 JavaThread "Attach Listener"            daemon [_thread_blocked, id=13180, stack(0x000000adfd700000,0x000000adfd800000) (1024K)]
  0x000002304952d130 JavaThread "Service Thread"             daemon [_thread_blocked, id=11812, stack(0x000000adfd800000,0x000000adfd900000) (1024K)]
  0x0000023049531ba0 JavaThread "Monitor Deflation Thread"   daemon [_thread_blocked, id=1356, stack(0x000000adfd900000,0x000000adfda00000) (1024K)]
  0x0000023049534bc0 JavaThread "C2 CompilerThread0"         daemon [_thread_blocked, id=13656, stack(0x000000adfda00000,0x000000adfdb00000) (1024K)]
  0x0000023049538290 JavaThread "C1 CompilerThread0"         daemon [_thread_blocked, id=9608, stack(0x000000adfdb00000,0x000000adfdc00000) (1024K)]
  0x00000230496251a0 JavaThread "Common-Cleaner"             daemon [_thread_blocked, id=6544, stack(0x000000adfdc00000,0x000000adfdd00000) (1024K)]
  0x0000023049845200 JavaThread "C2 CompilerThread1"         daemon [_thread_blocked, id=8080, stack(0x000000adfdd00000,0x000000adfde00000) (1024K)]
  0x000002308f13a880 JavaThread "Monitor Ctrl-Break"         daemon [_thread_in_native, id=2072, stack(0x000000adfde00000,0x000000adfdf00000) (1024K)]
  0x000002308f143d40 JavaThread "Notification Thread"        daemon [_thread_blocked, id=11612, stack(0x000000adfdf00000,0x000000adfe000000) (1024K)]
  0x000002308fae1d10 JavaThread "Thread-0"                          [_thread_blocked, id=1516, stack(0x000000adfe300000,0x000000adfe400000) (1024K)]
  0x000002308faa8100 JavaThread "restartedMain"                     [_thread_in_Java, id=12968, stack(0x000000adfe400000,0x000000adfe500000) (1024K)]
=>0x000002308fc13370 JavaThread "background-preinit"                [_thread_in_Java, id=12140, stack(0x000000adfe500000,0x000000adfe600000) (1024K)]
Total: 16

Other Threads:
  0x0000023049508f30 VMThread "VM Thread"                           [id=776, stack(0x000000adfd300000,0x000000adfd400000) (1024K)]
  0x00000230494f8600 WatcherThread "VM Periodic Task Thread"        [id=7912, stack(0x000000adfd200000,0x000000adfd300000) (1024K)]
  0x000002302d0c9240 WorkerThread "GC Thread#0"                     [id=4524, stack(0x000000adfcd00000,0x000000adfce00000) (1024K)]
  0x000002308f332560 WorkerThread "GC Thread#1"                     [id=14080, stack(0x000000adfe000000,0x000000adfe100000) (1024K)]
  0x000002308f332910 WorkerThread "GC Thread#2"                     [id=7904, stack(0x000000adfe100000,0x000000adfe200000) (1024K)]
  0x000002308f5a4f70 WorkerThread "GC Thread#3"                     [id=8176, stack(0x000000adfe200000,0x000000adfe300000) (1024K)]
  0x000002302d0defa0 ConcurrentGCThread "G1 Main Marker"            [id=12116, stack(0x000000adfce00000,0x000000adfcf00000) (1024K)]
  0x000002302d0e0320 WorkerThread "G1 Conc#0"                       [id=11232, stack(0x000000adfcf00000,0x000000adfd000000) (1024K)]
  0x00000230493bc530 ConcurrentGCThread "G1 Refine#0"               [id=11776, stack(0x000000adfd000000,0x000000adfd100000) (1024K)]
  0x00000230493bdfd0 ConcurrentGCThread "G1 Service"                [id=9196, stack(0x000000adfd100000,0x000000adfd200000) (1024K)]
Total: 10

Threads with active compile tasks:
Total: 0

VM state: not at safepoint (normal execution)

VM Mutex/Monitor currently owned by a thread: None

Heap address: 0x0000000081e00000, size: 2018 MB, Compressed Oops mode: 32-bit

CDS archive(s) mapped at: [0x000002304a000000-0x000002304ad70000-0x000002304ad70000), size 14090240, SharedBaseAddress: 0x000002304a000000, ArchiveRelocationMode: 1.
Compressed class space mapped at: 0x000002304b000000-0x000002308b000000, reserved size: 1073741824
Narrow klass base: 0x000002304a000000, Narrow klass shift: 0, Narrow klass range: 0x41000000

GC Precious Log:
 CardTable entry size: 512
 Card Set container configuration: InlinePtr #cards 5 size 8 Array Of Cards #cards 10 size 36 Howl #buckets 4 coarsen threshold 1843 Howl Bitmap #cards 512 size 80 coarsen threshold 460 Card regions per heap region 1 cards per card region 2048
 CPUs: 4 total, 4 available
 Memory: 8067M
 Large Page Support: Disabled
 NUMA Support: Disabled
 Compressed Oops: Enabled (32-bit)
 Heap Region Size: 1M
 Heap Min Capacity: 8M
 Heap Initial Capacity: 128M
 Heap Max Capacity: 2018M
 Pre-touch: Disabled
 Parallel Workers: 4
 Concurrent Workers: 1
 Concurrent Refinement Workers: 4
 Periodic GC: Disabled

Heap:
 garbage-first heap   total reserved 2066432K, committed 131072K, used 32654K [0x0000000081e00000, 0x0000000100000000)
  region size 1024K, 27 young (27648K), 1 survivors (1024K)
 Metaspace       used 14973K, committed 15296K, reserved 1114112K
  class space    used 1857K, committed 1984K, reserved 1048576K

Heap Regions: E=young(eden), S=young(survivor), O=old, HS=humongous(starts), HC=humongous(continues), CS=collection set, F=free, TAMS=top-at-mark-start, PB=parsable bottom
|   0|0x0000000081e00000, 0x0000000081f00000, 0x0000000081f00000|100%|HS|  |TAMS 0x0000000081e00000| PB 0x0000000081e00000| Complete |  0
|   1|0x0000000081f00000, 0x0000000082000000, 0x0000000082000000|100%|HS|  |TAMS 0x0000000081f00000| PB 0x0000000081f00000| Complete |  0
|   2|0x0000000082000000, 0x0000000082100000, 0x0000000082100000|100%| O|  |TAMS 0x0000000082000000| PB 0x0000000082000000| Untracked |  0
|   3|0x0000000082100000, 0x0000000082200000, 0x0000000082200000|100%| O|  |TAMS 0x0000000082100000| PB 0x0000000082100000| Untracked |  0
|   4|0x0000000082200000, 0x0000000082300000, 0x0000000082300000|100%| O|  |TAMS 0x0000000082200000| PB 0x0000000082200000| Untracked |  0
|   5|0x0000000082300000, 0x0000000082400000, 0x0000000082400000|100%| O|  |TAMS 0x0000000082300000| PB 0x0000000082300000| Untracked |  0
|   6|0x0000000082400000, 0x00000000824ef000, 0x0000000082500000| 93%| O|  |TAMS 0x0000000082400000| PB 0x0000000082400000| Untracked |  0
|   7|0x0000000082500000, 0x0000000082500000, 0x0000000082600000|  0%| F|  |TAMS 0x0000000082500000| PB 0x0000000082500000| Untracked |  0
|   8|0x0000000082600000, 0x0000000082600000, 0x0000000082700000|  0%| F|  |TAMS 0x0000000082600000| PB 0x0000000082600000| Untracked |  0
|   9|0x0000000082700000, 0x0000000082700000, 0x0000000082800000|  0%| F|  |TAMS 0x0000000082700000| PB 0x0000000082700000| Untracked |  0
|  10|0x0000000082800000, 0x0000000082800000, 0x0000000082900000|  0%| F|  |TAMS 0x0000000082800000| PB 0x0000000082800000| Untracked |  0
|  11|0x0000000082900000, 0x0000000082900000, 0x0000000082a00000|  0%| F|  |TAMS 0x0000000082900000| PB 0x0000000082900000| Untracked |  0
|  12|0x0000000082a00000, 0x0000000082a00000, 0x0000000082b00000|  0%| F|  |TAMS 0x0000000082a00000| PB 0x0000000082a00000| Untracked |  0
|  13|0x0000000082b00000, 0x0000000082b00000, 0x0000000082c00000|  0%| F|  |TAMS 0x0000000082b00000| PB 0x0000000082b00000| Untracked |  0
|  14|0x0000000082c00000, 0x0000000082c00000, 0x0000000082d00000|  0%| F|  |TAMS 0x0000000082c00000| PB 0x0000000082c00000| Untracked |  0
|  15|0x0000000082d00000, 0x0000000082d00000, 0x0000000082e00000|  0%| F|  |TAMS 0x0000000082d00000| PB 0x0000000082d00000| Untracked |  0
|  16|0x0000000082e00000, 0x0000000082e00000, 0x0000000082f00000|  0%| F|  |TAMS 0x0000000082e00000| PB 0x0000000082e00000| Untracked |  0
|  17|0x0000000082f00000, 0x0000000082f00000, 0x0000000083000000|  0%| F|  |TAMS 0x0000000082f00000| PB 0x0000000082f00000| Untracked |  0
|  18|0x0000000083000000, 0x0000000083000000, 0x0000000083100000|  0%| F|  |TAMS 0x0000000083000000| PB 0x0000000083000000| Untracked |  0
|  19|0x0000000083100000, 0x0000000083100000, 0x0000000083200000|  0%| F|  |TAMS 0x0000000083100000| PB 0x0000000083100000| Untracked |  0
|  20|0x0000000083200000, 0x0000000083200000, 0x0000000083300000|  0%| F|  |TAMS 0x0000000083200000| PB 0x0000000083200000| Untracked |  0
|  21|0x0000000083300000, 0x0000000083300000, 0x0000000083400000|  0%| F|  |TAMS 0x0000000083300000| PB 0x0000000083300000| Untracked |  0
|  22|0x0000000083400000, 0x0000000083400000, 0x0000000083500000|  0%| F|  |TAMS 0x0000000083400000| PB 0x0000000083400000| Untracked |  0
|  23|0x0000000083500000, 0x0000000083500000, 0x0000000083600000|  0%| F|  |TAMS 0x0000000083500000| PB 0x0000000083500000| Untracked |  0
|  24|0x0000000083600000, 0x0000000083600000, 0x0000000083700000|  0%| F|  |TAMS 0x0000000083600000| PB 0x0000000083600000| Untracked |  0
|  25|0x0000000083700000, 0x0000000083700000, 0x0000000083800000|  0%| F|  |TAMS 0x0000000083700000| PB 0x0000000083700000| Untracked |  0
|  26|0x0000000083800000, 0x0000000083800000, 0x0000000083900000|  0%| F|  |TAMS 0x0000000083800000| PB 0x0000000083800000| Untracked |  0
|  27|0x0000000083900000, 0x0000000083900000, 0x0000000083a00000|  0%| F|  |TAMS 0x0000000083900000| PB 0x0000000083900000| Untracked |  0
|  28|0x0000000083a00000, 0x0000000083a00000, 0x0000000083b00000|  0%| F|  |TAMS 0x0000000083a00000| PB 0x0000000083a00000| Untracked |  0
|  29|0x0000000083b00000, 0x0000000083b00000, 0x0000000083c00000|  0%| F|  |TAMS 0x0000000083b00000| PB 0x0000000083b00000| Untracked |  0
|  30|0x0000000083c00000, 0x0000000083c00000, 0x0000000083d00000|  0%| F|  |TAMS 0x0000000083c00000| PB 0x0000000083c00000| Untracked |  0
|  31|0x0000000083d00000, 0x0000000083d00000, 0x0000000083e00000|  0%| F|  |TAMS 0x0000000083d00000| PB 0x0000000083d00000| Untracked |  0
|  32|0x0000000083e00000, 0x0000000083e00000, 0x0000000083f00000|  0%| F|  |TAMS 0x0000000083e00000| PB 0x0000000083e00000| Untracked |  0
|  33|0x0000000083f00000, 0x0000000083f00000, 0x0000000084000000|  0%| F|  |TAMS 0x0000000083f00000| PB 0x0000000083f00000| Untracked |  0
|  34|0x0000000084000000, 0x0000000084000000, 0x0000000084100000|  0%| F|  |TAMS 0x0000000084000000| PB 0x0000000084000000| Untracked |  0
|  35|0x0000000084100000, 0x0000000084100000, 0x0000000084200000|  0%| F|  |TAMS 0x0000000084100000| PB 0x0000000084100000| Untracked |  0
|  36|0x0000000084200000, 0x0000000084200000, 0x0000000084300000|  0%| F|  |TAMS 0x0000000084200000| PB 0x0000000084200000| Untracked |  0
|  37|0x0000000084300000, 0x0000000084300000, 0x0000000084400000|  0%| F|  |TAMS 0x0000000084300000| PB 0x0000000084300000| Untracked |  0
|  38|0x0000000084400000, 0x0000000084400000, 0x0000000084500000|  0%| F|  |TAMS 0x0000000084400000| PB 0x0000000084400000| Untracked |  0
|  39|0x0000000084500000, 0x0000000084500000, 0x0000000084600000|  0%| F|  |TAMS 0x0000000084500000| PB 0x0000000084500000| Untracked |  0
|  40|0x0000000084600000, 0x0000000084600000, 0x0000000084700000|  0%| F|  |TAMS 0x0000000084600000| PB 0x0000000084600000| Untracked |  0
|  41|0x0000000084700000, 0x0000000084700000, 0x0000000084800000|  0%| F|  |TAMS 0x0000000084700000| PB 0x0000000084700000| Untracked |  0
|  42|0x0000000084800000, 0x0000000084800000, 0x0000000084900000|  0%| F|  |TAMS 0x0000000084800000| PB 0x0000000084800000| Untracked |  0
|  43|0x0000000084900000, 0x0000000084900000, 0x0000000084a00000|  0%| F|  |TAMS 0x0000000084900000| PB 0x0000000084900000| Untracked |  0
|  44|0x0000000084a00000, 0x0000000084a00000, 0x0000000084b00000|  0%| F|  |TAMS 0x0000000084a00000| PB 0x0000000084a00000| Untracked |  0
|  45|0x0000000084b00000, 0x0000000084b00000, 0x0000000084c00000|  0%| F|  |TAMS 0x0000000084b00000| PB 0x0000000084b00000| Untracked |  0
|  46|0x0000000084c00000, 0x0000000084c00000, 0x0000000084d00000|  0%| F|  |TAMS 0x0000000084c00000| PB 0x0000000084c00000| Untracked |  0
|  47|0x0000000084d00000, 0x0000000084d00000, 0x0000000084e00000|  0%| F|  |TAMS 0x0000000084d00000| PB 0x0000000084d00000| Untracked |  0
|  48|0x0000000084e00000, 0x0000000084e00000, 0x0000000084f00000|  0%| F|  |TAMS 0x0000000084e00000| PB 0x0000000084e00000| Untracked |  0
|  49|0x0000000084f00000, 0x0000000084f00000, 0x0000000085000000|  0%| F|  |TAMS 0x0000000084f00000| PB 0x0000000084f00000| Untracked |  0
|  50|0x0000000085000000, 0x0000000085000000, 0x0000000085100000|  0%| F|  |TAMS 0x0000000085000000| PB 0x0000000085000000| Untracked |  0
|  51|0x0000000085100000, 0x0000000085100000, 0x0000000085200000|  0%| F|  |TAMS 0x0000000085100000| PB 0x0000000085100000| Untracked |  0
|  52|0x0000000085200000, 0x0000000085200000, 0x0000000085300000|  0%| F|  |TAMS 0x0000000085200000| PB 0x0000000085200000| Untracked |  0
|  53|0x0000000085300000, 0x0000000085300000, 0x0000000085400000|  0%| F|  |TAMS 0x0000000085300000| PB 0x0000000085300000| Untracked |  0
|  54|0x0000000085400000, 0x0000000085400000, 0x0000000085500000|  0%| F|  |TAMS 0x0000000085400000| PB 0x0000000085400000| Untracked |  0
|  55|0x0000000085500000, 0x0000000085500000, 0x0000000085600000|  0%| F|  |TAMS 0x0000000085500000| PB 0x0000000085500000| Untracked |  0
|  56|0x0000000085600000, 0x0000000085600000, 0x0000000085700000|  0%| F|  |TAMS 0x0000000085600000| PB 0x0000000085600000| Untracked |  0
|  57|0x0000000085700000, 0x0000000085700000, 0x0000000085800000|  0%| F|  |TAMS 0x0000000085700000| PB 0x0000000085700000| Untracked |  0
|  58|0x0000000085800000, 0x0000000085800000, 0x0000000085900000|  0%| F|  |TAMS 0x0000000085800000| PB 0x0000000085800000| Untracked |  0
|  59|0x0000000085900000, 0x0000000085900000, 0x0000000085a00000|  0%| F|  |TAMS 0x0000000085900000| PB 0x0000000085900000| Untracked |  0
|  60|0x0000000085a00000, 0x0000000085a00000, 0x0000000085b00000|  0%| F|  |TAMS 0x0000000085a00000| PB 0x0000000085a00000| Untracked |  0
|  61|0x0000000085b00000, 0x0000000085b00000, 0x0000000085c00000|  0%| F|  |TAMS 0x0000000085b00000| PB 0x0000000085b00000| Untracked |  0
|  62|0x0000000085c00000, 0x0000000085c00000, 0x0000000085d00000|  0%| F|  |TAMS 0x0000000085c00000| PB 0x0000000085c00000| Untracked |  0
|  63|0x0000000085d00000, 0x0000000085d00000, 0x0000000085e00000|  0%| F|  |TAMS 0x0000000085d00000| PB 0x0000000085d00000| Untracked |  0
|  64|0x0000000085e00000, 0x0000000085e00000, 0x0000000085f00000|  0%| F|  |TAMS 0x0000000085e00000| PB 0x0000000085e00000| Untracked |  0
|  65|0x0000000085f00000, 0x0000000085f00000, 0x0000000086000000|  0%| F|  |TAMS 0x0000000085f00000| PB 0x0000000085f00000| Untracked |  0
|  66|0x0000000086000000, 0x0000000086000000, 0x0000000086100000|  0%| F|  |TAMS 0x0000000086000000| PB 0x0000000086000000| Untracked |  0
|  67|0x0000000086100000, 0x0000000086100000, 0x0000000086200000|  0%| F|  |TAMS 0x0000000086100000| PB 0x0000000086100000| Untracked |  0
|  68|0x0000000086200000, 0x0000000086200000, 0x0000000086300000|  0%| F|  |TAMS 0x0000000086200000| PB 0x0000000086200000| Untracked |  0
|  69|0x0000000086300000, 0x0000000086300000, 0x0000000086400000|  0%| F|  |TAMS 0x0000000086300000| PB 0x0000000086300000| Untracked |  0
|  70|0x0000000086400000, 0x0000000086400000, 0x0000000086500000|  0%| F|  |TAMS 0x0000000086400000| PB 0x0000000086400000| Untracked |  0
|  71|0x0000000086500000, 0x0000000086500000, 0x0000000086600000|  0%| F|  |TAMS 0x0000000086500000| PB 0x0000000086500000| Untracked |  0
|  72|0x0000000086600000, 0x0000000086600000, 0x0000000086700000|  0%| F|  |TAMS 0x0000000086600000| PB 0x0000000086600000| Untracked |  0
|  73|0x0000000086700000, 0x0000000086700000, 0x0000000086800000|  0%| F|  |TAMS 0x0000000086700000| PB 0x0000000086700000| Untracked |  0
|  74|0x0000000086800000, 0x0000000086800000, 0x0000000086900000|  0%| F|  |TAMS 0x0000000086800000| PB 0x0000000086800000| Untracked |  0
|  75|0x0000000086900000, 0x0000000086900000, 0x0000000086a00000|  0%| F|  |TAMS 0x0000000086900000| PB 0x0000000086900000| Untracked |  0
|  76|0x0000000086a00000, 0x0000000086a00000, 0x0000000086b00000|  0%| F|  |TAMS 0x0000000086a00000| PB 0x0000000086a00000| Untracked |  0
|  77|0x0000000086b00000, 0x0000000086b00000, 0x0000000086c00000|  0%| F|  |TAMS 0x0000000086b00000| PB 0x0000000086b00000| Untracked |  0
|  78|0x0000000086c00000, 0x0000000086c00000, 0x0000000086d00000|  0%| F|  |TAMS 0x0000000086c00000| PB 0x0000000086c00000| Untracked |  0
|  79|0x0000000086d00000, 0x0000000086d00000, 0x0000000086e00000|  0%| F|  |TAMS 0x0000000086d00000| PB 0x0000000086d00000| Untracked |  0
|  80|0x0000000086e00000, 0x0000000086e00000, 0x0000000086f00000|  0%| F|  |TAMS 0x0000000086e00000| PB 0x0000000086e00000| Untracked |  0
|  81|0x0000000086f00000, 0x0000000086f00000, 0x0000000087000000|  0%| F|  |TAMS 0x0000000086f00000| PB 0x0000000086f00000| Untracked |  0
|  82|0x0000000087000000, 0x0000000087000000, 0x0000000087100000|  0%| F|  |TAMS 0x0000000087000000| PB 0x0000000087000000| Untracked |  0
|  83|0x0000000087100000, 0x0000000087100000, 0x0000000087200000|  0%| F|  |TAMS 0x0000000087100000| PB 0x0000000087100000| Untracked |  0
|  84|0x0000000087200000, 0x0000000087200000, 0x0000000087300000|  0%| F|  |TAMS 0x0000000087200000| PB 0x0000000087200000| Untracked |  0
|  85|0x0000000087300000, 0x0000000087300000, 0x0000000087400000|  0%| F|  |TAMS 0x0000000087300000| PB 0x0000000087300000| Untracked |  0
|  86|0x0000000087400000, 0x0000000087400000, 0x0000000087500000|  0%| F|  |TAMS 0x0000000087400000| PB 0x0000000087400000| Untracked |  0
|  87|0x0000000087500000, 0x0000000087500000, 0x0000000087600000|  0%| F|  |TAMS 0x0000000087500000| PB 0x0000000087500000| Untracked |  0
|  88|0x0000000087600000, 0x0000000087600000, 0x0000000087700000|  0%| F|  |TAMS 0x0000000087600000| PB 0x0000000087600000| Untracked |  0
|  89|0x0000000087700000, 0x0000000087700000, 0x0000000087800000|  0%| F|  |TAMS 0x0000000087700000| PB 0x0000000087700000| Untracked |  0
|  90|0x0000000087800000, 0x0000000087800000, 0x0000000087900000|  0%| F|  |TAMS 0x0000000087800000| PB 0x0000000087800000| Untracked |  0
|  91|0x0000000087900000, 0x0000000087900000, 0x0000000087a00000|  0%| F|  |TAMS 0x0000000087900000| PB 0x0000000087900000| Untracked |  0
|  92|0x0000000087a00000, 0x0000000087a00000, 0x0000000087b00000|  0%| F|  |TAMS 0x0000000087a00000| PB 0x0000000087a00000| Untracked |  0
|  93|0x0000000087b00000, 0x0000000087b00000, 0x0000000087c00000|  0%| F|  |TAMS 0x0000000087b00000| PB 0x0000000087b00000| Untracked |  0
|  94|0x0000000087c00000, 0x0000000087c00000, 0x0000000087d00000|  0%| F|  |TAMS 0x0000000087c00000| PB 0x0000000087c00000| Untracked |  0
|  95|0x0000000087d00000, 0x0000000087d00000, 0x0000000087e00000|  0%| F|  |TAMS 0x0000000087d00000| PB 0x0000000087d00000| Untracked |  0
|  96|0x0000000087e00000, 0x0000000087e00000, 0x0000000087f00000|  0%| F|  |TAMS 0x0000000087e00000| PB 0x0000000087e00000| Untracked |  0
|  97|0x0000000087f00000, 0x0000000087f00000, 0x0000000088000000|  0%| F|  |TAMS 0x0000000087f00000| PB 0x0000000087f00000| Untracked |  0
|  98|0x0000000088000000, 0x0000000088000000, 0x0000000088100000|  0%| F|  |TAMS 0x0000000088000000| PB 0x0000000088000000| Untracked |  0
|  99|0x0000000088100000, 0x0000000088100000, 0x0000000088200000|  0%| F|  |TAMS 0x0000000088100000| PB 0x0000000088100000| Untracked |  0
| 100|0x0000000088200000, 0x0000000088200000, 0x0000000088300000|  0%| F|  |TAMS 0x0000000088200000| PB 0x0000000088200000| Untracked |  0
| 101|0x0000000088300000, 0x0000000088400000, 0x0000000088400000|100%| E|  |TAMS 0x0000000088300000| PB 0x0000000088300000| Complete |  0
| 102|0x0000000088400000, 0x0000000088500000, 0x0000000088500000|100%| E|CS|TAMS 0x0000000088400000| PB 0x0000000088400000| Complete |  0
| 103|0x0000000088500000, 0x0000000088600000, 0x0000000088600000|100%| E|CS|TAMS 0x0000000088500000| PB 0x0000000088500000| Complete |  0
| 104|0x0000000088600000, 0x0000000088700000, 0x0000000088700000|100%| E|CS|TAMS 0x0000000088600000| PB 0x0000000088600000| Complete |  0
| 105|0x0000000088700000, 0x0000000088800000, 0x0000000088800000|100%| E|CS|TAMS 0x0000000088700000| PB 0x0000000088700000| Complete |  0
| 106|0x0000000088800000, 0x0000000088900000, 0x0000000088900000|100%| E|CS|TAMS 0x0000000088800000| PB 0x0000000088800000| Complete |  0
| 107|0x0000000088900000, 0x0000000088a00000, 0x0000000088a00000|100%| E|CS|TAMS 0x0000000088900000| PB 0x0000000088900000| Complete |  0
| 108|0x0000000088a00000, 0x0000000088b00000, 0x0000000088b00000|100%| E|CS|TAMS 0x0000000088a00000| PB 0x0000000088a00000| Complete |  0
| 109|0x0000000088b00000, 0x0000000088c00000, 0x0000000088c00000|100%| E|CS|TAMS 0x0000000088b00000| PB 0x0000000088b00000| Complete |  0
| 110|0x0000000088c00000, 0x0000000088d00000, 0x0000000088d00000|100%| E|CS|TAMS 0x0000000088c00000| PB 0x0000000088c00000| Complete |  0
| 111|0x0000000088d00000, 0x0000000088e00000, 0x0000000088e00000|100%| E|CS|TAMS 0x0000000088d00000| PB 0x0000000088d00000| Complete |  0
| 112|0x0000000088e00000, 0x0000000088f00000, 0x0000000088f00000|100%| E|CS|TAMS 0x0000000088e00000| PB 0x0000000088e00000| Complete |  0
| 113|0x0000000088f00000, 0x0000000089000000, 0x0000000089000000|100%| E|CS|TAMS 0x0000000088f00000| PB 0x0000000088f00000| Complete |  0
| 114|0x0000000089000000, 0x0000000089100000, 0x0000000089100000|100%| E|CS|TAMS 0x0000000089000000| PB 0x0000000089000000| Complete |  0
| 115|0x0000000089100000, 0x00000000891f4b00, 0x0000000089200000| 95%| S|CS|TAMS 0x0000000089100000| PB 0x0000000089100000| Complete |  0
| 116|0x0000000089200000, 0x0000000089300000, 0x0000000089300000|100%| E|  |TAMS 0x0000000089200000| PB 0x0000000089200000| Complete |  0
| 117|0x0000000089300000, 0x0000000089400000, 0x0000000089400000|100%| E|CS|TAMS 0x0000000089300000| PB 0x0000000089300000| Complete |  0
| 118|0x0000000089400000, 0x0000000089500000, 0x0000000089500000|100%| E|CS|TAMS 0x0000000089400000| PB 0x0000000089400000| Complete |  0
| 119|0x0000000089500000, 0x0000000089600000, 0x0000000089600000|100%| E|CS|TAMS 0x0000000089500000| PB 0x0000000089500000| Complete |  0
| 120|0x0000000089600000, 0x0000000089700000, 0x0000000089700000|100%| E|CS|TAMS 0x0000000089600000| PB 0x0000000089600000| Complete |  0
| 121|0x0000000089700000, 0x0000000089800000, 0x0000000089800000|100%| E|CS|TAMS 0x0000000089700000| PB 0x0000000089700000| Complete |  0
| 122|0x0000000089800000, 0x0000000089900000, 0x0000000089900000|100%| E|CS|TAMS 0x0000000089800000| PB 0x0000000089800000| Complete |  0
| 123|0x0000000089900000, 0x0000000089a00000, 0x0000000089a00000|100%| E|CS|TAMS 0x0000000089900000| PB 0x0000000089900000| Complete |  0
| 124|0x0000000089a00000, 0x0000000089b00000, 0x0000000089b00000|100%| E|CS|TAMS 0x0000000089a00000| PB 0x0000000089a00000| Complete |  0
| 125|0x0000000089b00000, 0x0000000089c00000, 0x0000000089c00000|100%| E|CS|TAMS 0x0000000089b00000| PB 0x0000000089b00000| Complete |  0
| 126|0x0000000089c00000, 0x0000000089d00000, 0x0000000089d00000|100%| E|CS|TAMS 0x0000000089c00000| PB 0x0000000089c00000| Complete |  0
| 127|0x0000000089d00000, 0x0000000089e00000, 0x0000000089e00000|100%| E|CS|TAMS 0x0000000089d00000| PB 0x0000000089d00000| Complete |  0

Card table byte_map: [0x0000023044bb0000,0x0000023044fb0000] _byte_map_base: 0x00000230447a1000

Marking Bits: (CMBitMap*) 0x000002302d0ca960
 Bits: [0x0000023044fb0000, 0x0000023046f38000)

Polling page: 0x000002302b020000

Metaspace:

Usage:
  Non-class:     12.85 MB used.
      Class:      1.82 MB used.
       Both:     14.67 MB used.

Virtual space:
  Non-class space:       64.00 MB reserved,      13.00 MB ( 20%) committed,  1 nodes.
      Class space:        1.00 GB reserved,       1.94 MB ( <1%) committed,  1 nodes.
             Both:        1.06 GB reserved,      14.94 MB (  1%) committed. 

Chunk freelists:
   Non-Class:  2.58 MB
       Class:  13.90 MB
        Both:  16.48 MB

MaxMetaspaceSize: unlimited
CompressedClassSpaceSize: 1.00 GB
Initial GC threshold: 21.00 MB
Current GC threshold: 21.00 MB
CDS: on
 - commit_granule_bytes: 65536.
 - commit_granule_words: 8192.
 - virtual_space_node_default_size: 8388608.
 - enlarge_chunks_in_place: 1.
 - use_allocation_guard: 0.


Internal statistics:

num_allocs_failed_limit: 0.
num_arena_births: 308.
num_arena_deaths: 0.
num_vsnodes_births: 2.
num_vsnodes_deaths: 0.
num_space_committed: 239.
num_space_uncommitted: 0.
num_chunks_returned_to_freelist: 0.
num_chunks_taken_from_freelist: 774.
num_chunk_merges: 0.
num_chunk_splits: 480.
num_chunks_enlarged: 301.
num_inconsistent_stats: 0.

CodeHeap 'non-profiled nmethods': size=120064Kb used=716Kb max_used=716Kb free=119347Kb
 bounds [0x000002303d270000, 0x000002303d4e0000, 0x00000230447b0000]
CodeHeap 'profiled nmethods': size=120000Kb used=3143Kb max_used=3143Kb free=116856Kb
 bounds [0x00000230357b0000, 0x0000023035ad0000, 0x000002303cce0000]
CodeHeap 'non-nmethods': size=5696Kb used=1428Kb max_used=1460Kb free=4268Kb
 bounds [0x000002303cce0000, 0x000002303cf50000, 0x000002303d270000]
CodeCache: size=245760Kb, used=5287Kb, max_used=5319Kb, free=240471Kb
 total_blobs=2811, nmethods=2286, adapters=430, full_count=0
Compilation: enabled, stopped_count=0, restarted_count=0

Compilation events (20 events):
Event: 2.194 Thread 0x0000023049538290 nmethod 2153 0x0000023035a85288 code [0x0000023035a85520, 0x0000023035a864e0]
Event: 2.194 Thread 0x0000023049538290 2152       3       sun.util.locale.InternalLocaleBuilder::setLanguageTag (173 bytes)
Event: 2.196 Thread 0x0000023049538290 nmethod 2152 0x0000023035a86588 code [0x0000023035a86900, 0x0000023035a88400]
Event: 2.196 Thread 0x0000023049538290 2149       3       sun.util.locale.LanguageTag::parseExtensions (208 bytes)
Event: 2.197 Thread 0x0000023049534bc0 nmethod 2134 0x000002303d318908 code [0x000002303d318ae0, 0x000002303d319450]
Event: 2.197 Thread 0x0000023049534bc0 2155       4       sun.util.locale.BaseLocale::hashCode (169 bytes)
Event: 2.198 Thread 0x0000023049538290 nmethod 2149 0x0000023035a88508 code [0x0000023035a88860, 0x0000023035a89fc0]
Event: 2.198 Thread 0x0000023049538290 2150       3       sun.util.locale.provider.LocaleProviderAdapter$$Lambda/0x80000006d::apply (8 bytes)
Event: 2.199 Thread 0x0000023049538290 nmethod 2150 0x0000023035a8a088 code [0x0000023035a8a1c0, 0x0000023035a8a3d0]
Event: 2.199 Thread 0x0000023049538290 2151       3       sun.util.locale.provider.LocaleProviderAdapter::lambda$toLocaleArray$0 (135 bytes)
Event: 2.199 Thread 0x0000023049538290 nmethod 2151 0x0000023035a8a408 code [0x0000023035a8a5c0, 0x0000023035a8ac70]
Event: 2.199 Thread 0x0000023049538290 2154       3       java.util.Locale$1::apply (43 bytes)
Event: 2.200 Thread 0x0000023049538290 nmethod 2154 0x0000023035a8ac88 code [0x0000023035a8ae00, 0x0000023035a8b5c0]
Event: 2.200 Thread 0x0000023049538290 2143       1       jdk.internal.classfile.impl.AbstractInstruction$UnboundNewObjectInstruction::className (5 bytes)
Event: 2.200 Thread 0x0000023049538290 nmethod 2143 0x000002303d319508 code [0x000002303d319620, 0x000002303d3196e8]
Event: 2.200 Thread 0x0000023049538290 2157       3       java.util.Locale::equals (75 bytes)
Event: 2.200 Thread 0x0000023049538290 nmethod 2157 0x0000023035a8b608 code [0x0000023035a8b780, 0x0000023035a8be38]
Event: 2.200 Thread 0x0000023049538290 2158       3       sun.util.locale.BaseLocale::equals (83 bytes)
Event: 2.201 Thread 0x0000023049538290 nmethod 2158 0x0000023035a8be88 code [0x0000023035a8c000, 0x0000023035a8c548]
Event: 2.201 Thread 0x0000023049538290 2159       3       jdk.internal.classfile.impl.StackCounter::<init> (2261 bytes)

GC Heap History (4 events):
Event: 0.910 GC heap before
{Heap before GC invocations=0 (full 0):
 garbage-first heap   total reserved 2066432K, committed 131072K, used 15360K [0x0000000081e00000, 0x0000000100000000)
  region size 1024K, 14 young (14336K), 0 survivors (0K)
 Metaspace       used 4164K, committed 4288K, reserved 1114112K
  class space    used 461K, committed 512K, reserved 1048576K
}
Event: 0.917 GC heap after
{Heap after GC invocations=1 (full 0):
 garbage-first heap   total reserved 2066432K, committed 131072K, used 6988K [0x0000000081e00000, 0x0000000100000000)
  region size 1024K, 2 young (2048K), 2 survivors (2048K)
 Metaspace       used 4164K, committed 4288K, reserved 1114112K
  class space    used 461K, committed 512K, reserved 1048576K
}
Event: 1.430 GC heap before
{Heap before GC invocations=1 (full 0):
 garbage-first heap   total reserved 2066432K, committed 131072K, used 18252K [0x0000000081e00000, 0x0000000100000000)
  region size 1024K, 14 young (14336K), 2 survivors (2048K)
 Metaspace       used 7409K, committed 7616K, reserved 1114112K
  class space    used 890K, committed 960K, reserved 1048576K
}
Event: 1.434 GC heap after
{Heap after GC invocations=2 (full 0):
 garbage-first heap   total reserved 2066432K, committed 131072K, used 8078K [0x0000000081e00000, 0x0000000100000000)
  region size 1024K, 1 young (1024K), 1 survivors (1024K)
 Metaspace       used 7409K, committed 7616K, reserved 1114112K
  class space    used 890K, committed 960K, reserved 1048576K
}

Dll operation events (12 events):
Event: 0.035 Loaded shared library C:\Program Files\Java\jdk-23\bin\java.dll
Event: 0.113 Loaded shared library C:\Program Files\Java\jdk-23\bin\jsvml.dll
Event: 0.253 Loaded shared library C:\Program Files\Java\jdk-23\bin\zip.dll
Event: 0.259 Loaded shared library C:\Program Files\Java\jdk-23\bin\instrument.dll
Event: 0.266 Loaded shared library C:\Program Files\Java\jdk-23\bin\net.dll
Event: 0.269 Loaded shared library C:\Program Files\Java\jdk-23\bin\nio.dll
Event: 0.273 Loaded shared library C:\Program Files\Java\jdk-23\bin\zip.dll
Event: 0.402 Loaded shared library C:\Program Files\JetBrains\IntelliJ IDEA Community Edition 2024.3.3\bin\breakgen64.dll
Event: 0.419 Loaded shared library C:\Program Files\Java\jdk-23\bin\extnet.dll
Event: 0.482 Loaded shared library C:\Program Files\Java\jdk-23\bin\jimage.dll
Event: 1.021 Loaded shared library C:\Program Files\Java\jdk-23\bin\management.dll
Event: 1.025 Loaded shared library C:\Program Files\Java\jdk-23\bin\management_ext.dll

Deoptimization events (20 events):
Event: 2.089 Thread 0x000002308fc13370 Uncommon trap: trap_request=0xffffffc6 fr.pc=0x000002303d2f07c8 relative=0x00000000000002c8
Event: 2.089 Thread 0x000002308fc13370 Uncommon trap: reason=bimorphic_or_optimized_type_check action=maybe_recompile pc=0x000002303d2f07c8 method=jdk.internal.util.StrongReferenceKey.hashCode()I @ 4 c2
Event: 2.089 Thread 0x000002308fc13370 DEOPT PACKING pc=0x000002303d2f07c8 sp=0x000000adfe5fc540
Event: 2.089 Thread 0x000002308fc13370 DEOPT UNPACKING pc=0x000002303cd34402 sp=0x000000adfe5fc478 mode 2
Event: 2.089 Thread 0x000002308fc13370 Uncommon trap: trap_request=0xffffffc6 fr.pc=0x000002303d2f0794 relative=0x0000000000000294
Event: 2.089 Thread 0x000002308fc13370 Uncommon trap: reason=bimorphic_or_optimized_type_check action=maybe_recompile pc=0x000002303d2f0794 method=jdk.internal.util.StrongReferenceKey.hashCode()I @ 4 c2
Event: 2.089 Thread 0x000002308fc13370 DEOPT PACKING pc=0x000002303d2f0794 sp=0x000000adfe5fc690
Event: 2.089 Thread 0x000002308fc13370 DEOPT UNPACKING pc=0x000002303cd34402 sp=0x000000adfe5fc628 mode 2
Event: 2.089 Thread 0x000002308fc13370 Uncommon trap: trap_request=0xffffffde fr.pc=0x000002303d2e40c8 relative=0x0000000000000368
Event: 2.089 Thread 0x000002308fc13370 Uncommon trap: reason=class_check action=maybe_recompile pc=0x000002303d2e40c8 method=jdk.internal.util.ReferencedKeyMap.removeStaleReferences()V @ 4 c2
Event: 2.089 Thread 0x000002308fc13370 DEOPT PACKING pc=0x000002303d2e40c8 sp=0x000000adfe5fc6d0
Event: 2.089 Thread 0x000002308fc13370 DEOPT UNPACKING pc=0x000002303cd34402 sp=0x000000adfe5fc6a8 mode 2
Event: 2.089 Thread 0x000002308fc13370 Uncommon trap: trap_request=0xffffffde fr.pc=0x000002303d2e40c8 relative=0x0000000000000368
Event: 2.090 Thread 0x000002308fc13370 Uncommon trap: reason=class_check action=maybe_recompile pc=0x000002303d2e40c8 method=jdk.internal.util.ReferencedKeyMap.removeStaleReferences()V @ 4 c2
Event: 2.090 Thread 0x000002308fc13370 DEOPT PACKING pc=0x000002303d2e40c8 sp=0x000000adfe5fc6d0
Event: 2.090 Thread 0x000002308fc13370 DEOPT UNPACKING pc=0x000002303cd34402 sp=0x000000adfe5fc6a8 mode 2
Event: 2.090 Thread 0x000002308fc13370 Uncommon trap: trap_request=0xffffffde fr.pc=0x000002303d2e40c8 relative=0x0000000000000368
Event: 2.090 Thread 0x000002308fc13370 Uncommon trap: reason=class_check action=maybe_recompile pc=0x000002303d2e40c8 method=jdk.internal.util.ReferencedKeyMap.removeStaleReferences()V @ 4 c2
Event: 2.090 Thread 0x000002308fc13370 DEOPT PACKING pc=0x000002303d2e40c8 sp=0x000000adfe5fc6d0
Event: 2.090 Thread 0x000002308fc13370 DEOPT UNPACKING pc=0x000002303cd34402 sp=0x000000adfe5fc6a8 mode 2

Classes loaded (20 events):
Event: 2.067 Loading class java/util/concurrent/ConcurrentLinkedQueue
Event: 2.067 Loading class java/util/concurrent/ConcurrentLinkedQueue done
Event: 2.067 Loading class java/util/concurrent/ConcurrentLinkedQueue$Node
Event: 2.067 Loading class java/util/concurrent/ConcurrentLinkedQueue$Node done
Event: 2.070 Loading class java/util/concurrent/atomic/AtomicLongArray
Event: 2.070 Loading class java/util/concurrent/atomic/AtomicLongArray done
Event: 2.070 Loading class java/lang/invoke/VarHandleLongs$Array
Event: 2.070 Loading class java/lang/invoke/VarHandleLongs$Array done
Event: 2.070 Loading class java/util/concurrent/atomic/AtomicReferenceArray
Event: 2.071 Loading class java/util/concurrent/atomic/AtomicReferenceArray done
Event: 2.071 Loading class java/lang/invoke/VarHandleReferences$Array
Event: 2.071 Loading class java/lang/invoke/VarHandleReferences$Array done
Event: 2.074 Loading class org/xml/sax/SAXParseException
Event: 2.074 Loading class org/xml/sax/SAXParseException done
Event: 2.185 Loading class java/lang/annotation/Repeatable
Event: 2.185 Loading class java/lang/annotation/Repeatable done
Event: 2.199 Loading class sun/text/resources/cldr/FormatData_en
Event: 2.200 Loading class sun/text/resources/cldr/FormatData_en done
Event: 2.200 Loading class sun/text/resources/cldr/FormatData_en_US
Event: 2.200 Loading class sun/text/resources/cldr/FormatData_en_US done

Classes unloaded (0 events):
No events

Classes redefined (0 events):
No events

Internal exceptions (20 events):
Event: 1.498 Thread 0x000002308faa8100 Exception <a 'java/lang/NoSuchMethodError'{0x0000000089ce39b0}: 'java.lang.Object java.lang.invoke.DirectMethodHandle$Holder.newInvokeSpecial(java.lang.Object, java.lang.Object, java.lang.Object, java.lang.Object, java.lang.Object, java.lang.Object, int)'> (0x0000000089ce39b0) 
thrown [s\open\src\hotspot\share\interpreter\linkResolver.cpp, line 796]
Event: 1.499 Thread 0x000002308faa8100 Exception <a 'java/lang/NoSuchMethodError'{0x0000000089ce8058}: 'java.lang.Object java.lang.invoke.DirectMethodHandle$Holder.invokeSpecial(java.lang.Object, java.lang.Object, java.lang.Object, java.lang.Object, java.lang.Object, java.lang.Object, java.lang.Object, int)'> (0x0000000089ce8058) 
thrown [s\open\src\hotspot\share\interpreter\linkResolver.cpp, line 796]
Event: 1.547 Thread 0x000002308faa8100 Exception <a 'java/lang/NoSuchMethodError'{0x0000000089a0f698}: 'int java.lang.invoke.DirectMethodHandle$Holder.invokeInterface(java.lang.Object, java.lang.Object)'> (0x0000000089a0f698) 
thrown [s\open\src\hotspot\share\interpreter\linkResolver.cpp, line 796]
Event: 1.555 Thread 0x000002308faa8100 Exception <a 'java/lang/NoSuchMethodError'{0x0000000089a34a70}: 'void java.lang.invoke.DirectMethodHandle$Holder.invokeSpecial(java.lang.Object, java.lang.Object, java.lang.Object, java.lang.Object, java.lang.Object)'> (0x0000000089a34a70) 
thrown [s\open\src\hotspot\share\interpreter\linkResolver.cpp, line 796]
Event: 1.568 Thread 0x000002308faa8100 Exception <a 'java/lang/NoSuchMethodError'{0x0000000089a75970}: 'int java.lang.invoke.DirectMethodHandle$Holder.invokeVirtual(java.lang.Object, java.lang.Object)'> (0x0000000089a75970) 
thrown [s\open\src\hotspot\share\interpreter\linkResolver.cpp, line 796]
Event: 1.602 Thread 0x000002308faa8100 Exception <a 'java/lang/NoSuchMethodError'{0x000000008991afc0}: 'java.lang.Object java.lang.invoke.DirectMethodHandle$Holder.invokeSpecial(java.lang.Object, java.lang.Object, java.lang.Object, int, java.lang.Object)'> (0x000000008991afc0) 
thrown [s\open\src\hotspot\share\interpreter\linkResolver.cpp, line 796]
Event: 1.603 Thread 0x000002308faa8100 Exception <a 'java/lang/NoSuchMethodError'{0x0000000089922d30}: 'java.lang.Object java.lang.invoke.DirectMethodHandle$Holder.newInvokeSpecial(java.lang.Object, java.lang.Object, java.lang.Object, int, java.lang.Object)'> (0x0000000089922d30) 
thrown [s\open\src\hotspot\share\interpreter\linkResolver.cpp, line 796]
Event: 1.604 Thread 0x000002308faa8100 Exception <a 'java/lang/NoSuchMethodError'{0x000000008992a308}: 'java.lang.Object java.lang.invoke.Invokers$Holder.linkToTargetMethod(java.lang.Object, java.lang.Object, int, java.lang.Object, java.lang.Object)'> (0x000000008992a308) 
thrown [s\open\src\hotspot\share\interpreter\linkResolver.cpp, line 796]
Event: 1.605 Thread 0x000002308faa8100 Exception <a 'java/lang/NoSuchMethodError'{0x0000000089931818}: 'int java.lang.invoke.DirectMethodHandle$Holder.invokeStatic(java.lang.Object, int, java.lang.Object, java.lang.Object)'> (0x0000000089931818) 
thrown [s\open\src\hotspot\share\interpreter\linkResolver.cpp, line 796]
Event: 1.606 Thread 0x000002308faa8100 Exception <a 'java/lang/NoSuchMethodError'{0x00000000899389e0}: 'java.lang.Object java.lang.invoke.DirectMethodHandle$Holder.newInvokeSpecial(java.lang.Object, int, java.lang.Object)'> (0x00000000899389e0) 
thrown [s\open\src\hotspot\share\interpreter\linkResolver.cpp, line 796]
Event: 1.607 Thread 0x000002308faa8100 Exception <a 'java/lang/NoSuchMethodError'{0x000000008993d9f0}: 'int java.lang.invoke.DirectMethodHandle$Holder.invokeSpecialIFC(java.lang.Object, java.lang.Object, java.lang.Object, java.lang.Object)'> (0x000000008993d9f0) 
thrown [s\open\src\hotspot\share\interpreter\linkResolver.cpp, line 796]
Event: 1.641 Thread 0x000002308faa8100 Exception <a 'java/lang/NoSuchMethodError'{0x000000008980eb28}: 'void java.lang.invoke.DirectMethodHandle$Holder.invokeInterface(java.lang.Object, java.lang.Object, java.lang.Object)'> (0x000000008980eb28) 
thrown [s\open\src\hotspot\share\interpreter\linkResolver.cpp, line 796]
Event: 1.681 Thread 0x000002308faa8100 Exception <a 'java/lang/NoSuchMethodError'{0x00000000898aaa50}: 'void java.lang.invoke.DirectMethodHandle$Holder.invokeStaticInit(java.lang.Object, java.lang.Object, java.lang.Object)'> (0x00000000898aaa50) 
thrown [s\open\src\hotspot\share\interpreter\linkResolver.cpp, line 796]
Event: 1.689 Thread 0x000002308faa8100 Exception <a 'java/lang/NoSuchMethodError'{0x00000000898f3fe0}: 'java.lang.Object java.lang.invoke.DirectMethodHandle$Holder.invokeVirtual(java.lang.Object, java.lang.Object, java.lang.Object)'> (0x00000000898f3fe0) 
thrown [s\open\src\hotspot\share\interpreter\linkResolver.cpp, line 796]
Event: 1.720 Thread 0x000002308faa8100 Exception <a 'java/lang/NoSuchMethodError'{0x000000008977f1c0}: 'void java.lang.invoke.DirectMethodHandle$Holder.invokeVirtual(java.lang.Object, java.lang.Object, java.lang.Object, java.lang.Object)'> (0x000000008977f1c0) 
thrown [s\open\src\hotspot\share\interpreter\linkResolver.cpp, line 796]
Event: 1.842 Thread 0x000002308fc13370 Exception <a 'java/lang/NoClassDefFoundError'{0x00000000895c78a0}: jakarta/validation/Validation> (0x00000000895c78a0) 
thrown [s\open\src\hotspot\share\classfile\systemDictionary.cpp, line 302]
Event: 1.843 Thread 0x000002308faa8100 Exception <a 'java/lang/NoSuchMethodError'{0x00000000895fa3f8}: 'java.lang.reflect.Field[] java.lang.Class.getDeclaredFields(java.lang.Class)'> (0x00000000895fa3f8) 
thrown [s\open\src\hotspot\share\interpreter\linkResolver.cpp, line 796]
Event: 1.845 Thread 0x000002308faa8100 Exception <a 'java/lang/NoSuchMethodError'{0x00000000895fee08}: 'java.lang.Object java.lang.invoke.DirectMethodHandle$Holder.invokeStatic(java.lang.Object, java.lang.Object, int)'> (0x00000000895fee08) 
thrown [s\open\src\hotspot\share\interpreter\linkResolver.cpp, line 796]
Event: 1.847 Thread 0x000002308faa8100 Exception <a 'java/lang/NoSuchMethodError'{0x0000000089439bc8}: 'void java.lang.invoke.DelegatingMethodHandle$Holder.delegate(java.lang.Object, java.lang.Object, int, java.lang.Object)'> (0x0000000089439bc8) 
thrown [s\open\src\hotspot\share\interpreter\linkResolver.cpp, line 796]
Event: 1.873 Thread 0x000002308faa8100 Exception <a 'java/lang/IncompatibleClassChangeError'{0x000000008936a3d8}: Found class java.lang.Object, but interface was expected> (0x000000008936a3d8) 
thrown [s\open\src\hotspot\share\interpreter\linkResolver.cpp, line 863]

VM Operations (20 events):
Event: 0.954 Executing VM operation: HandshakeAllThreads (Deoptimize)
Event: 0.954 Executing VM operation: HandshakeAllThreads (Deoptimize) done
Event: 0.954 Executing VM operation: HandshakeAllThreads (Deoptimize)
Event: 0.954 Executing VM operation: HandshakeAllThreads (Deoptimize) done
Event: 1.231 Executing VM operation: HandshakeAllThreads (Deoptimize)
Event: 1.231 Executing VM operation: HandshakeAllThreads (Deoptimize) done
Event: 1.430 Executing VM operation: G1CollectForAllocation (G1 Evacuation Pause)
Event: 1.434 Executing VM operation: G1CollectForAllocation (G1 Evacuation Pause) done
Event: 1.563 Executing VM operation: HandshakeAllThreads (Deoptimize)
Event: 1.563 Executing VM operation: HandshakeAllThreads (Deoptimize) done
Event: 1.819 Executing VM operation: HandshakeAllThreads (Deoptimize)
Event: 1.819 Executing VM operation: HandshakeAllThreads (Deoptimize) done
Event: 1.826 Executing VM operation: HandshakeAllThreads (Deoptimize)
Event: 1.826 Executing VM operation: HandshakeAllThreads (Deoptimize) done
Event: 1.827 Executing VM operation: HandshakeAllThreads (Deoptimize)
Event: 1.827 Executing VM operation: HandshakeAllThreads (Deoptimize) done
Event: 1.844 Executing VM operation: HandshakeAllThreads (Deoptimize)
Event: 1.845 Executing VM operation: HandshakeAllThreads (Deoptimize) done
Event: 1.881 Executing VM operation: HandshakeAllThreads (Deoptimize)
Event: 1.881 Executing VM operation: HandshakeAllThreads (Deoptimize) done

Memory protections (0 events):
No events

Nmethod flushes (0 events):
No events

Events (16 events):
Event: 0.077 Thread 0x000002302ad3c380 Thread added: 0x000002302ad3c380
Event: 0.107 Thread 0x000002302ad3c380 Thread added: 0x0000023049522f70
Event: 0.107 Thread 0x000002302ad3c380 Thread added: 0x00000230495244a0
Event: 0.108 Thread 0x000002302ad3c380 Thread added: 0x0000023049526880
Event: 0.109 Thread 0x000002302ad3c380 Thread added: 0x000002304952beb0
Event: 0.109 Thread 0x000002302ad3c380 Thread added: 0x000002304952d130
Event: 0.109 Thread 0x000002302ad3c380 Thread added: 0x0000023049531ba0
Event: 0.109 Thread 0x000002302ad3c380 Thread added: 0x0000023049534bc0
Event: 0.110 Thread 0x000002302ad3c380 Thread added: 0x0000023049538290
Event: 0.215 Thread 0x000002302ad3c380 Thread added: 0x00000230496251a0
Event: 0.329 Thread 0x0000023049538290 Thread added: 0x0000023049845200
Event: 0.403 Thread 0x000002302ad3c380 Thread added: 0x000002308f13a880
Event: 0.404 Thread 0x000002302ad3c380 Thread added: 0x000002308f143d40
Event: 1.104 Thread 0x000002302ad3c380 Thread added: 0x000002308fae1d10
Event: 1.108 Thread 0x000002308fae1d10 Thread added: 0x000002308faa8100
Event: 1.837 Thread 0x000002308faa8100 Thread added: 0x000002308fc13370


Dynamic libraries:
0x00007ff704740000 - 0x00007ff704750000 	C:\Program Files\Java\jdk-23\bin\java.exe
0x00007ffddd470000 - 0x00007ffddd668000 	C:\WINDOWS\SYSTEM32\ntdll.dll
0x00007ffdd1b70000 - 0x00007ffdd1b8a000 	C:\Program Files\AVG\Antivirus\aswhook.dll
0x00007ffddc300000 - 0x00007ffddc3c2000 	C:\WINDOWS\System32\KERNEL32.DLL
0x00007ffddadb0000 - 0x00007ffddb0af000 	C:\WINDOWS\System32\KERNELBASE.dll
0x00007ffddb240000 - 0x00007ffddb340000 	C:\WINDOWS\System32\ucrtbase.dll
0x00007ffdd21d0000 - 0x00007ffdd21eb000 	C:\Program Files\Java\jdk-23\bin\VCRUNTIME140.dll
0x00007ffdd21b0000 - 0x00007ffdd21c7000 	C:\Program Files\Java\jdk-23\bin\jli.dll
0x00007ffddca10000 - 0x00007ffddcbad000 	C:\WINDOWS\System32\USER32.dll
0x00007ffddab10000 - 0x00007ffddab32000 	C:\WINDOWS\System32\win32u.dll
0x00007ffdd9e70000 - 0x00007ffdda10a000 	C:\WINDOWS\WinSxS\amd64_microsoft.windows.common-controls_6595b64144ccf1df_6.0.19041.4355_none_60b8b9eb71f62e16\COMCTL32.dll
0x00007ffddb5a0000 - 0x00007ffddb5cb000 	C:\WINDOWS\System32\GDI32.dll
0x00007ffddce60000 - 0x00007ffddcefe000 	C:\WINDOWS\System32\msvcrt.dll
0x00007ffddab40000 - 0x00007ffddac5a000 	C:\WINDOWS\System32\gdi32full.dll
0x00007ffddb340000 - 0x00007ffddb3dd000 	C:\WINDOWS\System32\msvcp_win.dll
0x00007ffddd260000 - 0x00007ffddd28f000 	C:\WINDOWS\System32\IMM32.DLL
0x00007ffdd2150000 - 0x00007ffdd215c000 	C:\Program Files\Java\jdk-23\bin\vcruntime140_1.dll
0x00007ffdd0320000 - 0x00007ffdd03ae000 	C:\Program Files\Java\jdk-23\bin\msvcp140.dll
0x00007ffd7f9c0000 - 0x00007ffd80710000 	C:\Program Files\Java\jdk-23\bin\server\jvm.dll
0x00007ffddd2f0000 - 0x00007ffddd39f000 	C:\WINDOWS\System32\ADVAPI32.dll
0x00007ffddc250000 - 0x00007ffddc2ef000 	C:\WINDOWS\System32\sechost.dll
0x00007ffddccd0000 - 0x00007ffddcdf3000 	C:\WINDOWS\System32\RPCRT4.dll
0x00007ffddb0b0000 - 0x00007ffddb0d7000 	C:\WINDOWS\System32\bcrypt.dll
0x00007ffddc990000 - 0x00007ffddc9fb000 	C:\WINDOWS\System32\WS2_32.dll
0x00007ffdda970000 - 0x00007ffdda9bb000 	C:\WINDOWS\SYSTEM32\POWRPROF.dll
0x00007ffdb1070000 - 0x00007ffdb1097000 	C:\WINDOWS\SYSTEM32\WINMM.dll
0x00007ffdcec20000 - 0x00007ffdcec2a000 	C:\WINDOWS\SYSTEM32\VERSION.dll
0x00007ffdda950000 - 0x00007ffdda962000 	C:\WINDOWS\SYSTEM32\UMPDC.dll
0x00007ffdd8cb0000 - 0x00007ffdd8cc2000 	C:\WINDOWS\SYSTEM32\kernel.appcore.dll
0x00007ffdd0f60000 - 0x00007ffdd0f6a000 	C:\Program Files\Java\jdk-23\bin\jimage.dll
0x00007ffdda490000 - 0x00007ffdda674000 	C:\WINDOWS\SYSTEM32\DBGHELP.DLL
0x00007ffdda220000 - 0x00007ffdda254000 	C:\WINDOWS\SYSTEM32\dbgcore.DLL
0x00007ffddad20000 - 0x00007ffddada2000 	C:\WINDOWS\System32\bcryptPrimitives.dll
0x00007ffdd0490000 - 0x00007ffdd049f000 	C:\Program Files\Java\jdk-23\bin\instrument.dll
0x00007ffdd0470000 - 0x00007ffdd048e000 	C:\Program Files\Java\jdk-23\bin\java.dll
0x00007ffddc500000 - 0x00007ffddc62b000 	C:\WINDOWS\System32\ole32.dll
0x00007ffddc630000 - 0x00007ffddc985000 	C:\WINDOWS\System32\combase.dll
0x00007ffddb5d0000 - 0x00007ffddbd3d000 	C:\WINDOWS\System32\SHELL32.dll
0x00007ffdd8410000 - 0x00007ffdd8bb4000 	C:\WINDOWS\SYSTEM32\windows.storage.dll
0x00007ffdd9dd0000 - 0x00007ffdd9dff000 	C:\WINDOWS\SYSTEM32\Wldp.dll
0x00007ffddc3d0000 - 0x00007ffddc49d000 	C:\WINDOWS\System32\OLEAUT32.dll
0x00007ffddb4f0000 - 0x00007ffddb59d000 	C:\WINDOWS\System32\SHCORE.dll
0x00007ffddd290000 - 0x00007ffddd2e5000 	C:\WINDOWS\System32\shlwapi.dll
0x00007ffddaa40000 - 0x00007ffddaa64000 	C:\WINDOWS\SYSTEM32\profapi.dll
0x00007ffd93480000 - 0x00007ffd93557000 	C:\Program Files\Java\jdk-23\bin\jsvml.dll
0x00007ffdc8710000 - 0x00007ffdc8727000 	C:\Program Files\Java\jdk-23\bin\zip.dll
0x00007ffdd0460000 - 0x00007ffdd0470000 	C:\Program Files\Java\jdk-23\bin\net.dll
0x00007ffdd9b30000 - 0x00007ffdd9b9c000 	C:\WINDOWS\system32\mswsock.dll
0x00007ffdae0b0000 - 0x00007ffdae0c6000 	C:\Program Files\Java\jdk-23\bin\nio.dll
0x00007ffdac240000 - 0x00007ffdac25a000 	C:\Program Files\JetBrains\IntelliJ IDEA Community Edition 2024.3.3\bin\breakgen64.dll
0x00007ffdc2870000 - 0x00007ffdc2879000 	C:\Program Files\Java\jdk-23\bin\extnet.dll
0x00007ffdc25d0000 - 0x00007ffdc25da000 	C:\Program Files\Java\jdk-23\bin\management.dll
0x00007ffdc2470000 - 0x00007ffdc247b000 	C:\Program Files\Java\jdk-23\bin\management_ext.dll
0x00007ffddd3a0000 - 0x00007ffddd3a8000 	C:\WINDOWS\System32\PSAPI.DLL

dbghelp: loaded successfully - version: 4.0.5 - missing functions: none
symbol engine: initialized successfully - sym options: 0x614 - pdb path: .;C:\Program Files\Java\jdk-23\bin;C:\WINDOWS\SYSTEM32;C:\Program Files\AVG\Antivirus;C:\WINDOWS\WinSxS\amd64_microsoft.windows.common-controls_6595b64144ccf1df_6.0.19041.4355_none_60b8b9eb71f62e16;C:\Program Files\Java\jdk-23\bin\server;C:\Program Files\JetBrains\IntelliJ IDEA Community Edition 2024.3.3\bin

VM Arguments:
jvm_args: -javaagent:C:\Program Files\JetBrains\IntelliJ IDEA Community Edition 2024.3.3\lib\idea_rt.jar=64765:C:\Program Files\JetBrains\IntelliJ IDEA Community Edition 2024.3.3\bin -Dfile.encoding=UTF-8 -Dsun.stdout.encoding=UTF-8 -Dsun.stderr.encoding=UTF-8 
java_command: com.example.greetingApp.GreetingAppApplication
java_class_path (initial): C:\Users\Harit Saxena\Desktop\greetingApp\target\classes;C:\Users\Harit Saxena\.m2\repository\org\springframework\boot\spring-boot-starter-web\3.4.3\spring-boot-starter-web-3.4.3.jar;C:\Users\Harit Saxena\.m2\repository\org\springframework\boot\spring-boot-starter\3.4.3\spring-boot-starter-3.4.3.jar;C:\Users\Harit Saxena\.m2\repository\org\springframework\boot\spring-boot-starter-logging\3.4.3\spring-boot-starter-logging-3.4.3.jar;C:\Users\Harit Saxena\.m2\repository\ch\qos\logback\logback-classic\1.5.16\logback-classic-1.5.16.jar;C:\Users\Harit Saxena\.m2\repository\ch\qos\logback\logback-core\1.5.16\logback-core-1.5.16.jar;C:\Users\Harit Saxena\.m2\repository\org\apache\logging\log4j\log4j-to-slf4j\2.24.3\log4j-to-slf4j-2.24.3.jar;C:\Users\Harit Saxena\.m2\repository\org\apache\logging\log4j\log4j-api\2.24.3\log4j-api-2.24.3.jar;C:\Users\Harit Saxena\.m2\repository\org\slf4j\jul-to-slf4j\2.0.16\jul-to-slf4j-2.0.16.jar;C:\Users\Harit Saxena\.m2\repository\jakarta\annotation\jakarta.annotation-api\2.1.1\jakarta.annotation-api-2.1.1.jar;C:\Users\Harit Saxena\.m2\repository\org\yaml\snakeyaml\2.3\snakeyaml-2.3.jar;C:\Users\Harit Saxena\.m2\repository\org\springframework\boot\spring-boot-starter-json\3.4.3\spring-boot-starter-json-3.4.3.jar;C:\Users\Harit Saxena\.m2\repository\com\fasterxml\jackson\core\jackson-databind\2.18.2\jackson-databind-2.18.2.jar;C:\Users\Harit Saxena\.m2\repository\com\fasterxml\jackson\core\jackson-annotations\2.18.2\jackson-annotations-2.18.2.jar;C:\Users\Harit Saxena\.m2\repository\com\fasterxml\jackson\core\jackson-core\2.18.2\jackson-core-2.18.2.jar;C:\Users\Harit Saxena\.m2\repository\com\fasterxml\jackson\datatype\jackson-datatype-jdk8\2.18.2\jackson-datatype-jdk8-2.18.2.jar;C:\Users\Harit Saxena\.m2\repository\com\fasterxml\jackson\datatype\jackson-datatype-jsr310\2.18.2\jackson-datatype-jsr310-2.18.2.jar;C:\Users\Harit Saxena\.m2\repository\com\fasterxml\jackson\module\jackson-module-parameter-names\2.18.2\jackson-module-parameter-names-2.18.2.jar;C:\Users\Harit Saxena\.m2\repository\org\springframework\boot\spring-boot-starter-tomcat\3.4.3\spring-boot-starter-tomcat-3.4.3.jar;C:\Users\Harit Saxena\.m2\repository\org\apache\tomcat\embed\tomcat-embed-core\10.1.36\tomcat-embed-core-10.1.36.jar;C:\Users\Harit Saxena\.m2\repository\org\apache\tomcat\embed\tomcat-embed-el\10.1.36\tomcat-embed-el-10.1.36.jar;C:\Users\Harit Saxena\.m2\repository\org\apache\tomcat\embed\tomcat-embed-websocket\10.1.36\tomcat-embed-websocket-10.1.36.jar;C:\Users\Harit Saxena\.m2\repository\org\springframework\spring-web\6.2.3\spring-web-6.2.3.jar;C:\Users\Harit Saxena\.m2\repository\org\springframework\spring-beans\6.2.3\spring-beans-6.2.3.jar;C:\Users\Harit Saxena\.m2\repository\io\micrometer\micrometer-observation\1.14.4\micrometer-observation-1.14.4.jar;C:\Users\Harit Saxena\.m2\repository\io\micrometer\micrometer-commons\1.14.4\micrometer-commons-1.14.4.jar;C:\Users\Harit Saxena\.m2\repository\org\springframework\spring-webmvc\6.2.3\spring-webmvc-6.2.3.jar;C:\Users\Harit Saxena\.m2\repository\org\springframework\spring-aop\6.2.3\spring-aop-6.2.3.jar;C:\Users\Harit Saxena\.m2\repository\org\springframework\spring-context\6.2.3\spring-context-6.2.3.jar;C:\Users\Harit Saxena\.m2\repository\org\springframework\spring-expression\6.2.3\spring-expression-6.2.3.jar;C:\Users\Harit Saxena\.m2\repository\org\springframework\boot\spring-boot-devtools\3.4.3\spring-boot-devtools-3.4.3.jar;C:\Users\Harit Saxena\.m2\repository\org\springframework\boot\spring-boot\3.4.3\spring-boot-3.4.3.jar;C:\Users\Harit Saxena\.m2\repository\org\springframework\boot\spring-boot-autoconfigure\3.4.3\spring-boot-autoconfigure-3.4.3.jar;C:\Users\Harit Saxena\.m2\repository\org\slf4j\slf4j-api\2.0.16\slf4j-api-2.0.16.jar;C:\Users\Harit Saxena\.m2\repository\jakarta\xml\bind\jakarta.xml.bind-api\4.0.2\jakarta.xml.bind-api-4.0.2.jar;C:\Users\Harit Saxena\.m2\repository\jakarta\activation\jakarta.activation-api\2.1.3\jakarta.activation-api-2.1.3.jar;C:\Users\Harit Saxena\.m2\repository\net\bytebuddy\byte-buddy\1.15.11\byte-buddy-1.15.11.jar;C:\Users\Harit Saxena\.m2\repository\org\springframework\spring-core\6.2.3\spring-core-6.2.3.jar;C:\Users\Harit Saxena\.m2\repository\org\springframework\spring-jcl\6.2.3\spring-jcl-6.2.3.jar;C:\Users\Harit Saxena\.m2\repository\org\springframework\boot\spring-boot-starter-data-jpa\3.4.3\spring-boot-starter-data-jpa-3.4.3.jar;C:\Users\Harit Saxena\.m2\repository\org\springframework\boot\spring-boot-starter-jdbc\3.4.3\spring-boot-starter-jdbc-3.4.3.jar;C:\Users\Harit Saxena\.m2\repository\com\zaxxer\HikariCP\5.1.0\HikariCP-5.1.0.jar;C:\Users\Harit Saxena\.m2\repository\org\springframework\spring-jdbc\6.2.3\spring-jdbc-6.2.3.jar;C:\Users\Harit Saxena\.m2\repository\org\hibernate\orm\hibernate-core\6.6.8.Final\hibernate-core-6.6.8.Final.jar;C:\Users\Harit Saxena\.m2\repository\jakarta\persistence\jakarta.persistence-api\3.1.0\jakarta.persistence-api-3.1.0.jar;C:\Users\Harit Saxena\.m2\repository\jakarta\transaction\jakarta.transaction-api\2.0.1\jakarta.transaction-api-2.0.1.jar;C:\Users\Harit Saxena\.m2\repository\org\jboss\logging\jboss-logging\3.6.1.Final\jboss-logging-3.6.1.Final.jar;C:\Users\Harit Saxena\.m2\repository\org\hibernate\common\hibernate-commons-annotations\7.0.3.Final\hibernate-commons-annotations-7.0.3.Final.jar;C:\Users\Harit Saxena\.m2\repository\io\smallrye\jandex\3.2.0\jandex-3.2.0.jar;C:\Users\Harit Saxena\.m2\repository\com\fasterxml\classmate\1.7.0\classmate-1.7.0.jar;C:\Users\Harit Saxena\.m2\repository\org\glassfish\jaxb\jaxb-runtime\4.0.5\jaxb-runtime-4.0.5.jar;C:\Users\Harit Saxena\.m2\repository\org\glassfish\jaxb\jaxb-core\4.0.5\jaxb-core-4.0.5.jar;C:\Users\Harit Saxena\.m2\repository\org\eclipse\angus\angus-activation\2.0.2\angus-activation-2.0.2.jar;C:\Users\Harit Saxena\.m2\repository\org\glassfish\jaxb\txw2\4.0.5\txw2-4.0.5.jar;C:\Users\Harit Saxena\.m2\repository\com\sun\istack\istack-commons-runtime\4.1.2\istack-commons-runtime-4.1.2.jar;C:\Users\Harit Saxena\.m2\repository\jakarta\inject\jakarta.inject-api\2.0.1\jakarta.inject-api-2.0.1.jar;C:\Users\Harit Saxena\.m2\repository\org\antlr\antlr4-runtime\4.13.0\antlr4-runtime-4.13.0.jar;C:\Users\Harit Saxena\.m2\repository\org\springframework\data\spring-data-jpa\3.4.3\spring-data-jpa-3.4.3.jar;C:\Users\Harit Saxena\.m2\repository\org\springframework\data\spring-data-commons\3.4.3\spring-data-commons-3.4.3.jar;C:\Users\Harit Saxena\.m2\repository\org\springframework\spring-orm\6.2.3\spring-orm-6.2.3.jar;C:\Users\Harit Saxena\.m2\repository\org\springframework\spring-tx\6.2.3\spring-tx-6.2.3.jar;C:\Users\Harit Saxena\.m2\repository\org\springframework\spring-aspects\6.2.3\spring-aspects-6.2.3.jar;C:\Users\Harit Saxena\.m2\repository\org\aspectj\aspectjweaver\1.9.22.1\aspectjweaver-1.9.22.1.jar;C:\Users\Harit Saxena\.m2\repository\com\h2database\h2\2.3.232\h2-2.3.232.jar
Launcher Type: SUN_STANDARD

[Global flags]
     intx CICompilerCount                          = 3                                         {product} {ergonomic}
     uint ConcGCThreads                            = 1                                         {product} {ergonomic}
     uint G1ConcRefinementThreads                  = 4                                         {product} {ergonomic}
   size_t G1HeapRegionSize                         = 1048576                                   {product} {ergonomic}
   size_t InitialHeapSize                          = 134217728                                 {product} {ergonomic}
   size_t MarkStackSize                            = 4194304                                   {product} {ergonomic}
   size_t MarkStackSizeMax                         = 536870912                                 {product} {ergonomic}
   size_t MaxHeapSize                              = 2116026368                                {product} {ergonomic}
   size_t MaxNewSize                               = 1268776960                                {product} {ergonomic}
   size_t MinHeapDeltaBytes                        = 1048576                                   {product} {ergonomic}
   size_t MinHeapSize                              = 8388608                                   {product} {ergonomic}
    uintx NonNMethodCodeHeapSize                   = 5832704                                {pd product} {ergonomic}
    uintx NonProfiledCodeHeapSize                  = 122945536                              {pd product} {ergonomic}
    uintx ProfiledCodeHeapSize                     = 122880000                              {pd product} {ergonomic}
    uintx ReservedCodeCacheSize                    = 251658240                              {pd product} {ergonomic}
     bool SegmentedCodeCache                       = true                                      {product} {ergonomic}
   size_t SoftMaxHeapSize                          = 2116026368                             {manageable} {ergonomic}
     bool UseCompressedOops                        = true                           {product lp64_product} {ergonomic}
     bool UseG1GC                                  = true                                      {product} {ergonomic}
     bool UseLargePagesIndividualAllocation        = false                                  {pd product} {ergonomic}

Logging:
Log output configuration:
 #0: stdout all=warning uptime,level,tags foldmultilines=false
 #1: stderr all=off uptime,level,tags foldmultilines=false

Environment Variables:
PATH=C:\Program Files\Common Files\Oracle\Java\javapath;C:\Program Files\Microsoft\jdk-11.0.16.101-hotspot\bin;C:\WINDOWS\system32;C:\WINDOWS;C:\WINDOWS\System32\Wbem;C:\WINDOWS\System32\WindowsPowerShell\v1.0\;C:\WINDOWS\System32\OpenSSH\;C:\xampp\php;C:\ProgramData\chocolatey\bin;C:\Python311;C:\Program Files\nodejs\;C:\Program Files\dotnet\;C:\Program Files (x86)\Git\cmd;C:\Users\Harit Saxena\.cargo\bin;C:\Users\Harit Saxena\AppData\Local\Microsoft\WindowsApps;C:\Users\Harit Saxena\AppData\Roaming\Composer\vendor\bin;C:\Users\Harit Saxena\AppData\Roaming\npm;C:\Users\Harit Saxena\AppData\Local\Programs\Microsoft VS Code\bin;C:\Users\Harit Saxena\.dotnet\tools;C:\Users\Harit Saxena\AppData\Local\Programs\Python\Python311;C:\Users\Harit Saxena\AppData\Local\Programs\Python\Python311\Scripts;;C:\Program Files\JetBrains\IntelliJ IDEA Community Edition 2024.3.3\bin;
USERNAME=Harit Saxena
OS=Windows_NT
PROCESSOR_IDENTIFIER=Intel64 Family 6 Model 142 Stepping 9, GenuineIntel
TMP=C:\Users\HARITS~1\AppData\Local\Temp
TEMP=C:\Users\HARITS~1\AppData\Local\Temp




Periodic native trim disabled

---------------  S Y S T E M  ---------------

OS:
 Windows 10 , 64 bit Build 19041 (10.0.19041.5438)
OS uptime: 0 days 1:33 hours

CPU: total 4 (initial active 4) (2 cores per cpu, 2 threads per core) family 6 model 142 stepping 9 microcode 0xea, cx8, cmov, fxsr, ht, mmx, 3dnowpref, sse, sse2, sse3, ssse3, sse4.1, sse4.2, popcnt, lzcnt, tsc, tscinvbit, avx, avx2, aes, erms, clmul, bmi1, bmi2, adx, fma, vzeroupper, clflush, clflushopt, rdtscp, f16c
Processor Information for processor 0
  Max Mhz: 2712, Current Mhz: 2511, Mhz Limit: 2495
Processor Information for processor 1
  Max Mhz: 2712, Current Mhz: 1406, Mhz Limit: 2495
Processor Information for processor 2
  Max Mhz: 2712, Current Mhz: 2511, Mhz Limit: 2495
Processor Information for processor 3
  Max Mhz: 2712, Current Mhz: 2511, Mhz Limit: 2495

Memory: 4k page, system-wide physical 8067M (1229M free)
TotalPageFile size 12675M (AvailPageFile size 4908M)
current process WorkingSet (physical memory assigned to process): 108M, peak: 108M
current process commit charge ("private bytes"): 236M, peak: 236M

vm_info: Java HotSpot(TM) 64-Bit Server VM (23.0.2+7-58) for windows-amd64 JRE (23.0.2+7-58), built on 2024-11-29T09:34:55Z with MS VC++ 17.6 (VS2022)

END.
