#
# A fatal error has been detected by the Java Runtime Environment:
#
#  EXCEPTION_ACCESS_VIOLATION (0xc0000005) at pc=0x00007ffd7ffc723b, pid=2776, tid=12968
#
# JRE version: Java(TM) SE Runtime Environment (23.0.2+7) (build 23.0.2+7-58)
# Java VM: Java HotSpot(TM) 64-Bit Server VM (23.0.2+7-58, mixed mode, sharing, tiered, compressed oops, compressed class ptrs, g1 gc, windows-amd64)
# Problematic frame:
# V  [jvm.dll+0x60723b]
#
# No core dump will be written. Minidumps are not enabled by default on client versions of Windows
#
# If you would like to submit a bug report, please visit:
#   https://bugreport.java.com/bugreport/crash.jsp
#

---------------  S U M M A R Y ------------

Command Line: -javaagent:C:\Program Files\JetBrains\IntelliJ IDEA Community Edition 2024.3.3\lib\idea_rt.jar=64519:C:\Program Files\JetBrains\IntelliJ IDEA Community Edition 2024.3.3\bin -Dfile.encoding=UTF-8 -Dsun.stdout.encoding=UTF-8 -Dsun.stderr.encoding=UTF-8 com.example.greetingApp.GreetingAppApplication

Host: Intel(R) Core(TM) i5-7200U CPU @ 2.50GHz, 4 cores, 7G,  Windows 10 , 64 bit Build 19041 (10.0.19041.5438)
Time: Mon Mar  3 16:31:04 2025 India Standard Time elapsed time: 13.207171 seconds (0d 0h 0m 13s)

---------------  T H R E A D  ---------------

Current thread (0x000001e013cb18e0):  JavaThread "C2 CompilerThread0" daemon [_thread_in_native, id=12968, stack(0x0000002c8b900000,0x0000002c8ba00000) (1024K)]


Current CompileTask:
C2:13207 5116       4       org.springframework.core.ResolvableType::forType (112 bytes)

Stack: [0x0000002c8b900000,0x0000002c8ba00000],  sp=0x0000002c8b9fc130,  free space=1008k
Native frames: (J=compiled Java code, j=interpreted, Vv=VM code, C=native code)
V  [jvm.dll+0x60723b]  (no source info available)
V  [jvm.dll+0x60683a]  (no source info available)
V  [jvm.dll+0x24def2]  (no source info available)
V  [jvm.dll+0x24e2d5]  (no source info available)
V  [jvm.dll+0x246c54]  (no source info available)
V  [jvm.dll+0x243e04]  (no source info available)
V  [jvm.dll+0x1c34b0]  (no source info available)
V  [jvm.dll+0x253df1]  (no source info available)
V  [jvm.dll+0x2520aa]  (no source info available)
V  [jvm.dll+0x3ee226]  (no source info available)
V  [jvm.dll+0x8254cb]  (no source info available)
V  [jvm.dll+0x6df345]  (no source info available)
C  [ucrtbase.dll+0x21bb2]  (no source info available)
C  [KERNEL32.DLL+0x17374]  (no source info available)
C  [ntdll.dll+0x4cc91]  (no source info available)


siginfo: EXCEPTION_ACCESS_VIOLATION (0xc0000005), reading address 0xffffffffffffffff


Registers:
RAX=0x000001e05ddc5000, RBX=0x0000000000000df2, RCX=0x0000000000000df2, RDX=0x0000000000004000
RSP=0x0000002c8b9fc130, RBP=0x0000002c8b9fc360, RSI=0x000001e05b429400, RDI=0x8000000000000000
R8 =0x0000000000000010, R9 =0x0000000000000010, R10=0x0000000000000001, R11=0x00007ffdd21b1b61
R12=0x0000000000000000, R13=0x0000002c8b9fc1c0, R14=0x0000000000000003, R15=0x0000002c8b9fc1e0
RIP=0x00007ffd7ffc723b, EFLAGS=0x0000000000010286


Register to memory mapping:

RAX=0x000001e05ddc5000 points into unknown readable memory: 0x000001e05d232858 | 58 28 23 5d e0 01 00 00
RBX=0x0000000000000df2 is an unknown value
RCX=0x0000000000000df2 is an unknown value
RDX=0x0000000000004000 is an unknown value
RSP=0x0000002c8b9fc130 is pointing into the stack for thread: 0x000001e013cb18e0
RBP=0x0000002c8b9fc360 is pointing into the stack for thread: 0x000001e013cb18e0
RSI=0x000001e05b429400 points into unknown readable memory: 0x00007ffd8037c560 | 60 c5 37 80 fd 7f 00 00
RDI=0x8000000000000000 is an unknown value
R8 =0x0000000000000010 is an unknown value
R9 =0x0000000000000010 is an unknown value
R10=0x0000000000000001 is an unknown value
R11=0x00007ffdd21b1b61 VCRUNTIME140.dll
R12=0x0 is null
R13=0x0000002c8b9fc1c0 is pointing into the stack for thread: 0x000001e013cb18e0
R14=0x0000000000000003 is an unknown value
R15=0x0000002c8b9fc1e0 is pointing into the stack for thread: 0x000001e013cb18e0

Top of Stack: (sp=0x0000002c8b9fc130)
0x0000002c8b9fc130:   0000002c8b9fc360 000001e05b4270a8
0x0000002c8b9fc140:   0000002c8b9fc200 00007ffd802270be
0x0000002c8b9fc150:   000001e013ca3910 000001e0777b8850
0x0000002c8b9fc160:   0000002c8b9fc360 0000000000000001
0x0000002c8b9fc170:   0000000000000000 000001e013ca3900
0x0000002c8b9fc180:   0000002c8b9fc290 00007ffd7ffc683a
0x0000002c8b9fc190:   0000000000000000 0000002c8b9fc1e0
0x0000002c8b9fc1a0:   0000002c00000003 0000002c8b9fc200
0x0000002c8b9fc1b0:   000001e013cb18e0 000001e014476fa8
0x0000002c8b9fc1c0:   000001e013c87040 00007ffd00000100
0x0000002c8b9fc1d0:   000001e05c4354c0 0000002c00000057
0x0000002c8b9fc1e0:   0000000000000200 000001e05c435cc0
0x0000002c8b9fc1f0:   0000000000000200 000001e013c87040
0x0000002c8b9fc200:   000001e05d67c600 000001e05d6864e0
0x0000002c8b9fc210:   000001e05d67c610 000001e013c87040
0x0000002c8b9fc220:   0000000000000000 0000000000000000
0x0000002c8b9fc230:   0000000000007fd8 00000000000032a8
0x0000002c8b9fc240:   00007ffd805a3110 00007ffddae16a2d
0x0000002c8b9fc250:   0000002c8b9fc310 00007ffd801f84e0
0x0000002c8b9fc260:   0000000000000000 0000000000000224
0x0000002c8b9fc270:   000001e013c87040 00007ffd00000004
0x0000002c8b9fc280:   000001e05ca19160 000001e000000000
0x0000002c8b9fc290:   0000000000000001 00007ffd801f8a3c
0x0000002c8b9fc2a0:   000001e05b064bf8 0000000000000001
0x0000002c8b9fc2b0:   000001e05d2327f0 00007ffd8007cd8e
0x0000002c8b9fc2c0:   0000000200000001 000001e05d2327f0
0x0000002c8b9fc2d0:   0000000000000000 00007ffd7fc4c24a
0x0000002c8b9fc2e0:   0000002c8b9fc7a0 00007ffd800c8738
0x0000002c8b9fc2f0:   000001e05d65c5e0 000001e013ca3930
0x0000002c8b9fc300:   0000000000000000 000001e05d232800
0x0000002c8b9fc310:   0000002c8b9fc7a0 000001e013ca3980
0x0000002c8b9fc320:   000001e05d22f2d0 000001e013c87040 

Instructions: (pc=0x00007ffd7ffc723b)
0x00007ffd7ffc713b:   48 8d 15 7e fb 43 00 48 8b 8b 60 01 00 00 e8 82
0x00007ffd7ffc714b:   f4 bd ff 48 8d 15 6b fb 43 00 48 8b cb e8 e3 80
0x00007ffd7ffc715b:   c4 ff 48 81 c4 78 01 00 00 41 5f 41 5e 5f 5e 5b
0x00007ffd7ffc716b:   5d c3 4c 8d 0d dc e0 3e 00 ba d0 03 00 00 4c 8d
0x00007ffd7ffc717b:   05 e0 e0 3e 00 48 8d 0d d9 d7 3d 00 e8 a4 3d c7
0x00007ffd7ffc718b:   ff cc cc cc cc 4c 8b dc 4d 89 4b 20 49 89 53 10
0x00007ffd7ffc719b:   55 41 55 41 57 48 83 ec 40 41 8b 40 18 4d 8b e8
0x00007ffd7ffc71ab:   4c 8b fa 48 8b e9 85 c0 0f 84 84 03 00 00 49 89
0x00007ffd7ffc71bb:   5b 08 49 89 73 e0 49 89 7b d8 4d 89 63 d0 4d 89
0x00007ffd7ffc71cb:   73 c8 0f 1f 00 ff c8 41 89 45 18 8b c8 49 8b 45
0x00007ffd7ffc71db:   10 48 8b 34 c8 45 33 e4 44 8b 76 18 44 89 74 24
0x00007ffd7ffc71eb:   70 45 85 e4 0f 85 8a 01 00 00 8b 46 28 3b 45 20
0x00007ffd7ffc71fb:   0f 83 7e 01 00 00 8b c8 48 8b 45 28 48 8b 14 c8
0x00007ffd7ffc720b:   48 85 d2 0f 84 6b 01 00 00 f6 c2 01 0f 85 62 01
0x00007ffd7ffc721b:   00 00 0f 1f 00 8b 5e 28 8b 55 20 3b da 73 0d 48
0x00007ffd7ffc722b:   8b 45 28 48 8b 3c d8 48 85 ff 75 04 48 8b 7d 40
0x00007ffd7ffc723b:   48 83 7f 18 00 75 1c 4c 8b 37 3b da 72 0b 8b d3
0x00007ffd7ffc724b:   48 8d 4d 18 e8 2c 59 0b 00 48 8b 45 28 4c 89 34
0x00007ffd7ffc725b:   d8 eb c2 80 7d 60 00 0f 85 12 01 00 00 48 83 7d
0x00007ffd7ffc726b:   58 00 0f 85 07 01 00 00 f6 47 5a 04 0f 84 fd 00
0x00007ffd7ffc727b:   00 00 48 8b 06 48 8b ce ff 10 3d 2d 01 00 00 0f
0x00007ffd7ffc728b:   85 ea 00 00 00 8b 46 28 3b 45 20 73 0f 8b c8 48
0x00007ffd7ffc729b:   8b 45 28 4c 8b 0c c8 4d 85 c9 75 04 4c 8b 4d 40
0x00007ffd7ffc72ab:   4d 8b 09 4d 85 c9 74 35 49 8b 49 68 48 85 c9 74
0x00007ffd7ffc72bb:   24 8b 51 18 33 c0 85 d2 74 1b 4c 8b 41 10 0f 1f
0x00007ffd7ffc72cb:   80 00 00 00 00 49 3b 34 c0 0f 84 a0 00 00 00 ff
0x00007ffd7ffc72db:   c0 3b c2 72 f0 4d 8b 09 4d 85 c9 75 cb 48 8b 46
0x00007ffd7ffc72eb:   08 48 8b d6 48 8b cd 4c 8b 30 4d 8b c6 e8 b3 98
0x00007ffd7ffc72fb:   ff ff 48 8b 4f 60 48 85 c9 74 08 48 8b d6 e8 52
0x00007ffd7ffc730b:   71 0b 00 41 8b 7e 28 8b df c1 eb 05 41 3b 1f 72
0x00007ffd7ffc731b:   0a 8b d3 49 8b cf e8 2a fd 25 00 49 8b 47 08 83
0x00007ffd7ffc732b:   e7 1f 48 8d 14 98 40 0f b6 cf 41 b8 01 00 00 00 


Stack slot to memory mapping:

stack at sp + 0 slots: 0x0000002c8b9fc360 is pointing into the stack for thread: 0x000001e013cb18e0
stack at sp + 1 slots: 0x000001e05b4270a8 points into unknown readable memory: 0x00007ffd80378498 | 98 84 37 80 fd 7f 00 00
stack at sp + 2 slots: 0x0000002c8b9fc200 is pointing into the stack for thread: 0x000001e013cb18e0
stack at sp + 3 slots: 0x00007ffd802270be jvm.dll
stack at sp + 4 slots: 0x000001e013ca3910 points into unknown readable memory: 0x0000000000000000 | 00 00 00 00 00 00 00 00
stack at sp + 5 slots: 0x000001e0777b8850 points into unknown readable memory: 0x00007ffd803ba0f8 | f8 a0 3b 80 fd 7f 00 00
stack at sp + 6 slots: 0x0000002c8b9fc360 is pointing into the stack for thread: 0x000001e013cb18e0
stack at sp + 7 slots: 0x0000000000000001 is an unknown value

Lock stack of current Java thread (top to bottom):


---------------  P R O C E S S  ---------------

Threads class SMR info:
_java_thread_list=0x000001e05ca5a180, length=20, elements={
0x000001e0755ad9c0, 0x000001e013c96460, 0x000001e013c97380, 0x000001e013c9d070,
0x000001e013c9dd50, 0x000001e013ca47e0, 0x000001e013ca8740, 0x000001e013cb18e0,
0x000001e013cb2390, 0x000001e013c6f630, 0x000001e0593f96a0, 0x000001e05953af20,
0x000001e0597b17a0, 0x000001e0597b1e10, 0x000001e05a83d600, 0x000001e05a83dc90,
0x000001e05a83a810, 0x000001e05a83c250, 0x000001e05a83aea0, 0x000001e05b556340
}

Java Threads: ( => current thread )
  0x000001e0755ad9c0 JavaThread "main"                              [_thread_blocked, id=7932, stack(0x0000002c8ab00000,0x0000002c8ac00000) (1024K)]
  0x000001e013c96460 JavaThread "Reference Handler"          daemon [_thread_blocked, id=6420, stack(0x0000002c8b300000,0x0000002c8b400000) (1024K)]
  0x000001e013c97380 JavaThread "Finalizer"                  daemon [_thread_blocked, id=12840, stack(0x0000002c8b400000,0x0000002c8b500000) (1024K)]
  0x000001e013c9d070 JavaThread "Signal Dispatcher"          daemon [_thread_blocked, id=9296, stack(0x0000002c8b500000,0x0000002c8b600000) (1024K)]
  0x000001e013c9dd50 JavaThread "Attach Listener"            daemon [_thread_blocked, id=10636, stack(0x0000002c8b600000,0x0000002c8b700000) (1024K)]
  0x000001e013ca47e0 JavaThread "Service Thread"             daemon [_thread_blocked, id=5600, stack(0x0000002c8b700000,0x0000002c8b800000) (1024K)]
  0x000001e013ca8740 JavaThread "Monitor Deflation Thread"   daemon [_thread_blocked, id=14080, stack(0x0000002c8b800000,0x0000002c8b900000) (1024K)]
=>0x000001e013cb18e0 JavaThread "C2 CompilerThread0"         daemon [_thread_in_native, id=12968, stack(0x0000002c8b900000,0x0000002c8ba00000) (1024K)]
  0x000001e013cb2390 JavaThread "C1 CompilerThread0"         daemon [_thread_in_native, id=6320, stack(0x0000002c8ba00000,0x0000002c8bb00000) (1024K)]
  0x000001e013c6f630 JavaThread "Common-Cleaner"             daemon [_thread_blocked, id=8104, stack(0x0000002c8bb00000,0x0000002c8bc00000) (1024K)]
  0x000001e0593f96a0 JavaThread "Monitor Ctrl-Break"         daemon [_thread_in_native, id=11856, stack(0x0000002c8bc00000,0x0000002c8bd00000) (1024K)]
  0x000001e05953af20 JavaThread "Notification Thread"        daemon [_thread_blocked, id=2328, stack(0x0000002c8bd00000,0x0000002c8be00000) (1024K)]
  0x000001e0597b17a0 JavaThread "Thread-0"                          [_thread_blocked, id=5716, stack(0x0000002c8c200000,0x0000002c8c300000) (1024K)]
  0x000001e0597b1e10 JavaThread "restartedMain"                     [_thread_in_vm, id=9920, stack(0x0000002c8c300000,0x0000002c8c400000) (1024K)]
  0x000001e05a83d600 JavaThread "Catalina-utility-1"                [_thread_blocked, id=8696, stack(0x0000002c8be00000,0x0000002c8bf00000) (1024K)]
  0x000001e05a83dc90 JavaThread "Catalina-utility-2"                [_thread_blocked, id=8136, stack(0x0000002c8c500000,0x0000002c8c600000) (1024K)]
  0x000001e05a83a810 JavaThread "container-0"                       [_thread_blocked, id=5756, stack(0x0000002c8c600000,0x0000002c8c700000) (1024K)]
  0x000001e05a83c250 JavaThread "HikariPool-1 housekeeper"   daemon [_thread_blocked, id=5592, stack(0x0000002c8c700000,0x0000002c8c800000) (1024K)]
  0x000001e05a83aea0 JavaThread "HikariPool-1 connection adder" daemon [_thread_blocked, id=12540, stack(0x0000002c8c800000,0x0000002c8c900000) (1024K)]
  0x000001e05b556340 JavaThread "C2 CompilerThread1"         daemon [_thread_in_vm, id=13344, stack(0x0000002c8c400000,0x0000002c8c500000) (1024K)]
Total: 20

Other Threads:
  0x000001e013c7e920 VMThread "VM Thread"                           [id=11160, stack(0x0000002c8b200000,0x0000002c8b300000) (1024K)]
  0x000001e013c6d7c0 WatcherThread "VM Periodic Task Thread"        [id=12556, stack(0x0000002c8b100000,0x0000002c8b200000) (1024K)]
  0x000001e07780e040 WorkerThread "GC Thread#0"                     [id=888, stack(0x0000002c8ac00000,0x0000002c8ad00000) (1024K)]
  0x000001e059f67620 WorkerThread "GC Thread#1"                     [id=12184, stack(0x0000002c8bf00000,0x0000002c8c000000) (1024K)]
  0x000001e059f679d0 WorkerThread "GC Thread#2"                     [id=1624, stack(0x0000002c8c000000,0x0000002c8c100000) (1024K)]
  0x000001e0598addd0 WorkerThread "GC Thread#3"                     [id=1344, stack(0x0000002c8c100000,0x0000002c8c200000) (1024K)]
  0x000001e07566e840 ConcurrentGCThread "G1 Main Marker"            [id=11860, stack(0x0000002c8ad00000,0x0000002c8ae00000) (1024K)]
  0x000001e07785d400 WorkerThread "G1 Conc#0"                       [id=8636, stack(0x0000002c8ae00000,0x0000002c8af00000) (1024K)]
  0x000001e013b2fee0 ConcurrentGCThread "G1 Refine#0"               [id=916, stack(0x0000002c8af00000,0x0000002c8b000000) (1024K)]
  0x000001e013b31880 ConcurrentGCThread "G1 Service"                [id=5000, stack(0x0000002c8b000000,0x0000002c8b100000) (1024K)]
Total: 10

Threads with active compile tasks:
C2 CompilerThread0  13561 5116       4       org.springframework.core.ResolvableType::forType (112 bytes)
C2 CompilerThread1  13561 5145   !   4       org.springframework.core.annotation.AnnotationsScanner::processMethodHierarchy (276 bytes)
Total: 2

VM state: not at safepoint (normal execution)

VM Mutex/Monitor currently owned by a thread: None

Heap address: 0x0000000081e00000, size: 2018 MB, Compressed Oops mode: 32-bit

CDS archive(s) mapped at: [0x000001e014000000-0x000001e014d70000-0x000001e014d70000), size 14090240, SharedBaseAddress: 0x000001e014000000, ArchiveRelocationMode: 1.
Compressed class space mapped at: 0x000001e015000000-0x000001e055000000, reserved size: 1073741824
Narrow klass base: 0x000001e014000000, Narrow klass shift: 0, Narrow klass range: 0x41000000

GC Precious Log:
 CardTable entry size: 512
 Card Set container configuration: InlinePtr #cards 5 size 8 Array Of Cards #cards 10 size 36 Howl #buckets 4 coarsen threshold 1843 Howl Bitmap #cards 512 size 80 coarsen threshold 460 Card regions per heap region 1 cards per card region 2048
 CPUs: 4 total, 4 available
 Memory: 8067M
 Large Page Support: Disabled
 NUMA Support: Disabled
 Compressed Oops: Enabled (32-bit)
 Heap Region Size: 1M
 Heap Min Capacity: 8M
 Heap Initial Capacity: 128M
 Heap Max Capacity: 2018M
 Pre-touch: Disabled
 Parallel Workers: 4
 Concurrent Workers: 1
 Concurrent Refinement Workers: 4
 Periodic GC: Disabled

Heap:
 garbage-first heap   total reserved 2066432K, committed 51200K, used 39070K [0x0000000081e00000, 0x0000000100000000)
  region size 1024K, 18 young (18432K), 3 survivors (3072K)
 Metaspace       used 59298K, committed 59968K, reserved 1114112K
  class space    used 8202K, committed 8512K, reserved 1048576K

Heap Regions: E=young(eden), S=young(survivor), O=old, HS=humongous(starts), HC=humongous(continues), CS=collection set, F=free, TAMS=top-at-mark-start, PB=parsable bottom
|   0|0x0000000081e00000, 0x0000000081f00000, 0x0000000081f00000|100%|HS|  |TAMS 0x0000000081e00000| PB 0x0000000081e00000| Complete |  0
|   1|0x0000000081f00000, 0x0000000082000000, 0x0000000082000000|100%|HS|  |TAMS 0x0000000081f00000| PB 0x0000000081f00000| Complete |  0
|   2|0x0000000082000000, 0x0000000082100000, 0x0000000082100000|100%| O|  |TAMS 0x0000000082000000| PB 0x0000000082000000| Untracked |  0
|   3|0x0000000082100000, 0x0000000082200000, 0x0000000082200000|100%| O|  |TAMS 0x0000000082100000| PB 0x0000000082100000| Untracked |  0
|   4|0x0000000082200000, 0x0000000082300000, 0x0000000082300000|100%| O|  |TAMS 0x0000000082200000| PB 0x0000000082200000| Untracked |  0
|   5|0x0000000082300000, 0x0000000082400000, 0x0000000082400000|100%| O|  |TAMS 0x0000000082300000| PB 0x0000000082300000| Untracked |  0
|   6|0x0000000082400000, 0x0000000082500000, 0x0000000082500000|100%| O|  |TAMS 0x0000000082400000| PB 0x0000000082400000| Untracked |  0
|   7|0x0000000082500000, 0x0000000082600000, 0x0000000082600000|100%| O|  |TAMS 0x0000000082500000| PB 0x0000000082500000| Untracked |  0
|   8|0x0000000082600000, 0x0000000082700000, 0x0000000082700000|100%| O|  |TAMS 0x0000000082600000| PB 0x0000000082600000| Untracked |  0
|   9|0x0000000082700000, 0x0000000082800000, 0x0000000082800000|100%| O|  |TAMS 0x0000000082700000| PB 0x0000000082700000| Untracked |  0
|  10|0x0000000082800000, 0x0000000082900000, 0x0000000082900000|100%| O|  |TAMS 0x0000000082800000| PB 0x0000000082800000| Untracked |  0
|  11|0x0000000082900000, 0x0000000082a00000, 0x0000000082a00000|100%| O|  |TAMS 0x0000000082900000| PB 0x0000000082900000| Untracked |  0
|  12|0x0000000082a00000, 0x0000000082b00000, 0x0000000082b00000|100%| O|  |TAMS 0x0000000082a00000| PB 0x0000000082a00000| Untracked |  0
|  13|0x0000000082b00000, 0x0000000082c00000, 0x0000000082c00000|100%| O|  |TAMS 0x0000000082b00000| PB 0x0000000082b00000| Untracked |  0
|  14|0x0000000082c00000, 0x0000000082d00000, 0x0000000082d00000|100%| O|  |TAMS 0x0000000082c00000| PB 0x0000000082c00000| Untracked |  0
|  15|0x0000000082d00000, 0x0000000082e00000, 0x0000000082e00000|100%| O|  |TAMS 0x0000000082d00000| PB 0x0000000082d00000| Untracked |  0
|  16|0x0000000082e00000, 0x0000000082f00000, 0x0000000082f00000|100%| O|  |TAMS 0x0000000082e00000| PB 0x0000000082e00000| Untracked |  0
|  17|0x0000000082f00000, 0x0000000083000000, 0x0000000083000000|100%| O|  |TAMS 0x0000000082f00000| PB 0x0000000082f00000| Untracked |  0
|  18|0x0000000083000000, 0x0000000083100000, 0x0000000083100000|100%| O|  |TAMS 0x0000000083000000| PB 0x0000000083000000| Untracked |  0
|  19|0x0000000083100000, 0x0000000083200000, 0x0000000083200000|100%| O|  |TAMS 0x0000000083100000| PB 0x0000000083100000| Untracked |  0
|  20|0x0000000083200000, 0x0000000083300000, 0x0000000083300000|100%| O|  |TAMS 0x0000000083200000| PB 0x0000000083200000| Untracked |  0
|  21|0x0000000083300000, 0x00000000833ce6c8, 0x0000000083400000| 80%| O|  |TAMS 0x0000000083300000| PB 0x0000000083300000| Untracked |  0
|  22|0x0000000083400000, 0x0000000083400000, 0x0000000083500000|  0%| F|  |TAMS 0x0000000083400000| PB 0x0000000083400000| Untracked |  0
|  23|0x0000000083500000, 0x0000000083500000, 0x0000000083600000|  0%| F|  |TAMS 0x0000000083500000| PB 0x0000000083500000| Untracked |  0
|  24|0x0000000083600000, 0x0000000083600000, 0x0000000083700000|  0%| F|  |TAMS 0x0000000083600000| PB 0x0000000083600000| Untracked |  0
|  25|0x0000000083700000, 0x0000000083759280, 0x0000000083800000| 34%| S|CS|TAMS 0x0000000083700000| PB 0x0000000083700000| Complete |  0
|  26|0x0000000083800000, 0x0000000083900000, 0x0000000083900000|100%| S|CS|TAMS 0x0000000083800000| PB 0x0000000083800000| Complete |  0
|  27|0x0000000083900000, 0x0000000083900000, 0x0000000083a00000|  0%| F|  |TAMS 0x0000000083900000| PB 0x0000000083900000| Untracked |  0
|  28|0x0000000083a00000, 0x0000000083b00000, 0x0000000083b00000|100%| S|CS|TAMS 0x0000000083a00000| PB 0x0000000083a00000| Complete |  0
|  29|0x0000000083b00000, 0x0000000083b00000, 0x0000000083c00000|  0%| F|  |TAMS 0x0000000083b00000| PB 0x0000000083b00000| Untracked |  0
|  30|0x0000000083c00000, 0x0000000083c00000, 0x0000000083d00000|  0%| F|  |TAMS 0x0000000083c00000| PB 0x0000000083c00000| Untracked |  0
|  31|0x0000000083d00000, 0x0000000083d00000, 0x0000000083e00000|  0%| F|  |TAMS 0x0000000083d00000| PB 0x0000000083d00000| Untracked |  0
|  32|0x0000000083e00000, 0x0000000083e00000, 0x0000000083f00000|  0%| F|  |TAMS 0x0000000083e00000| PB 0x0000000083e00000| Untracked |  0
|  33|0x0000000083f00000, 0x0000000083f00000, 0x0000000084000000|  0%| F|  |TAMS 0x0000000083f00000| PB 0x0000000083f00000| Untracked |  0
|  34|0x0000000084000000, 0x0000000084000000, 0x0000000084100000|  0%| F|  |TAMS 0x0000000084000000| PB 0x0000000084000000| Untracked |  0
|  35|0x0000000084100000, 0x00000000841c5a70, 0x0000000084200000| 77%| E|  |TAMS 0x0000000084100000| PB 0x0000000084100000| Complete |  0
|  36|0x0000000084200000, 0x0000000084300000, 0x0000000084300000|100%| E|CS|TAMS 0x0000000084200000| PB 0x0000000084200000| Complete |  0
|  37|0x0000000084300000, 0x0000000084400000, 0x0000000084400000|100%| E|CS|TAMS 0x0000000084300000| PB 0x0000000084300000| Complete |  0
|  38|0x0000000084400000, 0x0000000084500000, 0x0000000084500000|100%| E|CS|TAMS 0x0000000084400000| PB 0x0000000084400000| Complete |  0
|  39|0x0000000084500000, 0x0000000084600000, 0x0000000084600000|100%| E|CS|TAMS 0x0000000084500000| PB 0x0000000084500000| Complete |  0
|  40|0x0000000084600000, 0x0000000084700000, 0x0000000084700000|100%| E|CS|TAMS 0x0000000084600000| PB 0x0000000084600000| Complete |  0
|  41|0x0000000084700000, 0x0000000084800000, 0x0000000084800000|100%| E|CS|TAMS 0x0000000084700000| PB 0x0000000084700000| Complete |  0
|  42|0x0000000084800000, 0x0000000084900000, 0x0000000084900000|100%| E|CS|TAMS 0x0000000084800000| PB 0x0000000084800000| Complete |  0
|  43|0x0000000084900000, 0x0000000084a00000, 0x0000000084a00000|100%| E|CS|TAMS 0x0000000084900000| PB 0x0000000084900000| Complete |  0
|  44|0x0000000084a00000, 0x0000000084b00000, 0x0000000084b00000|100%| E|CS|TAMS 0x0000000084a00000| PB 0x0000000084a00000| Complete |  0
|  97|0x0000000087f00000, 0x0000000088000000, 0x0000000088000000|100%| E|CS|TAMS 0x0000000087f00000| PB 0x0000000087f00000| Complete |  0
|  98|0x0000000088000000, 0x0000000088100000, 0x0000000088100000|100%| E|CS|TAMS 0x0000000088000000| PB 0x0000000088000000| Complete |  0
|  99|0x0000000088100000, 0x0000000088200000, 0x0000000088200000|100%| E|CS|TAMS 0x0000000088100000| PB 0x0000000088100000| Complete |  0
| 100|0x0000000088200000, 0x0000000088300000, 0x0000000088300000|100%| E|CS|TAMS 0x0000000088200000| PB 0x0000000088200000| Complete |  0
| 127|0x0000000089d00000, 0x0000000089e00000, 0x0000000089e00000|100%| E|CS|TAMS 0x0000000089d00000| PB 0x0000000089d00000| Complete |  0

Card table byte_map: [0x000001e00f400000,0x000001e00f800000] _byte_map_base: 0x000001e00eff1000

Marking Bits: (CMBitMap*) 0x000001e07780f760
 Bits: [0x000001e00f800000, 0x000001e011788000)

Polling page: 0x000001e076f70000

Metaspace:

Usage:
  Non-class:     49.91 MB used.
      Class:      8.01 MB used.
       Both:     57.92 MB used.

Virtual space:
  Non-class space:       64.00 MB reserved,      50.25 MB ( 79%) committed,  1 nodes.
      Class space:        1.00 GB reserved,       8.31 MB ( <1%) committed,  1 nodes.
             Both:        1.06 GB reserved,      58.56 MB (  5%) committed. 

Chunk freelists:
   Non-Class:  13.75 MB
       Class:  7.61 MB
        Both:  21.36 MB

MaxMetaspaceSize: unlimited
CompressedClassSpaceSize: 1.00 GB
Initial GC threshold: 21.00 MB
Current GC threshold: 58.69 MB
CDS: on
 - commit_granule_bytes: 65536.
 - commit_granule_words: 8192.
 - virtual_space_node_default_size: 8388608.
 - enlarge_chunks_in_place: 1.
 - use_allocation_guard: 0.


Internal statistics:

num_allocs_failed_limit: 6.
num_arena_births: 830.
num_arena_deaths: 0.
num_vsnodes_births: 2.
num_vsnodes_deaths: 0.
num_space_committed: 937.
num_space_uncommitted: 0.
num_chunks_returned_to_freelist: 6.
num_chunks_taken_from_freelist: 2991.
num_chunk_merges: 6.
num_chunk_splits: 2140.
num_chunks_enlarged: 1633.
num_inconsistent_stats: 0.

CodeHeap 'non-profiled nmethods': size=120064Kb used=2279Kb max_used=2279Kb free=117784Kb
 bounds [0x000001e007ac0000, 0x000001e007d30000, 0x000001e00f000000]
CodeHeap 'profiled nmethods': size=120000Kb used=7794Kb max_used=7794Kb free=112205Kb
 bounds [0x000001e000000000, 0x000001e0007a0000, 0x000001e007530000]
CodeHeap 'non-nmethods': size=5696Kb used=1634Kb max_used=1697Kb free=4061Kb
 bounds [0x000001e007530000, 0x000001e0077a0000, 0x000001e007ac0000]
CodeCache: size=245760Kb, used=11707Kb, max_used=11770Kb, free=234050Kb
 total_blobs=5556, nmethods=4859, adapters=602, full_count=0
Compilation: enabled, stopped_count=0, restarted_count=0

Compilation events (20 events):
Event: 13.172 Thread 0x000001e013cb2390 5167   !   3       jdk.proxy1.$Proxy0::annotationType (28 bytes)
Event: 13.172 Thread 0x000001e013cb2390 nmethod 5167 0x000001e000765708 code [0x000001e000765860, 0x000001e000765c40]
Event: 13.178 Thread 0x000001e013cb2390 5168       3       java.util.stream.ReferencePipeline$7$1FlatMap::cancellationRequested (35 bytes)
Event: 13.178 Thread 0x000001e013cb2390 nmethod 5168 0x000001e000765c88 code [0x000001e000765dc0, 0x000001e000766030]
Event: 13.179 Thread 0x000001e013cb2390 5169       3       java.util.stream.AbstractPipeline::close (42 bytes)
Event: 13.179 Thread 0x000001e013cb2390 nmethod 5169 0x000001e000766088 code [0x000001e0007661c0, 0x000001e000766458]
Event: 13.183 Thread 0x000001e013cb2390 5170   !   3       org.springframework.util.ReflectionUtils::getDeclaredFields (81 bytes)
Event: 13.184 Thread 0x000001e013cb2390 nmethod 5170 0x000001e000766488 code [0x000001e0007666a0, 0x000001e000767108]
Event: 13.187 Thread 0x000001e013cb2390 5171   !   3       java.util.stream.ReferencePipeline$7$1FlatMap::accept (103 bytes)
Event: 13.188 Thread 0x000001e013cb2390 nmethod 5171 0x000001e000767188 code [0x000001e000767380, 0x000001e000768188]
Event: 13.188 Thread 0x000001e013cb2390 5173       3       java.util.stream.MatchOps$MatchOp::evaluateSequential (7 bytes)
Event: 13.188 Thread 0x000001e013cb2390 nmethod 5173 0x000001e000768208 code [0x000001e000768380, 0x000001e0007689a8]
Event: 13.188 Thread 0x000001e013cb2390 5174       3       java.util.stream.MatchOps$MatchOp::evaluateSequential (27 bytes)
Event: 13.189 Thread 0x000001e013cb2390 nmethod 5174 0x000001e000768a08 code [0x000001e000768b60, 0x000001e000769128]
Event: 13.189 Thread 0x000001e013cb2390 5175       3       java.util.stream.MatchOps$BooleanTerminalSink::<init> (21 bytes)
Event: 13.189 Thread 0x000001e013cb2390 nmethod 5175 0x000001e000769188 code [0x000001e0007692a0, 0x000001e000769468]
Event: 13.189 Thread 0x000001e013cb2390 5172       3       java.util.stream.AbstractPipeline::sequential (10 bytes)
Event: 13.189 Thread 0x000001e013cb2390 nmethod 5172 0x000001e000769488 code [0x000001e0007695a0, 0x000001e0007696b8]
Event: 13.189 Thread 0x000001e013cb2390 5176       1       java.util.Spliterators$EmptySpliterator::estimateSize (2 bytes)
Event: 13.189 Thread 0x000001e013cb2390 nmethod 5176 0x000001e007cebf88 code [0x000001e007cec0a0, 0x000001e007cec168]

GC Heap History (20 events):
Event: 4.410 GC heap before
{Heap before GC invocations=2 (full 0):
 garbage-first heap   total reserved 2066432K, committed 131072K, used 40726K [0x0000000081e00000, 0x0000000100000000)
  region size 1024K, 34 young (34816K), 1 survivors (1024K)
 Metaspace       used 16997K, committed 17344K, reserved 1114112K
  class space    used 2111K, committed 2304K, reserved 1048576K
}
Event: 4.417 GC heap after
{Heap after GC invocations=3 (full 0):
 garbage-first heap   total reserved 2066432K, committed 131072K, used 10748K [0x0000000081e00000, 0x0000000100000000)
  region size 1024K, 4 young (4096K), 4 survivors (4096K)
 Metaspace       used 16997K, committed 17344K, reserved 1114112K
  class space    used 2111K, committed 2304K, reserved 1048576K
}
Event: 5.733 GC heap before
{Heap before GC invocations=3 (full 0):
 garbage-first heap   total reserved 2066432K, committed 131072K, used 37372K [0x0000000081e00000, 0x0000000100000000)
  region size 1024K, 31 young (31744K), 4 survivors (4096K)
 Metaspace       used 21193K, committed 21504K, reserved 1114112K
  class space    used 2626K, committed 2752K, reserved 1048576K
}
Event: 5.744 GC heap after
{Heap after GC invocations=4 (full 0):
 garbage-first heap   total reserved 2066432K, committed 131072K, used 14159K [0x0000000081e00000, 0x0000000100000000)
  region size 1024K, 4 young (4096K), 4 survivors (4096K)
 Metaspace       used 21193K, committed 21504K, reserved 1114112K
  class space    used 2626K, committed 2752K, reserved 1048576K
}
Event: 6.900 GC heap before
{Heap before GC invocations=5 (full 0):
 garbage-first heap   total reserved 2066432K, committed 51200K, used 40783K [0x0000000081e00000, 0x0000000100000000)
  region size 1024K, 30 young (30720K), 4 survivors (4096K)
 Metaspace       used 25204K, committed 25600K, reserved 1114112K
  class space    used 3196K, committed 3328K, reserved 1048576K
}
Event: 6.912 GC heap after
{Heap after GC invocations=6 (full 0):
 garbage-first heap   total reserved 2066432K, committed 51200K, used 16218K [0x0000000081e00000, 0x0000000100000000)
  region size 1024K, 3 young (3072K), 3 survivors (3072K)
 Metaspace       used 25204K, committed 25600K, reserved 1114112K
  class space    used 3196K, committed 3328K, reserved 1048576K
}
Event: 7.805 GC heap before
{Heap before GC invocations=6 (full 0):
 garbage-first heap   total reserved 2066432K, committed 51200K, used 36698K [0x0000000081e00000, 0x0000000100000000)
  region size 1024K, 23 young (23552K), 3 survivors (3072K)
 Metaspace       used 29218K, committed 29696K, reserved 1114112K
  class space    used 3779K, committed 3968K, reserved 1048576K
}
Event: 7.817 GC heap after
{Heap after GC invocations=7 (full 0):
 garbage-first heap   total reserved 2066432K, committed 51200K, used 18156K [0x0000000081e00000, 0x0000000100000000)
  region size 1024K, 3 young (3072K), 3 survivors (3072K)
 Metaspace       used 29218K, committed 29696K, reserved 1114112K
  class space    used 3779K, committed 3968K, reserved 1048576K
}
Event: 8.823 GC heap before
{Heap before GC invocations=7 (full 0):
 garbage-first heap   total reserved 2066432K, committed 51200K, used 37612K [0x0000000081e00000, 0x0000000100000000)
  region size 1024K, 23 young (23552K), 3 survivors (3072K)
 Metaspace       used 32969K, committed 33472K, reserved 1114112K
  class space    used 4237K, committed 4480K, reserved 1048576K
}
Event: 8.831 GC heap after
{Heap after GC invocations=8 (full 0):
 garbage-first heap   total reserved 2066432K, committed 51200K, used 19867K [0x0000000081e00000, 0x0000000100000000)
  region size 1024K, 2 young (2048K), 2 survivors (2048K)
 Metaspace       used 32969K, committed 33472K, reserved 1114112K
  class space    used 4237K, committed 4480K, reserved 1048576K
}
Event: 9.091 GC heap before
{Heap before GC invocations=8 (full 0):
 garbage-first heap   total reserved 2066432K, committed 51200K, used 27035K [0x0000000081e00000, 0x0000000100000000)
  region size 1024K, 10 young (10240K), 2 survivors (2048K)
 Metaspace       used 35494K, committed 35968K, reserved 1114112K
  class space    used 4531K, committed 4736K, reserved 1048576K
}
Event: 9.094 GC heap after
{Heap after GC invocations=9 (full 0):
 garbage-first heap   total reserved 2066432K, committed 51200K, used 20517K [0x0000000081e00000, 0x0000000100000000)
  region size 1024K, 1 young (1024K), 1 survivors (1024K)
 Metaspace       used 35494K, committed 35968K, reserved 1114112K
  class space    used 4531K, committed 4736K, reserved 1048576K
}
Event: 10.215 GC heap before
{Heap before GC invocations=10 (full 0):
 garbage-first heap   total reserved 2066432K, committed 51200K, used 40997K [0x0000000081e00000, 0x0000000100000000)
  region size 1024K, 21 young (21504K), 1 survivors (1024K)
 Metaspace       used 40572K, committed 41024K, reserved 1114112K
  class space    used 5319K, committed 5504K, reserved 1048576K
}
Event: 10.219 GC heap after
{Heap after GC invocations=11 (full 0):
 garbage-first heap   total reserved 2066432K, committed 51200K, used 21430K [0x0000000081e00000, 0x0000000100000000)
  region size 1024K, 2 young (2048K), 2 survivors (2048K)
 Metaspace       used 40572K, committed 41024K, reserved 1114112K
  class space    used 5319K, committed 5504K, reserved 1048576K
}
Event: 11.352 GC heap before
{Heap before GC invocations=11 (full 0):
 garbage-first heap   total reserved 2066432K, committed 51200K, used 41910K [0x0000000081e00000, 0x0000000100000000)
  region size 1024K, 22 young (22528K), 2 survivors (2048K)
 Metaspace       used 45584K, committed 46080K, reserved 1114112K
  class space    used 6100K, committed 6336K, reserved 1048576K
}
Event: 11.365 GC heap after
{Heap after GC invocations=12 (full 0):
 garbage-first heap   total reserved 2066432K, committed 51200K, used 22391K [0x0000000081e00000, 0x0000000100000000)
  region size 1024K, 3 young (3072K), 3 survivors (3072K)
 Metaspace       used 45584K, committed 46080K, reserved 1114112K
  class space    used 6100K, committed 6336K, reserved 1048576K
}
Event: 12.183 GC heap before
{Heap before GC invocations=12 (full 0):
 garbage-first heap   total reserved 2066432K, committed 51200K, used 42871K [0x0000000081e00000, 0x0000000100000000)
  region size 1024K, 24 young (24576K), 3 survivors (3072K)
 Metaspace       used 51936K, committed 52544K, reserved 1114112K
  class space    used 7091K, committed 7360K, reserved 1048576K
}
Event: 12.189 GC heap after
{Heap after GC invocations=13 (full 0):
 garbage-first heap   total reserved 2066432K, committed 51200K, used 23196K [0x0000000081e00000, 0x0000000100000000)
  region size 1024K, 2 young (2048K), 2 survivors (2048K)
 Metaspace       used 51936K, committed 52544K, reserved 1114112K
  class space    used 7091K, committed 7360K, reserved 1048576K
}
Event: 12.878 GC heap before
{Heap before GC invocations=13 (full 0):
 garbage-first heap   total reserved 2066432K, committed 51200K, used 44700K [0x0000000081e00000, 0x0000000100000000)
  region size 1024K, 23 young (23552K), 2 survivors (2048K)
 Metaspace       used 56708K, committed 57344K, reserved 1114112K
  class space    used 7822K, committed 8128K, reserved 1048576K
}
Event: 12.886 GC heap after
{Heap after GC invocations=14 (full 0):
 garbage-first heap   total reserved 2066432K, committed 51200K, used 24734K [0x0000000081e00000, 0x0000000100000000)
  region size 1024K, 3 young (3072K), 3 survivors (3072K)
 Metaspace       used 56708K, committed 57344K, reserved 1114112K
  class space    used 7822K, committed 8128K, reserved 1048576K
}

Dll operation events (14 events):
Event: 0.024 Loaded shared library C:\Program Files\Java\jdk-23\bin\java.dll
Event: 0.081 Loaded shared library C:\Program Files\Java\jdk-23\bin\jsvml.dll
Event: 0.316 Loaded shared library C:\Program Files\Java\jdk-23\bin\zip.dll
Event: 0.327 Loaded shared library C:\Program Files\Java\jdk-23\bin\instrument.dll
Event: 0.343 Loaded shared library C:\Program Files\Java\jdk-23\bin\net.dll
Event: 0.348 Loaded shared library C:\Program Files\Java\jdk-23\bin\nio.dll
Event: 0.357 Loaded shared library C:\Program Files\Java\jdk-23\bin\zip.dll
Event: 2.170 Loaded shared library C:\Program Files\JetBrains\IntelliJ IDEA Community Edition 2024.3.3\bin\breakgen64.dll
Event: 2.185 Loaded shared library C:\Program Files\Java\jdk-23\bin\extnet.dll
Event: 2.260 Loaded shared library C:\Program Files\Java\jdk-23\bin\jimage.dll
Event: 2.869 Loaded shared library C:\Program Files\Java\jdk-23\bin\management.dll
Event: 2.874 Loaded shared library C:\Program Files\Java\jdk-23\bin\management_ext.dll
Event: 4.933 Loaded shared library C:\Program Files\Java\jdk-23\bin\sunmscapi.dll
Event: 10.051 Loaded shared library C:\Program Files\Java\jdk-23\bin\verify.dll

Deoptimization events (20 events):
Event: 12.712 Thread 0x000001e0597b1e10 Uncommon trap: trap_request=0xffffff45 fr.pc=0x000001e007cd7188 relative=0x0000000000000168
Event: 12.712 Thread 0x000001e0597b1e10 Uncommon trap: reason=unstable_if action=reinterpret pc=0x000001e007cd7188 method=java.lang.reflect.Method.equals(Ljava/lang/Object;)Z @ 45 c2
Event: 12.712 Thread 0x000001e0597b1e10 DEOPT PACKING pc=0x000001e007cd7188 sp=0x0000002c8c3fbb50
Event: 12.712 Thread 0x000001e0597b1e10 DEOPT UNPACKING pc=0x000001e007584402 sp=0x0000002c8c3fbad8 mode 2
Event: 12.719 Thread 0x000001e0597b1e10 Uncommon trap: trap_request=0xffffff45 fr.pc=0x000001e007bf4b5c relative=0x000000000000005c
Event: 12.719 Thread 0x000001e0597b1e10 Uncommon trap: reason=unstable_if action=reinterpret pc=0x000001e007bf4b5c method=java.lang.Class.componentType()Ljava/lang/Class; @ 4 c2
Event: 12.719 Thread 0x000001e0597b1e10 DEOPT PACKING pc=0x000001e007bf4b5c sp=0x0000002c8c3fbe90
Event: 12.719 Thread 0x000001e0597b1e10 DEOPT UNPACKING pc=0x000001e007584402 sp=0x0000002c8c3fbe20 mode 2
Event: 12.721 Thread 0x000001e0597b1e10 Uncommon trap: trap_request=0xffffff45 fr.pc=0x000001e007c1cfac relative=0x00000000000000ec
Event: 12.721 Thread 0x000001e0597b1e10 Uncommon trap: reason=unstable_if action=reinterpret pc=0x000001e007c1cfac method=org.springframework.core.ResolvableType.resolveClass()Ljava/lang/Class; @ 38 c2
Event: 12.721 Thread 0x000001e0597b1e10 DEOPT PACKING pc=0x000001e007c1cfac sp=0x0000002c8c3fbc80
Event: 12.721 Thread 0x000001e0597b1e10 DEOPT UNPACKING pc=0x000001e007584402 sp=0x0000002c8c3fbc00 mode 2
Event: 12.730 Thread 0x000001e0597b1e10 Uncommon trap: trap_request=0xffffff45 fr.pc=0x000001e007b35388 relative=0x00000000000001e8
Event: 12.730 Thread 0x000001e0597b1e10 Uncommon trap: reason=unstable_if action=reinterpret pc=0x000001e007b35388 method=java.util.ArrayDeque.addLast(Ljava/lang/Object;)V @ 42 c2
Event: 12.730 Thread 0x000001e0597b1e10 DEOPT PACKING pc=0x000001e007b35388 sp=0x0000002c8c3fc5f0
Event: 12.730 Thread 0x000001e0597b1e10 DEOPT UNPACKING pc=0x000001e007584402 sp=0x0000002c8c3fc548 mode 2
Event: 12.773 Thread 0x000001e0597b1e10 Uncommon trap: trap_request=0xffffff45 fr.pc=0x000001e007b2d620 relative=0x0000000000000b60
Event: 12.773 Thread 0x000001e0597b1e10 Uncommon trap: reason=unstable_if action=reinterpret pc=0x000001e007b2d620 method=jdk.internal.classfile.impl.SplitConstantPool.internalAdd(Ljava/lang/classfile/constantpool/PoolEntry;I)Ljava/lang/classfile/constantpool/PoolEntry; @ 18 c2
Event: 12.773 Thread 0x000001e0597b1e10 DEOPT PACKING pc=0x000001e007b2d620 sp=0x0000002c8c3fadb0
Event: 12.773 Thread 0x000001e0597b1e10 DEOPT UNPACKING pc=0x000001e007584402 sp=0x0000002c8c3fad78 mode 2

Classes loaded (20 events):
Event: 12.106 Loading class java/util/ArrayList$ListItr
Event: 12.106 Loading class java/util/ArrayList$ListItr done
Event: 12.175 Loading class java/util/AbstractList$SubList
Event: 12.175 Loading class java/util/AbstractList$SubList done
Event: 12.257 Loading class java/lang/reflect/AnnotatedArrayType
Event: 12.257 Loading class java/lang/reflect/AnnotatedArrayType done
Event: 12.650 Loading class java/util/stream/ReduceOps$5
Event: 12.650 Loading class java/util/stream/ReduceOps$5 done
Event: 12.650 Loading class java/util/stream/ReduceOps$CountingSink$OfRef
Event: 12.651 Loading class java/util/stream/ReduceOps$CountingSink
Event: 12.651 Loading class java/util/stream/ReduceOps$CountingSink done
Event: 12.651 Loading class java/util/stream/ReduceOps$CountingSink$OfRef done
Event: 12.657 Loading class sun/security/provider/SecureRandom
Event: 12.658 Loading class sun/security/provider/SecureRandom done
Event: 12.672 Loading class javax/naming/Reference
Event: 12.672 Loading class javax/naming/Reference done
Event: 12.717 Loading class java/lang/SafeVarargs
Event: 12.717 Loading class java/lang/SafeVarargs done
Event: 12.719 Loading class sun/reflect/generics/reflectiveObjects/GenericArrayTypeImpl
Event: 12.720 Loading class sun/reflect/generics/reflectiveObjects/GenericArrayTypeImpl done

Classes unloaded (0 events):
No events

Classes redefined (0 events):
No events

Internal exceptions (20 events):
Event: 12.416 Thread 0x000001e0597b1e10 Exception <a 'java/lang/NoSuchMethodError'{0x00000000849f7840}: 'java.lang.Object java.lang.invoke.DirectMethodHandle$Holder.newInvokeSpecial(java.lang.Object, java.lang.Object, int, java.lang.Object)'> (0x00000000849f7840) 
thrown [s\open\src\hotspot\share\interpreter\linkResolver.cpp, line 796]
Event: 12.416 Thread 0x000001e0597b1e10 Exception <a 'java/lang/NoSuchMethodError'{0x00000000849fb1c8}: 'java.lang.Object java.lang.invoke.Invokers$Holder.linkToTargetMethod(java.lang.Object, int, java.lang.Object, java.lang.Object)'> (0x00000000849fb1c8) 
thrown [s\open\src\hotspot\share\interpreter\linkResolver.cpp, line 796]
Event: 12.437 Thread 0x000001e0597b1e10 Exception <a 'java/lang/NoSuchMethodError'{0x00000000848d50f8}: 'void java.lang.invoke.DirectMethodHandle$Holder.invokeSpecial(java.lang.Object, java.lang.Object, java.lang.Object, java.lang.Object, java.lang.Object, java.lang.Object, java.lang.Object, java.lang.Object)'> (0x00000000848d50f8) 
thrown [s\open\src\hotspot\share\interpreter\linkResolver.cpp, line 796]
Event: 12.445 Thread 0x000001e0597b1e10 Exception <a 'java/lang/NoSuchMethodError'{0x0000000084711620}: 'void java.lang.invoke.DirectMethodHandle$Holder.invokeSpecial(java.lang.Object, java.lang.Object, int, java.lang.Object)'> (0x0000000084711620) 
thrown [s\open\src\hotspot\share\interpreter\linkResolver.cpp, line 796]
Event: 12.446 Thread 0x000001e0597b1e10 Exception <a 'java/lang/NoSuchMethodError'{0x0000000084717780}: 'java.lang.Object java.lang.invoke.DirectMethodHandle$Holder.newInvokeSpecial(java.lang.Object, java.lang.Object, int)'> (0x0000000084717780) 
thrown [s\open\src\hotspot\share\interpreter\linkResolver.cpp, line 796]
Event: 12.447 Thread 0x000001e0597b1e10 Exception <a 'java/lang/NoSuchMethodError'{0x000000008471cd98}: 'void java.lang.invoke.DirectMethodHandle$Holder.invokeStatic(java.lang.Object, java.lang.Object, java.lang.Object, java.lang.Object, int, java.lang.Object)'> (0x000000008471cd98) 
thrown [s\open\src\hotspot\share\interpreter\linkResolver.cpp, line 796]
Event: 12.477 Thread 0x000001e0597b1e10 Exception <a 'java/lang/NoSuchMethodError'{0x000000008467a0f8}: 'int java.lang.invoke.DirectMethodHandle$Holder.invokeSpecial(java.lang.Object, java.lang.Object, int, java.lang.Object)'> (0x000000008467a0f8) 
thrown [s\open\src\hotspot\share\interpreter\linkResolver.cpp, line 796]
Event: 12.477 Thread 0x000001e0597b1e10 Exception <a 'java/lang/NoSuchMethodError'{0x0000000084682868}: 'int java.lang.invoke.DirectMethodHandle$Holder.invokeStatic(java.lang.Object, int, java.lang.Object)'> (0x0000000084682868) 
thrown [s\open\src\hotspot\share\interpreter\linkResolver.cpp, line 796]
Event: 12.481 Thread 0x000001e0597b1e10 Exception <a 'java/lang/NoSuchMethodError'{0x00000000846a1160}: 'java.lang.Object java.lang.invoke.DirectMethodHandle$Holder.newInvokeSpecial(java.lang.Object, java.lang.Object, java.lang.Object, java.lang.Object, java.lang.Object, int, java.lang.Object)'> (0x00000000846a1160) 
thrown [s\open\src\hotspot\share\interpreter\linkResolver.cpp, line 796]
Event: 12.487 Thread 0x000001e0597b1e10 Exception <a 'java/lang/NoSuchMethodError'{0x00000000846df7c0}: 'java.lang.Object java.lang.invoke.DirectMethodHandle$Holder.newInvokeSpecial(java.lang.Object, java.lang.Object, java.lang.Object, java.lang.Object, java.lang.Object, java.lang.Object, java.lang.Object, java.lang.Object, java.lang.Object, java.lang.Object, java.lang.Object, java.lang.Object)'> (0x00000000846df7c0) 
thrown [s\open\src\hotspot\share\interpreter\linkResolver.cpp, line 796]
Event: 12.488 Thread 0x000001e0597b1e10 Exception <a 'java/lang/NoSuchMethodError'{0x00000000846e86b8}: 'java.lang.Object java.lang.invoke.Invokers$Holder.linkToTargetMethod(java.lang.Object, java.lang.Object, java.lang.Object, java.lang.Object, java.lang.Object, java.lang.Object, java.lang.Object, java.lang.Object, java.lang.Object, java.lang.Object, java.lang.Object, java.lang.Object)'> (0x00000000846e86b8) 
thrown [s\open\src\hotspot\share\interpreter\linkResolver.cpp, line 796]
Event: 12.531 Thread 0x000001e0597b1e10 Exception <a 'java/lang/IncompatibleClassChangeError'{0x0000000084465b48}: Found class java.lang.Object, but interface was expected> (0x0000000084465b48) 
thrown [s\open\src\hotspot\share\interpreter\linkResolver.cpp, line 863]
Event: 12.542 Thread 0x000001e0597b1e10 Exception <a 'java/lang/NoSuchMethodError'{0x00000000844decd0}: 'java.lang.Object java.lang.invoke.DirectMethodHandle$Holder.newInvokeSpecial(java.lang.Object, java.lang.Object, java.lang.Object, java.lang.Object, java.lang.Object, java.lang.Object, java.lang.Object, int)'> (0x00000000844decd0) 
thrown [s\open\src\hotspot\share\interpreter\linkResolver.cpp, line 796]
Event: 12.543 Thread 0x000001e0597b1e10 Exception <a 'java/lang/NoSuchMethodError'{0x00000000844e3230}: 'java.lang.Object java.lang.invoke.DirectMethodHandle$Holder.invokeSpecial(java.lang.Object, java.lang.Object, java.lang.Object, java.lang.Object, java.lang.Object, java.lang.Object, java.lang.Object, java.lang.Object, int)'> (0x00000000844e3230) 
thrown [s\open\src\hotspot\share\interpreter\linkResolver.cpp, line 796]
Event: 12.543 Thread 0x000001e0597b1e10 Exception <a 'java/lang/NoSuchMethodError'{0x00000000844e7218}: 'java.lang.Object java.lang.invoke.Invokers$Holder.linkToTargetMethod(java.lang.Object, java.lang.Object, java.lang.Object, java.lang.Object, java.lang.Object, java.lang.Object, int, java.lang.Object)'> (0x00000000844e7218) 
thrown [s\open\src\hotspot\share\interpreter\linkResolver.cpp, line 796]
Event: 12.567 Thread 0x000001e0597b1e10 Exception <a 'java/lang/NoSuchMethodError'{0x0000000084390fb8}: 'void java.lang.invoke.DirectMethodHandle$Holder.invokeInterface(java.lang.Object, java.lang.Object)'> (0x0000000084390fb8) 
thrown [s\open\src\hotspot\share\interpreter\linkResolver.cpp, line 796]
Event: 12.684 Thread 0x000001e0597b1e10 Exception <a 'java/lang/NoSuchMethodError'{0x0000000083f371e8}: 'void java.lang.invoke.Invokers$Holder.invokeExact_MT(java.lang.Object, java.lang.Object, java.lang.Object, java.lang.Object)'> (0x0000000083f371e8) 
thrown [s\open\src\hotspot\share\interpreter\linkResolver.cpp, line 796]
Event: 12.711 Thread 0x000001e0597b1e10 Implicit null exception at 0x000001e007cdce80 to 0x000001e007cdd0f4
Event: 12.875 Thread 0x000001e0597b1e10 Exception <a 'java/lang/IncompatibleClassChangeError'{0x0000000083bf1518}: Found class java.lang.Object, but interface was expected> (0x0000000083bf1518) 
thrown [s\open\src\hotspot\share\interpreter\linkResolver.cpp, line 863]
Event: 12.980 Thread 0x000001e0597b1e10 Exception <a 'java/lang/IncompatibleClassChangeError'{0x000000008828a108}: Found class java.lang.Object, but interface was expected> (0x000000008828a108) 
thrown [s\open\src\hotspot\share\interpreter\linkResolver.cpp, line 863]

VM Operations (20 events):
Event: 9.091 Executing VM operation: CollectForMetadataAllocation (Metadata GC Threshold)
Event: 9.094 Executing VM operation: CollectForMetadataAllocation (Metadata GC Threshold) done
Event: 9.151 Executing VM operation: G1PauseRemark
Event: 9.157 Executing VM operation: G1PauseRemark done
Event: 9.174 Executing VM operation: G1PauseCleanup
Event: 9.174 Executing VM operation: G1PauseCleanup done
Event: 9.382 Executing VM operation: HandshakeAllThreads (Deoptimize)
Event: 9.382 Executing VM operation: HandshakeAllThreads (Deoptimize) done
Event: 10.215 Executing VM operation: G1CollectForAllocation (G1 Evacuation Pause)
Event: 10.219 Executing VM operation: G1CollectForAllocation (G1 Evacuation Pause) done
Event: 11.352 Executing VM operation: G1CollectForAllocation (G1 Evacuation Pause)
Event: 11.365 Executing VM operation: G1CollectForAllocation (G1 Evacuation Pause) done
Event: 12.101 Executing VM operation: HandshakeAllThreads (Deoptimize)
Event: 12.101 Executing VM operation: HandshakeAllThreads (Deoptimize) done
Event: 12.106 Executing VM operation: HandshakeAllThreads (Deoptimize)
Event: 12.106 Executing VM operation: HandshakeAllThreads (Deoptimize) done
Event: 12.183 Executing VM operation: G1CollectForAllocation (G1 Evacuation Pause)
Event: 12.190 Executing VM operation: G1CollectForAllocation (G1 Evacuation Pause) done
Event: 12.878 Executing VM operation: G1CollectForAllocation (G1 Evacuation Pause)
Event: 12.886 Executing VM operation: G1CollectForAllocation (G1 Evacuation Pause) done

Memory protections (0 events):
No events

Nmethod flushes (20 events):
Event: 9.156 Thread 0x000001e013c7e920 flushing  nmethod 0x000001e007b2b388
Event: 9.156 Thread 0x000001e013c7e920 flushing  nmethod 0x000001e007b2c888
Event: 9.156 Thread 0x000001e013c7e920 flushing  nmethod 0x000001e007b35088
Event: 9.156 Thread 0x000001e013c7e920 flushing  nmethod 0x000001e007b3b988
Event: 9.156 Thread 0x000001e013c7e920 flushing  nmethod 0x000001e007b40e88
Event: 9.156 Thread 0x000001e013c7e920 flushing  nmethod 0x000001e007b4d208
Event: 9.156 Thread 0x000001e013c7e920 flushing osr nmethod 0x000001e007b5c088
Event: 9.156 Thread 0x000001e013c7e920 flushing  nmethod 0x000001e007b5f188
Event: 9.156 Thread 0x000001e013c7e920 flushing  nmethod 0x000001e007b5f808
Event: 9.156 Thread 0x000001e013c7e920 flushing  nmethod 0x000001e000251f88
Event: 9.156 Thread 0x000001e013c7e920 flushing  nmethod 0x000001e000273808
Event: 9.156 Thread 0x000001e013c7e920 flushing  nmethod 0x000001e00030ad88
Event: 9.156 Thread 0x000001e013c7e920 flushing  nmethod 0x000001e000377488
Event: 9.156 Thread 0x000001e013c7e920 flushing  nmethod 0x000001e000379488
Event: 9.156 Thread 0x000001e013c7e920 flushing  nmethod 0x000001e00038d308
Event: 9.156 Thread 0x000001e013c7e920 flushing  nmethod 0x000001e000396408
Event: 9.156 Thread 0x000001e013c7e920 flushing osr nmethod 0x000001e000396888
Event: 9.156 Thread 0x000001e013c7e920 flushing  nmethod 0x000001e0003afa08
Event: 9.156 Thread 0x000001e013c7e920 flushing  nmethod 0x000001e0003e9088
Event: 9.156 Thread 0x000001e013c7e920 flushing  nmethod 0x000001e0003ebd88

Events (20 events):
Event: 2.962 Thread 0x000001e0597b17a0 Thread added: 0x000001e0597b1e10
Event: 3.148 Thread 0x000001e0596250e0 Thread exited: 0x000001e0596250e0
Event: 3.516 Thread 0x000001e013cb2390 Thread added: 0x000001e05a15d6a0
Event: 3.751 Thread 0x000001e05a15d6a0 Thread exited: 0x000001e05a15d6a0
Event: 3.755 Thread 0x000001e0597b1e10 Thread added: 0x000001e05a15d6a0
Event: 3.852 Thread 0x000001e013cb2390 Thread added: 0x000001e05a24ecc0
Event: 4.943 Thread 0x000001e0597b1e10 Thread added: 0x000001e05abc78d0
Event: 4.958 Thread 0x000001e05a15d6a0 Thread exited: 0x000001e05a15d6a0
Event: 5.070 Thread 0x000001e05abc78d0 Thread exited: 0x000001e05abc78d0
Event: 8.404 Thread 0x000001e0597b1e10 Thread added: 0x000001e05a83d600
Event: 8.407 Thread 0x000001e0597b1e10 Thread added: 0x000001e05a83dc90
Event: 8.413 Thread 0x000001e0597b1e10 Thread added: 0x000001e05a83a810
Event: 9.025 Thread 0x000001e0597b1e10 Thread added: 0x000001e05a83c250
Event: 9.146 Thread 0x000001e05a83c250 Thread added: 0x000001e05a83aea0
Event: 11.908 Thread 0x000001e05a24ecc0 Thread exited: 0x000001e05a24ecc0
Event: 12.111 Thread 0x000001e013cb18e0 Thread added: 0x000001e05c5af690
Event: 12.302 Thread 0x000001e05c5af690 Thread exited: 0x000001e05c5af690
Event: 12.659 Thread 0x000001e0597b1e10 Thread added: 0x000001e05a83b530
Event: 12.660 Thread 0x000001e05a83b530 Thread exited: 0x000001e05a83b530
Event: 12.712 Thread 0x000001e013cb2390 Thread added: 0x000001e05b556340


Dynamic libraries:
0x00007ff704740000 - 0x00007ff704750000 	C:\Program Files\Java\jdk-23\bin\java.exe
0x00007ffddd470000 - 0x00007ffddd668000 	C:\WINDOWS\SYSTEM32\ntdll.dll
0x00007ffdd1b70000 - 0x00007ffdd1b8a000 	C:\Program Files\AVG\Antivirus\aswhook.dll
0x00007ffddc300000 - 0x00007ffddc3c2000 	C:\WINDOWS\System32\KERNEL32.DLL
0x00007ffddadb0000 - 0x00007ffddb0af000 	C:\WINDOWS\System32\KERNELBASE.dll
0x00007ffddb240000 - 0x00007ffddb340000 	C:\WINDOWS\System32\ucrtbase.dll
0x00007ffdd21d0000 - 0x00007ffdd21e7000 	C:\Program Files\Java\jdk-23\bin\jli.dll
0x00007ffdd21b0000 - 0x00007ffdd21cb000 	C:\Program Files\Java\jdk-23\bin\VCRUNTIME140.dll
0x00007ffddca10000 - 0x00007ffddcbad000 	C:\WINDOWS\System32\USER32.dll
0x00007ffdd9e70000 - 0x00007ffdda10a000 	C:\WINDOWS\WinSxS\amd64_microsoft.windows.common-controls_6595b64144ccf1df_6.0.19041.4355_none_60b8b9eb71f62e16\COMCTL32.dll
0x00007ffddab10000 - 0x00007ffddab32000 	C:\WINDOWS\System32\win32u.dll
0x00007ffddce60000 - 0x00007ffddcefe000 	C:\WINDOWS\System32\msvcrt.dll
0x00007ffddb5a0000 - 0x00007ffddb5cb000 	C:\WINDOWS\System32\GDI32.dll
0x00007ffddab40000 - 0x00007ffddac5a000 	C:\WINDOWS\System32\gdi32full.dll
0x00007ffddb340000 - 0x00007ffddb3dd000 	C:\WINDOWS\System32\msvcp_win.dll
0x00007ffddd260000 - 0x00007ffddd28f000 	C:\WINDOWS\System32\IMM32.DLL
0x00007ffdd2150000 - 0x00007ffdd215c000 	C:\Program Files\Java\jdk-23\bin\vcruntime140_1.dll
0x00007ffdd0320000 - 0x00007ffdd03ae000 	C:\Program Files\Java\jdk-23\bin\msvcp140.dll
0x00007ffd7f9c0000 - 0x00007ffd80710000 	C:\Program Files\Java\jdk-23\bin\server\jvm.dll
0x00007ffddd2f0000 - 0x00007ffddd39f000 	C:\WINDOWS\System32\ADVAPI32.dll
0x00007ffddc250000 - 0x00007ffddc2ef000 	C:\WINDOWS\System32\sechost.dll
0x00007ffddccd0000 - 0x00007ffddcdf3000 	C:\WINDOWS\System32\RPCRT4.dll
0x00007ffddb0b0000 - 0x00007ffddb0d7000 	C:\WINDOWS\System32\bcrypt.dll
0x00007ffddc990000 - 0x00007ffddc9fb000 	C:\WINDOWS\System32\WS2_32.dll
0x00007ffdda970000 - 0x00007ffdda9bb000 	C:\WINDOWS\SYSTEM32\POWRPROF.dll
0x00007ffdcec20000 - 0x00007ffdcec2a000 	C:\WINDOWS\SYSTEM32\VERSION.dll
0x00007ffdb1070000 - 0x00007ffdb1097000 	C:\WINDOWS\SYSTEM32\WINMM.dll
0x00007ffdda950000 - 0x00007ffdda962000 	C:\WINDOWS\SYSTEM32\UMPDC.dll
0x00007ffdd8cb0000 - 0x00007ffdd8cc2000 	C:\WINDOWS\SYSTEM32\kernel.appcore.dll
0x00007ffdd0f60000 - 0x00007ffdd0f6a000 	C:\Program Files\Java\jdk-23\bin\jimage.dll
0x00007ffdda490000 - 0x00007ffdda674000 	C:\WINDOWS\SYSTEM32\DBGHELP.DLL
0x00007ffdda220000 - 0x00007ffdda254000 	C:\WINDOWS\SYSTEM32\dbgcore.DLL
0x00007ffddad20000 - 0x00007ffddada2000 	C:\WINDOWS\System32\bcryptPrimitives.dll
0x00007ffdc2470000 - 0x00007ffdc247f000 	C:\Program Files\Java\jdk-23\bin\instrument.dll
0x00007ffdd0480000 - 0x00007ffdd049e000 	C:\Program Files\Java\jdk-23\bin\java.dll
0x00007ffddc500000 - 0x00007ffddc62b000 	C:\WINDOWS\System32\ole32.dll
0x00007ffddc630000 - 0x00007ffddc985000 	C:\WINDOWS\System32\combase.dll
0x00007ffddb5d0000 - 0x00007ffddbd3d000 	C:\WINDOWS\System32\SHELL32.dll
0x00007ffdd8410000 - 0x00007ffdd8bb4000 	C:\WINDOWS\SYSTEM32\windows.storage.dll
0x00007ffdd9dd0000 - 0x00007ffdd9dff000 	C:\WINDOWS\SYSTEM32\Wldp.dll
0x00007ffddc3d0000 - 0x00007ffddc49d000 	C:\WINDOWS\System32\OLEAUT32.dll
0x00007ffddb4f0000 - 0x00007ffddb59d000 	C:\WINDOWS\System32\SHCORE.dll
0x00007ffddd290000 - 0x00007ffddd2e5000 	C:\WINDOWS\System32\shlwapi.dll
0x00007ffddaa40000 - 0x00007ffddaa64000 	C:\WINDOWS\SYSTEM32\profapi.dll
0x00007ffd87c60000 - 0x00007ffd87d37000 	C:\Program Files\Java\jdk-23\bin\jsvml.dll
0x00007ffdae0b0000 - 0x00007ffdae0c7000 	C:\Program Files\Java\jdk-23\bin\zip.dll
0x00007ffdd0470000 - 0x00007ffdd0480000 	C:\Program Files\Java\jdk-23\bin\net.dll
0x00007ffdd9b30000 - 0x00007ffdd9b9c000 	C:\WINDOWS\system32\mswsock.dll
0x00007ffdc8710000 - 0x00007ffdc8726000 	C:\Program Files\Java\jdk-23\bin\nio.dll
0x00007ffdabf80000 - 0x00007ffdabf9a000 	C:\Program Files\JetBrains\IntelliJ IDEA Community Edition 2024.3.3\bin\breakgen64.dll
0x00007ffdd0460000 - 0x00007ffdd0469000 	C:\Program Files\Java\jdk-23\bin\extnet.dll
0x00007ffdc13d0000 - 0x00007ffdc13da000 	C:\Program Files\Java\jdk-23\bin\management.dll
0x00007ffdc0f00000 - 0x00007ffdc0f0b000 	C:\Program Files\Java\jdk-23\bin\management_ext.dll
0x00007ffddd3a0000 - 0x00007ffddd3a8000 	C:\WINDOWS\System32\PSAPI.DLL
0x00007ffdc1bc0000 - 0x00007ffdc1bce000 	C:\Program Files\Java\jdk-23\bin\sunmscapi.dll
0x00007ffddb0e0000 - 0x00007ffddb23c000 	C:\WINDOWS\System32\CRYPT32.dll
0x00007ffdd9e40000 - 0x00007ffdd9e67000 	C:\WINDOWS\SYSTEM32\ncrypt.dll
0x00007ffdd9e00000 - 0x00007ffdd9e3b000 	C:\WINDOWS\SYSTEM32\NTASN1.dll
0x00007ffdda7b0000 - 0x00007ffdda7c8000 	C:\WINDOWS\SYSTEM32\CRYPTSP.dll
0x00007ffdd94b0000 - 0x00007ffdd94e4000 	C:\WINDOWS\system32\rsaenh.dll
0x00007ffddaa00000 - 0x00007ffddaa2e000 	C:\WINDOWS\SYSTEM32\USERENV.dll
0x00007ffdd9d20000 - 0x00007ffdd9d2c000 	C:\WINDOWS\SYSTEM32\CRYPTBASE.dll
0x00007ffdd9810000 - 0x00007ffdd984b000 	C:\WINDOWS\SYSTEM32\IPHLPAPI.DLL
0x00007ffddca00000 - 0x00007ffddca08000 	C:\WINDOWS\System32\NSI.dll
0x00007ffdc25d0000 - 0x00007ffdc25e0000 	C:\Program Files\Java\jdk-23\bin\verify.dll

dbghelp: loaded successfully - version: 4.0.5 - missing functions: none
symbol engine: initialized successfully - sym options: 0x614 - pdb path: .;C:\Program Files\Java\jdk-23\bin;C:\WINDOWS\SYSTEM32;C:\Program Files\AVG\Antivirus;C:\WINDOWS\WinSxS\amd64_microsoft.windows.common-controls_6595b64144ccf1df_6.0.19041.4355_none_60b8b9eb71f62e16;C:\Program Files\Java\jdk-23\bin\server;C:\Program Files\JetBrains\IntelliJ IDEA Community Edition 2024.3.3\bin

VM Arguments:
jvm_args: -javaagent:C:\Program Files\JetBrains\IntelliJ IDEA Community Edition 2024.3.3\lib\idea_rt.jar=64519:C:\Program Files\JetBrains\IntelliJ IDEA Community Edition 2024.3.3\bin -Dfile.encoding=UTF-8 -Dsun.stdout.encoding=UTF-8 -Dsun.stderr.encoding=UTF-8 
java_command: com.example.greetingApp.GreetingAppApplication
java_class_path (initial): C:\Users\Harit Saxena\Desktop\greetingApp\target\classes;C:\Users\Harit Saxena\.m2\repository\org\springframework\boot\spring-boot-starter-web\3.4.3\spring-boot-starter-web-3.4.3.jar;C:\Users\Harit Saxena\.m2\repository\org\springframework\boot\spring-boot-starter\3.4.3\spring-boot-starter-3.4.3.jar;C:\Users\Harit Saxena\.m2\repository\org\springframework\boot\spring-boot-starter-logging\3.4.3\spring-boot-starter-logging-3.4.3.jar;C:\Users\Harit Saxena\.m2\repository\ch\qos\logback\logback-classic\1.5.16\logback-classic-1.5.16.jar;C:\Users\Harit Saxena\.m2\repository\ch\qos\logback\logback-core\1.5.16\logback-core-1.5.16.jar;C:\Users\Harit Saxena\.m2\repository\org\apache\logging\log4j\log4j-to-slf4j\2.24.3\log4j-to-slf4j-2.24.3.jar;C:\Users\Harit Saxena\.m2\repository\org\apache\logging\log4j\log4j-api\2.24.3\log4j-api-2.24.3.jar;C:\Users\Harit Saxena\.m2\repository\org\slf4j\jul-to-slf4j\2.0.16\jul-to-slf4j-2.0.16.jar;C:\Users\Harit Saxena\.m2\repository\jakarta\annotation\jakarta.annotation-api\2.1.1\jakarta.annotation-api-2.1.1.jar;C:\Users\Harit Saxena\.m2\repository\org\yaml\snakeyaml\2.3\snakeyaml-2.3.jar;C:\Users\Harit Saxena\.m2\repository\org\springframework\boot\spring-boot-starter-json\3.4.3\spring-boot-starter-json-3.4.3.jar;C:\Users\Harit Saxena\.m2\repository\com\fasterxml\jackson\core\jackson-databind\2.18.2\jackson-databind-2.18.2.jar;C:\Users\Harit Saxena\.m2\repository\com\fasterxml\jackson\core\jackson-annotations\2.18.2\jackson-annotations-2.18.2.jar;C:\Users\Harit Saxena\.m2\repository\com\fasterxml\jackson\core\jackson-core\2.18.2\jackson-core-2.18.2.jar;C:\Users\Harit Saxena\.m2\repository\com\fasterxml\jackson\datatype\jackson-datatype-jdk8\2.18.2\jackson-datatype-jdk8-2.18.2.jar;C:\Users\Harit Saxena\.m2\repository\com\fasterxml\jackson\datatype\jackson-datatype-jsr310\2.18.2\jackson-datatype-jsr310-2.18.2.jar;C:\Users\Harit Saxena\.m2\repository\com\fasterxml\jackson\module\jackson-module-parameter-names\2.18.2\jackson-module-parameter-names-2.18.2.jar;C:\Users\Harit Saxena\.m2\repository\org\springframework\boot\spring-boot-starter-tomcat\3.4.3\spring-boot-starter-tomcat-3.4.3.jar;C:\Users\Harit Saxena\.m2\repository\org\apache\tomcat\embed\tomcat-embed-core\10.1.36\tomcat-embed-core-10.1.36.jar;C:\Users\Harit Saxena\.m2\repository\org\apache\tomcat\embed\tomcat-embed-el\10.1.36\tomcat-embed-el-10.1.36.jar;C:\Users\Harit Saxena\.m2\repository\org\apache\tomcat\embed\tomcat-embed-websocket\10.1.36\tomcat-embed-websocket-10.1.36.jar;C:\Users\Harit Saxena\.m2\repository\org\springframework\spring-web\6.2.3\spring-web-6.2.3.jar;C:\Users\Harit Saxena\.m2\repository\org\springframework\spring-beans\6.2.3\spring-beans-6.2.3.jar;C:\Users\Harit Saxena\.m2\repository\io\micrometer\micrometer-observation\1.14.4\micrometer-observation-1.14.4.jar;C:\Users\Harit Saxena\.m2\repository\io\micrometer\micrometer-commons\1.14.4\micrometer-commons-1.14.4.jar;C:\Users\Harit Saxena\.m2\repository\org\springframework\spring-webmvc\6.2.3\spring-webmvc-6.2.3.jar;C:\Users\Harit Saxena\.m2\repository\org\springframework\spring-aop\6.2.3\spring-aop-6.2.3.jar;C:\Users\Harit Saxena\.m2\repository\org\springframework\spring-context\6.2.3\spring-context-6.2.3.jar;C:\Users\Harit Saxena\.m2\repository\org\springframework\spring-expression\6.2.3\spring-expression-6.2.3.jar;C:\Users\Harit Saxena\.m2\repository\org\springframework\boot\spring-boot-devtools\3.4.3\spring-boot-devtools-3.4.3.jar;C:\Users\Harit Saxena\.m2\repository\org\springframework\boot\spring-boot\3.4.3\spring-boot-3.4.3.jar;C:\Users\Harit Saxena\.m2\repository\org\springframework\boot\spring-boot-autoconfigure\3.4.3\spring-boot-autoconfigure-3.4.3.jar;C:\Users\Harit Saxena\.m2\repository\org\slf4j\slf4j-api\2.0.16\slf4j-api-2.0.16.jar;C:\Users\Harit Saxena\.m2\repository\jakarta\xml\bind\jakarta.xml.bind-api\4.0.2\jakarta.xml.bind-api-4.0.2.jar;C:\Users\Harit Saxena\.m2\repository\jakarta\activation\jakarta.activation-api\2.1.3\jakarta.activation-api-2.1.3.jar;C:\Users\Harit Saxena\.m2\repository\net\bytebuddy\byte-buddy\1.15.11\byte-buddy-1.15.11.jar;C:\Users\Harit Saxena\.m2\repository\org\springframework\spring-core\6.2.3\spring-core-6.2.3.jar;C:\Users\Harit Saxena\.m2\repository\org\springframework\spring-jcl\6.2.3\spring-jcl-6.2.3.jar;C:\Users\Harit Saxena\.m2\repository\org\springframework\boot\spring-boot-starter-data-jpa\3.4.3\spring-boot-starter-data-jpa-3.4.3.jar;C:\Users\Harit Saxena\.m2\repository\org\springframework\boot\spring-boot-starter-jdbc\3.4.3\spring-boot-starter-jdbc-3.4.3.jar;C:\Users\Harit Saxena\.m2\repository\com\zaxxer\HikariCP\5.1.0\HikariCP-5.1.0.jar;C:\Users\Harit Saxena\.m2\repository\org\springframework\spring-jdbc\6.2.3\spring-jdbc-6.2.3.jar;C:\Users\Harit Saxena\.m2\repository\org\hibernate\orm\hibernate-core\6.6.8.Final\hibernate-core-6.6.8.Final.jar;C:\Users\Harit Saxena\.m2\repository\jakarta\persistence\jakarta.persistence-api\3.1.0\jakarta.persistence-api-3.1.0.jar;C:\Users\Harit Saxena\.m2\repository\jakarta\transaction\jakarta.transaction-api\2.0.1\jakarta.transaction-api-2.0.1.jar;C:\Users\Harit Saxena\.m2\repository\org\jboss\logging\jboss-logging\3.6.1.Final\jboss-logging-3.6.1.Final.jar;C:\Users\Harit Saxena\.m2\repository\org\hibernate\common\hibernate-commons-annotations\7.0.3.Final\hibernate-commons-annotations-7.0.3.Final.jar;C:\Users\Harit Saxena\.m2\repository\io\smallrye\jandex\3.2.0\jandex-3.2.0.jar;C:\Users\Harit Saxena\.m2\repository\com\fasterxml\classmate\1.7.0\classmate-1.7.0.jar;C:\Users\Harit Saxena\.m2\repository\org\glassfish\jaxb\jaxb-runtime\4.0.5\jaxb-runtime-4.0.5.jar;C:\Users\Harit Saxena\.m2\repository\org\glassfish\jaxb\jaxb-core\4.0.5\jaxb-core-4.0.5.jar;C:\Users\Harit Saxena\.m2\repository\org\eclipse\angus\angus-activation\2.0.2\angus-activation-2.0.2.jar;C:\Users\Harit Saxena\.m2\repository\org\glassfish\jaxb\txw2\4.0.5\txw2-4.0.5.jar;C:\Users\Harit Saxena\.m2\repository\com\sun\istack\istack-commons-runtime\4.1.2\istack-commons-runtime-4.1.2.jar;C:\Users\Harit Saxena\.m2\repository\jakarta\inject\jakarta.inject-api\2.0.1\jakarta.inject-api-2.0.1.jar;C:\Users\Harit Saxena\.m2\repository\org\antlr\antlr4-runtime\4.13.0\antlr4-runtime-4.13.0.jar;C:\Users\Harit Saxena\.m2\repository\org\springframework\data\spring-data-jpa\3.4.3\spring-data-jpa-3.4.3.jar;C:\Users\Harit Saxena\.m2\repository\org\springframework\data\spring-data-commons\3.4.3\spring-data-commons-3.4.3.jar;C:\Users\Harit Saxena\.m2\repository\org\springframework\spring-orm\6.2.3\spring-orm-6.2.3.jar;C:\Users\Harit Saxena\.m2\repository\org\springframework\spring-tx\6.2.3\spring-tx-6.2.3.jar;C:\Users\Harit Saxena\.m2\repository\org\springframework\spring-aspects\6.2.3\spring-aspects-6.2.3.jar;C:\Users\Harit Saxena\.m2\repository\org\aspectj\aspectjweaver\1.9.22.1\aspectjweaver-1.9.22.1.jar;C:\Users\Harit Saxena\.m2\repository\com\h2database\h2\2.3.232\h2-2.3.232.jar
Launcher Type: SUN_STANDARD

[Global flags]
     intx CICompilerCount                          = 3                                         {product} {ergonomic}
     uint ConcGCThreads                            = 1                                         {product} {ergonomic}
     uint G1ConcRefinementThreads                  = 4                                         {product} {ergonomic}
   size_t G1HeapRegionSize                         = 1048576                                   {product} {ergonomic}
   size_t InitialHeapSize                          = 134217728                                 {product} {ergonomic}
   size_t MarkStackSize                            = 4194304                                   {product} {ergonomic}
   size_t MarkStackSizeMax                         = 536870912                                 {product} {ergonomic}
   size_t MaxHeapSize                              = 2116026368                                {product} {ergonomic}
   size_t MaxNewSize                               = 1268776960                                {product} {ergonomic}
   size_t MinHeapDeltaBytes                        = 1048576                                   {product} {ergonomic}
   size_t MinHeapSize                              = 8388608                                   {product} {ergonomic}
    uintx NonNMethodCodeHeapSize                   = 5832704                                {pd product} {ergonomic}
    uintx NonProfiledCodeHeapSize                  = 122945536                              {pd product} {ergonomic}
    uintx ProfiledCodeHeapSize                     = 122880000                              {pd product} {ergonomic}
    uintx ReservedCodeCacheSize                    = 251658240                              {pd product} {ergonomic}
     bool SegmentedCodeCache                       = true                                      {product} {ergonomic}
   size_t SoftMaxHeapSize                          = 2116026368                             {manageable} {ergonomic}
     bool UseCompressedOops                        = true                           {product lp64_product} {ergonomic}
     bool UseG1GC                                  = true                                      {product} {ergonomic}
     bool UseLargePagesIndividualAllocation        = false                                  {pd product} {ergonomic}

Logging:
Log output configuration:
 #0: stdout all=warning uptime,level,tags foldmultilines=false
 #1: stderr all=off uptime,level,tags foldmultilines=false

Environment Variables:
PATH=C:\Program Files\Common Files\Oracle\Java\javapath;C:\Program Files\Microsoft\jdk-11.0.16.101-hotspot\bin;C:\WINDOWS\system32;C:\WINDOWS;C:\WINDOWS\System32\Wbem;C:\WINDOWS\System32\WindowsPowerShell\v1.0\;C:\WINDOWS\System32\OpenSSH\;C:\xampp\php;C:\ProgramData\chocolatey\bin;C:\Python311;C:\Program Files\nodejs\;C:\Program Files\dotnet\;C:\Program Files (x86)\Git\cmd;C:\Users\Harit Saxena\.cargo\bin;C:\Users\Harit Saxena\AppData\Local\Microsoft\WindowsApps;C:\Users\Harit Saxena\AppData\Roaming\Composer\vendor\bin;C:\Users\Harit Saxena\AppData\Roaming\npm;C:\Users\Harit Saxena\AppData\Local\Programs\Microsoft VS Code\bin;C:\Users\Harit Saxena\.dotnet\tools;C:\Users\Harit Saxena\AppData\Local\Programs\Python\Python311;C:\Users\Harit Saxena\AppData\Local\Programs\Python\Python311\Scripts;;C:\Program Files\JetBrains\IntelliJ IDEA Community Edition 2024.3.3\bin;
USERNAME=Harit Saxena
OS=Windows_NT
PROCESSOR_IDENTIFIER=Intel64 Family 6 Model 142 Stepping 9, GenuineIntel
TMP=C:\Users\HARITS~1\AppData\Local\Temp
TEMP=C:\Users\HARITS~1\AppData\Local\Temp




Periodic native trim disabled

---------------  S Y S T E M  ---------------

OS:
 Windows 10 , 64 bit Build 19041 (10.0.19041.5438)
OS uptime: 0 days 1:27 hours

CPU: total 4 (initial active 4) (2 cores per cpu, 2 threads per core) family 6 model 142 stepping 9 microcode 0xea, cx8, cmov, fxsr, ht, mmx, 3dnowpref, sse, sse2, sse3, ssse3, sse4.1, sse4.2, popcnt, lzcnt, tsc, tscinvbit, avx, avx2, aes, erms, clmul, bmi1, bmi2, adx, fma, vzeroupper, clflush, clflushopt, rdtscp, f16c
Processor Information for the first 4 processors :
  Max Mhz: 2712, Current Mhz: 2511, Mhz Limit: 2495

Memory: 4k page, system-wide physical 8067M (818M free)
TotalPageFile size 12675M (AvailPageFile size 4861M)
current process WorkingSet (physical memory assigned to process): 228M, peak: 233M
current process commit charge ("private bytes"): 268M, peak: 268M

vm_info: Java HotSpot(TM) 64-Bit Server VM (23.0.2+7-58) for windows-amd64 JRE (23.0.2+7-58), built on 2024-11-29T09:34:55Z with MS VC++ 17.6 (VS2022)

END.
