#
# A fatal error has been detected by the Java Runtime Environment:
#
#  EXCEPTION_ACCESS_VIOLATION (0xc0000005) at pc=0x00007ffdd21b19a9, pid=14768, tid=7280
#
# JRE version: Java(TM) SE Runtime Environment (23.0.2+7) (build 23.0.2+7-58)
# Java VM: Java HotSpot(TM) 64-Bit Server VM (23.0.2+7-58, mixed mode, sharing, tiered, compressed oops, compressed class ptrs, g1 gc, windows-amd64)
# Problematic frame:
# C  [VCRUNTIME140.dll+0x19a9]
#
# No core dump will be written. Minidumps are not enabled by default on client versions of Windows
#
# If you would like to submit a bug report, please visit:
#   https://bugreport.java.com/bugreport/crash.jsp
#

---------------  S U M M A R Y ------------

Command Line: -javaagent:C:\Program Files\JetBrains\IntelliJ IDEA Community Edition 2024.3.3\lib\idea_rt.jar=64707:C:\Program Files\JetBrains\IntelliJ IDEA Community Edition 2024.3.3\bin -Dfile.encoding=UTF-8 -Dsun.stdout.encoding=UTF-8 -Dsun.stderr.encoding=UTF-8 com.example.greetingApp.GreetingAppApplication

Host: Intel(R) Core(TM) i5-7200U CPU @ 2.50GHz, 4 cores, 7G,  Windows 10 , 64 bit Build 19041 (10.0.19041.5438)
Time: Mon Mar  3 18:58:10 2025 India Standard Time elapsed time: 11.557215 seconds (0d 0h 0m 11s)

---------------  T H R E A D  ---------------

Current thread (0x000002d0c58869e0):  WorkerThread "GC Thread#3"    [id=7280, stack(0x000000e385800000,0x000000e385900000) (1024K)]

Stack: [0x000000e385800000,0x000000e385900000],  sp=0x000000e3858ff9e0,  free space=1022k
Native frames: (J=compiled Java code, j=interpreted, Vv=VM code, C=native code)
C  [VCRUNTIME140.dll+0x19a9]  (no source info available)
V  [jvm.dll+0x3210a4]  (no source info available)
V  [jvm.dll+0x377160]  (no source info available)
V  [jvm.dll+0x376da4]  (no source info available)
V  [jvm.dll+0x320dd0]  (no source info available)
V  [jvm.dll+0x8ae927]  (no source info available)
V  [jvm.dll+0x8254cb]  (no source info available)
V  [jvm.dll+0x6df345]  (no source info available)
C  [ucrtbase.dll+0x21bb2]  (no source info available)
C  [KERNEL32.DLL+0x17374]  (no source info available)
C  [ntdll.dll+0x4cc91]  (no source info available)


siginfo: EXCEPTION_ACCESS_VIOLATION (0xc0000005), writing address 0x000002d0e20e7000


Registers:
RAX=0x0000000000000043, RBX=0x0000000000000010, RCX=0x000000000000b620, RDX=0x0000000000000043
RSP=0x000000e3858ff9e0, RBP=0x000002d0e216261f, RSI=0x0000000000000003, RDI=0x000002d0e20e7000
R8 =0x000000000000f000, R9 =0x000002d0e20e3620, R10=0x00007ffdd21b0000, R11=0x4343434343434343
R12=0x00000000842c4000, R13=0x000002d0ca9e78c0, R14=0x000002d0e20e2621, R15=0x0000000000000000
RIP=0x00007ffdd21b19a9, EFLAGS=0x0000000000010202


Register to memory mapping:

RAX=0x0000000000000043 is an unknown value
RBX=0x0000000000000010 is an unknown value
RCX=0x000000000000b620 is an unknown value
RDX=0x0000000000000043 is an unknown value
RSP=0x000000e3858ff9e0 points into unknown readable memory: 0x000002d0e20f261f | 1f 26 0f e2 d0 02 00 00
RBP=0x000002d0e216261f is an unknown value
RSI=0x0000000000000003 is an unknown value
RDI=0x000002d0e20e7000 is an unknown value
R8 =0x000000000000f000 is an unknown value
R9 =0x000002d0e20e3620 points into unknown readable memory: 0x4040404040402a41 | 41 2a 40 40 40 40 40 40
R10=0x00007ffdd21b0000 VCRUNTIME140.dll
R11=0x4343434343434343 is an unknown value
R12=0x00000000842c4000 is pointing into object: [B 
{0x00000000842c3f50} - klass: {type array byte}
 - length: 268435531
 -   0: 6f o
 -   1: 72 r
 -   2: 67 g
 -   3: 2e .
 -   4: 68 h
 -   5: 69 i
 -   6: 62 b
 -   7: 65 e
 -   8: 72 r
 -   9: 6e n
 -  10: 61 a
 -  11: 74 t
 -  12: 65 e
 -  13: 2e .
 -  14: 65 e
 -  15: 6e n
 -  16: 67 g
 -  17: 69 i
 -  18: 6e n
 -  19: 65 e
 -  20: 2e .
 -  21: 6a j
 -  22: 64 d
 -  23: 62 b
 -  24: 63 c
 -  25: 2e .
 -  26: 6d m
 -  27: 75 u
 -  28: 74 t
 -  29: 61 a
 -  30: 74 t
 -  31: 69 i
 -  32: 6f o
 -  33: 6e n
 -  34: 2e .
 -  35: 69 i
 -  36: 6e n
 -  37: 74 t
 -  38: 65 e
 -  39: 72 r
 -  40: 6e n
 -  41: 61 a
 -  42: 6c l
 -  43: 2e .
 -  44: 53 S
 -  45: 74 t
 -  46: 61 a
 -  47: 6e n
 -  48: 64 d
 -  49: 61 a
 -  50: 72 r
 -  51: 64 d
 -  52: 4d M
 -  53: 75 u
 -  54: 74 t
 -  55: 61 a
 -  56: 74 t
 -  57: 69 i
 -  58: 6f o
 -  59: 6e n
 -  60: 45 E
 -  61: 78 x
 -  62: 65 e
 -  63: 63 c
 -  64: 75 u
 -  65: 74 t
 -  66: 6f o
 -  67: 72 r
 -  68: 53 S
 -  69: 65 e
 -  70: 72 r
 -  71: 76 v
 -  72: 69 i
 -  73: 63 c
 -  74: 65 e
 -  75: 0  
 -  76: 0  
 -  77: 0  
 -  78: 0  
 -  79: 0  
 -  80: 1  
 -  81: 0  
 -  82: 0  
 -  83: 0  
 -  84: 0  
 -  85: 0  
 -  86: 0  
 -  87: 0  
 -  88: 28 (
 -  89: d  
 -  90: 17  
 -  91: 0  
 -  92: 0  
 -  93: 0  
 -  94: 0  
 -  95: 0  
 -  96: 0  
 -  97: 0  
 -  98: 0  
 -  99: 0  
 - 100: ffffffc8  
 - 101: 3f ?
 - 102: 2c ,
 - 103: ffffff84  
 - 104: 1  
 - 105: 0  
 - 106: 0  
 - 107: 0  
 - 108: 0  
 - 109: 0  
 - 110: 0  
 - 111: 0  
 - 112: 68 h
 - 113: 5c \
 - 114: 16  
 - 115: 0  
 - 116: 2b +
 - 117: 0  
 - 118: 0  
 - 119: 0  
 - 120: 6f o
 - 121: 72 r
 - 122: 67 g
 - 123: 2e .
 - 124: 68 h
 - 125: 69 i
 - 126: 62 b
 - 127: 65 e
 - 128: 72 r
 - 129: 6e n
 - 130: 61 a
 - 131: 74 t
 - 132: 65 e
 - 133: 2e .
 - 134: 65 e
 - 135: 6e n
 - 136: 67 g
 - 137: 69 i
 - 138: 6e n
 - 139: 65 e
 - 140: 2e .
 - 141: 6a j
 - 142: 64 d
 - 143: 62 b
 - 144: 63 c
 - 145: 2e .
 - 146: 6d m
 - 147: 75 u
 - 148: 74 t
 - 149: 61 a
 - 150: 74 t
 - 151: 69 i
 - 152: 6f o
 - 153: 6e n
 - 154: 2e .
 - 155: 69 i
 - 156: 6e n
 - 157: 74 t
 - 158: 65 e
 - 159: 72 r
 - 160: 6e n
 - 161: 61 a
 - 162: 6c l
 - 163: 2e .
 - 164: 53 S
 - 165: 74 t
 - 166: 61 a
 - 167: 6e n
 - 168: ffffffa3  
 - 169: 57 W
 - 170: ffffff90  
 - 171: ffffff83  
 - 172: 0  
 - 173: 0  
 - 174: 0  
 - 175: 0  
 - 176: 28 (
 - 177: d  
 - 178: 17  
 - 179: 0  
 - 180: ffffffb4  
 - 181: fffffff7  
 - 182: 2e .
 - 183: ffffffd5  
 - 184: 0  
 - 185: 0  
 - 186: 0  
 - 187: 0  
 - 188: 20  
 - 189: 40 @
 - 190: 2c ,
 - 191: ffffff84  
 - 192: ffffffbb  
 - 193: 57 W
 - 194: ffffff90  
 - 195: ffffff83  
 - 196: 0  
 - 197: 0  
 - 198: 0  
 - 199: 0  
 - 200: 68 h
 - 201: 5c \
 - 202: 16  
 - 203: 0  
 - 204: 33 3
 - 205: 0  
 - 206: 0  
 - 207: 0  
 - 208: 6f o
 - 209: 72 r
 - 210: 67 g
 - 211: 2e .
 - 212: 68 h
 - 213: 69 i
 - 214: 62 b
 - 215: 65 e
 - 216: 72 r
 - 217: 6e n
 - 218: 61 a
 - 219: 74 t
 - 220: 65 e
 - 221: 2e .
 - 222: 65 e
 - 223: 6e n
 - 224: 67 g
 - 225: 69 i
 - 226: 6e n
 - 227: 65 e
 - 228: 2e .
 - 229: 6a j
 - 230: 64 d
 - 231: 62 b
 - 232: 63 c
 - 233: 2e .
 - 234: 6d m
 - 235: 75 u
 - 236: 74 t
 - 237: 61 a
 - 238: 74 t
 - 239: 69 i
 - 240: 6f o
 - 241: 6e n
 - 242: 2e .
 - 243: 4d M
 - 244: 75 u
 - 245: 74 t
 - 246: 61 a
 - 247: 74 t
 - 248: 69 i
 - 249: 6f o
 - 250: 6e n
 - 251: 45 E
 - 252: 78 x
 - 253: 65 e
 - 254: 63 c
 - 255: 75 u
 - <268435275 more elements, increase MaxElementPrintSize to print>
R13=0x000002d0ca9e78c0 points into unknown readable memory: 0x000002d0ca9fbd60 | 60 bd 9f ca d0 02 00 00
R14=0x000002d0e20e2621 points into unknown readable memory: 40 40 40 40 40 40 40
R15=0x0 is null

Top of Stack: (sp=0x000000e3858ff9e0)
0x000000e3858ff9e0:   000002d0e20f261f 00007ffd7fce10a4
0x000000e3858ff9f0:   00000020c035b7eb 00000000842c3f50
0x000000e3858ffa00:   0000000000000000 0000000000000000
0x000000e3858ffa10:   000002d0caa19550 00007ffd7fd37160
0x000000e3858ffa20:   00000000842c3f50 0000000000000000
0x000000e3858ffa30:   00000000942c3fb0 000000000200000c
0x000000e3858ffa40:   000002d000000000 00007ffd7fd1d135
0x000000e3858ffa50:   000002d0c567ea80 00007ffd800995df
0x000000e3858ffa60:   0000000000000002 0000000000000177
0x000000e3858ffa70:   0000000006e18ef9 000000074424eb98
0x000000e3858ffa80:   0000000006e18ef9 000000074424eadc
0x000000e3858ffa90:   000002d0c567ea80 0000000000000003
0x000000e3858ffaa0:   0000000006e18ef9 000000074424eb98
0x000000e3858ffab0:   0000000000000030 0000000000000070
0x000000e3858ffac0:   0000000000000000 0000000000000000
0x000000e3858ffad0:   0000000000000600 0000000000000000
0x000000e3858ffae0:   0000000000000030 00007ffd7fd36da4
0x000000e3858ffaf0:   0000000000000000 0000000700000000
0x000000e3858ffb00:   000002d0c755e330 0000000084300000
0x000000e3858ffb10:   0000000000000001 00007ffd7fce0dd0
0x000000e3858ffb20:   000000e384afed70 0000000000000000
0x000000e3858ffb30:   0000000000000008 000002d0c755e330
0x000000e3858ffb40:   0000000000000000 0000000000000000
0x000000e3858ffb50:   00007ffd803bf240 0000000006e18d09
0x000000e3858ffb60:   000000074422ddf3 0000000000000022
0x000000e3858ffb70:   000002d0c567ea80 00007ffd00000000
0x000000e3858ffb80:   0000000000000000 0000000000000000
0x000000e3858ffb90:   000000e384000000 000000e384afedf8
0x000000e3858ffba0:   000002d000000000 0000000300000000
0x000000e3858ffbb0:   00007ffd803bf240 0000000006e18de7
0x000000e3858ffbc0:   000000074423c975 0000000000000023
0x000000e3858ffbd0:   000002d0c567ea80 0000000000000000 

Instructions: (pc=0x00007ffdd21b19a9)
0x00007ffdd21b18a9:   49 03 c8 0f 10 44 11 f0 48 83 e9 10 49 83 e8 10
0x00007ffdd21b18b9:   f6 c1 0f 74 17 48 8b c1 48 83 e1 f0 0f 10 c8 0f
0x00007ffdd21b18c9:   10 04 11 0f 11 08 4c 8b c1 4d 2b c3 4d 8b c8 49
0x00007ffdd21b18d9:   c1 e9 07 74 6f 0f 29 01 eb 14 66 66 66 66 66 0f
0x00007ffdd21b18e9:   1f 84 00 00 00 00 00 0f 29 41 10 0f 29 09 0f 10
0x00007ffdd21b18f9:   44 11 f0 0f 10 4c 11 e0 48 81 e9 80 00 00 00 0f
0x00007ffdd21b1909:   29 41 70 0f 29 49 60 0f 10 44 11 50 0f 10 4c 11
0x00007ffdd21b1919:   40 49 ff c9 0f 29 41 50 0f 29 49 40 0f 10 44 11
0x00007ffdd21b1929:   30 0f 10 4c 11 20 0f 29 41 30 0f 29 49 20 0f 10
0x00007ffdd21b1939:   44 11 10 0f 10 0c 11 75 ae 0f 29 41 10 49 83 e0
0x00007ffdd21b1949:   7f 0f 28 c1 4d 8b c8 49 c1 e9 04 74 1a 66 66 0f
0x00007ffdd21b1959:   1f 84 00 00 00 00 00 0f 11 01 48 83 e9 10 0f 10
0x00007ffdd21b1969:   04 11 49 ff c9 75 f0 49 83 e0 0f 74 08 41 0f 10
0x00007ffdd21b1979:   0a 41 0f 11 0b 0f 11 01 49 8b c3 c3 cc cc cc cc
0x00007ffdd21b1989:   cc cc cc cc cc cc cc cc cc cc cc cc cc 66 66 0f
0x00007ffdd21b1999:   1f 84 00 00 00 00 00 57 8b c2 48 8b f9 49 8b c8
0x00007ffdd21b19a9:   f3 aa 49 8b c1 5f c3 cc cc cc cc cc cc 66 66 0f
0x00007ffdd21b19b9:   1f 84 00 00 00 00 00 48 8b c1 4c 8b c9 4c 8d 15
0x00007ffdd21b19c9:   33 e6 ff ff 0f b6 d2 49 bb 01 01 01 01 01 01 01
0x00007ffdd21b19d9:   01 4c 0f af da 66 49 0f 6e c3 49 83 f8 0f 0f 87
0x00007ffdd21b19e9:   83 00 00 00 0f 1f 00 49 03 c8 47 8b 8c 82 b0 80
0x00007ffdd21b19f9:   01 00 4d 03 ca 41 ff e1 4c 89 59 f1 44 89 59 f9
0x00007ffdd21b1a09:   66 44 89 59 fd 44 88 59 ff c3 4c 89 59 f2 44 89
0x00007ffdd21b1a19:   59 fa 66 44 89 59 fe c3 66 66 66 66 66 66 66 0f
0x00007ffdd21b1a29:   1f 84 00 00 00 00 00 4c 89 59 f3 44 89 59 fb 44
0x00007ffdd21b1a39:   88 59 ff c3 0f 1f 00 4c 89 59 f4 44 89 59 fc c3
0x00007ffdd21b1a49:   4c 89 59 f5 66 44 89 59 fd 44 88 59 ff c3 4c 89
0x00007ffdd21b1a59:   59 f7 44 88 59 ff c3 4c 89 59 f6 66 44 89 59 fe
0x00007ffdd21b1a69:   c3 4c 89 59 f8 c3 90 66 0f 6c c0 49 83 f8 20 77
0x00007ffdd21b1a79:   0c f3 0f 7f 01 f3 42 0f 7f 44 01 f0 c3 83 3d 8b
0x00007ffdd21b1a89:   45 01 00 03 0f 82 dd 01 00 00 4c 3b 05 86 45 01
0x00007ffdd21b1a99:   00 76 16 4c 3b 05 85 45 01 00 77 0d f6 05 10 49 


Stack slot to memory mapping:

stack at sp + 0 slots: 0x000002d0e20f261f is an unknown value
stack at sp + 1 slots: 0x00007ffd7fce10a4 jvm.dll
stack at sp + 2 slots: 0x00000020c035b7eb is an unknown value
stack at sp + 3 slots: 0x00000000842c3f50 is an oop: [B 
{0x00000000842c3f50} - klass: {type array byte}
 - length: 268435531
 -   0: 6f o
 -   1: 72 r
 -   2: 67 g
 -   3: 2e .
 -   4: 68 h
 -   5: 69 i
 -   6: 62 b
 -   7: 65 e
 -   8: 72 r
 -   9: 6e n
 -  10: 61 a
 -  11: 74 t
 -  12: 65 e
 -  13: 2e .
 -  14: 65 e
 -  15: 6e n
 -  16: 67 g
 -  17: 69 i
 -  18: 6e n
 -  19: 65 e
 -  20: 2e .
 -  21: 6a j
 -  22: 64 d
 -  23: 62 b
 -  24: 63 c
 -  25: 2e .
 -  26: 6d m
 -  27: 75 u
 -  28: 74 t
 -  29: 61 a
 -  30: 74 t
 -  31: 69 i
 -  32: 6f o
 -  33: 6e n
 -  34: 2e .
 -  35: 69 i
 -  36: 6e n
 -  37: 74 t
 -  38: 65 e
 -  39: 72 r
 -  40: 6e n
 -  41: 61 a
 -  42: 6c l
 -  43: 2e .
 -  44: 53 S
 -  45: 74 t
 -  46: 61 a
 -  47: 6e n
 -  48: 64 d
 -  49: 61 a
 -  50: 72 r
 -  51: 64 d
 -  52: 4d M
 -  53: 75 u
 -  54: 74 t
 -  55: 61 a
 -  56: 74 t
 -  57: 69 i
 -  58: 6f o
 -  59: 6e n
 -  60: 45 E
 -  61: 78 x
 -  62: 65 e
 -  63: 63 c
 -  64: 75 u
 -  65: 74 t
 -  66: 6f o
 -  67: 72 r
 -  68: 53 S
 -  69: 65 e
 -  70: 72 r
 -  71: 76 v
 -  72: 69 i
 -  73: 63 c
 -  74: 65 e
 -  75: 0  
 -  76: 0  
 -  77: 0  
 -  78: 0  
 -  79: 0  
 -  80: 1  
 -  81: 0  
 -  82: 0  
 -  83: 0  
 -  84: 0  
 -  85: 0  
 -  86: 0  
 -  87: 0  
 -  88: 28 (
 -  89: d  
 -  90: 17  
 -  91: 0  
 -  92: 0  
 -  93: 0  
 -  94: 0  
 -  95: 0  
 -  96: 0  
 -  97: 0  
 -  98: 0  
 -  99: 0  
 - 100: ffffffc8  
 - 101: 3f ?
 - 102: 2c ,
 - 103: ffffff84  
 - 104: 1  
 - 105: 0  
 - 106: 0  
 - 107: 0  
 - 108: 0  
 - 109: 0  
 - 110: 0  
 - 111: 0  
 - 112: 68 h
 - 113: 5c \
 - 114: 16  
 - 115: 0  
 - 116: 2b +
 - 117: 0  
 - 118: 0  
 - 119: 0  
 - 120: 6f o
 - 121: 72 r
 - 122: 67 g
 - 123: 2e .
 - 124: 68 h
 - 125: 69 i
 - 126: 62 b
 - 127: 65 e
 - 128: 72 r
 - 129: 6e n
 - 130: 61 a
 - 131: 74 t
 - 132: 65 e
 - 133: 2e .
 - 134: 65 e
 - 135: 6e n
 - 136: 67 g
 - 137: 69 i
 - 138: 6e n
 - 139: 65 e
 - 140: 2e .
 - 141: 6a j
 - 142: 64 d
 - 143: 62 b
 - 144: 63 c
 - 145: 2e .
 - 146: 6d m
 - 147: 75 u
 - 148: 74 t
 - 149: 61 a
 - 150: 74 t
 - 151: 69 i
 - 152: 6f o
 - 153: 6e n
 - 154: 2e .
 - 155: 69 i
 - 156: 6e n
 - 157: 74 t
 - 158: 65 e
 - 159: 72 r
 - 160: 6e n
 - 161: 61 a
 - 162: 6c l
 - 163: 2e .
 - 164: 53 S
 - 165: 74 t
 - 166: 61 a
 - 167: 6e n
 - 168: ffffffa3  
 - 169: 57 W
 - 170: ffffff90  
 - 171: ffffff83  
 - 172: 0  
 - 173: 0  
 - 174: 0  
 - 175: 0  
 - 176: 28 (
 - 177: d  
 - 178: 17  
 - 179: 0  
 - 180: ffffffb4  
 - 181: fffffff7  
 - 182: 2e .
 - 183: ffffffd5  
 - 184: 0  
 - 185: 0  
 - 186: 0  
 - 187: 0  
 - 188: 20  
 - 189: 40 @
 - 190: 2c ,
 - 191: ffffff84  
 - 192: ffffffbb  
 - 193: 57 W
 - 194: ffffff90  
 - 195: ffffff83  
 - 196: 0  
 - 197: 0  
 - 198: 0  
 - 199: 0  
 - 200: 68 h
 - 201: 5c \
 - 202: 16  
 - 203: 0  
 - 204: 33 3
 - 205: 0  
 - 206: 0  
 - 207: 0  
 - 208: 6f o
 - 209: 72 r
 - 210: 67 g
 - 211: 2e .
 - 212: 68 h
 - 213: 69 i
 - 214: 62 b
 - 215: 65 e
 - 216: 72 r
 - 217: 6e n
 - 218: 61 a
 - 219: 74 t
 - 220: 65 e
 - 221: 2e .
 - 222: 65 e
 - 223: 6e n
 - 224: 67 g
 - 225: 69 i
 - 226: 6e n
 - 227: 65 e
 - 228: 2e .
 - 229: 6a j
 - 230: 64 d
 - 231: 62 b
 - 232: 63 c
 - 233: 2e .
 - 234: 6d m
 - 235: 75 u
 - 236: 74 t
 - 237: 61 a
 - 238: 74 t
 - 239: 69 i
 - 240: 6f o
 - 241: 6e n
 - 242: 2e .
 - 243: 4d M
 - 244: 75 u
 - 245: 74 t
 - 246: 61 a
 - 247: 74 t
 - 248: 69 i
 - 249: 6f o
 - 250: 6e n
 - 251: 45 E
 - 252: 78 x
 - 253: 65 e
 - 254: 63 c
 - 255: 75 u
 - <268435275 more elements, increase MaxElementPrintSize to print>
stack at sp + 4 slots: 0x0 is null
stack at sp + 5 slots: 0x0 is null
stack at sp + 6 slots: 0x000002d0caa19550 points into unknown readable memory: 0x0000000084200000 | 00 00 20 84 00 00 00 00
stack at sp + 7 slots: 0x00007ffd7fd37160 jvm.dll


---------------  P R O C E S S  ---------------

Threads class SMR info:
_java_thread_list=0x000002d0e8c98e00, length=20, elements={
0x000002d0c864a0a0, 0x000002d0e6e3f660, 0x000002d0e6e40650, 0x000002d0e6e42420,
0x000002d0e6e44e90, 0x000002d0e6e458f0, 0x000002d0e6e46350, 0x000002d0e6e470e0,
0x000002d0e6e75bf0, 0x000002d0c50ae2e0, 0x000002d0c556a980, 0x000002d0c556e270,
0x000002d0c5d0cc50, 0x000002d0c6139b50, 0x000002d0c740b6e0, 0x000002d0c740b050,
0x000002d0c740c400, 0x000002d0c740d120, 0x000002d0c740a330, 0x000002d0c65a5bf0
}

Java Threads: ( => current thread )
  0x000002d0c864a0a0 JavaThread "main"                              [_thread_blocked, id=5032, stack(0x000000e384300000,0x000000e384400000) (1024K)]
  0x000002d0e6e3f660 JavaThread "Reference Handler"          daemon [_thread_blocked, id=7752, stack(0x000000e384b00000,0x000000e384c00000) (1024K)]
  0x000002d0e6e40650 JavaThread "Finalizer"                  daemon [_thread_blocked, id=15384, stack(0x000000e384c00000,0x000000e384d00000) (1024K)]
  0x000002d0e6e42420 JavaThread "Signal Dispatcher"          daemon [_thread_blocked, id=240, stack(0x000000e384d00000,0x000000e384e00000) (1024K)]
  0x000002d0e6e44e90 JavaThread "Attach Listener"            daemon [_thread_blocked, id=14760, stack(0x000000e384e00000,0x000000e384f00000) (1024K)]
  0x000002d0e6e458f0 JavaThread "Service Thread"             daemon [_thread_blocked, id=9100, stack(0x000000e384f00000,0x000000e385000000) (1024K)]
  0x000002d0e6e46350 JavaThread "Monitor Deflation Thread"   daemon [_thread_blocked, id=5128, stack(0x000000e385000000,0x000000e385100000) (1024K)]
  0x000002d0e6e470e0 JavaThread "C2 CompilerThread0"         daemon [_thread_blocked, id=12340, stack(0x000000e385100000,0x000000e385200000) (1024K)]
  0x000002d0e6e75bf0 JavaThread "C1 CompilerThread0"         daemon [_thread_blocked, id=10544, stack(0x000000e385200000,0x000000e385300000) (1024K)]
  0x000002d0c50ae2e0 JavaThread "Common-Cleaner"             daemon [_thread_blocked, id=2640, stack(0x000000e385300000,0x000000e385400000) (1024K)]
  0x000002d0c556a980 JavaThread "Monitor Ctrl-Break"         daemon [_thread_in_native, id=4348, stack(0x000000e385400000,0x000000e385500000) (1024K)]
  0x000002d0c556e270 JavaThread "Notification Thread"        daemon [_thread_blocked, id=3992, stack(0x000000e385500000,0x000000e385600000) (1024K)]
  0x000002d0c5d0cc50 JavaThread "Thread-0"                          [_thread_blocked, id=11516, stack(0x000000e385900000,0x000000e385a00000) (1024K)]
  0x000002d0c6139b50 JavaThread "restartedMain"                     [_thread_blocked, id=12916, stack(0x000000e385a00000,0x000000e385b00000) (1024K)]
  0x000002d0c740b6e0 JavaThread "Catalina-utility-1"                [_thread_blocked, id=4128, stack(0x000000e385c00000,0x000000e385d00000) (1024K)]
  0x000002d0c740b050 JavaThread "Catalina-utility-2"                [_thread_blocked, id=15632, stack(0x000000e385d00000,0x000000e385e00000) (1024K)]
  0x000002d0c740c400 JavaThread "container-0"                       [_thread_blocked, id=13824, stack(0x000000e385e00000,0x000000e385f00000) (1024K)]
  0x000002d0c740d120 JavaThread "HikariPool-1 housekeeper"   daemon [_thread_blocked, id=12484, stack(0x000000e385b00000,0x000000e385c00000) (1024K)]
  0x000002d0c740a330 JavaThread "HikariPool-1 connection adder" daemon [_thread_blocked, id=7108, stack(0x000000e386000000,0x000000e386100000) (1024K)]
  0x000002d0c65a5bf0 JavaThread "C2 CompilerThread1"         daemon [_thread_blocked, id=13680, stack(0x000000e385f00000,0x000000e386000000) (1024K)]
Total: 20

Other Threads:
  0x000002d0e6e24b40 VMThread "VM Thread"                           [id=5352, stack(0x000000e384a00000,0x000000e384b00000) (1024K)]
  0x000002d0e6e12ec0 WatcherThread "VM Periodic Task Thread"        [id=2016, stack(0x000000e384900000,0x000000e384a00000) (1024K)]
  0x000002d0ca9e5db0 WorkerThread "GC Thread#0"                     [id=14972, stack(0x000000e384400000,0x000000e384500000) (1024K)]
  0x000002d0c5a84dc0 WorkerThread "GC Thread#1"                     [id=2588, stack(0x000000e385600000,0x000000e385700000) (1024K)]
  0x000002d0c5a85170 WorkerThread "GC Thread#2"                     [id=8196, stack(0x000000e385700000,0x000000e385800000) (1024K)]
=>0x000002d0c58869e0 WorkerThread "GC Thread#3"                     [id=7280, stack(0x000000e385800000,0x000000e385900000) (1024K)]
  0x000002d0ca9fbd60 ConcurrentGCThread "G1 Main Marker"            [id=16956, stack(0x000000e384500000,0x000000e384600000) (1024K)]
  0x000002d0ca9fc870 WorkerThread "G1 Conc#0"                       [id=15008, stack(0x000000e384600000,0x000000e384700000) (1024K)]
  0x000002d0caa4e910 ConcurrentGCThread "G1 Refine#0"               [id=11680, stack(0x000000e384700000,0x000000e384800000) (1024K)]
  0x000002d0e6cd7650 ConcurrentGCThread "G1 Service"                [id=11160, stack(0x000000e384800000,0x000000e384900000) (1024K)]
Total: 10

Threads with active compile tasks:
C2 CompilerThread0  11894 4959       4       jdk.internal.loader.BuiltinClassLoader::defineClass (121 bytes)
C2 CompilerThread1  11894 4988       4       jdk.internal.classfile.impl.StackCounter::<init> (2261 bytes)
Total: 2

VM state: at safepoint (normal execution)

VM Mutex/Monitor currently owned by a thread:  ([mutex/lock_event])
[0x00007ffd80634888] Threads_lock - owner thread: 0x000002d0e6e24b40
[0x00007ffd80634988] Heap_lock - owner thread: 0x000002d0c6139b50

Heap address: 0x0000000081e00000, size: 2018 MB, Compressed Oops mode: 32-bit

CDS archive(s) mapped at: [0x000002d080000000-0x000002d080d70000-0x000002d080d70000), size 14090240, SharedBaseAddress: 0x000002d080000000, ArchiveRelocationMode: 1.
Compressed class space mapped at: 0x000002d081000000-0x000002d0c1000000, reserved size: 1073741824
Narrow klass base: 0x000002d080000000, Narrow klass shift: 0, Narrow klass range: 0x41000000

GC Precious Log:
 CardTable entry size: 512
 Card Set container configuration: InlinePtr #cards 5 size 8 Array Of Cards #cards 10 size 36 Howl #buckets 4 coarsen threshold 1843 Howl Bitmap #cards 512 size 80 coarsen threshold 460 Card regions per heap region 1 cards per card region 2048
 CPUs: 4 total, 4 available
 Memory: 8067M
 Large Page Support: Disabled
 NUMA Support: Disabled
 Compressed Oops: Enabled (32-bit)
 Heap Region Size: 1M
 Heap Min Capacity: 8M
 Heap Initial Capacity: 128M
 Heap Max Capacity: 2018M
 Pre-touch: Disabled
 Parallel Workers: 4
 Concurrent Workers: 1
 Concurrent Refinement Workers: 4
 Periodic GC: Disabled

Heap:
 garbage-first heap   total reserved 2066432K, committed 51200K, used 47556K [0x0000000081e00000, 0x0000000100000000)
  region size 1024K, 23 young (23552K), 2 survivors (2048K)
 Metaspace       used 51998K, committed 52608K, reserved 1114112K
  class space    used 7109K, committed 7360K, reserved 1048576K

Heap Regions: E=young(eden), S=young(survivor), O=old, HS=humongous(starts), HC=humongous(continues), CS=collection set, F=free, TAMS=top-at-mark-start, PB=parsable bottom
|   0|0x0000000081e00000, 0x0000000081f00000, 0x0000000081f00000|100%|HS|  |TAMS 0x0000000081e00000| PB 0x0000000081e00000| Complete |  0
|   1|0x0000000081f00000, 0x0000000082000000, 0x0000000082000000|100%|HS|  |TAMS 0x0000000081f00000| PB 0x0000000081f00000| Complete |  0
|   2|0x0000000082000000, 0x0000000082100000, 0x0000000082100000|100%| O|  |TAMS 0x0000000082000000| PB 0x0000000082000000| Untracked |  0
|   3|0x0000000082100000, 0x0000000082200000, 0x0000000082200000|100%| O|  |TAMS 0x0000000082100000| PB 0x0000000082100000| Untracked |  0
|   4|0x0000000082200000, 0x0000000082300000, 0x0000000082300000|100%| O|  |TAMS 0x0000000082200000| PB 0x0000000082200000| Untracked |  0
|   5|0x0000000082300000, 0x0000000082400000, 0x0000000082400000|100%| O|  |TAMS 0x0000000082300000| PB 0x0000000082300000| Untracked |  0
|   6|0x0000000082400000, 0x0000000082500000, 0x0000000082500000|100%| O|  |TAMS 0x0000000082400000| PB 0x0000000082400000| Untracked |  0
|   7|0x0000000082500000, 0x0000000082600000, 0x0000000082600000|100%| O|  |TAMS 0x0000000082500000| PB 0x0000000082500000| Untracked |  0
|   8|0x0000000082600000, 0x0000000082700000, 0x0000000082700000|100%| O|  |TAMS 0x0000000082600000| PB 0x0000000082600000| Untracked |  0
|   9|0x0000000082700000, 0x0000000082800000, 0x0000000082800000|100%| O|  |TAMS 0x0000000082700000| PB 0x0000000082700000| Untracked |  0
|  10|0x0000000082800000, 0x0000000082900000, 0x0000000082900000|100%| O|  |TAMS 0x0000000082800000| PB 0x0000000082800000| Untracked |  0
|  11|0x0000000082900000, 0x0000000082a00000, 0x0000000082a00000|100%| O|  |TAMS 0x0000000082900000| PB 0x0000000082900000| Untracked |  0
|  12|0x0000000082a00000, 0x0000000082b00000, 0x0000000082b00000|100%| O|  |TAMS 0x0000000082a00000| PB 0x0000000082a00000| Untracked |  0
|  13|0x0000000082b00000, 0x0000000082c00000, 0x0000000082c00000|100%| O|  |TAMS 0x0000000082b00000| PB 0x0000000082b00000| Untracked |  0
|  14|0x0000000082c00000, 0x0000000082d00000, 0x0000000082d00000|100%| O|  |TAMS 0x0000000082c00000| PB 0x0000000082c00000| Untracked |  0
|  15|0x0000000082d00000, 0x0000000082e00000, 0x0000000082e00000|100%| O|  |TAMS 0x0000000082d00000| PB 0x0000000082d00000| Untracked |  0
|  16|0x0000000082e00000, 0x0000000082f00000, 0x0000000082f00000|100%| O|  |TAMS 0x0000000082e00000| PB 0x0000000082e00000| Untracked |  0
|  17|0x0000000082f00000, 0x0000000083000000, 0x0000000083000000|100%| O|  |TAMS 0x0000000082f00000| PB 0x0000000082f00000| Untracked |  0
|  18|0x0000000083000000, 0x0000000083100000, 0x0000000083100000|100%| O|  |TAMS 0x0000000083000000| PB 0x0000000083000000| Untracked |  0
|  19|0x0000000083100000, 0x0000000083200000, 0x0000000083200000|100%| O|  |TAMS 0x0000000083100000| PB 0x0000000083100000| Untracked |  0
|  20|0x0000000083200000, 0x0000000083300000, 0x0000000083300000|100%| O|  |TAMS 0x0000000083200000| PB 0x0000000083200000| Untracked |  0
|  21|0x0000000083300000, 0x0000000083300000, 0x0000000083400000|  0%| F|  |TAMS 0x0000000083300000| PB 0x0000000083300000| Untracked |  0
|  22|0x0000000083400000, 0x0000000083400000, 0x0000000083500000|  0%| F|  |TAMS 0x0000000083400000| PB 0x0000000083400000| Untracked |  0
|  23|0x0000000083500000, 0x0000000083500000, 0x0000000083600000|  0%| F|  |TAMS 0x0000000083500000| PB 0x0000000083500000| Untracked |  0
|  24|0x0000000083600000, 0x0000000083700000, 0x0000000083700000|100%| S|  |TAMS 0x0000000083600000| PB 0x0000000083600000| Complete |  0
|  25|0x0000000083700000, 0x00000000837710b8, 0x0000000083800000| 44%| E|CS|TAMS 0x0000000083700000| PB 0x0000000083700000| Complete |  0
|  26|0x0000000083800000, 0x0000000083900000, 0x0000000083900000|100%| E|CS|TAMS 0x0000000083800000| PB 0x0000000083800000| Complete |  0
|  27|0x0000000083900000, 0x0000000083a00000, 0x0000000083a00000|100%| S|  |TAMS 0x0000000083900000| PB 0x0000000083900000| Complete |  0
|  28|0x0000000083a00000, 0x0000000083b00000, 0x0000000083b00000|100%| E|CS|TAMS 0x0000000083a00000| PB 0x0000000083a00000| Complete |  0
|  29|0x0000000083b00000, 0x0000000083c00000, 0x0000000083c00000|100%| E|CS|TAMS 0x0000000083b00000| PB 0x0000000083b00000| Complete |  0
|  30|0x0000000083c00000, 0x0000000083d00000, 0x0000000083d00000|100%| E|CS|TAMS 0x0000000083c00000| PB 0x0000000083c00000| Complete |  0
|  31|0x0000000083d00000, 0x0000000083e00000, 0x0000000083e00000|100%| E|CS|TAMS 0x0000000083d00000| PB 0x0000000083d00000| Complete |  0
|  32|0x0000000083e00000, 0x0000000083f00000, 0x0000000083f00000|100%| E|CS|TAMS 0x0000000083e00000| PB 0x0000000083e00000| Complete |  0
|  33|0x0000000083f00000, 0x0000000084000000, 0x0000000084000000|100%| E|CS|TAMS 0x0000000083f00000| PB 0x0000000083f00000| Complete |  0
|  34|0x0000000084000000, 0x0000000084100000, 0x0000000084100000|100%| E|CS|TAMS 0x0000000084000000| PB 0x0000000084000000| Complete |  0
|  35|0x0000000084100000, 0x0000000084200000, 0x0000000084200000|100%| E|CS|TAMS 0x0000000084100000| PB 0x0000000084100000| Complete |  0
|  36|0x0000000084200000, 0x0000000084300000, 0x0000000084300000|100%| E|CS|TAMS 0x0000000084200000| PB 0x0000000084200000| Complete |  0
|  37|0x0000000084300000, 0x0000000084400000, 0x0000000084400000|100%| E|CS|TAMS 0x0000000084300000| PB 0x0000000084300000| Complete |  0
|  38|0x0000000084400000, 0x0000000084500000, 0x0000000084500000|100%| E|CS|TAMS 0x0000000084400000| PB 0x0000000084400000| Complete |  0
|  39|0x0000000084500000, 0x0000000084600000, 0x0000000084600000|100%| E|CS|TAMS 0x0000000084500000| PB 0x0000000084500000| Complete |  0
|  40|0x0000000084600000, 0x0000000084700000, 0x0000000084700000|100%| E|CS|TAMS 0x0000000084600000| PB 0x0000000084600000| Complete |  0
|  41|0x0000000084700000, 0x0000000084800000, 0x0000000084800000|100%| E|CS|TAMS 0x0000000084700000| PB 0x0000000084700000| Complete |  0
|  42|0x0000000084800000, 0x0000000084900000, 0x0000000084900000|100%| E|CS|TAMS 0x0000000084800000| PB 0x0000000084800000| Complete |  0
|  43|0x0000000084900000, 0x0000000084a00000, 0x0000000084a00000|100%| E|CS|TAMS 0x0000000084900000| PB 0x0000000084900000| Complete |  0
|  44|0x0000000084a00000, 0x0000000084b00000, 0x0000000084b00000|100%| E|CS|TAMS 0x0000000084a00000| PB 0x0000000084a00000| Complete |  0
|  97|0x0000000087f00000, 0x0000000088000000, 0x0000000088000000|100%| E|CS|TAMS 0x0000000087f00000| PB 0x0000000087f00000| Complete |  0
|  98|0x0000000088000000, 0x0000000088100000, 0x0000000088100000|100%| E|CS|TAMS 0x0000000088000000| PB 0x0000000088000000| Complete |  0
|  99|0x0000000088100000, 0x0000000088200000, 0x0000000088200000|100%| E|CS|TAMS 0x0000000088100000| PB 0x0000000088100000| Complete |  0
| 100|0x0000000088200000, 0x0000000088300000, 0x0000000088300000|100%| E|CS|TAMS 0x0000000088200000| PB 0x0000000088200000| Complete |  0
| 127|0x0000000089d00000, 0x0000000089e00000, 0x0000000089e00000|100%| E|CS|TAMS 0x0000000089d00000| PB 0x0000000089d00000| Complete |  0

Card table byte_map: [0x000002d0e24d0000,0x000002d0e28d0000] _byte_map_base: 0x000002d0e20c1000

Marking Bits: (CMBitMap*) 0x000002d0ca9e78d0
 Bits: [0x000002d0e28d0000, 0x000002d0e4858000)

Polling page: 0x000002d0c8840000

Metaspace:

Usage:
  Non-class:     43.84 MB used.
      Class:      6.94 MB used.
       Both:     50.78 MB used.

Virtual space:
  Non-class space:       64.00 MB reserved,      44.19 MB ( 69%) committed,  1 nodes.
      Class space:        1.00 GB reserved,       7.19 MB ( <1%) committed,  1 nodes.
             Both:        1.06 GB reserved,      51.38 MB (  5%) committed. 

Chunk freelists:
   Non-Class:  3.78 MB
       Class:  8.70 MB
        Both:  12.48 MB

MaxMetaspaceSize: unlimited
CompressedClassSpaceSize: 1.00 GB
Initial GC threshold: 21.00 MB
Current GC threshold: 58.69 MB
CDS: on
 - commit_granule_bytes: 65536.
 - commit_granule_words: 8192.
 - virtual_space_node_default_size: 8388608.
 - enlarge_chunks_in_place: 1.
 - use_allocation_guard: 0.


Internal statistics:

num_allocs_failed_limit: 6.
num_arena_births: 728.
num_arena_deaths: 0.
num_vsnodes_births: 2.
num_vsnodes_deaths: 0.
num_space_committed: 822.
num_space_uncommitted: 0.
num_chunks_returned_to_freelist: 6.
num_chunks_taken_from_freelist: 2567.
num_chunk_merges: 3.
num_chunk_splits: 1833.
num_chunks_enlarged: 1402.
num_inconsistent_stats: 0.

CodeHeap 'non-profiled nmethods': size=120064Kb used=2159Kb max_used=2159Kb free=117904Kb
 bounds [0x000002d0dab90000, 0x000002d0dae00000, 0x000002d0e20d0000]
CodeHeap 'profiled nmethods': size=120000Kb used=7193Kb max_used=7340Kb free=112806Kb
 bounds [0x000002d0d30d0000, 0x000002d0d3810000, 0x000002d0da600000]
CodeHeap 'non-nmethods': size=5696Kb used=1671Kb max_used=1671Kb free=4024Kb
 bounds [0x000002d0da600000, 0x000002d0da870000, 0x000002d0dab90000]
CodeCache: size=245760Kb, used=11023Kb, max_used=11170Kb, free=234734Kb
 total_blobs=5220, nmethods=4565, adapters=558, full_count=0
Compilation: enabled, stopped_count=0, restarted_count=0

Compilation events (20 events):
Event: 11.437 Thread 0x000002d0e6e75bf0 nmethod 4985 0x000002d0d3199b08 code [0x000002d0d3199c40, 0x000002d0d319a030]
Event: 11.439 Thread 0x000002d0e6e75bf0 4987       3       java.lang.reflect.ProxyGenerator$ProxyMethod::codeWrapArgument (59 bytes)
Event: 11.441 Thread 0x000002d0e6e75bf0 nmethod 4987 0x000002d0d3133988 code [0x000002d0d3133ce0, 0x000002d0d31358c0]
Event: 11.443 Thread 0x000002d0e6e75bf0 4989       3       jdk.internal.classfile.impl.SplitConstantPool::writeTo (125 bytes)
Event: 11.444 Thread 0x000002d0e6e75bf0 nmethod 4989 0x000002d0d3170588 code [0x000002d0d3170840, 0x000002d0d3171bd0]
Event: 11.445 Thread 0x000002d0c65a5bf0 4988       4       jdk.internal.classfile.impl.StackCounter::<init> (2261 bytes)
Event: 11.499 Thread 0x000002d0e6e75bf0 4990       3       net.bytebuddy.description.type.TypeList$Generic$Explicit::size (10 bytes)
Event: 11.499 Thread 0x000002d0e6e75bf0 nmethod 4990 0x000002d0d3199788 code [0x000002d0d31998a0, 0x000002d0d3199a78]
Event: 11.511 Thread 0x000002d0e6e75bf0 4991       3       jdk.internal.classfile.impl.BufWriterImpl::writeList (47 bytes)
Event: 11.512 Thread 0x000002d0e6e75bf0 nmethod 4991 0x000002d0d3213988 code [0x000002d0d3213b20, 0x000002d0d3214258]
Event: 11.530 Thread 0x000002d0e6e75bf0 4993       3       java.lang.reflect.Method::getGenericReturnType (20 bytes)
Event: 11.531 Thread 0x000002d0e6e75bf0 nmethod 4993 0x000002d0d31c9a88 code [0x000002d0d31c9cc0, 0x000002d0d31cad58]
Event: 11.537 Thread 0x000002d0e6e75bf0 4994       3       net.bytebuddy.description.method.ParameterDescription$AbstractBase::<init> (5 bytes)
Event: 11.537 Thread 0x000002d0e6e75bf0 nmethod 4994 0x000002d0d3199208 code [0x000002d0d3199320, 0x000002d0d31994e8]
Event: 11.537 Thread 0x000002d0e6e75bf0 4995       3       net.bytebuddy.description.type.TypeDescription$AbstractBase::hashCode (8 bytes)
Event: 11.537 Thread 0x000002d0e6e75bf0 nmethod 4995 0x000002d0d3213608 code [0x000002d0d3213740, 0x000002d0d3213948]
Event: 11.537 Thread 0x000002d0e6e75bf0 4996       3       net.bytebuddy.description.method.MethodDescription$ForLoadedMethod::getReturnType (35 bytes)
Event: 11.538 Thread 0x000002d0e6e75bf0 nmethod 4996 0x000002d0d3212e08 code [0x000002d0d3212f60, 0x000002d0d32134a0]
Event: 11.538 Thread 0x000002d0e6e75bf0 4997       3       net.bytebuddy.description.type.TypeDescription$Generic$LazyProjection$ForLoadedReturnType::<init> (10 bytes)
Event: 11.538 Thread 0x000002d0e6e75bf0 nmethod 4997 0x000002d0d3188d08 code [0x000002d0d3188e40, 0x000002d0d31891e0]

GC Heap History (20 events):
Event: 1.500 GC heap after
{Heap after GC invocations=1 (full 0):
 garbage-first heap   total reserved 2066432K, committed 131072K, used 6954K [0x0000000081e00000, 0x0000000100000000)
  region size 1024K, 2 young (2048K), 2 survivors (2048K)
 Metaspace       used 4203K, committed 4416K, reserved 1114112K
  class space    used 465K, committed 512K, reserved 1048576K
}
Event: 2.107 GC heap before
{Heap before GC invocations=1 (full 0):
 garbage-first heap   total reserved 2066432K, committed 131072K, used 18218K [0x0000000081e00000, 0x0000000100000000)
  region size 1024K, 14 young (14336K), 2 survivors (2048K)
 Metaspace       used 7430K, committed 7616K, reserved 1114112K
  class space    used 890K, committed 960K, reserved 1048576K
}
Event: 2.112 GC heap after
{Heap after GC invocations=2 (full 0):
 garbage-first heap   total reserved 2066432K, committed 131072K, used 7986K [0x0000000081e00000, 0x0000000100000000)
  region size 1024K, 1 young (1024K), 1 survivors (1024K)
 Metaspace       used 7430K, committed 7616K, reserved 1114112K
  class space    used 890K, committed 960K, reserved 1048576K
}
Event: 3.274 GC heap before
{Heap before GC invocations=2 (full 0):
 garbage-first heap   total reserved 2066432K, committed 131072K, used 40754K [0x0000000081e00000, 0x0000000100000000)
  region size 1024K, 34 young (34816K), 1 survivors (1024K)
 Metaspace       used 17077K, committed 17408K, reserved 1114112K
  class space    used 2125K, committed 2304K, reserved 1048576K
}
Event: 3.281 GC heap after
{Heap after GC invocations=3 (full 0):
 garbage-first heap   total reserved 2066432K, committed 131072K, used 10883K [0x0000000081e00000, 0x0000000100000000)
  region size 1024K, 4 young (4096K), 4 survivors (4096K)
 Metaspace       used 17077K, committed 17408K, reserved 1114112K
  class space    used 2125K, committed 2304K, reserved 1048576K
}
Event: 4.816 GC heap before
{Heap before GC invocations=3 (full 0):
 garbage-first heap   total reserved 2066432K, committed 131072K, used 36483K [0x0000000081e00000, 0x0000000100000000)
  region size 1024K, 31 young (31744K), 4 survivors (4096K)
 Metaspace       used 21208K, committed 21504K, reserved 1114112K
  class space    used 2633K, committed 2752K, reserved 1048576K
}
Event: 4.825 GC heap after
{Heap after GC invocations=4 (full 0):
 garbage-first heap   total reserved 2066432K, committed 131072K, used 14371K [0x0000000081e00000, 0x0000000100000000)
  region size 1024K, 4 young (4096K), 4 survivors (4096K)
 Metaspace       used 21208K, committed 21504K, reserved 1114112K
  class space    used 2633K, committed 2752K, reserved 1048576K
}
Event: 6.200 GC heap before
{Heap before GC invocations=5 (full 0):
 garbage-first heap   total reserved 2066432K, committed 51200K, used 40995K [0x0000000081e00000, 0x0000000100000000)
  region size 1024K, 30 young (30720K), 4 survivors (4096K)
 Metaspace       used 25242K, committed 25664K, reserved 1114112K
  class space    used 3202K, committed 3392K, reserved 1048576K
}
Event: 6.208 GC heap after
{Heap after GC invocations=6 (full 0):
 garbage-first heap   total reserved 2066432K, committed 51200K, used 16415K [0x0000000081e00000, 0x0000000100000000)
  region size 1024K, 3 young (3072K), 3 survivors (3072K)
 Metaspace       used 25242K, committed 25664K, reserved 1114112K
  class space    used 3202K, committed 3392K, reserved 1048576K
}
Event: 7.209 GC heap before
{Heap before GC invocations=6 (full 0):
 garbage-first heap   total reserved 2066432K, committed 51200K, used 36895K [0x0000000081e00000, 0x0000000100000000)
  region size 1024K, 23 young (23552K), 3 survivors (3072K)
 Metaspace       used 29366K, committed 29888K, reserved 1114112K
  class space    used 3797K, committed 4032K, reserved 1048576K
}
Event: 7.219 GC heap after
{Heap after GC invocations=7 (full 0):
 garbage-first heap   total reserved 2066432K, committed 51200K, used 18720K [0x0000000081e00000, 0x0000000100000000)
  region size 1024K, 3 young (3072K), 3 survivors (3072K)
 Metaspace       used 29366K, committed 29888K, reserved 1114112K
  class space    used 3797K, committed 4032K, reserved 1048576K
}
Event: 8.136 GC heap before
{Heap before GC invocations=7 (full 0):
 garbage-first heap   total reserved 2066432K, committed 51200K, used 38176K [0x0000000081e00000, 0x0000000100000000)
  region size 1024K, 23 young (23552K), 3 survivors (3072K)
 Metaspace       used 33137K, committed 33664K, reserved 1114112K
  class space    used 4257K, committed 4480K, reserved 1048576K
}
Event: 8.145 GC heap after
{Heap after GC invocations=8 (full 0):
 garbage-first heap   total reserved 2066432K, committed 51200K, used 20399K [0x0000000081e00000, 0x0000000100000000)
  region size 1024K, 2 young (2048K), 2 survivors (2048K)
 Metaspace       used 33137K, committed 33664K, reserved 1114112K
  class space    used 4257K, committed 4480K, reserved 1048576K
}
Event: 8.424 GC heap before
{Heap before GC invocations=8 (full 0):
 garbage-first heap   total reserved 2066432K, committed 51200K, used 27567K [0x0000000081e00000, 0x0000000100000000)
  region size 1024K, 10 young (10240K), 2 survivors (2048K)
 Metaspace       used 35526K, committed 35968K, reserved 1114112K
  class space    used 4541K, committed 4736K, reserved 1048576K
}
Event: 8.427 GC heap after
{Heap after GC invocations=9 (full 0):
 garbage-first heap   total reserved 2066432K, committed 51200K, used 20646K [0x0000000081e00000, 0x0000000100000000)
  region size 1024K, 1 young (1024K), 1 survivors (1024K)
 Metaspace       used 35526K, committed 35968K, reserved 1114112K
  class space    used 4541K, committed 4736K, reserved 1048576K
}
Event: 9.613 GC heap before
{Heap before GC invocations=10 (full 0):
 garbage-first heap   total reserved 2066432K, committed 51200K, used 41126K [0x0000000081e00000, 0x0000000100000000)
  region size 1024K, 21 young (21504K), 1 survivors (1024K)
 Metaspace       used 40614K, committed 41216K, reserved 1114112K
  class space    used 5330K, committed 5568K, reserved 1048576K
}
Event: 9.616 GC heap after
{Heap after GC invocations=11 (full 0):
 garbage-first heap   total reserved 2066432K, committed 51200K, used 21545K [0x0000000081e00000, 0x0000000100000000)
  region size 1024K, 2 young (2048K), 2 survivors (2048K)
 Metaspace       used 40614K, committed 41216K, reserved 1114112K
  class space    used 5330K, committed 5568K, reserved 1048576K
}
Event: 10.653 GC heap before
{Heap before GC invocations=11 (full 0):
 garbage-first heap   total reserved 2066432K, committed 51200K, used 42025K [0x0000000081e00000, 0x0000000100000000)
  region size 1024K, 22 young (22528K), 2 survivors (2048K)
 Metaspace       used 45607K, committed 46144K, reserved 1114112K
  class space    used 6108K, committed 6336K, reserved 1048576K
}
Event: 10.658 GC heap after
{Heap after GC invocations=12 (full 0):
 garbage-first heap   total reserved 2066432K, committed 51200K, used 22573K [0x0000000081e00000, 0x0000000100000000)
  region size 1024K, 3 young (3072K), 3 survivors (3072K)
 Metaspace       used 45607K, committed 46144K, reserved 1114112K
  class space    used 6108K, committed 6336K, reserved 1048576K
}
Event: 11.538 GC heap before
{Heap before GC invocations=12 (full 0):
 garbage-first heap   total reserved 2066432K, committed 51200K, used 43053K [0x0000000081e00000, 0x0000000100000000)
  region size 1024K, 24 young (24576K), 3 survivors (3072K)
 Metaspace       used 51998K, committed 52608K, reserved 1114112K
  class space    used 7109K, committed 7360K, reserved 1048576K
}

Dll operation events (14 events):
Event: 0.035 Loaded shared library C:\Program Files\Java\jdk-23\bin\java.dll
Event: 0.147 Loaded shared library C:\Program Files\Java\jdk-23\bin\jsvml.dll
Event: 0.371 Loaded shared library C:\Program Files\Java\jdk-23\bin\zip.dll
Event: 0.377 Loaded shared library C:\Program Files\Java\jdk-23\bin\instrument.dll
Event: 0.388 Loaded shared library C:\Program Files\Java\jdk-23\bin\net.dll
Event: 0.391 Loaded shared library C:\Program Files\Java\jdk-23\bin\nio.dll
Event: 0.397 Loaded shared library C:\Program Files\Java\jdk-23\bin\zip.dll
Event: 0.783 Loaded shared library C:\Program Files\JetBrains\IntelliJ IDEA Community Edition 2024.3.3\bin\breakgen64.dll
Event: 0.820 Loaded shared library C:\Program Files\Java\jdk-23\bin\extnet.dll
Event: 0.878 Loaded shared library C:\Program Files\Java\jdk-23\bin\jimage.dll
Event: 1.617 Loaded shared library C:\Program Files\Java\jdk-23\bin\management.dll
Event: 1.621 Loaded shared library C:\Program Files\Java\jdk-23\bin\management_ext.dll
Event: 4.067 Loaded shared library C:\Program Files\Java\jdk-23\bin\sunmscapi.dll
Event: 9.458 Loaded shared library C:\Program Files\Java\jdk-23\bin\verify.dll

Deoptimization events (20 events):
Event: 10.059 Thread 0x000002d0c6139b50 Uncommon trap: trap_request=0xffffffde fr.pc=0x000002d0dac5a34c relative=0x000000000000004c
Event: 10.059 Thread 0x000002d0c6139b50 Uncommon trap: reason=class_check action=maybe_recompile pc=0x000002d0dac5a34c method=java.lang.StringConcatHelper.stringOf(Ljava/lang/Object;)Ljava/lang/String; @ 5 c2
Event: 10.059 Thread 0x000002d0c6139b50 DEOPT PACKING pc=0x000002d0dac5a34c sp=0x000000e385afd680
Event: 10.059 Thread 0x000002d0c6139b50 DEOPT UNPACKING pc=0x000002d0da654402 sp=0x000000e385afd610 mode 2
Event: 10.184 Thread 0x000002d0c6139b50 Uncommon trap: trap_request=0xffffffde fr.pc=0x000002d0dac6c48c relative=0x0000000000000fec
Event: 10.184 Thread 0x000002d0c6139b50 Uncommon trap: reason=class_check action=maybe_recompile pc=0x000002d0dac6c48c method=java.util.concurrent.ConcurrentHashMap.putVal(Ljava/lang/Object;Ljava/lang/Object;Z)Ljava/lang/Object; @ 242 c2
Event: 10.184 Thread 0x000002d0c6139b50 DEOPT PACKING pc=0x000002d0dac6c48c sp=0x000000e385afdaf0
Event: 10.184 Thread 0x000002d0c6139b50 DEOPT UNPACKING pc=0x000002d0da654402 sp=0x000000e385afda60 mode 2
Event: 10.187 Thread 0x000002d0c6139b50 Uncommon trap: trap_request=0xffffffde fr.pc=0x000002d0dac6c48c relative=0x0000000000000fec
Event: 10.187 Thread 0x000002d0c6139b50 Uncommon trap: reason=class_check action=maybe_recompile pc=0x000002d0dac6c48c method=java.util.concurrent.ConcurrentHashMap.putVal(Ljava/lang/Object;Ljava/lang/Object;Z)Ljava/lang/Object; @ 242 c2
Event: 10.187 Thread 0x000002d0c6139b50 DEOPT PACKING pc=0x000002d0dac6c48c sp=0x000000e385afdb70
Event: 10.187 Thread 0x000002d0c6139b50 DEOPT UNPACKING pc=0x000002d0da654402 sp=0x000000e385afdae0 mode 2
Event: 10.188 Thread 0x000002d0c6139b50 Uncommon trap: trap_request=0xffffffde fr.pc=0x000002d0dac6c48c relative=0x0000000000000fec
Event: 10.188 Thread 0x000002d0c6139b50 Uncommon trap: reason=class_check action=maybe_recompile pc=0x000002d0dac6c48c method=java.util.concurrent.ConcurrentHashMap.putVal(Ljava/lang/Object;Ljava/lang/Object;Z)Ljava/lang/Object; @ 242 c2
Event: 10.188 Thread 0x000002d0c6139b50 DEOPT PACKING pc=0x000002d0dac6c48c sp=0x000000e385afdb70
Event: 10.188 Thread 0x000002d0c6139b50 DEOPT UNPACKING pc=0x000002d0da654402 sp=0x000000e385afdae0 mode 2
Event: 10.205 Thread 0x000002d0c6139b50 Uncommon trap: trap_request=0xffffffde fr.pc=0x000002d0dac6c43c relative=0x0000000000000f9c
Event: 10.205 Thread 0x000002d0c6139b50 Uncommon trap: reason=class_check action=maybe_recompile pc=0x000002d0dac6c43c method=java.util.concurrent.ConcurrentHashMap.putVal(Ljava/lang/Object;Ljava/lang/Object;Z)Ljava/lang/Object; @ 159 c2
Event: 10.205 Thread 0x000002d0c6139b50 DEOPT PACKING pc=0x000002d0dac6c43c sp=0x000000e385afdc80
Event: 10.205 Thread 0x000002d0c6139b50 DEOPT UNPACKING pc=0x000002d0da654402 sp=0x000000e385afdc00 mode 2

Classes loaded (20 events):
Event: 10.716 Loading class javax/naming/RefAddr
Event: 10.717 Loading class javax/naming/RefAddr done
Event: 10.717 Loading class javax/naming/StringRefAddr
Event: 10.717 Loading class javax/naming/StringRefAddr done
Event: 10.764 Loading class java/util/concurrent/CompletionStage
Event: 10.764 Loading class java/util/concurrent/CompletionStage done
Event: 10.766 Loading class java/util/concurrent/CompletableFuture
Event: 10.767 Loading class java/util/concurrent/CompletableFuture done
Event: 10.767 Loading class java/util/concurrent/CompletableFuture$AltResult
Event: 10.767 Loading class java/util/concurrent/CompletableFuture$AltResult done
Event: 10.767 Loading class java/util/concurrent/CompletableFuture$Completion
Event: 10.767 Loading class java/util/concurrent/CompletableFuture$AsynchronousCompletionTask
Event: 10.767 Loading class java/util/concurrent/CompletableFuture$AsynchronousCompletionTask done
Event: 10.768 Loading class java/util/concurrent/CompletableFuture$Completion done
Event: 10.860 Loading class java/util/concurrent/CancellationException
Event: 10.861 Loading class java/util/concurrent/CancellationException done
Event: 11.437 Loading class java/util/ArrayList$ListItr
Event: 11.438 Loading class java/util/ArrayList$ListItr done
Event: 11.520 Loading class java/util/AbstractList$SubList
Event: 11.521 Loading class java/util/AbstractList$SubList done

Classes unloaded (0 events):
No events

Classes redefined (0 events):
No events

Internal exceptions (20 events):
Event: 6.777 Thread 0x000002d0c6139b50 Exception <a 'java/lang/NoSuchMethodError'{0x00000000844c5980}: 'java.lang.Object java.lang.invoke.DirectMethodHandle$Holder.invokeSpecial(java.lang.Object, java.lang.Object, java.lang.Object, java.lang.Object, int)'> (0x00000000844c5980) 
thrown [s\open\src\hotspot\share\interpreter\linkResolver.cpp, line 796]
Event: 6.777 Thread 0x000002d0c6139b50 Exception <a 'java/lang/NoSuchMethodError'{0x00000000844c9060}: 'java.lang.Object java.lang.invoke.Invokers$Holder.linkToTargetMethod(java.lang.Object, java.lang.Object, int, java.lang.Object)'> (0x00000000844c9060) 
thrown [s\open\src\hotspot\share\interpreter\linkResolver.cpp, line 796]
Event: 6.948 Thread 0x000002d0c6139b50 Exception <a 'java/lang/NoSuchMethodError'{0x0000000084088af8}: 'java.lang.Object java.lang.invoke.DirectMethodHandle$Holder.invokeStaticInit(java.lang.Object, int, int, int, int)'> (0x0000000084088af8) 
thrown [s\open\src\hotspot\share\interpreter\linkResolver.cpp, line 796]
Event: 7.003 Thread 0x000002d0c6139b50 Exception <a 'java/lang/NoSuchMethodError'{0x00000000840cfce0}: 'java.lang.Object java.lang.invoke.DirectMethodHandle$Holder.invokeStaticInit(java.lang.Object, java.lang.Object, int, int, int, int)'> (0x00000000840cfce0) 
thrown [s\open\src\hotspot\share\interpreter\linkResolver.cpp, line 796]
Event: 7.290 Thread 0x000002d0c6139b50 Exception <a 'java/lang/NoSuchMethodError'{0x00000000881f1508}: 'int java.lang.invoke.DirectMethodHandle$Holder.invokeVirtual(java.lang.Object, java.lang.Object, java.lang.Object, java.lang.Object)'> (0x00000000881f1508) 
thrown [s\open\src\hotspot\share\interpreter\linkResolver.cpp, line 796]
Event: 7.291 Thread 0x000002d0c6139b50 Exception <a 'java/lang/NoSuchMethodError'{0x00000000881f4da0}: 'int java.lang.invoke.DelegatingMethodHandle$Holder.reinvoke_L(java.lang.Object, java.lang.Object, java.lang.Object, java.lang.Object)'> (0x00000000881f4da0) 
thrown [s\open\src\hotspot\share\interpreter\linkResolver.cpp, line 796]
Event: 7.337 Thread 0x000002d0c6139b50 Exception <a 'java/io/FileNotFoundException'{0x0000000087f04038}> (0x0000000087f04038) 
thrown [s\open\src\hotspot\share\prims\jni.cpp, line 520]
Event: 7.426 Thread 0x000002d0c6139b50 Exception <a 'java/lang/NoSuchMethodError'{0x00000000849313a8}: 'int java.lang.invoke.DirectMethodHandle$Holder.invokeInterface(java.lang.Object, java.lang.Object, java.lang.Object, java.lang.Object)'> (0x00000000849313a8) 
thrown [s\open\src\hotspot\share\interpreter\linkResolver.cpp, line 796]
Event: 7.579 Thread 0x000002d0c6139b50 Exception <a 'java/lang/NoSuchMethodError'{0x0000000084743f58}: 'long java.lang.invoke.DirectMethodHandle$Holder.invokeVirtual(java.lang.Object, java.lang.Object)'> (0x0000000084743f58) 
thrown [s\open\src\hotspot\share\interpreter\linkResolver.cpp, line 796]
Event: 7.587 Thread 0x000002d0c6139b50 Exception <a 'java/io/FileNotFoundException'{0x000000008476dfb0}> (0x000000008476dfb0) 
thrown [s\open\src\hotspot\share\prims\jni.cpp, line 520]
Event: 7.780 Thread 0x000002d0c6139b50 Exception <a 'java/lang/NoSuchMethodError'{0x00000000843d3350}: 'java.lang.Object java.lang.invoke.DirectMethodHandle$Holder.newInvokeSpecial(java.lang.Object, java.lang.Object, java.lang.Object, java.lang.Object, java.lang.Object, java.lang.Object, java.lang.Object, java.lang.Object, java.lang.Object, java.lang.Object, java.lang.Object)'> (0x00000000843d3350) 
thrown [s\open\src\hotspot\share\interpreter\linkResolver.cpp, line 796]
Event: 7.882 Thread 0x000002d0c6139b50 Implicit null exception at 0x000002d0dacd1db6 to 0x000002d0dacd238c
Event: 8.090 Thread 0x000002d0c6139b50 Exception <a 'java/lang/NoSuchMethodError'{0x0000000083dacdf8}: 'void java.lang.invoke.DirectMethodHandle$Holder.invokeStaticInit(java.lang.Object, java.lang.Object, java.lang.Object, java.lang.Object, java.lang.Object)'> (0x0000000083dacdf8) 
thrown [s\open\src\hotspot\share\interpreter\linkResolver.cpp, line 796]
Event: 8.391 Thread 0x000002d0c6139b50 Exception <a 'java/lang/NoSuchMethodError'{0x00000000849c1348}: 'java.lang.Object java.lang.invoke.DirectMethodHandle$Holder.invokeStaticInit(java.lang.Object, java.lang.Object, java.lang.Object, java.lang.Object)'> (0x00000000849c1348) 
thrown [s\open\src\hotspot\share\interpreter\linkResolver.cpp, line 796]
Event: 8.694 Thread 0x000002d0c6139b50 Exception <a 'java/lang/NoSuchMethodError'{0x0000000088123ab8}: 'void java.lang.invoke.DelegatingMethodHandle$Holder.reinvoke_L(java.lang.Object, java.lang.Object, java.lang.Object, java.lang.Object, int, java.lang.Object, java.lang.Object, java.lang.Object)'> (0x0000000088123ab8) 
thrown [s\open\src\hotspot\share\interpreter\linkResolver.cpp, line 796]
Event: 9.945 Thread 0x000002d0c6139b50 Exception <a 'java/lang/NoSuchMethodError'{0x000000008487fb20}: 'int java.lang.invoke.DirectMethodHandle$Holder.invokeStatic(java.lang.Object)'> (0x000000008487fb20) 
thrown [s\open\src\hotspot\share\interpreter\linkResolver.cpp, line 796]
Event: 10.105 Thread 0x000002d0c6139b50 Exception <a 'java/lang/NoSuchMethodError'{0x00000000846abce0}: 'int java.lang.invoke.Invokers$Holder.invokeExact_MT(java.lang.Object, java.lang.Object)'> (0x00000000846abce0) 
thrown [s\open\src\hotspot\share\interpreter\linkResolver.cpp, line 796]
Event: 10.878 Thread 0x000002d0c6139b50 Exception <a 'java/lang/IncompatibleClassChangeError'{0x0000000084979040}: Found class java.lang.Object, but interface was expected> (0x0000000084979040) 
thrown [s\open\src\hotspot\share\interpreter\linkResolver.cpp, line 863]
Event: 10.920 Thread 0x000002d0c6139b50 Exception <a 'java/lang/NoSuchMethodError'{0x0000000084864a90}: 'java.lang.Object java.lang.invoke.DirectMethodHandle$Holder.invokeStatic(java.lang.Object, java.lang.Object, int, java.lang.Object)'> (0x0000000084864a90) 
thrown [s\open\src\hotspot\share\interpreter\linkResolver.cpp, line 796]
Event: 10.920 Thread 0x000002d0c6139b50 Exception <a 'java/lang/NoSuchMethodError'{0x0000000084868258}: 'java.lang.Object java.lang.invoke.DirectMethodHandle$Holder.invokeStaticInit(java.lang.Object, java.lang.Object, int, java.lang.Object)'> (0x0000000084868258) 
thrown [s\open\src\hotspot\share\interpreter\linkResolver.cpp, line 796]

VM Operations (20 events):
Event: 8.145 Executing VM operation: G1CollectForAllocation (G1 Evacuation Pause) done
Event: 8.424 Executing VM operation: CollectForMetadataAllocation (Metadata GC Threshold)
Event: 8.427 Executing VM operation: CollectForMetadataAllocation (Metadata GC Threshold) done
Event: 8.496 Executing VM operation: G1PauseRemark
Event: 8.500 Executing VM operation: G1PauseRemark done
Event: 8.516 Executing VM operation: G1PauseCleanup
Event: 8.516 Executing VM operation: G1PauseCleanup done
Event: 8.859 Executing VM operation: HandshakeAllThreads (Deoptimize)
Event: 8.859 Executing VM operation: HandshakeAllThreads (Deoptimize) done
Event: 9.613 Executing VM operation: G1CollectForAllocation (G1 Evacuation Pause)
Event: 9.616 Executing VM operation: G1CollectForAllocation (G1 Evacuation Pause) done
Event: 10.653 Executing VM operation: G1CollectForAllocation (G1 Evacuation Pause)
Event: 10.658 Executing VM operation: G1CollectForAllocation (G1 Evacuation Pause) done
Event: 11.430 Executing VM operation: HandshakeAllThreads (Deoptimize)
Event: 11.430 Executing VM operation: HandshakeAllThreads (Deoptimize) done
Event: 11.438 Executing VM operation: HandshakeAllThreads (Deoptimize)
Event: 11.438 Executing VM operation: HandshakeAllThreads (Deoptimize) done
Event: 11.486 Executing VM operation: HandshakeAllThreads (Deoptimize)
Event: 11.486 Executing VM operation: HandshakeAllThreads (Deoptimize) done
Event: 11.538 Executing VM operation: G1CollectForAllocation (G1 Evacuation Pause)

Memory protections (0 events):
No events

Nmethod flushes (20 events):
Event: 8.499 Thread 0x000002d0e6e24b40 flushing  nmethod 0x000002d0d320df88
Event: 8.499 Thread 0x000002d0e6e24b40 flushing  nmethod 0x000002d0d320e588
Event: 8.499 Thread 0x000002d0e6e24b40 flushing  nmethod 0x000002d0d3265d88
Event: 8.499 Thread 0x000002d0e6e24b40 flushing  nmethod 0x000002d0d3267008
Event: 8.499 Thread 0x000002d0e6e24b40 flushing  nmethod 0x000002d0d3267a88
Event: 8.499 Thread 0x000002d0e6e24b40 flushing  nmethod 0x000002d0d3285388
Event: 8.499 Thread 0x000002d0e6e24b40 flushing  nmethod 0x000002d0d3285788
Event: 8.499 Thread 0x000002d0e6e24b40 flushing  nmethod 0x000002d0d32a8288
Event: 8.499 Thread 0x000002d0e6e24b40 flushing  nmethod 0x000002d0d32a8688
Event: 8.499 Thread 0x000002d0e6e24b40 flushing  nmethod 0x000002d0d32a9108
Event: 8.499 Thread 0x000002d0e6e24b40 flushing  nmethod 0x000002d0d32a9408
Event: 8.499 Thread 0x000002d0e6e24b40 flushing  nmethod 0x000002d0d32a9908
Event: 8.499 Thread 0x000002d0e6e24b40 flushing  nmethod 0x000002d0d32ab708
Event: 8.499 Thread 0x000002d0e6e24b40 flushing  nmethod 0x000002d0d32abb88
Event: 8.499 Thread 0x000002d0e6e24b40 flushing  nmethod 0x000002d0d32e2308
Event: 8.499 Thread 0x000002d0e6e24b40 flushing  nmethod 0x000002d0d33a6c08
Event: 8.499 Thread 0x000002d0e6e24b40 flushing  nmethod 0x000002d0d33f4808
Event: 8.499 Thread 0x000002d0e6e24b40 flushing  nmethod 0x000002d0d343d788
Event: 8.499 Thread 0x000002d0e6e24b40 flushing  nmethod 0x000002d0d343dd88
Event: 8.499 Thread 0x000002d0e6e24b40 flushing  nmethod 0x000002d0d3466288

Events (20 events):
Event: 0.785 Thread 0x000002d0c864a0a0 Thread added: 0x000002d0c556a980
Event: 0.785 Thread 0x000002d0c864a0a0 Thread added: 0x000002d0c556e270
Event: 0.956 Thread 0x000002d0e6e75bf0 Thread added: 0x000002d0c5673710
Event: 1.423 Thread 0x000002d0c5673710 Thread exited: 0x000002d0c5673710
Event: 1.710 Thread 0x000002d0c864a0a0 Thread added: 0x000002d0c5d0cc50
Event: 1.715 Thread 0x000002d0c5d0cc50 Thread added: 0x000002d0c6139b50
Event: 2.330 Thread 0x000002d0e6e75bf0 Thread added: 0x000002d0c6171830
Event: 2.581 Thread 0x000002d0c6139b50 Thread added: 0x000002d0c6285f20
Event: 3.742 Thread 0x000002d0c6139b50 Thread added: 0x000002d0e713a6a0
Event: 3.959 Thread 0x000002d0e713a6a0 Thread exited: 0x000002d0e713a6a0
Event: 4.093 Thread 0x000002d0c6285f20 Thread exited: 0x000002d0c6285f20
Event: 7.608 Thread 0x000002d0c6139b50 Thread added: 0x000002d0c740b6e0
Event: 7.613 Thread 0x000002d0c6139b50 Thread added: 0x000002d0c740b050
Event: 7.619 Thread 0x000002d0c6139b50 Thread added: 0x000002d0c740c400
Event: 8.317 Thread 0x000002d0c6171830 Thread exited: 0x000002d0c6171830
Event: 8.355 Thread 0x000002d0c6139b50 Thread added: 0x000002d0c740d120
Event: 8.394 Thread 0x000002d0e6e75bf0 Thread added: 0x000002d0c65a62c0
Event: 8.565 Thread 0x000002d0c740d120 Thread added: 0x000002d0c740a330
Event: 11.334 Thread 0x000002d0c65a62c0 Thread exited: 0x000002d0c65a62c0
Event: 11.444 Thread 0x000002d0e6e75bf0 Thread added: 0x000002d0c65a5bf0


Dynamic libraries:
0x00007ff704740000 - 0x00007ff704750000 	C:\Program Files\Java\jdk-23\bin\java.exe
0x00007ffddd470000 - 0x00007ffddd668000 	C:\WINDOWS\SYSTEM32\ntdll.dll
0x00007ffdd1b70000 - 0x00007ffdd1b8a000 	C:\Program Files\AVG\Antivirus\aswhook.dll
0x00007ffddc300000 - 0x00007ffddc3c2000 	C:\WINDOWS\System32\KERNEL32.DLL
0x00007ffddadb0000 - 0x00007ffddb0af000 	C:\WINDOWS\System32\KERNELBASE.dll
0x00007ffddb240000 - 0x00007ffddb340000 	C:\WINDOWS\System32\ucrtbase.dll
0x00007ffdd21d0000 - 0x00007ffdd21e7000 	C:\Program Files\Java\jdk-23\bin\jli.dll
0x00007ffdd21b0000 - 0x00007ffdd21cb000 	C:\Program Files\Java\jdk-23\bin\VCRUNTIME140.dll
0x00007ffdd9e70000 - 0x00007ffdda10a000 	C:\WINDOWS\WinSxS\amd64_microsoft.windows.common-controls_6595b64144ccf1df_6.0.19041.4355_none_60b8b9eb71f62e16\COMCTL32.dll
0x00007ffddce60000 - 0x00007ffddcefe000 	C:\WINDOWS\System32\msvcrt.dll
0x00007ffddb5a0000 - 0x00007ffddb5cb000 	C:\WINDOWS\System32\GDI32.dll
0x00007ffddab10000 - 0x00007ffddab32000 	C:\WINDOWS\System32\win32u.dll
0x00007ffddab40000 - 0x00007ffddac5a000 	C:\WINDOWS\System32\gdi32full.dll
0x00007ffddb340000 - 0x00007ffddb3dd000 	C:\WINDOWS\System32\msvcp_win.dll
0x00007ffddca10000 - 0x00007ffddcbad000 	C:\WINDOWS\System32\USER32.dll
0x00007ffddd260000 - 0x00007ffddd28f000 	C:\WINDOWS\System32\IMM32.DLL
0x00007ffdd41e0000 - 0x00007ffdd41ec000 	C:\Program Files\Java\jdk-23\bin\vcruntime140_1.dll
0x00007ffdd0320000 - 0x00007ffdd03ae000 	C:\Program Files\Java\jdk-23\bin\msvcp140.dll
0x00007ffd7f9c0000 - 0x00007ffd80710000 	C:\Program Files\Java\jdk-23\bin\server\jvm.dll
0x00007ffddd2f0000 - 0x00007ffddd39f000 	C:\WINDOWS\System32\ADVAPI32.dll
0x00007ffddc250000 - 0x00007ffddc2ef000 	C:\WINDOWS\System32\sechost.dll
0x00007ffddccd0000 - 0x00007ffddcdf3000 	C:\WINDOWS\System32\RPCRT4.dll
0x00007ffddb0b0000 - 0x00007ffddb0d7000 	C:\WINDOWS\System32\bcrypt.dll
0x00007ffddc990000 - 0x00007ffddc9fb000 	C:\WINDOWS\System32\WS2_32.dll
0x00007ffdda970000 - 0x00007ffdda9bb000 	C:\WINDOWS\SYSTEM32\POWRPROF.dll
0x00007ffdb1070000 - 0x00007ffdb1097000 	C:\WINDOWS\SYSTEM32\WINMM.dll
0x00007ffdcec20000 - 0x00007ffdcec2a000 	C:\WINDOWS\SYSTEM32\VERSION.dll
0x00007ffdda950000 - 0x00007ffdda962000 	C:\WINDOWS\SYSTEM32\UMPDC.dll
0x00007ffdd8cb0000 - 0x00007ffdd8cc2000 	C:\WINDOWS\SYSTEM32\kernel.appcore.dll
0x00007ffdd2150000 - 0x00007ffdd215a000 	C:\Program Files\Java\jdk-23\bin\jimage.dll
0x00007ffdda490000 - 0x00007ffdda674000 	C:\WINDOWS\SYSTEM32\DBGHELP.DLL
0x00007ffdda220000 - 0x00007ffdda254000 	C:\WINDOWS\SYSTEM32\dbgcore.DLL
0x00007ffddad20000 - 0x00007ffddada2000 	C:\WINDOWS\System32\bcryptPrimitives.dll
0x00007ffdc3710000 - 0x00007ffdc371f000 	C:\Program Files\Java\jdk-23\bin\instrument.dll
0x00007ffdd0470000 - 0x00007ffdd048e000 	C:\Program Files\Java\jdk-23\bin\java.dll
0x00007ffddc500000 - 0x00007ffddc62b000 	C:\WINDOWS\System32\ole32.dll
0x00007ffddc630000 - 0x00007ffddc985000 	C:\WINDOWS\System32\combase.dll
0x00007ffddb5d0000 - 0x00007ffddbd3d000 	C:\WINDOWS\System32\SHELL32.dll
0x00007ffdd8410000 - 0x00007ffdd8bb4000 	C:\WINDOWS\SYSTEM32\windows.storage.dll
0x00007ffdd9dd0000 - 0x00007ffdd9dff000 	C:\WINDOWS\SYSTEM32\Wldp.dll
0x00007ffddc3d0000 - 0x00007ffddc49d000 	C:\WINDOWS\System32\OLEAUT32.dll
0x00007ffddb4f0000 - 0x00007ffddb59d000 	C:\WINDOWS\System32\SHCORE.dll
0x00007ffddd290000 - 0x00007ffddd2e5000 	C:\WINDOWS\System32\shlwapi.dll
0x00007ffddaa40000 - 0x00007ffddaa64000 	C:\WINDOWS\SYSTEM32\profapi.dll
0x00007ffd93480000 - 0x00007ffd93557000 	C:\Program Files\Java\jdk-23\bin\jsvml.dll
0x00007ffdc8710000 - 0x00007ffdc8727000 	C:\Program Files\Java\jdk-23\bin\zip.dll
0x00007ffdd0460000 - 0x00007ffdd0470000 	C:\Program Files\Java\jdk-23\bin\net.dll
0x00007ffdd9b30000 - 0x00007ffdd9b9c000 	C:\WINDOWS\system32\mswsock.dll
0x00007ffdae0b0000 - 0x00007ffdae0c6000 	C:\Program Files\Java\jdk-23\bin\nio.dll
0x00007ffdc36f0000 - 0x00007ffdc370a000 	C:\Program Files\JetBrains\IntelliJ IDEA Community Edition 2024.3.3\bin\breakgen64.dll
0x00007ffdc2870000 - 0x00007ffdc2879000 	C:\Program Files\Java\jdk-23\bin\extnet.dll
0x00007ffdc3540000 - 0x00007ffdc354a000 	C:\Program Files\Java\jdk-23\bin\management.dll
0x00007ffdc25d0000 - 0x00007ffdc25db000 	C:\Program Files\Java\jdk-23\bin\management_ext.dll
0x00007ffddd3a0000 - 0x00007ffddd3a8000 	C:\WINDOWS\System32\PSAPI.DLL
0x00007ffdc1bc0000 - 0x00007ffdc1bce000 	C:\Program Files\Java\jdk-23\bin\sunmscapi.dll
0x00007ffddb0e0000 - 0x00007ffddb23c000 	C:\WINDOWS\System32\CRYPT32.dll
0x00007ffdd9e40000 - 0x00007ffdd9e67000 	C:\WINDOWS\SYSTEM32\ncrypt.dll
0x00007ffdd9e00000 - 0x00007ffdd9e3b000 	C:\WINDOWS\SYSTEM32\NTASN1.dll
0x00007ffdda7b0000 - 0x00007ffdda7c8000 	C:\WINDOWS\SYSTEM32\CRYPTSP.dll
0x00007ffdd94b0000 - 0x00007ffdd94e4000 	C:\WINDOWS\system32\rsaenh.dll
0x00007ffddaa00000 - 0x00007ffddaa2e000 	C:\WINDOWS\SYSTEM32\USERENV.dll
0x00007ffdd9d20000 - 0x00007ffdd9d2c000 	C:\WINDOWS\SYSTEM32\CRYPTBASE.dll
0x00007ffdd9810000 - 0x00007ffdd984b000 	C:\WINDOWS\SYSTEM32\IPHLPAPI.DLL
0x00007ffddca00000 - 0x00007ffddca08000 	C:\WINDOWS\System32\NSI.dll
0x00007ffdc3720000 - 0x00007ffdc3730000 	C:\Program Files\Java\jdk-23\bin\verify.dll

dbghelp: loaded successfully - version: 4.0.5 - missing functions: none
symbol engine: initialized successfully - sym options: 0x614 - pdb path: .;C:\Program Files\Java\jdk-23\bin;C:\WINDOWS\SYSTEM32;C:\Program Files\AVG\Antivirus;C:\WINDOWS\WinSxS\amd64_microsoft.windows.common-controls_6595b64144ccf1df_6.0.19041.4355_none_60b8b9eb71f62e16;C:\Program Files\Java\jdk-23\bin\server;C:\Program Files\JetBrains\IntelliJ IDEA Community Edition 2024.3.3\bin

VM Arguments:
jvm_args: -javaagent:C:\Program Files\JetBrains\IntelliJ IDEA Community Edition 2024.3.3\lib\idea_rt.jar=64707:C:\Program Files\JetBrains\IntelliJ IDEA Community Edition 2024.3.3\bin -Dfile.encoding=UTF-8 -Dsun.stdout.encoding=UTF-8 -Dsun.stderr.encoding=UTF-8 
java_command: com.example.greetingApp.GreetingAppApplication
java_class_path (initial): C:\Users\Harit Saxena\Desktop\greetingApp\target\classes;C:\Users\Harit Saxena\.m2\repository\org\springframework\boot\spring-boot-starter-web\3.4.3\spring-boot-starter-web-3.4.3.jar;C:\Users\Harit Saxena\.m2\repository\org\springframework\boot\spring-boot-starter\3.4.3\spring-boot-starter-3.4.3.jar;C:\Users\Harit Saxena\.m2\repository\org\springframework\boot\spring-boot-starter-logging\3.4.3\spring-boot-starter-logging-3.4.3.jar;C:\Users\Harit Saxena\.m2\repository\ch\qos\logback\logback-classic\1.5.16\logback-classic-1.5.16.jar;C:\Users\Harit Saxena\.m2\repository\ch\qos\logback\logback-core\1.5.16\logback-core-1.5.16.jar;C:\Users\Harit Saxena\.m2\repository\org\apache\logging\log4j\log4j-to-slf4j\2.24.3\log4j-to-slf4j-2.24.3.jar;C:\Users\Harit Saxena\.m2\repository\org\apache\logging\log4j\log4j-api\2.24.3\log4j-api-2.24.3.jar;C:\Users\Harit Saxena\.m2\repository\org\slf4j\jul-to-slf4j\2.0.16\jul-to-slf4j-2.0.16.jar;C:\Users\Harit Saxena\.m2\repository\jakarta\annotation\jakarta.annotation-api\2.1.1\jakarta.annotation-api-2.1.1.jar;C:\Users\Harit Saxena\.m2\repository\org\yaml\snakeyaml\2.3\snakeyaml-2.3.jar;C:\Users\Harit Saxena\.m2\repository\org\springframework\boot\spring-boot-starter-json\3.4.3\spring-boot-starter-json-3.4.3.jar;C:\Users\Harit Saxena\.m2\repository\com\fasterxml\jackson\core\jackson-databind\2.18.2\jackson-databind-2.18.2.jar;C:\Users\Harit Saxena\.m2\repository\com\fasterxml\jackson\core\jackson-annotations\2.18.2\jackson-annotations-2.18.2.jar;C:\Users\Harit Saxena\.m2\repository\com\fasterxml\jackson\core\jackson-core\2.18.2\jackson-core-2.18.2.jar;C:\Users\Harit Saxena\.m2\repository\com\fasterxml\jackson\datatype\jackson-datatype-jdk8\2.18.2\jackson-datatype-jdk8-2.18.2.jar;C:\Users\Harit Saxena\.m2\repository\com\fasterxml\jackson\datatype\jackson-datatype-jsr310\2.18.2\jackson-datatype-jsr310-2.18.2.jar;C:\Users\Harit Saxena\.m2\repository\com\fasterxml\jackson\module\jackson-module-parameter-names\2.18.2\jackson-module-parameter-names-2.18.2.jar;C:\Users\Harit Saxena\.m2\repository\org\springframework\boot\spring-boot-starter-tomcat\3.4.3\spring-boot-starter-tomcat-3.4.3.jar;C:\Users\Harit Saxena\.m2\repository\org\apache\tomcat\embed\tomcat-embed-core\10.1.36\tomcat-embed-core-10.1.36.jar;C:\Users\Harit Saxena\.m2\repository\org\apache\tomcat\embed\tomcat-embed-el\10.1.36\tomcat-embed-el-10.1.36.jar;C:\Users\Harit Saxena\.m2\repository\org\apache\tomcat\embed\tomcat-embed-websocket\10.1.36\tomcat-embed-websocket-10.1.36.jar;C:\Users\Harit Saxena\.m2\repository\org\springframework\spring-web\6.2.3\spring-web-6.2.3.jar;C:\Users\Harit Saxena\.m2\repository\org\springframework\spring-beans\6.2.3\spring-beans-6.2.3.jar;C:\Users\Harit Saxena\.m2\repository\io\micrometer\micrometer-observation\1.14.4\micrometer-observation-1.14.4.jar;C:\Users\Harit Saxena\.m2\repository\io\micrometer\micrometer-commons\1.14.4\micrometer-commons-1.14.4.jar;C:\Users\Harit Saxena\.m2\repository\org\springframework\spring-webmvc\6.2.3\spring-webmvc-6.2.3.jar;C:\Users\Harit Saxena\.m2\repository\org\springframework\spring-aop\6.2.3\spring-aop-6.2.3.jar;C:\Users\Harit Saxena\.m2\repository\org\springframework\spring-context\6.2.3\spring-context-6.2.3.jar;C:\Users\Harit Saxena\.m2\repository\org\springframework\spring-expression\6.2.3\spring-expression-6.2.3.jar;C:\Users\Harit Saxena\.m2\repository\org\springframework\boot\spring-boot-devtools\3.4.3\spring-boot-devtools-3.4.3.jar;C:\Users\Harit Saxena\.m2\repository\org\springframework\boot\spring-boot\3.4.3\spring-boot-3.4.3.jar;C:\Users\Harit Saxena\.m2\repository\org\springframework\boot\spring-boot-autoconfigure\3.4.3\spring-boot-autoconfigure-3.4.3.jar;C:\Users\Harit Saxena\.m2\repository\org\slf4j\slf4j-api\2.0.16\slf4j-api-2.0.16.jar;C:\Users\Harit Saxena\.m2\repository\jakarta\xml\bind\jakarta.xml.bind-api\4.0.2\jakarta.xml.bind-api-4.0.2.jar;C:\Users\Harit Saxena\.m2\repository\jakarta\activation\jakarta.activation-api\2.1.3\jakarta.activation-api-2.1.3.jar;C:\Users\Harit Saxena\.m2\repository\net\bytebuddy\byte-buddy\1.15.11\byte-buddy-1.15.11.jar;C:\Users\Harit Saxena\.m2\repository\org\springframework\spring-core\6.2.3\spring-core-6.2.3.jar;C:\Users\Harit Saxena\.m2\repository\org\springframework\spring-jcl\6.2.3\spring-jcl-6.2.3.jar;C:\Users\Harit Saxena\.m2\repository\org\springframework\boot\spring-boot-starter-data-jpa\3.4.3\spring-boot-starter-data-jpa-3.4.3.jar;C:\Users\Harit Saxena\.m2\repository\org\springframework\boot\spring-boot-starter-jdbc\3.4.3\spring-boot-starter-jdbc-3.4.3.jar;C:\Users\Harit Saxena\.m2\repository\com\zaxxer\HikariCP\5.1.0\HikariCP-5.1.0.jar;C:\Users\Harit Saxena\.m2\repository\org\springframework\spring-jdbc\6.2.3\spring-jdbc-6.2.3.jar;C:\Users\Harit Saxena\.m2\repository\org\hibernate\orm\hibernate-core\6.6.8.Final\hibernate-core-6.6.8.Final.jar;C:\Users\Harit Saxena\.m2\repository\jakarta\persistence\jakarta.persistence-api\3.1.0\jakarta.persistence-api-3.1.0.jar;C:\Users\Harit Saxena\.m2\repository\jakarta\transaction\jakarta.transaction-api\2.0.1\jakarta.transaction-api-2.0.1.jar;C:\Users\Harit Saxena\.m2\repository\org\jboss\logging\jboss-logging\3.6.1.Final\jboss-logging-3.6.1.Final.jar;C:\Users\Harit Saxena\.m2\repository\org\hibernate\common\hibernate-commons-annotations\7.0.3.Final\hibernate-commons-annotations-7.0.3.Final.jar;C:\Users\Harit Saxena\.m2\repository\io\smallrye\jandex\3.2.0\jandex-3.2.0.jar;C:\Users\Harit Saxena\.m2\repository\com\fasterxml\classmate\1.7.0\classmate-1.7.0.jar;C:\Users\Harit Saxena\.m2\repository\org\glassfish\jaxb\jaxb-runtime\4.0.5\jaxb-runtime-4.0.5.jar;C:\Users\Harit Saxena\.m2\repository\org\glassfish\jaxb\jaxb-core\4.0.5\jaxb-core-4.0.5.jar;C:\Users\Harit Saxena\.m2\repository\org\eclipse\angus\angus-activation\2.0.2\angus-activation-2.0.2.jar;C:\Users\Harit Saxena\.m2\repository\org\glassfish\jaxb\txw2\4.0.5\txw2-4.0.5.jar;C:\Users\Harit Saxena\.m2\repository\com\sun\istack\istack-commons-runtime\4.1.2\istack-commons-runtime-4.1.2.jar;C:\Users\Harit Saxena\.m2\repository\jakarta\inject\jakarta.inject-api\2.0.1\jakarta.inject-api-2.0.1.jar;C:\Users\Harit Saxena\.m2\repository\org\antlr\antlr4-runtime\4.13.0\antlr4-runtime-4.13.0.jar;C:\Users\Harit Saxena\.m2\repository\org\springframework\data\spring-data-jpa\3.4.3\spring-data-jpa-3.4.3.jar;C:\Users\Harit Saxena\.m2\repository\org\springframework\data\spring-data-commons\3.4.3\spring-data-commons-3.4.3.jar;C:\Users\Harit Saxena\.m2\repository\org\springframework\spring-orm\6.2.3\spring-orm-6.2.3.jar;C:\Users\Harit Saxena\.m2\repository\org\springframework\spring-tx\6.2.3\spring-tx-6.2.3.jar;C:\Users\Harit Saxena\.m2\repository\org\springframework\spring-aspects\6.2.3\spring-aspects-6.2.3.jar;C:\Users\Harit Saxena\.m2\repository\org\aspectj\aspectjweaver\1.9.22.1\aspectjweaver-1.9.22.1.jar;C:\Users\Harit Saxena\.m2\repository\com\h2database\h2\2.3.232\h2-2.3.232.jar
Launcher Type: SUN_STANDARD

[Global flags]
     intx CICompilerCount                          = 3                                         {product} {ergonomic}
     uint ConcGCThreads                            = 1                                         {product} {ergonomic}
     uint G1ConcRefinementThreads                  = 4                                         {product} {ergonomic}
   size_t G1HeapRegionSize                         = 1048576                                   {product} {ergonomic}
   size_t InitialHeapSize                          = 134217728                                 {product} {ergonomic}
   size_t MarkStackSize                            = 4194304                                   {product} {ergonomic}
   size_t MarkStackSizeMax                         = 536870912                                 {product} {ergonomic}
   size_t MaxHeapSize                              = 2116026368                                {product} {ergonomic}
   size_t MaxNewSize                               = 1268776960                                {product} {ergonomic}
   size_t MinHeapDeltaBytes                        = 1048576                                   {product} {ergonomic}
   size_t MinHeapSize                              = 8388608                                   {product} {ergonomic}
    uintx NonNMethodCodeHeapSize                   = 5832704                                {pd product} {ergonomic}
    uintx NonProfiledCodeHeapSize                  = 122945536                              {pd product} {ergonomic}
    uintx ProfiledCodeHeapSize                     = 122880000                              {pd product} {ergonomic}
    uintx ReservedCodeCacheSize                    = 251658240                              {pd product} {ergonomic}
     bool SegmentedCodeCache                       = true                                      {product} {ergonomic}
   size_t SoftMaxHeapSize                          = 2116026368                             {manageable} {ergonomic}
     bool UseCompressedOops                        = true                           {product lp64_product} {ergonomic}
     bool UseG1GC                                  = true                                      {product} {ergonomic}
     bool UseLargePagesIndividualAllocation        = false                                  {pd product} {ergonomic}

Logging:
Log output configuration:
 #0: stdout all=warning uptime,level,tags foldmultilines=false
 #1: stderr all=off uptime,level,tags foldmultilines=false

Environment Variables:
PATH=C:\Program Files\Common Files\Oracle\Java\javapath;C:\Program Files\Microsoft\jdk-11.0.16.101-hotspot\bin;C:\WINDOWS\system32;C:\WINDOWS;C:\WINDOWS\System32\Wbem;C:\WINDOWS\System32\WindowsPowerShell\v1.0\;C:\WINDOWS\System32\OpenSSH\;C:\xampp\php;C:\ProgramData\chocolatey\bin;C:\Python311;C:\Program Files\nodejs\;C:\Program Files\dotnet\;C:\Program Files (x86)\Git\cmd;C:\Users\Harit Saxena\.cargo\bin;C:\Users\Harit Saxena\AppData\Local\Microsoft\WindowsApps;C:\Users\Harit Saxena\AppData\Roaming\Composer\vendor\bin;C:\Users\Harit Saxena\AppData\Roaming\npm;C:\Users\Harit Saxena\AppData\Local\Programs\Microsoft VS Code\bin;C:\Users\Harit Saxena\.dotnet\tools;C:\Users\Harit Saxena\AppData\Local\Programs\Python\Python311;C:\Users\Harit Saxena\AppData\Local\Programs\Python\Python311\Scripts;;C:\Program Files\JetBrains\IntelliJ IDEA Community Edition 2024.3.3\bin;
USERNAME=Harit Saxena
OS=Windows_NT
PROCESSOR_IDENTIFIER=Intel64 Family 6 Model 142 Stepping 9, GenuineIntel
TMP=C:\Users\HARITS~1\AppData\Local\Temp
TEMP=C:\Users\HARITS~1\AppData\Local\Temp




Periodic native trim disabled

---------------  S Y S T E M  ---------------

OS:
 Windows 10 , 64 bit Build 19041 (10.0.19041.5438)
OS uptime: 0 days 3:54 hours

CPU: total 4 (initial active 4) (2 cores per cpu, 2 threads per core) family 6 model 142 stepping 9 microcode 0xea, cx8, cmov, fxsr, ht, mmx, 3dnowpref, sse, sse2, sse3, ssse3, sse4.1, sse4.2, popcnt, lzcnt, tsc, tscinvbit, avx, avx2, aes, erms, clmul, bmi1, bmi2, adx, fma, vzeroupper, clflush, clflushopt, rdtscp, f16c
Processor Information for the first 4 processors :
  Max Mhz: 2712, Current Mhz: 2511, Mhz Limit: 2495

Memory: 4k page, system-wide physical 8067M (868M free)
TotalPageFile size 12675M (AvailPageFile size 2929M)
current process WorkingSet (physical memory assigned to process): 220M, peak: 222M
current process commit charge ("private bytes"): 250M, peak: 281M

vm_info: Java HotSpot(TM) 64-Bit Server VM (23.0.2+7-58) for windows-amd64 JRE (23.0.2+7-58), built on 2024-11-29T09:34:55Z with MS VC++ 17.6 (VS2022)

END.
