#
# A fatal error has been detected by the Java Runtime Environment:
#
#  EXCEPTION_ACCESS_VIOLATION (0xc0000005) at pc=0x00007ffd800ef9b6, pid=13304, tid=11640
#
# JRE version: Java(TM) SE Runtime Environment (23.0.2+7) (build 23.0.2+7-58)
# Java VM: Java HotSpot(TM) 64-Bit Server VM (23.0.2+7-58, mixed mode, sharing, tiered, compressed oops, compressed class ptrs, g1 gc, windows-amd64)
# Problematic frame:
# V  [jvm.dll+0x72f9b6]
#
# No core dump will be written. Minidumps are not enabled by default on client versions of Windows
#
# If you would like to submit a bug report, please visit:
#   https://bugreport.java.com/bugreport/crash.jsp
#

---------------  S U M M A R Y ------------

Command Line: -javaagent:C:\Program Files\JetBrains\IntelliJ IDEA Community Edition 2024.3.3\lib\idea_rt.jar=64524:C:\Program Files\JetBrains\IntelliJ IDEA Community Edition 2024.3.3\bin -Dfile.encoding=UTF-8 -Dsun.stdout.encoding=UTF-8 -Dsun.stderr.encoding=UTF-8 com.example.greetingApp.GreetingAppApplication

Host: Intel(R) Core(TM) i5-7200U CPU @ 2.50GHz, 4 cores, 7G,  Windows 10 , 64 bit Build 19041 (10.0.19041.5438)
Time: Mon Mar  3 16:33:23 2025 India Standard Time elapsed time: 126.304852 seconds (0d 0h 2m 6s)

---------------  T H R E A D  ---------------

Current thread (0x00000257f14d2090):  JavaThread "C2 CompilerThread0" daemon [_thread_in_native, id=11640, stack(0x000000eb09f00000,0x000000eb0a000000) (1024K)]


Current CompileTask:
C2:126305 5821       4       jdk.internal.loader.URLClassPath$JarLoader$2::getBytes (48 bytes)

Stack: [0x000000eb09f00000,0x000000eb0a000000],  sp=0x000000eb09ffc900,  free space=1010k
Native frames: (J=compiled Java code, j=interpreted, Vv=VM code, C=native code)
V  [jvm.dll+0x72f9b6]  (no source info available)
V  [jvm.dll+0x3b4431]  (no source info available)
V  [jvm.dll+0x3b2f0d]  (no source info available)
V  [jvm.dll+0x1dc4e3]  (no source info available)
V  [jvm.dll+0x244ce5]  (no source info available)
V  [jvm.dll+0x243eff]  (no source info available)
V  [jvm.dll+0x1c34b0]  (no source info available)
V  [jvm.dll+0x253df1]  (no source info available)
V  [jvm.dll+0x2520aa]  (no source info available)
V  [jvm.dll+0x3ee226]  (no source info available)
V  [jvm.dll+0x8254cb]  (no source info available)
V  [jvm.dll+0x6df345]  (no source info available)
C  [ucrtbase.dll+0x21bb2]  (no source info available)
C  [KERNEL32.DLL+0x17374]  (no source info available)
C  [ntdll.dll+0x4cc91]  (no source info available)


siginfo: EXCEPTION_ACCESS_VIOLATION (0xc0000005), reading address 0x00000257c8145000


Registers:
RAX=0x000000000001c1df, RBX=0x5555555555555555, RCX=0x0000000000000002, RDX=0x00000000000e28cc
RSP=0x000000eb09ffc900, RBP=0x000000eb09ffca10, RSI=0x0101010101010101, RDI=0x0f0f0f0f0f0f0f0f
R8 =0x000000000001c1e0, R9 =0x00000257c8064108, R10=0x0000000010000000, R11=0x3333333333333333
R12=0x0000000000000001, R13=0x000000eb09ffd100, R14=0x000000000000001a, R15=0x000000eb09ffcad4
RIP=0x00007ffd800ef9b6, EFLAGS=0x0000000000010213


Register to memory mapping:

RAX=0x000000000001c1df is an unknown value
RBX=0x5555555555555555 is an unknown value
RCX=0x0000000000000002 is an unknown value
RDX=0x00000000000e28cc is an unknown value
RSP=0x000000eb09ffc900 is pointing into the stack for thread: 0x00000257f14d2090
RBP=0x000000eb09ffca10 is pointing into the stack for thread: 0x00000257f14d2090
RSI=0x0101010101010101 is an unknown value
RDI=0x0f0f0f0f0f0f0f0f is an unknown value
R8 =0x000000000001c1e0 is an unknown value
R9 =0x00000257c8064108 points into unknown readable memory: 0x000000000ffffcff | ff fc ff 0f 00 00 00 00
R10=0x0000000010000000 is an unknown value
R11=0x3333333333333333 is an unknown value
R12=0x0000000000000001 is an unknown value
R13=0x000000eb09ffd100 is pointing into the stack for thread: 0x00000257f14d2090
R14=0x000000000000001a is an unknown value
R15=0x000000eb09ffcad4 is pointing into the stack for thread: 0x00000257f14d2090

Top of Stack: (sp=0x000000eb09ffc900)
0x000000eb09ffc900:   00000257c80640d0 00007ffd7fd74431
0x000000eb09ffc910:   00000257c6e874ac 00000257c8064230
0x000000eb09ffc920:   00000257c8064230 00000257f149f830
0x000000eb09ffc930:   0000000000000002 000000020000024c
0x000000eb09ffc940:   0000000a00000003 00000257c72584e0
0x000000eb09ffc950:   00000257c7259010 000000eb09ffcb30
0x000000eb09ffc960:   000000000ffffcff 0000000000000000
0x000000eb09ffc970:   0000000000000000 0000000000000000
0x000000eb09ffc980:   0000000000000000 0000000000000000
0x000000eb09ffc990:   0000000000000000 0000000000000000
0x000000eb09ffc9a0:   0000000000000000 0000000000000000
0x000000eb09ffc9b0:   0000000000000000 1000000000000000
0x000000eb09ffc9c0:   0000000000000000 0000000000000000
0x000000eb09ffc9d0:   0000000000000000 0000000000000000
0x000000eb09ffc9e0:   0000000000000000 0000000000000000
0x000000eb09ffc9f0:   0000000000000000 0000000000000000
0x000000eb09ffca00:   0000c00000000000 0000000000000000
0x000000eb09ffca10:   0000000000000000 0000000800000008
0x000000eb09ffca20:   00000257c8064230 00000257c6e87480
0x000000eb09ffca30:   0000000000000007 000000eb09ffd100
0x000000eb09ffca40:   000000eb09ffcb50 00007ffd7fd72f0d
0x000000eb09ffca50:   00000257c6e874ac 000000eb09ffd100
0x000000eb09ffca60:   0000000000000007 00007ffd00000001
0x000000eb09ffca70:   000000eb09ffcaa0 0000000000000006
0x000000eb09ffca80:   0000000300000004 00000257c9752890
0x000000eb09ffca90:   0000000000000006 00000257c9752870
0x000000eb09ffcaa0:   0000000700000000 0000000e00000000
0x000000eb09ffcab0:   00007ffd00000000 0000000700000005
0x000000eb09ffcac0:   0000000d00000005 00007ffd00000000
0x000000eb09ffcad0:   000000000000011c 000002570000024e
0x000000eb09ffcae0:   0000000000000004 0000000000000000
0x000000eb09ffcaf0:   00000004000009d0 0000000a0000000a 

Instructions: (pc=0x00007ffd800ef9b6)
0x00007ffd800ef8b6:   c8 8d 41 ff 83 f8 07 77 1a 48 63 c1 48 8b 44 c4
0x00007ffd800ef8c6:   f8 48 8b 4c 24 40 48 33 cc e8 4c dd 1e 00 48 83
0x00007ffd800ef8d6:   c4 58 c3 48 8d 05 08 3f 33 00 48 8b 4c 24 40 48
0x00007ffd800ef8e6:   33 cc e8 33 dd 1e 00 48 83 c4 58 c3 cc cc cc cc
0x00007ffd800ef8f6:   cc cc cc cc cc cc cc cc cc cc 48 8d 05 59 3b 33
0x00007ffd800ef906:   00 2b c8 8d 41 ff 83 f8 0f 77 10 48 63 c1 48 8d
0x00007ffd800ef916:   0d a5 3b 33 00 48 8b 44 c1 f8 c3 48 8d 05 18 3c
0x00007ffd800ef926:   33 00 c3 cc cc cc cc cc cc cc 48 8d 05 51 3b 33
0x00007ffd800ef936:   00 2b c8 8d 41 ff 83 f8 1f 77 10 48 63 c1 48 8d
0x00007ffd800ef946:   0d 75 3c 33 00 48 8b 44 c1 f8 c3 48 8d 05 68 3e
0x00007ffd800ef956:   33 00 c3 cc cc cc cc cc cc cc 48 83 ec 08 44 8b
0x00007ffd800ef966:   51 5c 33 d2 44 8b 41 58 4c 8b c9 45 3b c2 0f 87
0x00007ffd800ef976:   86 00 00 00 48 89 5c 24 10 49 bb 33 33 33 33 33
0x00007ffd800ef986:   33 33 33 48 89 74 24 18 48 bb 55 55 55 55 55 55
0x00007ffd800ef996:   55 55 48 89 3c 24 48 be 01 01 01 01 01 01 01 01
0x00007ffd800ef9a6:   48 bf 0f 0f 0f 0f 0f 0f 0f 0f 41 8b c0 41 ff c0
0x00007ffd800ef9b6:   49 8b 0c c1 48 8b c1 48 d1 e8 48 23 c3 48 2b c8
0x00007ffd800ef9c6:   48 8b c1 49 23 cb 48 c1 e8 02 49 23 c3 48 03 c1
0x00007ffd800ef9d6:   48 8b c8 48 c1 e9 04 48 03 c8 48 23 cf 48 0f af
0x00007ffd800ef9e6:   ce 48 c1 e9 38 03 d1 45 3b c2 76 be 48 8b 3c 24
0x00007ffd800ef9f6:   48 8b 74 24 18 48 8b 5c 24 10 8b c2 48 83 c4 08
0x00007ffd800efa06:   c3 cc cc cc cc cc cc cc cc cc 8b 41 58 4c 8b c9
0x00007ffd800efa16:   3b 41 5c 77 3f 49 ba 55 55 55 55 55 55 55 d5 66
0x00007ffd800efa26:   66 66 0f 1f 84 00 00 00 00 00 8b d0 ff c0 4d 8d
0x00007ffd800efa36:   04 d1 49 8b 14 d1 48 8b ca 49 23 ca 48 03 c9 48
0x00007ffd800efa46:   23 d1 48 8b ca 48 d1 e9 48 0b ca 49 89 08 41 3b
0x00007ffd800efa56:   41 5c 76 d6 c3 cc cc cc cc cc 48 83 ec 08 44 8b
0x00007ffd800efa66:   c2 4c 8b d9 83 fa 01 0f 84 a7 00 00 00 44 8b 51
0x00007ffd800efa76:   58 41 8b c0 48 c1 e8 02 48 89 3c 24 48 8d 3d 6f
0x00007ffd800efa86:   3d 33 00 48 8b 3c c7 44 3b 51 5c 0f 87 7f 00 00
0x00007ffd800efa96:   00 48 89 5c 24 10 0f 1f 40 00 41 8b c2 4d 8b 0c
0x00007ffd800efaa6:   c3 49 8d 1c c3 49 8b c1 48 23 c7 41 83 f8 01 76 


Stack slot to memory mapping:

stack at sp + 0 slots: 0x00000257c80640d0 points into unknown readable memory: 0x3d81b5ee2266143b | 3b 14 66 22 ee b5 81 3d
stack at sp + 1 slots: 0x00007ffd7fd74431 jvm.dll
stack at sp + 2 slots: 0x00000257c6e874ac points into unknown readable memory: 08 02 00 00
stack at sp + 3 slots: 0x00000257c8064230 points into unknown readable memory: 0x3d71b5ee2266143b | 3b 14 66 22 ee b5 71 3d
stack at sp + 4 slots: 0x00000257c8064230 points into unknown readable memory: 0x3d71b5ee2266143b | 3b 14 66 22 ee b5 71 3d
stack at sp + 5 slots: 0x00000257f149f830 points into unknown readable memory: 0x0000000000000000 | 00 00 00 00 00 00 00 00
stack at sp + 6 slots: 0x0000000000000002 is an unknown value
stack at sp + 7 slots: 0x000000020000024c is an unknown value

Lock stack of current Java thread (top to bottom):


---------------  P R O C E S S  ---------------

Threads class SMR info:
_java_thread_list=0x00000257c67f3d40, length=30, elements={
0x00000257f1493d70, 0x00000257f14949d0, 0x00000257f14958b0, 0x00000257f1498320,
0x00000257f149cda0, 0x00000257f14a92e0, 0x00000257f14d2090, 0x00000257f14d3350,
0x00000257f146b890, 0x00000257c53c8690, 0x00000257c53e5260, 0x00000257c6c9bc20,
0x00000257c6c9a1e0, 0x00000257c6c9af00, 0x00000257c6c99b50, 0x00000257c6c9c940,
0x00000257c9fd1b70, 0x00000257c9fd2890, 0x00000257c9fd7750, 0x00000257c9fd42d0,
0x00000257c9fd2f20, 0x00000257c9fd4960, 0x00000257c9fd35b0, 0x00000257c9fd3c40,
0x00000257c9fd14e0, 0x00000257c9fd4ff0, 0x00000257c9fd63a0, 0x00000257c9fd5680,
0x00000257c9fd5d10, 0x00000257c9fd6a30
}

Java Threads: ( => current thread )
  0x00000257f1493d70 JavaThread "Reference Handler"          daemon [_thread_blocked, id=9208, stack(0x000000eb09900000,0x000000eb09a00000) (1024K)]
  0x00000257f14949d0 JavaThread "Finalizer"                  daemon [_thread_blocked, id=7876, stack(0x000000eb09a00000,0x000000eb09b00000) (1024K)]
  0x00000257f14958b0 JavaThread "Signal Dispatcher"          daemon [_thread_blocked, id=10584, stack(0x000000eb09b00000,0x000000eb09c00000) (1024K)]
  0x00000257f1498320 JavaThread "Attach Listener"            daemon [_thread_blocked, id=13872, stack(0x000000eb09c00000,0x000000eb09d00000) (1024K)]
  0x00000257f149cda0 JavaThread "Service Thread"             daemon [_thread_blocked, id=11572, stack(0x000000eb09d00000,0x000000eb09e00000) (1024K)]
  0x00000257f14a92e0 JavaThread "Monitor Deflation Thread"   daemon [_thread_blocked, id=11564, stack(0x000000eb09e00000,0x000000eb09f00000) (1024K)]
=>0x00000257f14d2090 JavaThread "C2 CompilerThread0"         daemon [_thread_in_native, id=11640, stack(0x000000eb09f00000,0x000000eb0a000000) (1024K)]
  0x00000257f14d3350 JavaThread "C1 CompilerThread0"         daemon [_thread_blocked, id=9312, stack(0x000000eb0a000000,0x000000eb0a100000) (1024K)]
  0x00000257f146b890 JavaThread "Common-Cleaner"             daemon [_thread_blocked, id=11568, stack(0x000000eb0a100000,0x000000eb0a200000) (1024K)]
  0x00000257c53c8690 JavaThread "Monitor Ctrl-Break"         daemon [_thread_in_native, id=3040, stack(0x000000eb0a300000,0x000000eb0a400000) (1024K)]
  0x00000257c53e5260 JavaThread "Notification Thread"        daemon [_thread_blocked, id=12100, stack(0x000000eb0a400000,0x000000eb0a500000) (1024K)]
  0x00000257c6c9bc20 JavaThread "Catalina-utility-1"                [_thread_blocked, id=12828, stack(0x000000eb0aa00000,0x000000eb0ab00000) (1024K)]
  0x00000257c6c9a1e0 JavaThread "Catalina-utility-2"                [_thread_blocked, id=13852, stack(0x000000eb0ab00000,0x000000eb0ac00000) (1024K)]
  0x00000257c6c9af00 JavaThread "container-0"                       [_thread_blocked, id=1968, stack(0x000000eb0ac00000,0x000000eb0ad00000) (1024K)]
  0x00000257c6c99b50 JavaThread "HikariPool-1 housekeeper"   daemon [_thread_blocked, id=12688, stack(0x000000eb0ad00000,0x000000eb0ae00000) (1024K)]
  0x00000257c6c9c940 JavaThread "File Watcher"               daemon [_thread_blocked, id=11392, stack(0x000000eb0af00000,0x000000eb0b000000) (1024K)]
  0x00000257c9fd1b70 JavaThread "Live Reload Server"         daemon [_thread_in_native, id=552, stack(0x000000eb0b100000,0x000000eb0b200000) (1024K)]
  0x00000257c9fd2890 JavaThread "http-nio-8080-exec-1"       daemon [_thread_blocked, id=12568, stack(0x000000eb0b000000,0x000000eb0b100000) (1024K)]
  0x00000257c9fd7750 JavaThread "http-nio-8080-exec-2"       daemon [_thread_blocked, id=4452, stack(0x000000eb0b200000,0x000000eb0b300000) (1024K)]
  0x00000257c9fd42d0 JavaThread "http-nio-8080-exec-3"       daemon [_thread_blocked, id=4780, stack(0x000000eb0b300000,0x000000eb0b400000) (1024K)]
  0x00000257c9fd2f20 JavaThread "http-nio-8080-exec-4"       daemon [_thread_blocked, id=5540, stack(0x000000eb0b400000,0x000000eb0b500000) (1024K)]
  0x00000257c9fd4960 JavaThread "http-nio-8080-exec-5"       daemon [_thread_blocked, id=676, stack(0x000000eb0b500000,0x000000eb0b600000) (1024K)]
  0x00000257c9fd35b0 JavaThread "http-nio-8080-exec-6"       daemon [_thread_blocked, id=13256, stack(0x000000eb0b600000,0x000000eb0b700000) (1024K)]
  0x00000257c9fd3c40 JavaThread "http-nio-8080-exec-7"       daemon [_thread_blocked, id=5772, stack(0x000000eb0b700000,0x000000eb0b800000) (1024K)]
  0x00000257c9fd14e0 JavaThread "http-nio-8080-exec-8"       daemon [_thread_blocked, id=6376, stack(0x000000eb0b800000,0x000000eb0b900000) (1024K)]
  0x00000257c9fd4ff0 JavaThread "http-nio-8080-exec-9"       daemon [_thread_blocked, id=6688, stack(0x000000eb0b900000,0x000000eb0ba00000) (1024K)]
  0x00000257c9fd63a0 JavaThread "http-nio-8080-exec-10"      daemon [_thread_blocked, id=14096, stack(0x000000eb0ba00000,0x000000eb0bb00000) (1024K)]
  0x00000257c9fd5680 JavaThread "http-nio-8080-Poller"       daemon [_thread_in_native, id=13156, stack(0x000000eb0bb00000,0x000000eb0bc00000) (1024K)]
  0x00000257c9fd5d10 JavaThread "http-nio-8080-Acceptor"     daemon [_thread_in_native, id=11700, stack(0x000000eb0bc00000,0x000000eb0bd00000) (1024K)]
  0x00000257c9fd6a30 JavaThread "DestroyJavaVM"                     [_thread_blocked, id=4624, stack(0x000000eb09000000,0x000000eb09100000) (1024K)]
Total: 30

Other Threads:
  0x00000257f147ae20 VMThread "VM Thread"                           [id=3712, stack(0x000000eb09800000,0x000000eb09900000) (1024K)]
  0x00000257f1469df0 WatcherThread "VM Periodic Task Thread"        [id=3816, stack(0x000000eb09700000,0x000000eb09800000) (1024K)]
  0x00000257d5035de0 WorkerThread "GC Thread#0"                     [id=13148, stack(0x000000eb09200000,0x000000eb09300000) (1024K)]
  0x00000257c5bdabb0 WorkerThread "GC Thread#1"                     [id=14124, stack(0x000000eb0a500000,0x000000eb0a600000) (1024K)]
  0x00000257c5f05c20 WorkerThread "GC Thread#2"                     [id=14140, stack(0x000000eb0a600000,0x000000eb0a700000) (1024K)]
  0x00000257c59fee10 WorkerThread "GC Thread#3"                     [id=1848, stack(0x000000eb0a700000,0x000000eb0a800000) (1024K)]
  0x00000257d504bc10 ConcurrentGCThread "G1 Main Marker"            [id=13604, stack(0x000000eb09300000,0x000000eb09400000) (1024K)]
  0x00000257d504cec0 WorkerThread "G1 Conc#0"                       [id=4808, stack(0x000000eb09400000,0x000000eb09500000) (1024K)]
  0x00000257d509ead0 ConcurrentGCThread "G1 Refine#0"               [id=3996, stack(0x000000eb09500000,0x000000eb09600000) (1024K)]
  0x00000257f132d720 ConcurrentGCThread "G1 Service"                [id=10300, stack(0x000000eb09600000,0x000000eb09700000) (1024K)]
Total: 10

Threads with active compile tasks:
C2 CompilerThread0  126940 5821       4       jdk.internal.loader.URLClassPath$JarLoader$2::getBytes (48 bytes)
Total: 1

VM state: not at safepoint (normal execution)

VM Mutex/Monitor currently owned by a thread: None

Heap address: 0x0000000081e00000, size: 2018 MB, Compressed Oops mode: 32-bit

CDS archive(s) mapped at: [0x0000025780000000-0x0000025780d70000-0x0000025780d70000), size 14090240, SharedBaseAddress: 0x0000025780000000, ArchiveRelocationMode: 1.
Compressed class space mapped at: 0x0000025781000000-0x00000257c1000000, reserved size: 1073741824
Narrow klass base: 0x0000025780000000, Narrow klass shift: 0, Narrow klass range: 0x41000000

GC Precious Log:
 CardTable entry size: 512
 Card Set container configuration: InlinePtr #cards 5 size 8 Array Of Cards #cards 10 size 36 Howl #buckets 4 coarsen threshold 1843 Howl Bitmap #cards 512 size 80 coarsen threshold 460 Card regions per heap region 1 cards per card region 2048
 CPUs: 4 total, 4 available
 Memory: 8067M
 Large Page Support: Disabled
 NUMA Support: Disabled
 Compressed Oops: Enabled (32-bit)
 Heap Region Size: 1M
 Heap Min Capacity: 8M
 Heap Initial Capacity: 128M
 Heap Max Capacity: 2018M
 Pre-touch: Disabled
 Parallel Workers: 4
 Concurrent Workers: 1
 Concurrent Refinement Workers: 4
 Periodic GC: Disabled

Heap:
 garbage-first heap   total reserved 2066432K, committed 51200K, used 43803K [0x0000000081e00000, 0x0000000100000000)
  region size 1024K, 19 young (19456K), 2 survivors (2048K)
 Metaspace       used 65980K, committed 66624K, reserved 1114112K
  class space    used 9153K, committed 9408K, reserved 1048576K

Heap Regions: E=young(eden), S=young(survivor), O=old, HS=humongous(starts), HC=humongous(continues), CS=collection set, F=free, TAMS=top-at-mark-start, PB=parsable bottom
|   0|0x0000000081e00000, 0x0000000081f00000, 0x0000000081f00000|100%|HS|  |TAMS 0x0000000081e00000| PB 0x0000000081e00000| Complete |  0
|   1|0x0000000081f00000, 0x0000000082000000, 0x0000000082000000|100%|HS|  |TAMS 0x0000000081f00000| PB 0x0000000081f00000| Complete |  0
|   2|0x0000000082000000, 0x0000000082100000, 0x0000000082100000|100%| O|  |TAMS 0x0000000082000000| PB 0x0000000082000000| Untracked |  0
|   3|0x0000000082100000, 0x0000000082200000, 0x0000000082200000|100%| O|  |TAMS 0x0000000082100000| PB 0x0000000082100000| Untracked |  0
|   4|0x0000000082200000, 0x0000000082300000, 0x0000000082300000|100%| O|  |TAMS 0x0000000082200000| PB 0x0000000082200000| Untracked |  0
|   5|0x0000000082300000, 0x0000000082400000, 0x0000000082400000|100%| O|  |TAMS 0x0000000082300000| PB 0x0000000082300000| Untracked |  0
|   6|0x0000000082400000, 0x0000000082500000, 0x0000000082500000|100%| O|  |TAMS 0x0000000082400000| PB 0x0000000082400000| Untracked |  0
|   7|0x0000000082500000, 0x0000000082600000, 0x0000000082600000|100%| O|  |TAMS 0x0000000082500000| PB 0x0000000082500000| Untracked |  0
|   8|0x0000000082600000, 0x0000000082700000, 0x0000000082700000|100%| O|  |TAMS 0x0000000082600000| PB 0x0000000082600000| Untracked |  0
|   9|0x0000000082700000, 0x0000000082800000, 0x0000000082800000|100%| O|  |TAMS 0x0000000082700000| PB 0x0000000082700000| Untracked |  0
|  10|0x0000000082800000, 0x0000000082900000, 0x0000000082900000|100%| O|  |TAMS 0x0000000082800000| PB 0x0000000082800000| Untracked |  0
|  11|0x0000000082900000, 0x0000000082a00000, 0x0000000082a00000|100%| O|  |TAMS 0x0000000082900000| PB 0x0000000082900000| Untracked |  0
|  12|0x0000000082a00000, 0x0000000082b00000, 0x0000000082b00000|100%| O|  |TAMS 0x0000000082a00000| PB 0x0000000082a00000| Untracked |  0
|  13|0x0000000082b00000, 0x0000000082c00000, 0x0000000082c00000|100%| O|  |TAMS 0x0000000082b00000| PB 0x0000000082b00000| Untracked |  0
|  14|0x0000000082c00000, 0x0000000082d00000, 0x0000000082d00000|100%| O|  |TAMS 0x0000000082c00000| PB 0x0000000082c00000| Untracked |  0
|  15|0x0000000082d00000, 0x0000000082e00000, 0x0000000082e00000|100%| O|  |TAMS 0x0000000082d00000| PB 0x0000000082d00000| Untracked |  0
|  16|0x0000000082e00000, 0x0000000082f00000, 0x0000000082f00000|100%| O|Cm|TAMS 0x0000000082e00000| PB 0x0000000082e00000| Complete |  0
|  17|0x0000000082f00000, 0x0000000083000000, 0x0000000083000000|100%| O|  |TAMS 0x0000000082f00000| PB 0x0000000082f00000| Untracked |  0
|  18|0x0000000083000000, 0x0000000083100000, 0x0000000083100000|100%| O|  |TAMS 0x0000000083000000| PB 0x0000000083000000| Untracked |  0
|  19|0x0000000083100000, 0x0000000083200000, 0x0000000083200000|100%| O|  |TAMS 0x0000000083100000| PB 0x0000000083100000| Untracked |  0
|  20|0x0000000083200000, 0x0000000083300000, 0x0000000083300000|100%| O|  |TAMS 0x0000000083200000| PB 0x0000000083200000| Untracked |  0
|  21|0x0000000083300000, 0x0000000083400000, 0x0000000083400000|100%| O|  |TAMS 0x0000000083300000| PB 0x0000000083300000| Untracked |  0
|  22|0x0000000083400000, 0x0000000083500000, 0x0000000083500000|100%| O|  |TAMS 0x0000000083400000| PB 0x0000000083400000| Untracked |  0
|  23|0x0000000083500000, 0x0000000083600000, 0x0000000083600000|100%| O|  |TAMS 0x0000000083500000| PB 0x0000000083500000| Untracked |  0
|  24|0x0000000083600000, 0x0000000083700000, 0x0000000083700000|100%| O|  |TAMS 0x0000000083600000| PB 0x0000000083600000| Untracked |  0
|  25|0x0000000083700000, 0x00000000837e6060, 0x0000000083800000| 89%| O|  |TAMS 0x0000000083700000| PB 0x0000000083700000| Untracked |  0
|  26|0x0000000083800000, 0x0000000083800000, 0x0000000083900000|  0%| F|  |TAMS 0x0000000083800000| PB 0x0000000083800000| Untracked |  0
|  27|0x0000000083900000, 0x0000000083900000, 0x0000000083a00000|  0%| F|  |TAMS 0x0000000083900000| PB 0x0000000083900000| Untracked |  0
|  28|0x0000000083a00000, 0x0000000083a00000, 0x0000000083b00000|  0%| F|  |TAMS 0x0000000083a00000| PB 0x0000000083a00000| Untracked |  0
|  29|0x0000000083b00000, 0x0000000083b00000, 0x0000000083c00000|  0%| F|  |TAMS 0x0000000083b00000| PB 0x0000000083b00000| Untracked |  0
|  30|0x0000000083c00000, 0x0000000083ce0ce8, 0x0000000083d00000| 87%| S|CS|TAMS 0x0000000083c00000| PB 0x0000000083c00000| Complete |  0
|  31|0x0000000083d00000, 0x0000000083d00000, 0x0000000083e00000|  0%| F|  |TAMS 0x0000000083d00000| PB 0x0000000083d00000| Untracked |  0
|  32|0x0000000083e00000, 0x0000000083f00000, 0x0000000083f00000|100%| S|CS|TAMS 0x0000000083e00000| PB 0x0000000083e00000| Complete |  0
|  33|0x0000000083f00000, 0x0000000083f538f8, 0x0000000084000000| 32%| E|  |TAMS 0x0000000083f00000| PB 0x0000000083f00000| Complete |  0
|  34|0x0000000084000000, 0x0000000084100000, 0x0000000084100000|100%| E|CS|TAMS 0x0000000084000000| PB 0x0000000084000000| Complete |  0
|  35|0x0000000084100000, 0x0000000084200000, 0x0000000084200000|100%| E|CS|TAMS 0x0000000084100000| PB 0x0000000084100000| Complete |  0
|  36|0x0000000084200000, 0x0000000084300000, 0x0000000084300000|100%| E|CS|TAMS 0x0000000084200000| PB 0x0000000084200000| Complete |  0
|  37|0x0000000084300000, 0x0000000084400000, 0x0000000084400000|100%| E|CS|TAMS 0x0000000084300000| PB 0x0000000084300000| Complete |  0
|  38|0x0000000084400000, 0x0000000084500000, 0x0000000084500000|100%| E|CS|TAMS 0x0000000084400000| PB 0x0000000084400000| Complete |  0
|  39|0x0000000084500000, 0x0000000084600000, 0x0000000084600000|100%| E|CS|TAMS 0x0000000084500000| PB 0x0000000084500000| Complete |  0
|  40|0x0000000084600000, 0x0000000084700000, 0x0000000084700000|100%| E|  |TAMS 0x0000000084600000| PB 0x0000000084600000| Complete |  0
|  41|0x0000000084700000, 0x0000000084800000, 0x0000000084800000|100%| E|CS|TAMS 0x0000000084700000| PB 0x0000000084700000| Complete |  0
|  42|0x0000000084800000, 0x0000000084900000, 0x0000000084900000|100%| E|CS|TAMS 0x0000000084800000| PB 0x0000000084800000| Complete |  0
|  43|0x0000000084900000, 0x0000000084a00000, 0x0000000084a00000|100%| E|CS|TAMS 0x0000000084900000| PB 0x0000000084900000| Complete |  0
|  44|0x0000000084a00000, 0x0000000084b00000, 0x0000000084b00000|100%| E|CS|TAMS 0x0000000084a00000| PB 0x0000000084a00000| Complete |  0
|  97|0x0000000087f00000, 0x0000000088000000, 0x0000000088000000|100%| E|CS|TAMS 0x0000000087f00000| PB 0x0000000087f00000| Complete |  0
|  98|0x0000000088000000, 0x0000000088100000, 0x0000000088100000|100%| E|CS|TAMS 0x0000000088000000| PB 0x0000000088000000| Complete |  0
|  99|0x0000000088100000, 0x0000000088200000, 0x0000000088200000|100%| E|CS|TAMS 0x0000000088100000| PB 0x0000000088100000| Complete |  0
| 100|0x0000000088200000, 0x0000000088300000, 0x0000000088300000|100%| E|CS|TAMS 0x0000000088200000| PB 0x0000000088200000| Complete |  0
| 127|0x0000000089d00000, 0x0000000089e00000, 0x0000000089e00000|100%| E|CS|TAMS 0x0000000089d00000| PB 0x0000000089d00000| Complete |  0

Card table byte_map: [0x00000257ecb20000,0x00000257ecf20000] _byte_map_base: 0x00000257ec711000

Marking Bits: (CMBitMap*) 0x00000257d5037500
 Bits: [0x00000257ecf20000, 0x00000257eeea8000)

Polling page: 0x00000257d2fd0000

Metaspace:

Usage:
  Non-class:     55.50 MB used.
      Class:      8.94 MB used.
       Both:     64.43 MB used.

Virtual space:
  Non-class space:       64.00 MB reserved,      55.88 MB ( 87%) committed,  1 nodes.
      Class space:        1.00 GB reserved,       9.19 MB ( <1%) committed,  1 nodes.
             Both:        1.06 GB reserved,      65.06 MB (  6%) committed. 

Chunk freelists:
   Non-Class:  7.81 MB
       Class:  6.62 MB
        Both:  14.44 MB

MaxMetaspaceSize: unlimited
CompressedClassSpaceSize: 1.00 GB
Initial GC threshold: 21.00 MB
Current GC threshold: 98.25 MB
CDS: on
 - commit_granule_bytes: 65536.
 - commit_granule_words: 8192.
 - virtual_space_node_default_size: 8388608.
 - enlarge_chunks_in_place: 1.
 - use_allocation_guard: 0.


Internal statistics:

num_allocs_failed_limit: 9.
num_arena_births: 890.
num_arena_deaths: 0.
num_vsnodes_births: 2.
num_vsnodes_deaths: 0.
num_space_committed: 1041.
num_space_uncommitted: 0.
num_chunks_returned_to_freelist: 9.
num_chunks_taken_from_freelist: 3316.
num_chunk_merges: 9.
num_chunk_splits: 2350.
num_chunks_enlarged: 1813.
num_inconsistent_stats: 0.

CodeHeap 'non-profiled nmethods': size=120064Kb used=2565Kb max_used=2565Kb free=117498Kb
 bounds [0x00000257e51e0000, 0x00000257e5470000, 0x00000257ec720000]
CodeHeap 'profiled nmethods': size=120000Kb used=7741Kb max_used=7787Kb free=112258Kb
 bounds [0x00000257dd720000, 0x00000257dded0000, 0x00000257e4c50000]
CodeHeap 'non-nmethods': size=5696Kb used=1683Kb max_used=1809Kb free=4012Kb
 bounds [0x00000257e4c50000, 0x00000257e4ec0000, 0x00000257e51e0000]
CodeCache: size=245760Kb, used=11989Kb, max_used=12161Kb, free=233768Kb
 total_blobs=5871, nmethods=5134, adapters=642, full_count=0
Compilation: enabled, stopped_count=0, restarted_count=0

Compilation events (20 events):
Event: 126.073 Thread 0x00000257f14d3350 5834       1       com.fasterxml.jackson.databind.type.SimpleType::isContainerType (2 bytes)
Event: 126.074 Thread 0x00000257f14d3350 nmethod 5834 0x00000257e545c988 code [0x00000257e545caa0, 0x00000257e545cb68]
Event: 126.074 Thread 0x00000257f14d3350 5835       1       com.fasterxml.jackson.databind.type.TypeBase::getBindings (5 bytes)
Event: 126.074 Thread 0x00000257f14d3350 nmethod 5835 0x00000257e545cc88 code [0x00000257e545cda0, 0x00000257e545ce68]
Event: 126.075 Thread 0x00000257f14d3350 5836       3       com.fasterxml.jackson.databind.introspect.AnnotatedMember::getAnnotation (18 bytes)
Event: 126.075 Thread 0x00000257f14d3350 nmethod 5836 0x00000257ddc00e88 code [0x00000257ddc00fe0, 0x00000257ddc013a8]
Event: 126.075 Thread 0x00000257f14d3350 5837       3       com.fasterxml.jackson.databind.introspect.AnnotationMap::get (21 bytes)
Event: 126.075 Thread 0x00000257f14d3350 nmethod 5837 0x00000257ddc00a08 code [0x00000257ddc00b40, 0x00000257ddc00e60]
Event: 126.077 Thread 0x00000257f14d3350 5838       3       sun.reflect.generics.factory.CoreReflectionFactory::make (10 bytes)
Event: 126.078 Thread 0x00000257f14d3350 nmethod 5838 0x00000257ddc00588 code [0x00000257ddc006c0, 0x00000257ddc00980]
Event: 126.078 Thread 0x00000257f14d3350 5839       3       sun.reflect.generics.factory.CoreReflectionFactory::<init> (15 bytes)
Event: 126.078 Thread 0x00000257f14d3350 nmethod 5839 0x00000257ddc00208 code [0x00000257ddc00320, 0x00000257ddc00540]
Event: 126.078 Thread 0x00000257f14d3350 5840       1       com.fasterxml.jackson.databind.util.internal.PrivateMaxEntriesMap$Node::getPrevious (5 bytes)
Event: 126.078 Thread 0x00000257f14d3350 nmethod 5840 0x00000257e545cf88 code [0x00000257e545d0a0, 0x00000257e545d168]
Event: 126.078 Thread 0x00000257f14d3350 5841       3       com.fasterxml.jackson.databind.util.internal.PrivateMaxEntriesMap::drainReadBuffer (104 bytes)
Event: 126.081 Thread 0x00000257f14d3350 nmethod 5841 0x00000257ddbfde08 code [0x00000257ddbfe1a0, 0x00000257ddc00040]
Event: 126.082 Thread 0x00000257f14d3350 5842       1       java.nio.ByteBuffer::base (5 bytes)
Event: 126.082 Thread 0x00000257f14d3350 nmethod 5842 0x00000257e545d288 code [0x00000257e545d3a0, 0x00000257e545d468]
Event: 126.177 Thread 0x00000257f14d2090 nmethod 5820 0x00000257e545d588 code [0x00000257e545da80, 0x00000257e5461510]
Event: 126.178 Thread 0x00000257f14d2090 5821       4       jdk.internal.loader.URLClassPath$JarLoader$2::getBytes (48 bytes)

GC Heap History (20 events):
Event: 5.055 GC heap before
{Heap before GC invocations=5 (full 0):
 garbage-first heap   total reserved 2066432K, committed 51200K, used 40790K [0x0000000081e00000, 0x0000000100000000)
  region size 1024K, 30 young (30720K), 4 survivors (4096K)
 Metaspace       used 25202K, committed 25664K, reserved 1114112K
  class space    used 3200K, committed 3392K, reserved 1048576K
}
Event: 5.063 GC heap after
{Heap after GC invocations=6 (full 0):
 garbage-first heap   total reserved 2066432K, committed 51200K, used 15827K [0x0000000081e00000, 0x0000000100000000)
  region size 1024K, 3 young (3072K), 3 survivors (3072K)
 Metaspace       used 25202K, committed 25664K, reserved 1114112K
  class space    used 3200K, committed 3392K, reserved 1048576K
}
Event: 5.942 GC heap before
{Heap before GC invocations=6 (full 0):
 garbage-first heap   total reserved 2066432K, committed 51200K, used 36307K [0x0000000081e00000, 0x0000000100000000)
  region size 1024K, 23 young (23552K), 3 survivors (3072K)
 Metaspace       used 29218K, committed 29760K, reserved 1114112K
  class space    used 3781K, committed 4032K, reserved 1048576K
}
Event: 5.949 GC heap after
{Heap after GC invocations=7 (full 0):
 garbage-first heap   total reserved 2066432K, committed 51200K, used 18437K [0x0000000081e00000, 0x0000000100000000)
  region size 1024K, 3 young (3072K), 3 survivors (3072K)
 Metaspace       used 29218K, committed 29760K, reserved 1114112K
  class space    used 3781K, committed 4032K, reserved 1048576K
}
Event: 6.672 GC heap before
{Heap before GC invocations=7 (full 0):
 garbage-first heap   total reserved 2066432K, committed 51200K, used 37893K [0x0000000081e00000, 0x0000000100000000)
  region size 1024K, 23 young (23552K), 3 survivors (3072K)
 Metaspace       used 32863K, committed 33344K, reserved 1114112K
  class space    used 4229K, committed 4416K, reserved 1048576K
}
Event: 6.680 GC heap after
{Heap after GC invocations=8 (full 0):
 garbage-first heap   total reserved 2066432K, committed 51200K, used 20166K [0x0000000081e00000, 0x0000000100000000)
  region size 1024K, 2 young (2048K), 2 survivors (2048K)
 Metaspace       used 32863K, committed 33344K, reserved 1114112K
  class space    used 4229K, committed 4416K, reserved 1048576K
}
Event: 7.070 GC heap before
{Heap before GC invocations=8 (full 0):
 garbage-first heap   total reserved 2066432K, committed 51200K, used 28358K [0x0000000081e00000, 0x0000000100000000)
  region size 1024K, 11 young (11264K), 2 survivors (2048K)
 Metaspace       used 35620K, committed 36096K, reserved 1114112K
  class space    used 4560K, committed 4736K, reserved 1048576K
}
Event: 7.074 GC heap after
{Heap after GC invocations=9 (full 0):
 garbage-first heap   total reserved 2066432K, committed 51200K, used 20923K [0x0000000081e00000, 0x0000000100000000)
  region size 1024K, 1 young (1024K), 1 survivors (1024K)
 Metaspace       used 35620K, committed 36096K, reserved 1114112K
  class space    used 4560K, committed 4736K, reserved 1048576K
}
Event: 7.992 GC heap before
{Heap before GC invocations=10 (full 0):
 garbage-first heap   total reserved 2066432K, committed 51200K, used 41403K [0x0000000081e00000, 0x0000000100000000)
  region size 1024K, 21 young (21504K), 1 survivors (1024K)
 Metaspace       used 40690K, committed 41216K, reserved 1114112K
  class space    used 5347K, committed 5568K, reserved 1048576K
}
Event: 7.997 GC heap after
{Heap after GC invocations=11 (full 0):
 garbage-first heap   total reserved 2066432K, committed 51200K, used 21683K [0x0000000081e00000, 0x0000000100000000)
  region size 1024K, 2 young (2048K), 2 survivors (2048K)
 Metaspace       used 40690K, committed 41216K, reserved 1114112K
  class space    used 5347K, committed 5568K, reserved 1048576K
}
Event: 8.818 GC heap before
{Heap before GC invocations=11 (full 0):
 garbage-first heap   total reserved 2066432K, committed 51200K, used 42163K [0x0000000081e00000, 0x0000000100000000)
  region size 1024K, 22 young (22528K), 2 survivors (2048K)
 Metaspace       used 45583K, committed 46080K, reserved 1114112K
  class space    used 6103K, committed 6336K, reserved 1048576K
}
Event: 8.824 GC heap after
{Heap after GC invocations=12 (full 0):
 garbage-first heap   total reserved 2066432K, committed 51200K, used 22859K [0x0000000081e00000, 0x0000000100000000)
  region size 1024K, 3 young (3072K), 3 survivors (3072K)
 Metaspace       used 45583K, committed 46080K, reserved 1114112K
  class space    used 6103K, committed 6336K, reserved 1048576K
}
Event: 9.667 GC heap before
{Heap before GC invocations=12 (full 0):
 garbage-first heap   total reserved 2066432K, committed 51200K, used 43339K [0x0000000081e00000, 0x0000000100000000)
  region size 1024K, 24 young (24576K), 3 survivors (3072K)
 Metaspace       used 52105K, committed 52736K, reserved 1114112K
  class space    used 7132K, committed 7424K, reserved 1048576K
}
Event: 9.673 GC heap after
{Heap after GC invocations=13 (full 0):
 garbage-first heap   total reserved 2066432K, committed 51200K, used 23785K [0x0000000081e00000, 0x0000000100000000)
  region size 1024K, 3 young (3072K), 3 survivors (3072K)
 Metaspace       used 52105K, committed 52736K, reserved 1114112K
  class space    used 7132K, committed 7424K, reserved 1048576K
}
Event: 10.297 GC heap before
{Heap before GC invocations=13 (full 0):
 garbage-first heap   total reserved 2066432K, committed 51200K, used 43241K [0x0000000081e00000, 0x0000000100000000)
  region size 1024K, 22 young (22528K), 3 survivors (3072K)
 Metaspace       used 56597K, committed 57280K, reserved 1114112K
  class space    used 7813K, committed 8128K, reserved 1048576K
}
Event: 10.303 GC heap after
{Heap after GC invocations=14 (full 0):
 garbage-first heap   total reserved 2066432K, committed 51200K, used 24993K [0x0000000081e00000, 0x0000000100000000)
  region size 1024K, 3 young (3072K), 3 survivors (3072K)
 Metaspace       used 56597K, committed 57280K, reserved 1114112K
  class space    used 7813K, committed 8128K, reserved 1048576K
}
Event: 10.905 GC heap before
{Heap before GC invocations=14 (full 0):
 garbage-first heap   total reserved 2066432K, committed 51200K, used 42401K [0x0000000081e00000, 0x0000000100000000)
  region size 1024K, 21 young (21504K), 3 survivors (3072K)
 Metaspace       used 59674K, committed 60288K, reserved 1114112K
  class space    used 8246K, committed 8512K, reserved 1048576K
}
Event: 10.912 GC heap after
{Heap after GC invocations=15 (full 0):
 garbage-first heap   total reserved 2066432K, committed 51200K, used 26854K [0x0000000081e00000, 0x0000000100000000)
  region size 1024K, 3 young (3072K), 3 survivors (3072K)
 Metaspace       used 59674K, committed 60288K, reserved 1114112K
  class space    used 8246K, committed 8512K, reserved 1048576K
}
Event: 24.559 GC heap before
{Heap before GC invocations=16 (full 0):
 garbage-first heap   total reserved 2066432K, committed 51200K, used 44262K [0x0000000081e00000, 0x0000000100000000)
  region size 1024K, 20 young (20480K), 3 survivors (3072K)
 Metaspace       used 61434K, committed 62080K, reserved 1114112K
  class space    used 8564K, committed 8832K, reserved 1048576K
}
Event: 24.575 GC heap after
{Heap after GC invocations=17 (full 0):
 garbage-first heap   total reserved 2066432K, committed 51200K, used 28443K [0x0000000081e00000, 0x0000000100000000)
  region size 1024K, 2 young (2048K), 2 survivors (2048K)
 Metaspace       used 61434K, committed 62080K, reserved 1114112K
  class space    used 8564K, committed 8832K, reserved 1048576K
}

Dll operation events (14 events):
Event: 0.027 Loaded shared library C:\Program Files\Java\jdk-23\bin\java.dll
Event: 0.090 Loaded shared library C:\Program Files\Java\jdk-23\bin\jsvml.dll
Event: 0.270 Loaded shared library C:\Program Files\Java\jdk-23\bin\zip.dll
Event: 0.276 Loaded shared library C:\Program Files\Java\jdk-23\bin\instrument.dll
Event: 0.284 Loaded shared library C:\Program Files\Java\jdk-23\bin\net.dll
Event: 0.287 Loaded shared library C:\Program Files\Java\jdk-23\bin\nio.dll
Event: 0.291 Loaded shared library C:\Program Files\Java\jdk-23\bin\zip.dll
Event: 0.425 Loaded shared library C:\Program Files\JetBrains\IntelliJ IDEA Community Edition 2024.3.3\bin\breakgen64.dll
Event: 0.441 Loaded shared library C:\Program Files\Java\jdk-23\bin\extnet.dll
Event: 0.504 Loaded shared library C:\Program Files\Java\jdk-23\bin\jimage.dll
Event: 1.055 Loaded shared library C:\Program Files\Java\jdk-23\bin\management.dll
Event: 1.058 Loaded shared library C:\Program Files\Java\jdk-23\bin\management_ext.dll
Event: 3.167 Loaded shared library C:\Program Files\Java\jdk-23\bin\sunmscapi.dll
Event: 7.855 Loaded shared library C:\Program Files\Java\jdk-23\bin\verify.dll

Deoptimization events (20 events):
Event: 126.047 Thread 0x00000257c9fd2f20 Uncommon trap: trap_request=0xffffffd6 fr.pc=0x00000257e544c3e0 relative=0x0000000000003a00
Event: 126.047 Thread 0x00000257c9fd2f20 Uncommon trap: reason=array_check action=maybe_recompile pc=0x00000257e544c3e0 method=org.springframework.util.ConcurrentReferenceHashMap$Segment.lambda$doTask$0(Ljava/lang/Object;ILorg/springframework/util/ConcurrentReferenceHashMap$Reference;ILjava/lang
Event: 126.047 Thread 0x00000257c9fd2f20 DEOPT PACKING pc=0x00000257e544c3e0 sp=0x000000eb0b4fd820
Event: 126.047 Thread 0x00000257c9fd2f20 DEOPT UNPACKING pc=0x00000257e4ca4402 sp=0x000000eb0b4fd490 mode 2
Event: 126.047 Thread 0x00000257c9fd2f20 Uncommon trap: trap_request=0xffffffd6 fr.pc=0x00000257e544c3e0 relative=0x0000000000003a00
Event: 126.047 Thread 0x00000257c9fd2f20 Uncommon trap: reason=array_check action=maybe_recompile pc=0x00000257e544c3e0 method=org.springframework.util.ConcurrentReferenceHashMap$Segment.lambda$doTask$0(Ljava/lang/Object;ILorg/springframework/util/ConcurrentReferenceHashMap$Reference;ILjava/lang
Event: 126.047 Thread 0x00000257c9fd2f20 DEOPT PACKING pc=0x00000257e544c3e0 sp=0x000000eb0b4fd820
Event: 126.047 Thread 0x00000257c9fd2f20 DEOPT UNPACKING pc=0x00000257e4ca4402 sp=0x000000eb0b4fd490 mode 2
Event: 126.049 Thread 0x00000257c9fd2f20 Uncommon trap: trap_request=0xffffffd6 fr.pc=0x00000257e544c3e0 relative=0x0000000000003a00
Event: 126.049 Thread 0x00000257c9fd2f20 Uncommon trap: reason=array_check action=maybe_recompile pc=0x00000257e544c3e0 method=org.springframework.util.ConcurrentReferenceHashMap$Segment.lambda$doTask$0(Ljava/lang/Object;ILorg/springframework/util/ConcurrentReferenceHashMap$Reference;ILjava/lang
Event: 126.049 Thread 0x00000257c9fd2f20 DEOPT PACKING pc=0x00000257e544c3e0 sp=0x000000eb0b4fd800
Event: 126.049 Thread 0x00000257c9fd2f20 DEOPT UNPACKING pc=0x00000257e4ca4402 sp=0x000000eb0b4fd470 mode 2
Event: 126.049 Thread 0x00000257c9fd2f20 Uncommon trap: trap_request=0xffffffd6 fr.pc=0x00000257e544c3e0 relative=0x0000000000003a00
Event: 126.049 Thread 0x00000257c9fd2f20 Uncommon trap: reason=array_check action=maybe_recompile pc=0x00000257e544c3e0 method=org.springframework.util.ConcurrentReferenceHashMap$Segment.lambda$doTask$0(Ljava/lang/Object;ILorg/springframework/util/ConcurrentReferenceHashMap$Reference;ILjava/lang
Event: 126.049 Thread 0x00000257c9fd2f20 DEOPT PACKING pc=0x00000257e544c3e0 sp=0x000000eb0b4fd710
Event: 126.049 Thread 0x00000257c9fd2f20 DEOPT UNPACKING pc=0x00000257e4ca4402 sp=0x000000eb0b4fd380 mode 2
Event: 126.072 Thread 0x00000257c9fd2f20 Uncommon trap: trap_request=0xffffff45 fr.pc=0x00000257e52fa2fc relative=0x000000000000023c
Event: 126.072 Thread 0x00000257c9fd2f20 Uncommon trap: reason=unstable_if action=reinterpret pc=0x00000257e52fa2fc method=java.util.HashMap.getNode(Ljava/lang/Object;)Ljava/util/HashMap$Node; @ 66 c2
Event: 126.072 Thread 0x00000257c9fd2f20 DEOPT PACKING pc=0x00000257e52fa2fc sp=0x000000eb0b4fca40
Event: 126.072 Thread 0x00000257c9fd2f20 DEOPT UNPACKING pc=0x00000257e4ca4402 sp=0x000000eb0b4fc960 mode 2

Classes loaded (20 events):
Event: 125.696 Loading class sun/util/resources/ParallelListResourceBundle$KeySet
Event: 125.697 Loading class sun/util/resources/ParallelListResourceBundle$KeySet done
Event: 125.700 Loading class sun/util/locale/provider/CalendarDataUtility$CalendarFieldValueNameGetter
Event: 125.700 Loading class sun/util/locale/provider/CalendarDataUtility$CalendarFieldValueNameGetter done
Event: 125.996 Loading class java/util/ArrayList$SubList$2
Event: 125.996 Loading class java/util/ArrayList$SubList$2 done
Event: 126.024 Loading class java/util/stream/ReferencePipeline$4
Event: 126.024 Loading class java/util/stream/ReferencePipeline$4 done
Event: 126.024 Loading class java/util/function/IntBinaryOperator
Event: 126.024 Loading class java/util/function/IntBinaryOperator done
Event: 126.025 Loading class java/util/stream/ReduceOps$7
Event: 126.025 Loading class java/util/stream/ReduceOps$7 done
Event: 126.025 Loading class java/util/stream/ReduceOps$6ReducingSink
Event: 126.025 Loading class java/util/stream/ReduceOps$6ReducingSink done
Event: 126.025 Loading class java/util/stream/ReferencePipeline$4$1
Event: 126.025 Loading class java/util/stream/ReferencePipeline$4$1 done
Event: 126.044 Loading class java/lang/Throwable$WrappedPrintWriter
Event: 126.044 Loading class java/lang/Throwable$PrintStreamOrWriter
Event: 126.044 Loading class java/lang/Throwable$PrintStreamOrWriter done
Event: 126.044 Loading class java/lang/Throwable$WrappedPrintWriter done

Classes unloaded (0 events):
No events

Classes redefined (0 events):
No events

Internal exceptions (20 events):
Event: 10.194 Thread 0x00000257c5d62dd0 Exception <a 'java/lang/NoSuchMethodError'{0x0000000084028f78}: 'void java.lang.invoke.Invokers$Holder.invokeExact_MT(java.lang.Object, java.lang.Object, java.lang.Object, java.lang.Object)'> (0x0000000084028f78) 
thrown [s\open\src\hotspot\share\interpreter\linkResolver.cpp, line 796]
Event: 10.220 Thread 0x00000257c5d62dd0 Implicit null exception at 0x00000257e53f6700 to 0x00000257e53f6974
Event: 10.322 Thread 0x00000257c5d62dd0 Exception <a 'java/lang/IncompatibleClassChangeError'{0x0000000089deee40}: Found class java.lang.Object, but interface was expected> (0x0000000089deee40) 
thrown [s\open\src\hotspot\share\interpreter\linkResolver.cpp, line 863]
Event: 10.391 Thread 0x00000257c5d62dd0 Exception <a 'java/lang/IncompatibleClassChangeError'{0x000000008818c800}: Found class java.lang.Object, but interface was expected> (0x000000008818c800) 
thrown [s\open\src\hotspot\share\interpreter\linkResolver.cpp, line 863]
Event: 10.620 Thread 0x00000257c5d62dd0 Exception <a 'java/lang/IncompatibleClassChangeError'{0x000000008477ec50}: Found class java.lang.Object, but interface was expected> (0x000000008477ec50) 
thrown [s\open\src\hotspot\share\interpreter\linkResolver.cpp, line 863]
Event: 10.737 Thread 0x00000257c5d62dd0 Exception <a 'java/lang/NoSuchMethodError'{0x0000000084387f88}: 'java.lang.Object java.lang.invoke.DirectMethodHandle$Holder.newInvokeSpecial(java.lang.Object, java.lang.Object, java.lang.Object, java.lang.Object, java.lang.Object, java.lang.Object, java.lang.Object, java.lang.Object)'> (0x0000000084387f88) 
thrown [s\open\src\hotspot\share\interpreter\linkResolver.cpp, line 796]
Event: 11.165 Thread 0x00000257c5d62dd0 Exception <a 'java/lang/IncompatibleClassChangeError'{0x0000000087f5ce78}: Found class java.lang.Object, but interface was expected> (0x0000000087f5ce78) 
thrown [s\open\src\hotspot\share\interpreter\linkResolver.cpp, line 863]
Event: 11.233 Thread 0x00000257c5d62dd0 Exception <a 'java/lang/NoSuchMethodError'{0x0000000084afaaa0}: 'void java.lang.invoke.DirectMethodHandle$Holder.invokeVirtual(java.lang.Object, java.lang.Object, long)'> (0x0000000084afaaa0) 
thrown [s\open\src\hotspot\share\interpreter\linkResolver.cpp, line 796]
Event: 11.312 Thread 0x00000257c5d62dd0 Exception <a 'java/lang/NoSuchMethodError'{0x0000000084740ac0}: 'int java.lang.invoke.DirectMethodHandle$Holder.invokeStaticInit(java.lang.Object, java.lang.Object, java.lang.Object, java.lang.Object)'> (0x0000000084740ac0) 
thrown [s\open\src\hotspot\share\interpreter\linkResolver.cpp, line 796]
Event: 11.383 Thread 0x00000257c5d62dd0 Exception <a 'java/lang/IncompatibleClassChangeError'{0x00000000846df390}: Found class java.lang.Object, but interface was expected> (0x00000000846df390) 
thrown [s\open\src\hotspot\share\interpreter\linkResolver.cpp, line 863]
Event: 11.403 Thread 0x00000257c5d62dd0 Implicit null exception at 0x00000257e52fc26b to 0x00000257e52fc4e4
Event: 11.556 Thread 0x00000257c5d62dd0 Exception <a 'java/lang/NoSuchMethodError'{0x000000008416ae80}: 'java.lang.Object java.lang.invoke.DirectMethodHandle$Holder.newInvokeSpecial(java.lang.Object, java.lang.Object, int, java.lang.Object, java.lang.Object)'> (0x000000008416ae80) 
thrown [s\open\src\hotspot\share\interpreter\linkResolver.cpp, line 796]
Event: 99.986 Thread 0x00000257c9fd2890 Exception <a 'java/lang/NoSuchMethodError'{0x000000008816b170}: 'java.lang.Object java.lang.invoke.DirectMethodHandle$Holder.invokeSpecial(java.lang.Object, java.lang.Object, java.lang.Object, java.lang.Object, java.lang.Object, long)'> (0x000000008816b170) 
thrown [s\open\src\hotspot\share\interpreter\linkResolver.cpp, line 796]
Event: 99.986 Thread 0x00000257c9fd2890 Exception <a 'java/lang/NoSuchMethodError'{0x000000008816e900}: 'java.lang.Object java.lang.invoke.Invokers$Holder.linkToTargetMethod(java.lang.Object, java.lang.Object, java.lang.Object, long, java.lang.Object)'> (0x000000008816e900) 
thrown [s\open\src\hotspot\share\interpreter\linkResolver.cpp, line 796]
Event: 100.434 Thread 0x00000257c9fd7750 Exception <a 'java/lang/NoSuchMethodError'{0x000000008482b640}: 'int java.lang.invoke.DirectMethodHandle$Holder.invokeStatic(java.lang.Object, java.lang.Object, int, int)'> (0x000000008482b640) 
thrown [s\open\src\hotspot\share\interpreter\linkResolver.cpp, line 796]
Event: 100.501 Thread 0x00000257c9fd7750 Exception <a 'java/lang/NoSuchMethodError'{0x000000008471b520}: 'java.lang.Object java.lang.invoke.DirectMethodHandle$Holder.invokeInterface(java.lang.Object, java.lang.Object, java.lang.Object, java.lang.Object)'> (0x000000008471b520) 
thrown [s\open\src\hotspot\share\interpreter\linkResolver.cpp, line 796]
Event: 125.576 Thread 0x00000257c9fd3c40 Exception <a 'sun/nio/fs/WindowsException'{0x0000000084251080}> (0x0000000084251080) 
thrown [s\open\src\hotspot\share\prims\jni.cpp, line 520]
Event: 125.634 Thread 0x00000257c9fd14e0 Exception <a 'java/lang/NoSuchMethodError'{0x00000000842d7da0}: 'int java.lang.invoke.DirectMethodHandle$Holder.invokeStatic(java.lang.Object, java.lang.Object, java.lang.Object, java.lang.Object, java.lang.Object)'> (0x00000000842d7da0) 
thrown [s\open\src\hotspot\share\interpreter\linkResolver.cpp, line 796]
Event: 125.649 Thread 0x00000257c9fd14e0 Exception <a 'sun/nio/fs/WindowsException'{0x0000000084114210}> (0x0000000084114210) 
thrown [s\open\src\hotspot\share\prims\jni.cpp, line 520]
Event: 125.995 Thread 0x00000257c9fd2f20 Exception <a 'java/lang/NoSuchMethodError'{0x00000000841f6e00}: 'java.lang.Object java.lang.invoke.DirectMethodHandle$Holder.invokeStatic(java.lang.Object, int, int)'> (0x00000000841f6e00) 
thrown [s\open\src\hotspot\share\interpreter\linkResolver.cpp, line 796]

VM Operations (20 events):
Event: 24.559 Executing VM operation: G1CollectForAllocation (G1 Evacuation Pause)
Event: 24.575 Executing VM operation: G1CollectForAllocation (G1 Evacuation Pause) done
Event: 60.252 Executing VM operation: HandshakeAllThreads (HandshakeForDeflation)
Event: 60.252 Executing VM operation: HandshakeAllThreads (HandshakeForDeflation) done
Event: 60.253 Executing VM operation: RendezvousGCThreads
Event: 60.253 Executing VM operation: RendezvousGCThreads done
Event: 100.037 Executing VM operation: HandshakeAllThreads (Deoptimize)
Event: 100.038 Executing VM operation: HandshakeAllThreads (Deoptimize) done
Event: 100.666 Executing VM operation: HandshakeAllThreads (Deoptimize)
Event: 100.666 Executing VM operation: HandshakeAllThreads (Deoptimize) done
Event: 120.261 Executing VM operation: HandshakeAllThreads (HandshakeForDeflation)
Event: 120.261 Executing VM operation: HandshakeAllThreads (HandshakeForDeflation) done
Event: 120.261 Executing VM operation: RendezvousGCThreads
Event: 120.261 Executing VM operation: RendezvousGCThreads done
Event: 125.557 Executing VM operation: HandshakeAllThreads (Deoptimize)
Event: 125.557 Executing VM operation: HandshakeAllThreads (Deoptimize) done
Event: 125.614 Executing VM operation: HandshakeAllThreads (Deoptimize)
Event: 125.614 Executing VM operation: HandshakeAllThreads (Deoptimize) done
Event: 125.615 Executing VM operation: HandshakeAllThreads (Deoptimize)
Event: 125.615 Executing VM operation: HandshakeAllThreads (Deoptimize) done

Memory protections (0 events):
No events

Nmethod flushes (20 events):
Event: 10.997 Thread 0x00000257f147ae20 flushing  nmethod 0x00000257ddafbf08
Event: 10.997 Thread 0x00000257f147ae20 flushing  nmethod 0x00000257ddb04388
Event: 10.997 Thread 0x00000257f147ae20 flushing  nmethod 0x00000257ddb09088
Event: 10.997 Thread 0x00000257f147ae20 flushing  nmethod 0x00000257ddb4aa08
Event: 10.997 Thread 0x00000257f147ae20 flushing  nmethod 0x00000257ddb4e508
Event: 10.997 Thread 0x00000257f147ae20 flushing  nmethod 0x00000257ddb88508
Event: 10.997 Thread 0x00000257f147ae20 flushing  nmethod 0x00000257ddb8db08
Event: 10.997 Thread 0x00000257f147ae20 flushing  nmethod 0x00000257ddbeca08
Event: 10.997 Thread 0x00000257f147ae20 flushing  nmethod 0x00000257ddc22f88
Event: 10.997 Thread 0x00000257f147ae20 flushing  nmethod 0x00000257ddc79d88
Event: 10.997 Thread 0x00000257f147ae20 flushing  nmethod 0x00000257ddce2988
Event: 10.997 Thread 0x00000257f147ae20 flushing  nmethod 0x00000257ddd20b88
Event: 10.997 Thread 0x00000257f147ae20 flushing  nmethod 0x00000257ddd22388
Event: 10.997 Thread 0x00000257f147ae20 flushing  nmethod 0x00000257ddd46d88
Event: 10.997 Thread 0x00000257f147ae20 flushing  nmethod 0x00000257ddd6b088
Event: 10.997 Thread 0x00000257f147ae20 flushing  nmethod 0x00000257ddd7fb08
Event: 10.997 Thread 0x00000257f147ae20 flushing  nmethod 0x00000257ddd7fe08
Event: 10.997 Thread 0x00000257f147ae20 flushing  nmethod 0x00000257ddd87e88
Event: 10.997 Thread 0x00000257f147ae20 flushing  nmethod 0x00000257ddd8b008
Event: 10.997 Thread 0x00000257f147ae20 flushing  nmethod 0x00000257ddd8bb88

Events (20 events):
Event: 11.569 Thread 0x00000257c5d62dd0 Thread added: 0x00000257c9fd42d0
Event: 11.570 Thread 0x00000257c5d62dd0 Thread added: 0x00000257c9fd2f20
Event: 11.570 Thread 0x00000257c5d62dd0 Thread added: 0x00000257c9fd4960
Event: 11.570 Thread 0x00000257c5d62dd0 Thread added: 0x00000257c9fd35b0
Event: 11.570 Thread 0x00000257c5d62dd0 Thread added: 0x00000257c9fd3c40
Event: 11.571 Thread 0x00000257c5d62dd0 Thread added: 0x00000257c9fd14e0
Event: 11.571 Thread 0x00000257c5d62dd0 Thread added: 0x00000257c9fd4ff0
Event: 11.571 Thread 0x00000257c5d62dd0 Thread added: 0x00000257c9fd63a0
Event: 11.590 Thread 0x00000257c5d62dd0 Thread added: 0x00000257c9fd5680
Event: 11.592 Thread 0x00000257c5d62dd0 Thread added: 0x00000257c9fd5d10
Event: 11.619 Thread 0x00000257c5d62dd0 Thread exited: 0x00000257c5d62dd0
Event: 11.625 Thread 0x00000257c5edb140 Thread exited: 0x00000257c5edb140
Event: 11.629 Thread 0x00000257d2e075e0 Thread exited: 0x00000257d2e075e0
Event: 11.629 Thread 0x00000257c9fd6a30 Thread added: 0x00000257c9fd6a30
Event: 12.132 Thread 0x00000257c77d9020 Thread exited: 0x00000257c77d9020
Event: 12.410 Thread 0x00000257c6c9b590 Thread exited: 0x00000257c6c9b590
Event: 100.215 Thread 0x00000257f14d3350 Thread added: 0x00000257c77d9020
Event: 101.617 Thread 0x00000257c77d9020 Thread exited: 0x00000257c77d9020
Event: 125.812 Thread 0x00000257f14d3350 Thread added: 0x00000257c77d74e0
Event: 125.988 Thread 0x00000257c77d74e0 Thread exited: 0x00000257c77d74e0


Dynamic libraries:
0x00007ff704740000 - 0x00007ff704750000 	C:\Program Files\Java\jdk-23\bin\java.exe
0x00007ffddd470000 - 0x00007ffddd668000 	C:\WINDOWS\SYSTEM32\ntdll.dll
0x00007ffdd1b70000 - 0x00007ffdd1b8a000 	C:\Program Files\AVG\Antivirus\aswhook.dll
0x00007ffddc300000 - 0x00007ffddc3c2000 	C:\WINDOWS\System32\KERNEL32.DLL
0x00007ffddadb0000 - 0x00007ffddb0af000 	C:\WINDOWS\System32\KERNELBASE.dll
0x00007ffddb240000 - 0x00007ffddb340000 	C:\WINDOWS\System32\ucrtbase.dll
0x00007ffdd21d0000 - 0x00007ffdd21e7000 	C:\Program Files\Java\jdk-23\bin\jli.dll
0x00007ffddca10000 - 0x00007ffddcbad000 	C:\WINDOWS\System32\USER32.dll
0x00007ffddab10000 - 0x00007ffddab32000 	C:\WINDOWS\System32\win32u.dll
0x00007ffddb5a0000 - 0x00007ffddb5cb000 	C:\WINDOWS\System32\GDI32.dll
0x00007ffddab40000 - 0x00007ffddac5a000 	C:\WINDOWS\System32\gdi32full.dll
0x00007ffddb340000 - 0x00007ffddb3dd000 	C:\WINDOWS\System32\msvcp_win.dll
0x00007ffdd21b0000 - 0x00007ffdd21cb000 	C:\Program Files\Java\jdk-23\bin\VCRUNTIME140.dll
0x00007ffdd9e70000 - 0x00007ffdda10a000 	C:\WINDOWS\WinSxS\amd64_microsoft.windows.common-controls_6595b64144ccf1df_6.0.19041.4355_none_60b8b9eb71f62e16\COMCTL32.dll
0x00007ffddce60000 - 0x00007ffddcefe000 	C:\WINDOWS\System32\msvcrt.dll
0x00007ffddd260000 - 0x00007ffddd28f000 	C:\WINDOWS\System32\IMM32.DLL
0x00007ffdd2150000 - 0x00007ffdd215c000 	C:\Program Files\Java\jdk-23\bin\vcruntime140_1.dll
0x00007ffdd0320000 - 0x00007ffdd03ae000 	C:\Program Files\Java\jdk-23\bin\msvcp140.dll
0x00007ffd7f9c0000 - 0x00007ffd80710000 	C:\Program Files\Java\jdk-23\bin\server\jvm.dll
0x00007ffddd2f0000 - 0x00007ffddd39f000 	C:\WINDOWS\System32\ADVAPI32.dll
0x00007ffddc250000 - 0x00007ffddc2ef000 	C:\WINDOWS\System32\sechost.dll
0x00007ffddccd0000 - 0x00007ffddcdf3000 	C:\WINDOWS\System32\RPCRT4.dll
0x00007ffddb0b0000 - 0x00007ffddb0d7000 	C:\WINDOWS\System32\bcrypt.dll
0x00007ffddc990000 - 0x00007ffddc9fb000 	C:\WINDOWS\System32\WS2_32.dll
0x00007ffdda970000 - 0x00007ffdda9bb000 	C:\WINDOWS\SYSTEM32\POWRPROF.dll
0x00007ffdb1070000 - 0x00007ffdb1097000 	C:\WINDOWS\SYSTEM32\WINMM.dll
0x00007ffdcec20000 - 0x00007ffdcec2a000 	C:\WINDOWS\SYSTEM32\VERSION.dll
0x00007ffdda950000 - 0x00007ffdda962000 	C:\WINDOWS\SYSTEM32\UMPDC.dll
0x00007ffdd8cb0000 - 0x00007ffdd8cc2000 	C:\WINDOWS\SYSTEM32\kernel.appcore.dll
0x00007ffdd0f60000 - 0x00007ffdd0f6a000 	C:\Program Files\Java\jdk-23\bin\jimage.dll
0x00007ffdda490000 - 0x00007ffdda674000 	C:\WINDOWS\SYSTEM32\DBGHELP.DLL
0x00007ffdda220000 - 0x00007ffdda254000 	C:\WINDOWS\SYSTEM32\dbgcore.DLL
0x00007ffddad20000 - 0x00007ffddada2000 	C:\WINDOWS\System32\bcryptPrimitives.dll
0x00007ffdc2470000 - 0x00007ffdc247f000 	C:\Program Files\Java\jdk-23\bin\instrument.dll
0x00007ffdd0480000 - 0x00007ffdd049e000 	C:\Program Files\Java\jdk-23\bin\java.dll
0x00007ffddc500000 - 0x00007ffddc62b000 	C:\WINDOWS\System32\ole32.dll
0x00007ffddc630000 - 0x00007ffddc985000 	C:\WINDOWS\System32\combase.dll
0x00007ffddb5d0000 - 0x00007ffddbd3d000 	C:\WINDOWS\System32\SHELL32.dll
0x00007ffdd8410000 - 0x00007ffdd8bb4000 	C:\WINDOWS\SYSTEM32\windows.storage.dll
0x00007ffdd9dd0000 - 0x00007ffdd9dff000 	C:\WINDOWS\SYSTEM32\Wldp.dll
0x00007ffddc3d0000 - 0x00007ffddc49d000 	C:\WINDOWS\System32\OLEAUT32.dll
0x00007ffddb4f0000 - 0x00007ffddb59d000 	C:\WINDOWS\System32\SHCORE.dll
0x00007ffddd290000 - 0x00007ffddd2e5000 	C:\WINDOWS\System32\shlwapi.dll
0x00007ffddaa40000 - 0x00007ffddaa64000 	C:\WINDOWS\SYSTEM32\profapi.dll
0x00007ffd87c60000 - 0x00007ffd87d37000 	C:\Program Files\Java\jdk-23\bin\jsvml.dll
0x00007ffdae0b0000 - 0x00007ffdae0c7000 	C:\Program Files\Java\jdk-23\bin\zip.dll
0x00007ffdd0470000 - 0x00007ffdd0480000 	C:\Program Files\Java\jdk-23\bin\net.dll
0x00007ffdd9b30000 - 0x00007ffdd9b9c000 	C:\WINDOWS\system32\mswsock.dll
0x00007ffdc8710000 - 0x00007ffdc8726000 	C:\Program Files\Java\jdk-23\bin\nio.dll
0x00007ffdabf80000 - 0x00007ffdabf9a000 	C:\Program Files\JetBrains\IntelliJ IDEA Community Edition 2024.3.3\bin\breakgen64.dll
0x00007ffdd0460000 - 0x00007ffdd0469000 	C:\Program Files\Java\jdk-23\bin\extnet.dll
0x00007ffdc1bc0000 - 0x00007ffdc1bca000 	C:\Program Files\Java\jdk-23\bin\management.dll
0x00007ffdc13d0000 - 0x00007ffdc13db000 	C:\Program Files\Java\jdk-23\bin\management_ext.dll
0x00007ffddd3a0000 - 0x00007ffddd3a8000 	C:\WINDOWS\System32\PSAPI.DLL
0x00007ffdc0f00000 - 0x00007ffdc0f0e000 	C:\Program Files\Java\jdk-23\bin\sunmscapi.dll
0x00007ffddb0e0000 - 0x00007ffddb23c000 	C:\WINDOWS\System32\CRYPT32.dll
0x00007ffdd9e40000 - 0x00007ffdd9e67000 	C:\WINDOWS\SYSTEM32\ncrypt.dll
0x00007ffdd9e00000 - 0x00007ffdd9e3b000 	C:\WINDOWS\SYSTEM32\NTASN1.dll
0x00007ffdda7b0000 - 0x00007ffdda7c8000 	C:\WINDOWS\SYSTEM32\CRYPTSP.dll
0x00007ffdd94b0000 - 0x00007ffdd94e4000 	C:\WINDOWS\system32\rsaenh.dll
0x00007ffddaa00000 - 0x00007ffddaa2e000 	C:\WINDOWS\SYSTEM32\USERENV.dll
0x00007ffdd9d20000 - 0x00007ffdd9d2c000 	C:\WINDOWS\SYSTEM32\CRYPTBASE.dll
0x00007ffdd9810000 - 0x00007ffdd984b000 	C:\WINDOWS\SYSTEM32\IPHLPAPI.DLL
0x00007ffddca00000 - 0x00007ffddca08000 	C:\WINDOWS\System32\NSI.dll
0x00007ffdc25d0000 - 0x00007ffdc25e0000 	C:\Program Files\Java\jdk-23\bin\verify.dll
0x00007ffdd1c20000 - 0x00007ffdd1c27000 	C:\WINDOWS\system32\wshunix.dll
0x00007ffdae090000 - 0x00007ffdae0a7000 	C:\WINDOWS\system32\napinsp.dll
0x00007ffdae6d0000 - 0x00007ffdae6eb000 	C:\WINDOWS\system32\pnrpnsp.dll
0x00007ffdd1ff0000 - 0x00007ffdd2005000 	C:\WINDOWS\system32\wshbth.dll
0x00007ffdd20b0000 - 0x00007ffdd20cd000 	C:\WINDOWS\system32\NLAapi.dll
0x00007ffdd9850000 - 0x00007ffdd991a000 	C:\WINDOWS\SYSTEM32\DNSAPI.dll
0x00007ffdae070000 - 0x00007ffdae082000 	C:\WINDOWS\System32\winrnr.dll
0x00007ffdce9b0000 - 0x00007ffdce9ba000 	C:\Windows\System32\rasadhlp.dll
0x00007ffdc3f90000 - 0x00007ffdc4010000 	C:\WINDOWS\System32\fwpuclnt.dll

dbghelp: loaded successfully - version: 4.0.5 - missing functions: none
symbol engine: initialized successfully - sym options: 0x614 - pdb path: .;C:\Program Files\Java\jdk-23\bin;C:\WINDOWS\SYSTEM32;C:\Program Files\AVG\Antivirus;C:\WINDOWS\WinSxS\amd64_microsoft.windows.common-controls_6595b64144ccf1df_6.0.19041.4355_none_60b8b9eb71f62e16;C:\Program Files\Java\jdk-23\bin\server;C:\Program Files\JetBrains\IntelliJ IDEA Community Edition 2024.3.3\bin

VM Arguments:
jvm_args: -javaagent:C:\Program Files\JetBrains\IntelliJ IDEA Community Edition 2024.3.3\lib\idea_rt.jar=64524:C:\Program Files\JetBrains\IntelliJ IDEA Community Edition 2024.3.3\bin -Dfile.encoding=UTF-8 -Dsun.stdout.encoding=UTF-8 -Dsun.stderr.encoding=UTF-8 
java_command: com.example.greetingApp.GreetingAppApplication
java_class_path (initial): C:\Users\Harit Saxena\Desktop\greetingApp\target\classes;C:\Users\Harit Saxena\.m2\repository\org\springframework\boot\spring-boot-starter-web\3.4.3\spring-boot-starter-web-3.4.3.jar;C:\Users\Harit Saxena\.m2\repository\org\springframework\boot\spring-boot-starter\3.4.3\spring-boot-starter-3.4.3.jar;C:\Users\Harit Saxena\.m2\repository\org\springframework\boot\spring-boot-starter-logging\3.4.3\spring-boot-starter-logging-3.4.3.jar;C:\Users\Harit Saxena\.m2\repository\ch\qos\logback\logback-classic\1.5.16\logback-classic-1.5.16.jar;C:\Users\Harit Saxena\.m2\repository\ch\qos\logback\logback-core\1.5.16\logback-core-1.5.16.jar;C:\Users\Harit Saxena\.m2\repository\org\apache\logging\log4j\log4j-to-slf4j\2.24.3\log4j-to-slf4j-2.24.3.jar;C:\Users\Harit Saxena\.m2\repository\org\apache\logging\log4j\log4j-api\2.24.3\log4j-api-2.24.3.jar;C:\Users\Harit Saxena\.m2\repository\org\slf4j\jul-to-slf4j\2.0.16\jul-to-slf4j-2.0.16.jar;C:\Users\Harit Saxena\.m2\repository\jakarta\annotation\jakarta.annotation-api\2.1.1\jakarta.annotation-api-2.1.1.jar;C:\Users\Harit Saxena\.m2\repository\org\yaml\snakeyaml\2.3\snakeyaml-2.3.jar;C:\Users\Harit Saxena\.m2\repository\org\springframework\boot\spring-boot-starter-json\3.4.3\spring-boot-starter-json-3.4.3.jar;C:\Users\Harit Saxena\.m2\repository\com\fasterxml\jackson\core\jackson-databind\2.18.2\jackson-databind-2.18.2.jar;C:\Users\Harit Saxena\.m2\repository\com\fasterxml\jackson\core\jackson-annotations\2.18.2\jackson-annotations-2.18.2.jar;C:\Users\Harit Saxena\.m2\repository\com\fasterxml\jackson\core\jackson-core\2.18.2\jackson-core-2.18.2.jar;C:\Users\Harit Saxena\.m2\repository\com\fasterxml\jackson\datatype\jackson-datatype-jdk8\2.18.2\jackson-datatype-jdk8-2.18.2.jar;C:\Users\Harit Saxena\.m2\repository\com\fasterxml\jackson\datatype\jackson-datatype-jsr310\2.18.2\jackson-datatype-jsr310-2.18.2.jar;C:\Users\Harit Saxena\.m2\repository\com\fasterxml\jackson\module\jackson-module-parameter-names\2.18.2\jackson-module-parameter-names-2.18.2.jar;C:\Users\Harit Saxena\.m2\repository\org\springframework\boot\spring-boot-starter-tomcat\3.4.3\spring-boot-starter-tomcat-3.4.3.jar;C:\Users\Harit Saxena\.m2\repository\org\apache\tomcat\embed\tomcat-embed-core\10.1.36\tomcat-embed-core-10.1.36.jar;C:\Users\Harit Saxena\.m2\repository\org\apache\tomcat\embed\tomcat-embed-el\10.1.36\tomcat-embed-el-10.1.36.jar;C:\Users\Harit Saxena\.m2\repository\org\apache\tomcat\embed\tomcat-embed-websocket\10.1.36\tomcat-embed-websocket-10.1.36.jar;C:\Users\Harit Saxena\.m2\repository\org\springframework\spring-web\6.2.3\spring-web-6.2.3.jar;C:\Users\Harit Saxena\.m2\repository\org\springframework\spring-beans\6.2.3\spring-beans-6.2.3.jar;C:\Users\Harit Saxena\.m2\repository\io\micrometer\micrometer-observation\1.14.4\micrometer-observation-1.14.4.jar;C:\Users\Harit Saxena\.m2\repository\io\micrometer\micrometer-commons\1.14.4\micrometer-commons-1.14.4.jar;C:\Users\Harit Saxena\.m2\repository\org\springframework\spring-webmvc\6.2.3\spring-webmvc-6.2.3.jar;C:\Users\Harit Saxena\.m2\repository\org\springframework\spring-aop\6.2.3\spring-aop-6.2.3.jar;C:\Users\Harit Saxena\.m2\repository\org\springframework\spring-context\6.2.3\spring-context-6.2.3.jar;C:\Users\Harit Saxena\.m2\repository\org\springframework\spring-expression\6.2.3\spring-expression-6.2.3.jar;C:\Users\Harit Saxena\.m2\repository\org\springframework\boot\spring-boot-devtools\3.4.3\spring-boot-devtools-3.4.3.jar;C:\Users\Harit Saxena\.m2\repository\org\springframework\boot\spring-boot\3.4.3\spring-boot-3.4.3.jar;C:\Users\Harit Saxena\.m2\repository\org\springframework\boot\spring-boot-autoconfigure\3.4.3\spring-boot-autoconfigure-3.4.3.jar;C:\Users\Harit Saxena\.m2\repository\org\slf4j\slf4j-api\2.0.16\slf4j-api-2.0.16.jar;C:\Users\Harit Saxena\.m2\repository\jakarta\xml\bind\jakarta.xml.bind-api\4.0.2\jakarta.xml.bind-api-4.0.2.jar;C:\Users\Harit Saxena\.m2\repository\jakarta\activation\jakarta.activation-api\2.1.3\jakarta.activation-api-2.1.3.jar;C:\Users\Harit Saxena\.m2\repository\net\bytebuddy\byte-buddy\1.15.11\byte-buddy-1.15.11.jar;C:\Users\Harit Saxena\.m2\repository\org\springframework\spring-core\6.2.3\spring-core-6.2.3.jar;C:\Users\Harit Saxena\.m2\repository\org\springframework\spring-jcl\6.2.3\spring-jcl-6.2.3.jar;C:\Users\Harit Saxena\.m2\repository\org\springframework\boot\spring-boot-starter-data-jpa\3.4.3\spring-boot-starter-data-jpa-3.4.3.jar;C:\Users\Harit Saxena\.m2\repository\org\springframework\boot\spring-boot-starter-jdbc\3.4.3\spring-boot-starter-jdbc-3.4.3.jar;C:\Users\Harit Saxena\.m2\repository\com\zaxxer\HikariCP\5.1.0\HikariCP-5.1.0.jar;C:\Users\Harit Saxena\.m2\repository\org\springframework\spring-jdbc\6.2.3\spring-jdbc-6.2.3.jar;C:\Users\Harit Saxena\.m2\repository\org\hibernate\orm\hibernate-core\6.6.8.Final\hibernate-core-6.6.8.Final.jar;C:\Users\Harit Saxena\.m2\repository\jakarta\persistence\jakarta.persistence-api\3.1.0\jakarta.persistence-api-3.1.0.jar;C:\Users\Harit Saxena\.m2\repository\jakarta\transaction\jakarta.transaction-api\2.0.1\jakarta.transaction-api-2.0.1.jar;C:\Users\Harit Saxena\.m2\repository\org\jboss\logging\jboss-logging\3.6.1.Final\jboss-logging-3.6.1.Final.jar;C:\Users\Harit Saxena\.m2\repository\org\hibernate\common\hibernate-commons-annotations\7.0.3.Final\hibernate-commons-annotations-7.0.3.Final.jar;C:\Users\Harit Saxena\.m2\repository\io\smallrye\jandex\3.2.0\jandex-3.2.0.jar;C:\Users\Harit Saxena\.m2\repository\com\fasterxml\classmate\1.7.0\classmate-1.7.0.jar;C:\Users\Harit Saxena\.m2\repository\org\glassfish\jaxb\jaxb-runtime\4.0.5\jaxb-runtime-4.0.5.jar;C:\Users\Harit Saxena\.m2\repository\org\glassfish\jaxb\jaxb-core\4.0.5\jaxb-core-4.0.5.jar;C:\Users\Harit Saxena\.m2\repository\org\eclipse\angus\angus-activation\2.0.2\angus-activation-2.0.2.jar;C:\Users\Harit Saxena\.m2\repository\org\glassfish\jaxb\txw2\4.0.5\txw2-4.0.5.jar;C:\Users\Harit Saxena\.m2\repository\com\sun\istack\istack-commons-runtime\4.1.2\istack-commons-runtime-4.1.2.jar;C:\Users\Harit Saxena\.m2\repository\jakarta\inject\jakarta.inject-api\2.0.1\jakarta.inject-api-2.0.1.jar;C:\Users\Harit Saxena\.m2\repository\org\antlr\antlr4-runtime\4.13.0\antlr4-runtime-4.13.0.jar;C:\Users\Harit Saxena\.m2\repository\org\springframework\data\spring-data-jpa\3.4.3\spring-data-jpa-3.4.3.jar;C:\Users\Harit Saxena\.m2\repository\org\springframework\data\spring-data-commons\3.4.3\spring-data-commons-3.4.3.jar;C:\Users\Harit Saxena\.m2\repository\org\springframework\spring-orm\6.2.3\spring-orm-6.2.3.jar;C:\Users\Harit Saxena\.m2\repository\org\springframework\spring-tx\6.2.3\spring-tx-6.2.3.jar;C:\Users\Harit Saxena\.m2\repository\org\springframework\spring-aspects\6.2.3\spring-aspects-6.2.3.jar;C:\Users\Harit Saxena\.m2\repository\org\aspectj\aspectjweaver\1.9.22.1\aspectjweaver-1.9.22.1.jar;C:\Users\Harit Saxena\.m2\repository\com\h2database\h2\2.3.232\h2-2.3.232.jar
Launcher Type: SUN_STANDARD

[Global flags]
     intx CICompilerCount                          = 3                                         {product} {ergonomic}
     uint ConcGCThreads                            = 1                                         {product} {ergonomic}
     uint G1ConcRefinementThreads                  = 4                                         {product} {ergonomic}
   size_t G1HeapRegionSize                         = 1048576                                   {product} {ergonomic}
   size_t InitialHeapSize                          = 134217728                                 {product} {ergonomic}
   size_t MarkStackSize                            = 4194304                                   {product} {ergonomic}
   size_t MarkStackSizeMax                         = 536870912                                 {product} {ergonomic}
   size_t MaxHeapSize                              = 2116026368                                {product} {ergonomic}
   size_t MaxNewSize                               = 1268776960                                {product} {ergonomic}
   size_t MinHeapDeltaBytes                        = 1048576                                   {product} {ergonomic}
   size_t MinHeapSize                              = 8388608                                   {product} {ergonomic}
    uintx NonNMethodCodeHeapSize                   = 5832704                                {pd product} {ergonomic}
    uintx NonProfiledCodeHeapSize                  = 122945536                              {pd product} {ergonomic}
    uintx ProfiledCodeHeapSize                     = 122880000                              {pd product} {ergonomic}
    uintx ReservedCodeCacheSize                    = 251658240                              {pd product} {ergonomic}
     bool SegmentedCodeCache                       = true                                      {product} {ergonomic}
   size_t SoftMaxHeapSize                          = 2116026368                             {manageable} {ergonomic}
     bool UseCompressedOops                        = true                           {product lp64_product} {ergonomic}
     bool UseG1GC                                  = true                                      {product} {ergonomic}
     bool UseLargePagesIndividualAllocation        = false                                  {pd product} {ergonomic}

Logging:
Log output configuration:
 #0: stdout all=warning uptime,level,tags foldmultilines=false
 #1: stderr all=off uptime,level,tags foldmultilines=false

Environment Variables:
PATH=C:\Program Files\Common Files\Oracle\Java\javapath;C:\Program Files\Microsoft\jdk-11.0.16.101-hotspot\bin;C:\WINDOWS\system32;C:\WINDOWS;C:\WINDOWS\System32\Wbem;C:\WINDOWS\System32\WindowsPowerShell\v1.0\;C:\WINDOWS\System32\OpenSSH\;C:\xampp\php;C:\ProgramData\chocolatey\bin;C:\Python311;C:\Program Files\nodejs\;C:\Program Files\dotnet\;C:\Program Files (x86)\Git\cmd;C:\Users\Harit Saxena\.cargo\bin;C:\Users\Harit Saxena\AppData\Local\Microsoft\WindowsApps;C:\Users\Harit Saxena\AppData\Roaming\Composer\vendor\bin;C:\Users\Harit Saxena\AppData\Roaming\npm;C:\Users\Harit Saxena\AppData\Local\Programs\Microsoft VS Code\bin;C:\Users\Harit Saxena\.dotnet\tools;C:\Users\Harit Saxena\AppData\Local\Programs\Python\Python311;C:\Users\Harit Saxena\AppData\Local\Programs\Python\Python311\Scripts;;C:\Program Files\JetBrains\IntelliJ IDEA Community Edition 2024.3.3\bin;
USERNAME=Harit Saxena
OS=Windows_NT
PROCESSOR_IDENTIFIER=Intel64 Family 6 Model 142 Stepping 9, GenuineIntel
TMP=C:\Users\HARITS~1\AppData\Local\Temp
TEMP=C:\Users\HARITS~1\AppData\Local\Temp




Periodic native trim disabled

---------------  S Y S T E M  ---------------

OS:
 Windows 10 , 64 bit Build 19041 (10.0.19041.5438)
OS uptime: 0 days 1:29 hours

CPU: total 4 (initial active 4) (2 cores per cpu, 2 threads per core) family 6 model 142 stepping 9 microcode 0xea, cx8, cmov, fxsr, ht, mmx, 3dnowpref, sse, sse2, sse3, ssse3, sse4.1, sse4.2, popcnt, lzcnt, tsc, tscinvbit, avx, avx2, aes, erms, clmul, bmi1, bmi2, adx, fma, vzeroupper, clflush, clflushopt, rdtscp, f16c
Processor Information for the first 4 processors :
  Max Mhz: 2712, Current Mhz: 1406, Mhz Limit: 2495

Memory: 4k page, system-wide physical 8067M (561M free)
TotalPageFile size 12675M (AvailPageFile size 4327M)
current process WorkingSet (physical memory assigned to process): 227M, peak: 249M
current process commit charge ("private bytes"): 256M, peak: 284M

vm_info: Java HotSpot(TM) 64-Bit Server VM (23.0.2+7-58) for windows-amd64 JRE (23.0.2+7-58), built on 2024-11-29T09:34:55Z with MS VC++ 17.6 (VS2022)

END.
