#
# A fatal error has been detected by the Java Runtime Environment:
#
#  EXCEPTION_ACCESS_VIOLATION (0xc0000005) at pc=0x00007ffd7fd78d30, pid=3020, tid=13944
#
# JRE version: Java(TM) SE Runtime Environment (23.0.2+7) (build 23.0.2+7-58)
# Java VM: Java HotSpot(TM) 64-Bit Server VM (23.0.2+7-58, mixed mode, sharing, tiered, compressed oops, compressed class ptrs, g1 gc, windows-amd64)
# Problematic frame:
# V  [jvm.dll+0x3b8d30]
#
# No core dump will be written. Minidumps are not enabled by default on client versions of Windows
#
# If you would like to submit a bug report, please visit:
#   https://bugreport.java.com/bugreport/crash.jsp
#

---------------  S U M M A R Y ------------

Command Line: -javaagent:C:\Program Files\JetBrains\IntelliJ IDEA Community Edition 2024.3.3\lib\idea_rt.jar=64759:C:\Program Files\JetBrains\IntelliJ IDEA Community Edition 2024.3.3\bin -Dfile.encoding=UTF-8 -Dsun.stdout.encoding=UTF-8 -Dsun.stderr.encoding=UTF-8 com.example.greetingApp.GreetingAppApplication

Host: Intel(R) Core(TM) i5-7200U CPU @ 2.50GHz, 4 cores, 7G,  Windows 10 , 64 bit Build 19041 (10.0.19041.5438)
Time: Mon Mar  3 16:37:02 2025 India Standard Time elapsed time: 9.385545 seconds (0d 0h 0m 9s)

---------------  T H R E A D  ---------------

Current thread (0x000002d08cd39cb0):  JavaThread "C2 CompilerThread1" daemon [_thread_in_native, id=13944, stack(0x000000d47e600000,0x000000d47e700000) (1024K)]


Current CompileTask:
C2:9385 4941       4       jdk.internal.classfile.impl.StackCounter::<init> (2261 bytes)

Stack: [0x000000d47e600000,0x000000d47e700000],  sp=0x000000d47e6fcc70,  free space=1011k
Native frames: (J=compiled Java code, j=interpreted, Vv=VM code, C=native code)
V  [jvm.dll+0x3b8d30]  (no source info available)
V  [jvm.dll+0x3b2008]  (no source info available)
V  [jvm.dll+0x1dc2f3]  (no source info available)
V  [jvm.dll+0x244ce5]  (no source info available)
V  [jvm.dll+0x243eff]  (no source info available)
V  [jvm.dll+0x1c34b0]  (no source info available)
V  [jvm.dll+0x253df1]  (no source info available)
V  [jvm.dll+0x2520aa]  (no source info available)
V  [jvm.dll+0x3ee226]  (no source info available)
V  [jvm.dll+0x8254cb]  (no source info available)
V  [jvm.dll+0x6df345]  (no source info available)
C  [ucrtbase.dll+0x21bb2]  (no source info available)
C  [KERNEL32.DLL+0x17374]  (no source info available)
C  [ntdll.dll+0x4cc91]  (no source info available)


siginfo: EXCEPTION_ACCESS_VIOLATION (0xc0000005), reading address 0xffffffffffffffff


Registers:
RAX=0x0000000000000000, RBX=0x0000000000000006, RCX=0x0000000000000000, RDX=0x80007ffd8060c698
RSP=0x000000d47e6fcc70, RBP=0x00007ffd8060c698, RSI=0x0000000000000001, RDI=0x000000d47e6fccc0
R8 =0x0000000000000080, R9 =0x0000000000000004, R10=0x000002d08d3e1438, R11=0x0000000000000003
R12=0x0000000000000000, R13=0x0000000000000000, R14=0x000000d47e6fcdf0, R15=0x0000000000000086
RIP=0x00007ffd7fd78d30, EFLAGS=0x0000000000010246


Register to memory mapping:

RAX=0x0 is null
RBX=0x0000000000000006 is an unknown value
RCX=0x0 is null
RDX=0x80007ffd8060c698 is an unknown value
RSP=0x000000d47e6fcc70 is pointing into the stack for thread: 0x000002d08cd39cb0
RBP=0x00007ffd8060c698 jvm.dll
RSI=0x0000000000000001 is an unknown value
RDI=0x000000d47e6fccc0 is pointing into the stack for thread: 0x000002d08cd39cb0
R8 =0x0000000000000080 is an unknown value
R9 =0x0000000000000004 is an unknown value
R10=0x000002d08d3e1438 points into unknown readable memory: 0x0000000000000000 | 00 00 00 00 00 00 00 00
R11=0x0000000000000003 is an unknown value
R12=0x0 is null
R13=0x0 is null
R14=0x000000d47e6fcdf0 is pointing into the stack for thread: 0x000002d08cd39cb0
R15=0x0000000000000086 is an unknown value

Top of Stack: (sp=0x000000d47e6fcc70)
0x000000d47e6fcc70:   0000000000000eb7 00007ffd7fd78e84
0x000000d47e6fcc80:   000002d090477f50 000002d08cca3c00
0x000000d47e6fcc90:   0000000000000006 00007ffd7fd72008
0x000000d47e6fcca0:   0000000000000086 0000000000000002
0x000000d47e6fccb0:   0000000000000001 000000d47e6fcdf0
0x000000d47e6fccc0:   0000000000000000 0000000300000087
0x000000d47e6fccd0:   0000000f00000001 80007ffd8060c698
0x000000d47e6fcce0:   000002d0903e9f60 000002d0903e9f50
0x000000d47e6fccf0:   000002d046ba37d0 0000000000000000
0x000000d47e6fcd00:   000002d046ba37c0 000000d47e6fd280
0x000000d47e6fcd10:   0000000000000001 00007ffd7fb9c2f3
0x000000d47e6fcd20:   000000d47e6fd1a0 000000d47e6fce20
0x000000d47e6fcd30:   000002d046ba3ba8 000002d046ba37c0
0x000000d47e6fcd40:   0000000000000000 0000000000000000
0x000000d47e6fcd50:   0000000100000007 000002d046ba37c0
0x000000d47e6fcd60:   000002d08f4afb80 000002d08f4b6e50
0x000000d47e6fcd70:   000002d08f4b7b68 00000000001fd290
0x000000d47e6fcd80:   000002d046ba37d0 0000000000000000
0x000000d47e6fcd90:   0000000000000000 0000000000000000
0x000000d47e6fcda0:   0000000000000000 0000000000000000
0x000000d47e6fcdb0:   0000000000007fd8 00007ffd80395858
0x000000d47e6fcdc0:   0000000000000000 000000d47e6fe650
0x000000d47e6fcdd0:   0000000000000000 00007ffd80395858
0x000000d47e6fcde0:   000002d000000000 0000000000000210
0x000000d47e6fcdf0:   000000000000000c 000000d47e6fe650
0x000000d47e6fce00:   000002d0903e4b90 000002d08cca3c01
0x000000d47e6fce10:   000002d0902ec060 000002d000000eb9
0x000000d47e6fce20:   000000d47e6fcd50 000002d046ba37d0
0x000000d47e6fce30:   00007ffd80395828 000000000000000d
0x000000d47e6fce40:   000000d47e6fe650 000000d47e6fd1a0
0x000000d47e6fce50:   000002d000001e43 0000000000000000
0x000000d47e6fce60:   000000d40000000a 000000d47e6fe650 

Instructions: (pc=0x00007ffd7fd78d30)
0x00007ffd7fd78c30:   48 8b 8e e0 08 00 00 48 85 c9 75 0c e8 2f 09 00
0x00007ffd7fd78c40:   00 48 8b 8e e0 08 00 00 48 8b 01 0f 57 c0 48 89
0x00007ffd7fd78c50:   86 e0 08 00 00 0f 11 01 0f 11 41 10 0f 10 45 00
0x00007ffd7fd78c60:   0f 11 01 0f 10 4d 10 0f 11 49 10 48 8b 43 08 49
0x00007ffd7fd78c70:   89 0c 06 48 8d 0d 1e 3a 89 00 ff c7 ba 70 00 00
0x00007ffd7fd78c80:   00 3b bb 90 00 00 00 0f 82 63 ff ff ff 4c 8b 74
0x00007ffd7fd78c90:   24 60 4c 8b 64 24 58 48 8b 6c 24 50 48 8b c3 48
0x00007ffd7fd78ca0:   83 c4 20 41 5f 41 5d 5f 5e 5b c3 cc cc cc cc cc
0x00007ffd7fd78cb0:   48 89 74 24 18 57 48 83 ec 20 8b 51 0c 48 8b f9
0x00007ffd7fd78cc0:   83 fa 04 73 29 48 8b 49 18 0f 1f 80 00 00 00 00
0x00007ffd7fd78cd0:   8b c2 44 8d 4a 01 48 83 3c c1 00 4c 8d 14 c1 0f
0x00007ffd7fd78ce0:   85 91 00 00 00 41 8b d1 41 83 f9 04 72 e2 48 89
0x00007ffd7fd78cf0:   5c 24 30 8b 5f 10 48 89 6c 24 38 3b 5f 14 73 5f
0x00007ffd7fd78d00:   48 8d 2d 91 39 89 00 66 0f 1f 84 00 00 00 00 00
0x00007ffd7fd78d10:   48 8b 47 20 8b cb 48 8b 14 c8 48 3b d5 74 39 33
0x00007ffd7fd78d20:   c0 48 89 57 18 33 c9 66 0f 1f 84 00 00 00 00 00
0x00007ffd7fd78d30:   48 83 3c 11 00 44 8d 48 01 75 78 48 83 c1 08 41
0x00007ffd7fd78d40:   8b c1 41 83 f9 04 72 e8 48 8b 4f 28 48 85 c9 74
0x00007ffd7fd78d50:   07 8b d3 e8 58 01 00 00 ff c3 3b 5f 14 72 b1 33
0x00007ffd7fd78d60:   c0 48 8b 5c 24 30 48 8b 6c 24 38 48 8b 74 24 40
0x00007ffd7fd78d70:   48 83 c4 20 5f c3 8b 47 10 48 8b 74 24 40 44 8d
0x00007ffd7fd78d80:   04 82 41 c1 e0 06 41 81 c0 00 ff ff ff 44 89 47
0x00007ffd7fd78d90:   08 49 8b 12 48 0f bc c2 44 89 4f 0c 8b c8 48 d3
0x00007ffd7fd78da0:   ea 48 ff ca 41 03 c0 48 89 17 89 47 08 48 83 c4
0x00007ffd7fd78db0:   20 5f c3 8b c8 44 8d 04 98 41 c1 e0 06 8d 43 01
0x00007ffd7fd78dc0:   44 89 47 08 48 8b 14 ca 89 47 10 48 0f bc c2 44
0x00007ffd7fd78dd0:   89 4f 0c 8b c8 48 d3 ea 48 ff ca 41 03 c0 48 89
0x00007ffd7fd78de0:   17 89 47 08 e9 78 ff ff ff cc cc cc cc cc cc cc
0x00007ffd7fd78df0:   40 53 48 83 ec 20 65 48 8b 04 25 58 00 00 00 8b
0x00007ffd7fd78e00:   0d ef b1 8e 00 48 8b 1c c8 b8 70 00 00 00 80 3c
0x00007ffd7fd78e10:   18 00 75 05 e8 5f 47 56 00 b8 20 00 00 00 48 8b
0x00007ffd7fd78e20:   04 18 48 8b 88 70 06 00 00 48 8b 99 80 00 00 00 


Stack slot to memory mapping:

stack at sp + 0 slots: 0x0000000000000eb7 is an unknown value
stack at sp + 1 slots: 0x00007ffd7fd78e84 jvm.dll
stack at sp + 2 slots: 0x000002d090477f50 points into unknown readable memory: 0xf0e0d0c000000011 | 11 00 00 00 c0 d0 e0 f0
stack at sp + 3 slots: 0x000002d08cca3c00 points into unknown readable memory: 0x0000003800000002 | 02 00 00 00 38 00 00 00
stack at sp + 4 slots: 0x0000000000000006 is an unknown value
stack at sp + 5 slots: 0x00007ffd7fd72008 jvm.dll
stack at sp + 6 slots: 0x0000000000000086 is an unknown value
stack at sp + 7 slots: 0x0000000000000002 is an unknown value

Lock stack of current Java thread (top to bottom):


---------------  P R O C E S S  ---------------

Threads class SMR info:
_java_thread_list=0x000002d08ef410c0, length=20, elements={
0x000002d0281b9a90, 0x000002d0468519e0, 0x000002d046852320, 0x000002d046855f00,
0x000002d046858650, 0x000002d04685b940, 0x000002d046863d30, 0x000002d046867e90,
0x000002d046868cf0, 0x000002d046938010, 0x000002d08c1bab20, 0x000002d08c1bb190,
0x000002d08ca43bf0, 0x000002d08ca55420, 0x000002d08cd39cb0, 0x000002d08da2bdb0,
0x000002d08da2a370, 0x000002d08da28fc0, 0x000002d08da29ce0, 0x000002d08da29650
}

Java Threads: ( => current thread )
  0x000002d0281b9a90 JavaThread "main"                              [_thread_blocked, id=5716, stack(0x000000d47d500000,0x000000d47d600000) (1024K)]
  0x000002d0468519e0 JavaThread "Reference Handler"          daemon [_thread_blocked, id=12104, stack(0x000000d47dd00000,0x000000d47de00000) (1024K)]
  0x000002d046852320 JavaThread "Finalizer"                  daemon [_thread_blocked, id=10752, stack(0x000000d47de00000,0x000000d47df00000) (1024K)]
  0x000002d046855f00 JavaThread "Signal Dispatcher"          daemon [_thread_blocked, id=8404, stack(0x000000d47df00000,0x000000d47e000000) (1024K)]
  0x000002d046858650 JavaThread "Attach Listener"            daemon [_thread_blocked, id=4108, stack(0x000000d47e000000,0x000000d47e100000) (1024K)]
  0x000002d04685b940 JavaThread "Service Thread"             daemon [_thread_blocked, id=6192, stack(0x000000d47e100000,0x000000d47e200000) (1024K)]
  0x000002d046863d30 JavaThread "Monitor Deflation Thread"   daemon [_thread_blocked, id=5360, stack(0x000000d47e200000,0x000000d47e300000) (1024K)]
  0x000002d046867e90 JavaThread "C2 CompilerThread0"         daemon [_thread_in_vm, id=8576, stack(0x000000d47e300000,0x000000d47e400000) (1024K)]
  0x000002d046868cf0 JavaThread "C1 CompilerThread0"         daemon [_thread_blocked, id=14224, stack(0x000000d47e400000,0x000000d47e500000) (1024K)]
  0x000002d046938010 JavaThread "Common-Cleaner"             daemon [_thread_blocked, id=2256, stack(0x000000d47e500000,0x000000d47e600000) (1024K)]
  0x000002d08c1bab20 JavaThread "Monitor Ctrl-Break"         daemon [_thread_in_native, id=12492, stack(0x000000d47e700000,0x000000d47e800000) (1024K)]
  0x000002d08c1bb190 JavaThread "Notification Thread"        daemon [_thread_blocked, id=1436, stack(0x000000d47e800000,0x000000d47e900000) (1024K)]
  0x000002d08ca43bf0 JavaThread "Thread-0"                          [_thread_blocked, id=11300, stack(0x000000d47ec00000,0x000000d47ed00000) (1024K)]
  0x000002d08ca55420 JavaThread "restartedMain"                     [_thread_in_vm, id=3920, stack(0x000000d47ed00000,0x000000d47ee00000) (1024K)]
=>0x000002d08cd39cb0 JavaThread "C2 CompilerThread1"         daemon [_thread_in_native, id=13944, stack(0x000000d47e600000,0x000000d47e700000) (1024K)]
  0x000002d08da2bdb0 JavaThread "Catalina-utility-1"                [_thread_blocked, id=2240, stack(0x000000d47ee00000,0x000000d47ef00000) (1024K)]
  0x000002d08da2a370 JavaThread "Catalina-utility-2"                [_thread_blocked, id=5300, stack(0x000000d47ef00000,0x000000d47f000000) (1024K)]
  0x000002d08da28fc0 JavaThread "container-0"                       [_thread_blocked, id=3160, stack(0x000000d47f000000,0x000000d47f100000) (1024K)]
  0x000002d08da29ce0 JavaThread "HikariPool-1 housekeeper"   daemon [_thread_blocked, id=8412, stack(0x000000d47f100000,0x000000d47f200000) (1024K)]
  0x000002d08da29650 JavaThread "HikariPool-1 connection adder" daemon [_thread_blocked, id=3172, stack(0x000000d47f200000,0x000000d47f300000) (1024K)]
Total: 20

Other Threads:
  0x000002d046839030 VMThread "VM Thread"                           [id=8696, stack(0x000000d47dc00000,0x000000d47dd00000) (1024K)]
  0x000002d046827da0 WatcherThread "VM Periodic Task Thread"        [id=3324, stack(0x000000d47db00000,0x000000d47dc00000) (1024K)]
  0x000002d02a3f8990 WorkerThread "GC Thread#0"                     [id=13344, stack(0x000000d47d600000,0x000000d47d700000) (1024K)]
  0x000002d08c64bb70 WorkerThread "GC Thread#1"                     [id=1784, stack(0x000000d47e900000,0x000000d47ea00000) (1024K)]
  0x000002d08c64b410 WorkerThread "GC Thread#2"                     [id=1512, stack(0x000000d47ea00000,0x000000d47eb00000) (1024K)]
  0x000002d08c64acb0 WorkerThread "GC Thread#3"                     [id=11196, stack(0x000000d47eb00000,0x000000d47ec00000) (1024K)]
  0x000002d02a40d7b0 ConcurrentGCThread "G1 Main Marker"            [id=2148, stack(0x000000d47d700000,0x000000d47d800000) (1024K)]
  0x000002d02a40fa70 WorkerThread "G1 Conc#0"                       [id=2888, stack(0x000000d47d800000,0x000000d47d900000) (1024K)]
  0x000002d0466e9110 ConcurrentGCThread "G1 Refine#0"               [id=4396, stack(0x000000d47d900000,0x000000d47da00000) (1024K)]
  0x000002d0466eb560 ConcurrentGCThread "G1 Service"                [id=12136, stack(0x000000d47da00000,0x000000d47db00000) (1024K)]
Total: 10

Threads with active compile tasks:
C2 CompilerThread0  9685 5080       4       jdk.internal.org.objectweb.asm.SymbolTable::addConstantMemberReference (147 bytes)
C2 CompilerThread1  9685 4941       4       jdk.internal.classfile.impl.StackCounter::<init> (2261 bytes)
Total: 2

VM state: not at safepoint (normal execution)

VM Mutex/Monitor currently owned by a thread: None

Heap address: 0x0000000081e00000, size: 2018 MB, Compressed Oops mode: 32-bit

CDS archive(s) mapped at: [0x000002d047000000-0x000002d047d70000-0x000002d047d70000), size 14090240, SharedBaseAddress: 0x000002d047000000, ArchiveRelocationMode: 1.
Compressed class space mapped at: 0x000002d048000000-0x000002d088000000, reserved size: 1073741824
Narrow klass base: 0x000002d047000000, Narrow klass shift: 0, Narrow klass range: 0x41000000

GC Precious Log:
 CardTable entry size: 512
 Card Set container configuration: InlinePtr #cards 5 size 8 Array Of Cards #cards 10 size 36 Howl #buckets 4 coarsen threshold 1843 Howl Bitmap #cards 512 size 80 coarsen threshold 460 Card regions per heap region 1 cards per card region 2048
 CPUs: 4 total, 4 available
 Memory: 8067M
 Large Page Support: Disabled
 NUMA Support: Disabled
 Compressed Oops: Enabled (32-bit)
 Heap Region Size: 1M
 Heap Min Capacity: 8M
 Heap Initial Capacity: 128M
 Heap Max Capacity: 2018M
 Pre-touch: Disabled
 Parallel Workers: 4
 Concurrent Workers: 1
 Concurrent Refinement Workers: 4
 Periodic GC: Disabled

Heap:
 garbage-first heap   total reserved 2066432K, committed 51200K, used 37397K [0x0000000081e00000, 0x0000000100000000)
  region size 1024K, 18 young (18432K), 3 survivors (3072K)
 Metaspace       used 55158K, committed 55808K, reserved 1114112K
  class space    used 7645K, committed 7936K, reserved 1048576K

Heap Regions: E=young(eden), S=young(survivor), O=old, HS=humongous(starts), HC=humongous(continues), CS=collection set, F=free, TAMS=top-at-mark-start, PB=parsable bottom
|   0|0x0000000081e00000, 0x0000000081f00000, 0x0000000081f00000|100%|HS|  |TAMS 0x0000000081e00000| PB 0x0000000081e00000| Complete |  0
|   1|0x0000000081f00000, 0x0000000082000000, 0x0000000082000000|100%|HS|  |TAMS 0x0000000081f00000| PB 0x0000000081f00000| Complete |  0
|   2|0x0000000082000000, 0x0000000082100000, 0x0000000082100000|100%| O|  |TAMS 0x0000000082000000| PB 0x0000000082000000| Untracked |  0
|   3|0x0000000082100000, 0x0000000082200000, 0x0000000082200000|100%| O|  |TAMS 0x0000000082100000| PB 0x0000000082100000| Untracked |  0
|   4|0x0000000082200000, 0x0000000082300000, 0x0000000082300000|100%| O|  |TAMS 0x0000000082200000| PB 0x0000000082200000| Untracked |  0
|   5|0x0000000082300000, 0x0000000082400000, 0x0000000082400000|100%| O|  |TAMS 0x0000000082300000| PB 0x0000000082300000| Untracked |  0
|   6|0x0000000082400000, 0x0000000082500000, 0x0000000082500000|100%| O|  |TAMS 0x0000000082400000| PB 0x0000000082400000| Untracked |  0
|   7|0x0000000082500000, 0x0000000082600000, 0x0000000082600000|100%| O|  |TAMS 0x0000000082500000| PB 0x0000000082500000| Untracked |  0
|   8|0x0000000082600000, 0x0000000082700000, 0x0000000082700000|100%| O|  |TAMS 0x0000000082600000| PB 0x0000000082600000| Untracked |  0
|   9|0x0000000082700000, 0x0000000082800000, 0x0000000082800000|100%| O|  |TAMS 0x0000000082700000| PB 0x0000000082700000| Untracked |  0
|  10|0x0000000082800000, 0x0000000082900000, 0x0000000082900000|100%| O|  |TAMS 0x0000000082800000| PB 0x0000000082800000| Untracked |  0
|  11|0x0000000082900000, 0x0000000082a00000, 0x0000000082a00000|100%| O|  |TAMS 0x0000000082900000| PB 0x0000000082900000| Untracked |  0
|  12|0x0000000082a00000, 0x0000000082b00000, 0x0000000082b00000|100%| O|  |TAMS 0x0000000082a00000| PB 0x0000000082a00000| Untracked |  0
|  13|0x0000000082b00000, 0x0000000082c00000, 0x0000000082c00000|100%| O|  |TAMS 0x0000000082b00000| PB 0x0000000082b00000| Untracked |  0
|  14|0x0000000082c00000, 0x0000000082d00000, 0x0000000082d00000|100%| O|  |TAMS 0x0000000082c00000| PB 0x0000000082c00000| Untracked |  0
|  15|0x0000000082d00000, 0x0000000082e00000, 0x0000000082e00000|100%| O|  |TAMS 0x0000000082d00000| PB 0x0000000082d00000| Untracked |  0
|  16|0x0000000082e00000, 0x0000000082f00000, 0x0000000082f00000|100%| O|  |TAMS 0x0000000082e00000| PB 0x0000000082e00000| Untracked |  0
|  17|0x0000000082f00000, 0x0000000083000000, 0x0000000083000000|100%| O|  |TAMS 0x0000000082f00000| PB 0x0000000082f00000| Untracked |  0
|  18|0x0000000083000000, 0x0000000083100000, 0x0000000083100000|100%| O|  |TAMS 0x0000000083000000| PB 0x0000000083000000| Untracked |  0
|  19|0x0000000083100000, 0x0000000083200000, 0x0000000083200000|100%| O|  |TAMS 0x0000000083100000| PB 0x0000000083100000| Untracked |  0
|  20|0x0000000083200000, 0x0000000083240010, 0x0000000083300000| 25%| O|  |TAMS 0x0000000083200000| PB 0x0000000083200000| Untracked |  0
|  21|0x0000000083300000, 0x0000000083300000, 0x0000000083400000|  0%| F|  |TAMS 0x0000000083300000| PB 0x0000000083300000| Untracked |  0
|  22|0x0000000083400000, 0x0000000083400000, 0x0000000083500000|  0%| F|  |TAMS 0x0000000083400000| PB 0x0000000083400000| Untracked |  0
|  23|0x0000000083500000, 0x0000000083545408, 0x0000000083600000| 27%| S|CS|TAMS 0x0000000083500000| PB 0x0000000083500000| Complete |  0
|  24|0x0000000083600000, 0x0000000083700000, 0x0000000083700000|100%| S|CS|TAMS 0x0000000083600000| PB 0x0000000083600000| Complete |  0
|  25|0x0000000083700000, 0x0000000083700000, 0x0000000083800000|  0%| F|  |TAMS 0x0000000083700000| PB 0x0000000083700000| Untracked |  0
|  26|0x0000000083800000, 0x0000000083900000, 0x0000000083900000|100%| S|CS|TAMS 0x0000000083800000| PB 0x0000000083800000| Complete |  0
|  27|0x0000000083900000, 0x0000000083900000, 0x0000000083a00000|  0%| F|  |TAMS 0x0000000083900000| PB 0x0000000083900000| Untracked |  0
|  28|0x0000000083a00000, 0x0000000083a00000, 0x0000000083b00000|  0%| F|  |TAMS 0x0000000083a00000| PB 0x0000000083a00000| Untracked |  0
|  29|0x0000000083b00000, 0x0000000083b00000, 0x0000000083c00000|  0%| F|  |TAMS 0x0000000083b00000| PB 0x0000000083b00000| Untracked |  0
|  30|0x0000000083c00000, 0x0000000083c00000, 0x0000000083d00000|  0%| F|  |TAMS 0x0000000083c00000| PB 0x0000000083c00000| Untracked |  0
|  31|0x0000000083d00000, 0x0000000083d00000, 0x0000000083e00000|  0%| F|  |TAMS 0x0000000083d00000| PB 0x0000000083d00000| Untracked |  0
|  32|0x0000000083e00000, 0x0000000083e00000, 0x0000000083f00000|  0%| F|  |TAMS 0x0000000083e00000| PB 0x0000000083e00000| Untracked |  0
|  33|0x0000000083f00000, 0x0000000083f00000, 0x0000000084000000|  0%| F|  |TAMS 0x0000000083f00000| PB 0x0000000083f00000| Untracked |  0
|  34|0x0000000084000000, 0x0000000084000000, 0x0000000084100000|  0%| F|  |TAMS 0x0000000084000000| PB 0x0000000084000000| Untracked |  0
|  35|0x0000000084100000, 0x00000000841670d8, 0x0000000084200000| 40%| E|  |TAMS 0x0000000084100000| PB 0x0000000084100000| Complete |  0
|  36|0x0000000084200000, 0x0000000084300000, 0x0000000084300000|100%| E|CS|TAMS 0x0000000084200000| PB 0x0000000084200000| Complete |  0
|  37|0x0000000084300000, 0x0000000084400000, 0x0000000084400000|100%| E|CS|TAMS 0x0000000084300000| PB 0x0000000084300000| Complete |  0
|  38|0x0000000084400000, 0x0000000084500000, 0x0000000084500000|100%| E|CS|TAMS 0x0000000084400000| PB 0x0000000084400000| Complete |  0
|  39|0x0000000084500000, 0x0000000084600000, 0x0000000084600000|100%| E|CS|TAMS 0x0000000084500000| PB 0x0000000084500000| Complete |  0
|  40|0x0000000084600000, 0x0000000084700000, 0x0000000084700000|100%| E|CS|TAMS 0x0000000084600000| PB 0x0000000084600000| Complete |  0
|  41|0x0000000084700000, 0x0000000084800000, 0x0000000084800000|100%| E|CS|TAMS 0x0000000084700000| PB 0x0000000084700000| Complete |  0
|  42|0x0000000084800000, 0x0000000084900000, 0x0000000084900000|100%| E|CS|TAMS 0x0000000084800000| PB 0x0000000084800000| Complete |  0
|  43|0x0000000084900000, 0x0000000084a00000, 0x0000000084a00000|100%| E|CS|TAMS 0x0000000084900000| PB 0x0000000084900000| Complete |  0
|  44|0x0000000084a00000, 0x0000000084b00000, 0x0000000084b00000|100%| E|CS|TAMS 0x0000000084a00000| PB 0x0000000084a00000| Complete |  0
|  97|0x0000000087f00000, 0x0000000088000000, 0x0000000088000000|100%| E|CS|TAMS 0x0000000087f00000| PB 0x0000000087f00000| Complete |  0
|  98|0x0000000088000000, 0x0000000088100000, 0x0000000088100000|100%| E|CS|TAMS 0x0000000088000000| PB 0x0000000088000000| Complete |  0
|  99|0x0000000088100000, 0x0000000088200000, 0x0000000088200000|100%| E|CS|TAMS 0x0000000088100000| PB 0x0000000088100000| Complete |  0
| 100|0x0000000088200000, 0x0000000088300000, 0x0000000088300000|100%| E|CS|TAMS 0x0000000088200000| PB 0x0000000088200000| Complete |  0
| 127|0x0000000089d00000, 0x0000000089e00000, 0x0000000089e00000|100%| E|CS|TAMS 0x0000000089d00000| PB 0x0000000089d00000| Complete |  0

Card table byte_map: [0x000002d041ee0000,0x000002d0422e0000] _byte_map_base: 0x000002d041ad1000

Marking Bits: (CMBitMap*) 0x000002d02a3f90a0
 Bits: [0x000002d0422e0000, 0x000002d044268000)

Polling page: 0x000002d028150000

Metaspace:

Usage:
  Non-class:     46.42 MB used.
      Class:      7.47 MB used.
       Both:     53.89 MB used.

Virtual space:
  Non-class space:       64.00 MB reserved,      46.75 MB ( 73%) committed,  1 nodes.
      Class space:        1.00 GB reserved,       7.75 MB ( <1%) committed,  1 nodes.
             Both:        1.06 GB reserved,      54.50 MB (  5%) committed. 

Chunk freelists:
   Non-Class:  1.16 MB
       Class:  8.28 MB
        Both:  9.44 MB

MaxMetaspaceSize: unlimited
CompressedClassSpaceSize: 1.00 GB
Initial GC threshold: 21.00 MB
Current GC threshold: 58.69 MB
CDS: on
 - commit_granule_bytes: 65536.
 - commit_granule_words: 8192.
 - virtual_space_node_default_size: 8388608.
 - enlarge_chunks_in_place: 1.
 - use_allocation_guard: 0.


Internal statistics:

num_allocs_failed_limit: 6.
num_arena_births: 776.
num_arena_deaths: 0.
num_vsnodes_births: 2.
num_vsnodes_deaths: 0.
num_space_committed: 872.
num_space_uncommitted: 0.
num_chunks_returned_to_freelist: 6.
num_chunks_taken_from_freelist: 2744.
num_chunk_merges: 6.
num_chunk_splits: 1954.
num_chunks_enlarged: 1510.
num_inconsistent_stats: 0.

CodeHeap 'non-profiled nmethods': size=120064Kb used=2107Kb max_used=2107Kb free=117956Kb
 bounds [0x000002d03a5a0000, 0x000002d03a810000, 0x000002d041ae0000]
CodeHeap 'profiled nmethods': size=120000Kb used=7316Kb max_used=7316Kb free=112683Kb
 bounds [0x000002d032ae0000, 0x000002d033210000, 0x000002d03a010000]
CodeHeap 'non-nmethods': size=5696Kb used=1624Kb max_used=1641Kb free=4071Kb
 bounds [0x000002d03a010000, 0x000002d03a280000, 0x000002d03a5a0000]
CodeCache: size=245760Kb, used=11047Kb, max_used=11064Kb, free=234710Kb
 total_blobs=5354, nmethods=4666, adapters=593, full_count=0
Compilation: enabled, stopped_count=0, restarted_count=0

Compilation events (20 events):
Event: 9.365 Thread 0x000002d046868cf0 5014       3       net.bytebuddy.description.type.TypeList$Generic$Explicit::get (6 bytes)
Event: 9.365 Thread 0x000002d046868cf0 nmethod 5014 0x000002d032b5e688 code [0x000002d032b5e7e0, 0x000002d032b5ebe0]
Event: 9.365 Thread 0x000002d046868cf0 5015       3       net.bytebuddy.description.type.TypeList$Generic$Explicit::get (19 bytes)
Event: 9.365 Thread 0x000002d046868cf0 nmethod 5015 0x000002d032ae8608 code [0x000002d032ae8740, 0x000002d032ae8ac8]
Event: 9.365 Thread 0x000002d046868cf0 5016       3       net.bytebuddy.description.method.ParameterDescription$InDefinedShape$AbstractBase::<init> (5 bytes)
Event: 9.365 Thread 0x000002d046868cf0 nmethod 5016 0x000002d032b5e288 code [0x000002d032b5e3c0, 0x000002d032b5e5e8]
Event: 9.370 Thread 0x000002d046868cf0 5017       3       net.bytebuddy.description.type.TypeList$Explicit::<init> (10 bytes)
Event: 9.370 Thread 0x000002d046868cf0 nmethod 5017 0x000002d032b5dd88 code [0x000002d032b5dec0, 0x000002d032b5e200]
Event: 9.371 Thread 0x000002d046868cf0 5018       3       net.bytebuddy.jar.asm.SymbolTable::get (13 bytes)
Event: 9.371 Thread 0x000002d046868cf0 nmethod 5018 0x000002d032b5da88 code [0x000002d032b5dba0, 0x000002d032b5dcf8]
Event: 9.371 Thread 0x000002d046868cf0 5019       3       net.bytebuddy.description.type.TypeList$Generic$AbstractBase::asErasures (61 bytes)
Event: 9.372 Thread 0x000002d046868cf0 nmethod 5019 0x000002d032b68d88 code [0x000002d032b68fa0, 0x000002d032b6a090]
Event: 9.372 Thread 0x000002d046868cf0 5020       3       net.bytebuddy.description.method.ParameterDescription$ForLoadedParameter::<init> (20 bytes)
Event: 9.373 Thread 0x000002d046868cf0 nmethod 5020 0x000002d032b68888 code [0x000002d032b689c0, 0x000002d032b68d00]
Event: 9.373 Thread 0x000002d046868cf0 5021       3       net.bytebuddy.implementation.bytecode.StackManipulation$Size::<init> (15 bytes)
Event: 9.373 Thread 0x000002d046868cf0 nmethod 5021 0x000002d032b68588 code [0x000002d032b686a0, 0x000002d032b68810]
Event: 9.373 Thread 0x000002d046868cf0 5022       3       net.bytebuddy.description.method.ParameterList$ForLoadedExecutable$OfMethod::get (6 bytes)
Event: 9.373 Thread 0x000002d046868cf0 nmethod 5022 0x000002d032b68288 code [0x000002d032b683a0, 0x000002d032b684f8]
Event: 9.373 Thread 0x000002d046868cf0 5023       3       net.bytebuddy.description.method.ParameterDescription$ForLoadedParameter$OfMethod::<init> (8 bytes)
Event: 9.374 Thread 0x000002d046868cf0 nmethod 5023 0x000002d032b67d08 code [0x000002d032b67e40, 0x000002d032b681e0]

GC Heap History (20 events):
Event: 1.513 GC heap before
{Heap before GC invocations=1 (full 0):
 garbage-first heap   total reserved 2066432K, committed 131072K, used 18175K [0x0000000081e00000, 0x0000000100000000)
  region size 1024K, 14 young (14336K), 2 survivors (2048K)
 Metaspace       used 7361K, committed 7552K, reserved 1114112K
  class space    used 883K, committed 960K, reserved 1048576K
}
Event: 1.518 GC heap after
{Heap after GC invocations=2 (full 0):
 garbage-first heap   total reserved 2066432K, committed 131072K, used 7886K [0x0000000081e00000, 0x0000000100000000)
  region size 1024K, 1 young (1024K), 1 survivors (1024K)
 Metaspace       used 7361K, committed 7552K, reserved 1114112K
  class space    used 883K, committed 960K, reserved 1048576K
}
Event: 2.633 GC heap before
{Heap before GC invocations=2 (full 0):
 garbage-first heap   total reserved 2066432K, committed 131072K, used 40654K [0x0000000081e00000, 0x0000000100000000)
  region size 1024K, 34 young (34816K), 1 survivors (1024K)
 Metaspace       used 17017K, committed 17408K, reserved 1114112K
  class space    used 2124K, committed 2304K, reserved 1048576K
}
Event: 2.639 GC heap after
{Heap after GC invocations=3 (full 0):
 garbage-first heap   total reserved 2066432K, committed 131072K, used 10467K [0x0000000081e00000, 0x0000000100000000)
  region size 1024K, 4 young (4096K), 4 survivors (4096K)
 Metaspace       used 17017K, committed 17408K, reserved 1114112K
  class space    used 2124K, committed 2304K, reserved 1048576K
}
Event: 3.622 GC heap before
{Heap before GC invocations=3 (full 0):
 garbage-first heap   total reserved 2066432K, committed 131072K, used 36067K [0x0000000081e00000, 0x0000000100000000)
  region size 1024K, 31 young (31744K), 4 survivors (4096K)
 Metaspace       used 21147K, committed 21504K, reserved 1114112K
  class space    used 2632K, committed 2752K, reserved 1048576K
}
Event: 3.632 GC heap after
{Heap after GC invocations=4 (full 0):
 garbage-first heap   total reserved 2066432K, committed 131072K, used 14388K [0x0000000081e00000, 0x0000000100000000)
  region size 1024K, 4 young (4096K), 4 survivors (4096K)
 Metaspace       used 21147K, committed 21504K, reserved 1114112K
  class space    used 2632K, committed 2752K, reserved 1048576K
}
Event: 4.850 GC heap before
{Heap before GC invocations=5 (full 0):
 garbage-first heap   total reserved 2066432K, committed 51200K, used 41012K [0x0000000081e00000, 0x0000000100000000)
  region size 1024K, 30 young (30720K), 4 survivors (4096K)
 Metaspace       used 25182K, committed 25600K, reserved 1114112K
  class space    used 3200K, committed 3392K, reserved 1048576K
}
Event: 4.858 GC heap after
{Heap after GC invocations=6 (full 0):
 garbage-first heap   total reserved 2066432K, committed 51200K, used 15870K [0x0000000081e00000, 0x0000000100000000)
  region size 1024K, 3 young (3072K), 3 survivors (3072K)
 Metaspace       used 25182K, committed 25600K, reserved 1114112K
  class space    used 3200K, committed 3392K, reserved 1048576K
}
Event: 5.721 GC heap before
{Heap before GC invocations=6 (full 0):
 garbage-first heap   total reserved 2066432K, committed 51200K, used 36350K [0x0000000081e00000, 0x0000000100000000)
  region size 1024K, 23 young (23552K), 3 survivors (3072K)
 Metaspace       used 29188K, committed 29696K, reserved 1114112K
  class space    used 3778K, committed 4032K, reserved 1048576K
}
Event: 5.727 GC heap after
{Heap after GC invocations=7 (full 0):
 garbage-first heap   total reserved 2066432K, committed 51200K, used 18192K [0x0000000081e00000, 0x0000000100000000)
  region size 1024K, 3 young (3072K), 3 survivors (3072K)
 Metaspace       used 29188K, committed 29696K, reserved 1114112K
  class space    used 3778K, committed 4032K, reserved 1048576K
}
Event: 6.538 GC heap before
{Heap before GC invocations=7 (full 0):
 garbage-first heap   total reserved 2066432K, committed 51200K, used 37648K [0x0000000081e00000, 0x0000000100000000)
  region size 1024K, 23 young (23552K), 3 survivors (3072K)
 Metaspace       used 32792K, committed 33280K, reserved 1114112K
  class space    used 4215K, committed 4416K, reserved 1048576K
}
Event: 6.546 GC heap after
{Heap after GC invocations=8 (full 0):
 garbage-first heap   total reserved 2066432K, committed 51200K, used 19563K [0x0000000081e00000, 0x0000000100000000)
  region size 1024K, 2 young (2048K), 2 survivors (2048K)
 Metaspace       used 32792K, committed 33280K, reserved 1114112K
  class space    used 4215K, committed 4416K, reserved 1048576K
}
Event: 6.845 GC heap before
{Heap before GC invocations=8 (full 0):
 garbage-first heap   total reserved 2066432K, committed 51200K, used 27755K [0x0000000081e00000, 0x0000000100000000)
  region size 1024K, 11 young (11264K), 2 survivors (2048K)
 Metaspace       used 35479K, committed 35968K, reserved 1114112K
  class space    used 4539K, committed 4736K, reserved 1048576K
}
Event: 6.849 GC heap after
{Heap after GC invocations=9 (full 0):
 garbage-first heap   total reserved 2066432K, committed 51200K, used 20060K [0x0000000081e00000, 0x0000000100000000)
  region size 1024K, 3 young (3072K), 3 survivors (3072K)
 Metaspace       used 35479K, committed 35968K, reserved 1114112K
  class space    used 4539K, committed 4736K, reserved 1048576K
}
Event: 7.684 GC heap before
{Heap before GC invocations=10 (full 0):
 garbage-first heap   total reserved 2066432K, committed 51200K, used 38492K [0x0000000081e00000, 0x0000000100000000)
  region size 1024K, 22 young (22528K), 3 survivors (3072K)
 Metaspace       used 40312K, committed 40896K, reserved 1114112K
  class space    used 5269K, committed 5504K, reserved 1048576K
}
Event: 7.690 GC heap after
{Heap after GC invocations=11 (full 0):
 garbage-first heap   total reserved 2066432K, committed 51200K, used 20850K [0x0000000081e00000, 0x0000000100000000)
  region size 1024K, 2 young (2048K), 2 survivors (2048K)
 Metaspace       used 40312K, committed 40896K, reserved 1114112K
  class space    used 5269K, committed 5504K, reserved 1048576K
}
Event: 8.455 GC heap before
{Heap before GC invocations=11 (full 0):
 garbage-first heap   total reserved 2066432K, committed 51200K, used 41330K [0x0000000081e00000, 0x0000000100000000)
  region size 1024K, 22 young (22528K), 2 survivors (2048K)
 Metaspace       used 45048K, committed 45568K, reserved 1114112K
  class space    used 6055K, committed 6272K, reserved 1048576K
}
Event: 8.460 GC heap after
{Heap after GC invocations=12 (full 0):
 garbage-first heap   total reserved 2066432K, committed 51200K, used 21845K [0x0000000081e00000, 0x0000000100000000)
  region size 1024K, 3 young (3072K), 3 survivors (3072K)
 Metaspace       used 45048K, committed 45568K, reserved 1114112K
  class space    used 6055K, committed 6272K, reserved 1048576K
}
Event: 9.135 GC heap before
{Heap before GC invocations=12 (full 0):
 garbage-first heap   total reserved 2066432K, committed 51200K, used 42325K [0x0000000081e00000, 0x0000000100000000)
  region size 1024K, 24 young (24576K), 3 survivors (3072K)
 Metaspace       used 51440K, committed 52032K, reserved 1114112K
  class space    used 6978K, committed 7232K, reserved 1048576K
}
Event: 9.149 GC heap after
{Heap after GC invocations=13 (full 0):
 garbage-first heap   total reserved 2066432K, committed 51200K, used 23061K [0x0000000081e00000, 0x0000000100000000)
  region size 1024K, 3 young (3072K), 3 survivors (3072K)
 Metaspace       used 51440K, committed 52032K, reserved 1114112K
  class space    used 6978K, committed 7232K, reserved 1048576K
}

Dll operation events (14 events):
Event: 0.026 Loaded shared library C:\Program Files\Java\jdk-23\bin\java.dll
Event: 0.087 Loaded shared library C:\Program Files\Java\jdk-23\bin\jsvml.dll
Event: 0.237 Loaded shared library C:\Program Files\Java\jdk-23\bin\zip.dll
Event: 0.242 Loaded shared library C:\Program Files\Java\jdk-23\bin\instrument.dll
Event: 0.250 Loaded shared library C:\Program Files\Java\jdk-23\bin\net.dll
Event: 0.254 Loaded shared library C:\Program Files\Java\jdk-23\bin\nio.dll
Event: 0.259 Loaded shared library C:\Program Files\Java\jdk-23\bin\zip.dll
Event: 0.427 Loaded shared library C:\Program Files\JetBrains\IntelliJ IDEA Community Edition 2024.3.3\bin\breakgen64.dll
Event: 0.447 Loaded shared library C:\Program Files\Java\jdk-23\bin\extnet.dll
Event: 0.513 Loaded shared library C:\Program Files\Java\jdk-23\bin\jimage.dll
Event: 1.057 Loaded shared library C:\Program Files\Java\jdk-23\bin\management.dll
Event: 1.060 Loaded shared library C:\Program Files\Java\jdk-23\bin\management_ext.dll
Event: 2.976 Loaded shared library C:\Program Files\Java\jdk-23\bin\sunmscapi.dll
Event: 7.607 Loaded shared library C:\Program Files\Java\jdk-23\bin\verify.dll

Deoptimization events (20 events):
Event: 8.102 Thread 0x000002d08ca55420 DEOPT PACKING pc=0x000002d03a67545c sp=0x000000d47edfdb50
Event: 8.102 Thread 0x000002d08ca55420 DEOPT UNPACKING pc=0x000002d03a064402 sp=0x000000d47edfdac0 mode 2
Event: 8.104 Thread 0x000002d08ca55420 Uncommon trap: trap_request=0xffffffde fr.pc=0x000002d03a67545c relative=0x0000000000000fbc
Event: 8.104 Thread 0x000002d08ca55420 Uncommon trap: reason=class_check action=maybe_recompile pc=0x000002d03a67545c method=java.util.concurrent.ConcurrentHashMap.putVal(Ljava/lang/Object;Ljava/lang/Object;Z)Ljava/lang/Object; @ 242 c2
Event: 8.104 Thread 0x000002d08ca55420 DEOPT PACKING pc=0x000002d03a67545c sp=0x000000d47edfdbd0
Event: 8.104 Thread 0x000002d08ca55420 DEOPT UNPACKING pc=0x000002d03a064402 sp=0x000000d47edfdb40 mode 2
Event: 8.105 Thread 0x000002d08ca55420 Uncommon trap: trap_request=0xffffffde fr.pc=0x000002d03a67545c relative=0x0000000000000fbc
Event: 8.105 Thread 0x000002d08ca55420 Uncommon trap: reason=class_check action=maybe_recompile pc=0x000002d03a67545c method=java.util.concurrent.ConcurrentHashMap.putVal(Ljava/lang/Object;Ljava/lang/Object;Z)Ljava/lang/Object; @ 242 c2
Event: 8.105 Thread 0x000002d08ca55420 DEOPT PACKING pc=0x000002d03a67545c sp=0x000000d47edfdbd0
Event: 8.105 Thread 0x000002d08ca55420 DEOPT UNPACKING pc=0x000002d03a064402 sp=0x000000d47edfdb40 mode 2
Event: 8.116 Thread 0x000002d08ca55420 Uncommon trap: trap_request=0xffffffde fr.pc=0x000002d03a675418 relative=0x0000000000000f78
Event: 8.116 Thread 0x000002d08ca55420 Uncommon trap: reason=class_check action=maybe_recompile pc=0x000002d03a675418 method=java.util.concurrent.ConcurrentHashMap.putVal(Ljava/lang/Object;Ljava/lang/Object;Z)Ljava/lang/Object; @ 159 c2
Event: 8.116 Thread 0x000002d08ca55420 DEOPT PACKING pc=0x000002d03a675418 sp=0x000000d47edfdcc0
Event: 8.116 Thread 0x000002d08ca55420 DEOPT UNPACKING pc=0x000002d03a064402 sp=0x000000d47edfdc40 mode 2
Event: 8.507 Thread 0x000002d08ca55420 DEOPT PACKING pc=0x000002d032e7172b sp=0x000000d47edfc770
Event: 8.507 Thread 0x000002d08ca55420 DEOPT UNPACKING pc=0x000002d03a064b22 sp=0x000000d47edfbd58 mode 0
Event: 9.313 Thread 0x000002d08ca55420 Uncommon trap: trap_request=0xffffff45 fr.pc=0x000002d03a5b08a0 relative=0x00000000000007a0
Event: 9.313 Thread 0x000002d08ca55420 Uncommon trap: reason=unstable_if action=reinterpret pc=0x000002d03a5b08a0 method=java.util.HashMap$HashIterator.<init>(Ljava/util/HashMap;)V @ 45 c2
Event: 9.313 Thread 0x000002d08ca55420 DEOPT PACKING pc=0x000002d03a5b08a0 sp=0x000000d47edfc880
Event: 9.313 Thread 0x000002d08ca55420 DEOPT UNPACKING pc=0x000002d03a064402 sp=0x000000d47edfc710 mode 2

Classes loaded (20 events):
Event: 8.583 Loading class java/util/concurrent/CompletionStage
Event: 8.583 Loading class java/util/concurrent/CompletionStage done
Event: 8.584 Loading class java/util/concurrent/CompletableFuture
Event: 8.584 Loading class java/util/concurrent/CompletableFuture done
Event: 8.585 Loading class java/util/concurrent/CompletableFuture$AltResult
Event: 8.585 Loading class java/util/concurrent/CompletableFuture$AltResult done
Event: 8.585 Loading class java/util/concurrent/CompletableFuture$Completion
Event: 8.585 Loading class java/util/concurrent/CompletableFuture$AsynchronousCompletionTask
Event: 8.585 Loading class java/util/concurrent/CompletableFuture$AsynchronousCompletionTask done
Event: 8.585 Loading class java/util/concurrent/CompletableFuture$Completion done
Event: 8.604 Loading class java/security/CodeSigner
Event: 8.604 Loading class java/security/CodeSigner done
Event: 8.636 Loading class java/util/concurrent/CancellationException
Event: 8.637 Loading class java/util/concurrent/CancellationException done
Event: 9.124 Loading class java/util/ArrayList$ListItr
Event: 9.124 Loading class java/util/ArrayList$ListItr done
Event: 9.235 Loading class java/util/AbstractList$SubList
Event: 9.235 Loading class java/util/AbstractList$SubList done
Event: 9.324 Loading class java/lang/reflect/AnnotatedArrayType
Event: 9.324 Loading class java/lang/reflect/AnnotatedArrayType done

Classes unloaded (0 events):
No events

Classes redefined (0 events):
No events

Internal exceptions (20 events):
Event: 5.394 Thread 0x000002d08ca55420 Exception <a 'java/lang/NoSuchMethodError'{0x0000000084374190}: 'java.lang.Object java.lang.invoke.DirectMethodHandle$Holder.invokeSpecial(java.lang.Object, java.lang.Object, java.lang.Object, java.lang.Object, int)'> (0x0000000084374190) 
thrown [s\open\src\hotspot\share\interpreter\linkResolver.cpp, line 796]
Event: 5.395 Thread 0x000002d08ca55420 Exception <a 'java/lang/NoSuchMethodError'{0x0000000084377630}: 'java.lang.Object java.lang.invoke.Invokers$Holder.linkToTargetMethod(java.lang.Object, java.lang.Object, int, java.lang.Object)'> (0x0000000084377630) 
thrown [s\open\src\hotspot\share\interpreter\linkResolver.cpp, line 796]
Event: 5.540 Thread 0x000002d08ca55420 Exception <a 'java/lang/NoSuchMethodError'{0x0000000083f2d2f8}: 'java.lang.Object java.lang.invoke.DirectMethodHandle$Holder.invokeStaticInit(java.lang.Object, int, int, int, int)'> (0x0000000083f2d2f8) 
thrown [s\open\src\hotspot\share\interpreter\linkResolver.cpp, line 796]
Event: 5.566 Thread 0x000002d08ca55420 Exception <a 'java/lang/NoSuchMethodError'{0x0000000083f75868}: 'java.lang.Object java.lang.invoke.DirectMethodHandle$Holder.invokeStaticInit(java.lang.Object, java.lang.Object, int, int, int, int)'> (0x0000000083f75868) 
thrown [s\open\src\hotspot\share\interpreter\linkResolver.cpp, line 796]
Event: 5.795 Thread 0x000002d08ca55420 Exception <a 'java/lang/NoSuchMethodError'{0x0000000088098b28}: 'int java.lang.invoke.DirectMethodHandle$Holder.invokeVirtual(java.lang.Object, java.lang.Object, java.lang.Object, java.lang.Object)'> (0x0000000088098b28) 
thrown [s\open\src\hotspot\share\interpreter\linkResolver.cpp, line 796]
Event: 5.796 Thread 0x000002d08ca55420 Exception <a 'java/lang/NoSuchMethodError'{0x000000008809c3c0}: 'int java.lang.invoke.DelegatingMethodHandle$Holder.reinvoke_L(java.lang.Object, java.lang.Object, java.lang.Object, java.lang.Object)'> (0x000000008809c3c0) 
thrown [s\open\src\hotspot\share\interpreter\linkResolver.cpp, line 796]
Event: 5.846 Thread 0x000002d08ca55420 Exception <a 'java/io/FileNotFoundException'{0x0000000087fa5310}> (0x0000000087fa5310) 
thrown [s\open\src\hotspot\share\prims\jni.cpp, line 520]
Event: 5.930 Thread 0x000002d08ca55420 Exception <a 'java/lang/NoSuchMethodError'{0x00000000849da600}: 'int java.lang.invoke.DirectMethodHandle$Holder.invokeInterface(java.lang.Object, java.lang.Object, java.lang.Object, java.lang.Object)'> (0x00000000849da600) 
thrown [s\open\src\hotspot\share\interpreter\linkResolver.cpp, line 796]
Event: 6.080 Thread 0x000002d08ca55420 Exception <a 'java/lang/NoSuchMethodError'{0x00000000847edb50}: 'long java.lang.invoke.DirectMethodHandle$Holder.invokeVirtual(java.lang.Object, java.lang.Object)'> (0x00000000847edb50) 
thrown [s\open\src\hotspot\share\interpreter\linkResolver.cpp, line 796]
Event: 6.094 Thread 0x000002d08ca55420 Exception <a 'java/io/FileNotFoundException'{0x0000000084617c60}> (0x0000000084617c60) 
thrown [s\open\src\hotspot\share\prims\jni.cpp, line 520]
Event: 6.260 Thread 0x000002d08ca55420 Exception <a 'java/lang/NoSuchMethodError'{0x00000000842c9da0}: 'java.lang.Object java.lang.invoke.DirectMethodHandle$Holder.newInvokeSpecial(java.lang.Object, java.lang.Object, java.lang.Object, java.lang.Object, java.lang.Object, java.lang.Object, java.lang.Object, java.lang.Object, java.lang.Object, java.lang.Object, java.lang.Object)'> (0x00000000842c9da0) 
thrown [s\open\src\hotspot\share\interpreter\linkResolver.cpp, line 796]
Event: 6.352 Thread 0x000002d08ca55420 Implicit null exception at 0x000002d03a733a36 to 0x000002d03a73400c
Event: 6.536 Thread 0x000002d08ca55420 Exception <a 'java/lang/NoSuchMethodError'{0x0000000083c6cbb8}: 'void java.lang.invoke.DirectMethodHandle$Holder.invokeStaticInit(java.lang.Object, java.lang.Object, java.lang.Object, java.lang.Object, java.lang.Object)'> (0x0000000083c6cbb8) 
thrown [s\open\src\hotspot\share\interpreter\linkResolver.cpp, line 796]
Event: 6.815 Thread 0x000002d08ca55420 Exception <a 'java/lang/NoSuchMethodError'{0x00000000848d31f0}: 'java.lang.Object java.lang.invoke.DirectMethodHandle$Holder.invokeStaticInit(java.lang.Object, java.lang.Object, java.lang.Object, java.lang.Object)'> (0x00000000848d31f0) 
thrown [s\open\src\hotspot\share\interpreter\linkResolver.cpp, line 796]
Event: 6.999 Thread 0x000002d08ca55420 Exception <a 'java/lang/NoSuchMethodError'{0x00000000882f6ca0}: 'void java.lang.invoke.DelegatingMethodHandle$Holder.reinvoke_L(java.lang.Object, java.lang.Object, java.lang.Object, java.lang.Object, int, java.lang.Object, java.lang.Object, java.lang.Object)'> (0x00000000882f6ca0) 
thrown [s\open\src\hotspot\share\interpreter\linkResolver.cpp, line 796]
Event: 7.995 Thread 0x000002d08ca55420 Exception <a 'java/lang/NoSuchMethodError'{0x00000000846387a8}: 'int java.lang.invoke.DirectMethodHandle$Holder.invokeStatic(java.lang.Object)'> (0x00000000846387a8) 
thrown [s\open\src\hotspot\share\interpreter\linkResolver.cpp, line 796]
Event: 8.086 Thread 0x000002d08ca55420 Exception <a 'java/lang/NoSuchMethodError'{0x00000000844637a0}: 'int java.lang.invoke.Invokers$Holder.invokeExact_MT(java.lang.Object, java.lang.Object)'> (0x00000000844637a0) 
thrown [s\open\src\hotspot\share\interpreter\linkResolver.cpp, line 796]
Event: 8.648 Thread 0x000002d08ca55420 Exception <a 'java/lang/IncompatibleClassChangeError'{0x0000000084757398}: Found class java.lang.Object, but interface was expected> (0x0000000084757398) 
thrown [s\open\src\hotspot\share\interpreter\linkResolver.cpp, line 863]
Event: 8.680 Thread 0x000002d08ca55420 Exception <a 'java/lang/NoSuchMethodError'{0x0000000084647f40}: 'java.lang.Object java.lang.invoke.DirectMethodHandle$Holder.invokeStatic(java.lang.Object, java.lang.Object, int, java.lang.Object)'> (0x0000000084647f40) 
thrown [s\open\src\hotspot\share\interpreter\linkResolver.cpp, line 796]
Event: 8.680 Thread 0x000002d08ca55420 Exception <a 'java/lang/NoSuchMethodError'{0x000000008464b708}: 'java.lang.Object java.lang.invoke.DirectMethodHandle$Holder.invokeStaticInit(java.lang.Object, java.lang.Object, int, java.lang.Object)'> (0x000000008464b708) 
thrown [s\open\src\hotspot\share\interpreter\linkResolver.cpp, line 796]

VM Operations (20 events):
Event: 6.538 Executing VM operation: G1CollectForAllocation (G1 Evacuation Pause)
Event: 6.546 Executing VM operation: G1CollectForAllocation (G1 Evacuation Pause) done
Event: 6.845 Executing VM operation: CollectForMetadataAllocation (Metadata GC Threshold)
Event: 6.849 Executing VM operation: CollectForMetadataAllocation (Metadata GC Threshold) done
Event: 6.899 Executing VM operation: G1PauseRemark
Event: 6.905 Executing VM operation: G1PauseRemark done
Event: 6.922 Executing VM operation: G1PauseCleanup
Event: 6.922 Executing VM operation: G1PauseCleanup done
Event: 7.112 Executing VM operation: HandshakeAllThreads (Deoptimize)
Event: 7.112 Executing VM operation: HandshakeAllThreads (Deoptimize) done
Event: 7.684 Executing VM operation: G1CollectForAllocation (G1 Evacuation Pause)
Event: 7.690 Executing VM operation: G1CollectForAllocation (G1 Evacuation Pause) done
Event: 8.455 Executing VM operation: G1CollectForAllocation (G1 Evacuation Pause)
Event: 8.460 Executing VM operation: G1CollectForAllocation (G1 Evacuation Pause) done
Event: 9.118 Executing VM operation: HandshakeAllThreads (Deoptimize)
Event: 9.118 Executing VM operation: HandshakeAllThreads (Deoptimize) done
Event: 9.125 Executing VM operation: HandshakeAllThreads (Deoptimize)
Event: 9.125 Executing VM operation: HandshakeAllThreads (Deoptimize) done
Event: 9.135 Executing VM operation: G1CollectForAllocation (G1 Evacuation Pause)
Event: 9.149 Executing VM operation: G1CollectForAllocation (G1 Evacuation Pause) done

Memory protections (0 events):
No events

Nmethod flushes (20 events):
Event: 6.904 Thread 0x000002d046839030 flushing  nmethod 0x000002d032c9d388
Event: 6.904 Thread 0x000002d046839030 flushing  nmethod 0x000002d032cabc08
Event: 6.904 Thread 0x000002d046839030 flushing  nmethod 0x000002d032cb6508
Event: 6.904 Thread 0x000002d046839030 flushing  nmethod 0x000002d032cb6988
Event: 6.904 Thread 0x000002d046839030 flushing  nmethod 0x000002d032ce4708
Event: 6.904 Thread 0x000002d046839030 flushing  nmethod 0x000002d032d0e708
Event: 6.904 Thread 0x000002d046839030 flushing  nmethod 0x000002d032d11d88
Event: 6.904 Thread 0x000002d046839030 flushing  nmethod 0x000002d032d13088
Event: 6.904 Thread 0x000002d046839030 flushing  nmethod 0x000002d032d25908
Event: 6.904 Thread 0x000002d046839030 flushing  nmethod 0x000002d032d56a08
Event: 6.904 Thread 0x000002d046839030 flushing  nmethod 0x000002d032ddcb88
Event: 6.904 Thread 0x000002d046839030 flushing  nmethod 0x000002d032ddce88
Event: 6.904 Thread 0x000002d046839030 flushing  nmethod 0x000002d032ddf788
Event: 6.904 Thread 0x000002d046839030 flushing  nmethod 0x000002d032e0c608
Event: 6.904 Thread 0x000002d046839030 flushing  nmethod 0x000002d032e41208
Event: 6.904 Thread 0x000002d046839030 flushing  nmethod 0x000002d032e54c88
Event: 6.904 Thread 0x000002d046839030 flushing osr nmethod 0x000002d032e56a08
Event: 6.904 Thread 0x000002d046839030 flushing  nmethod 0x000002d032e57a08
Event: 6.904 Thread 0x000002d046839030 flushing  nmethod 0x000002d032e61a88
Event: 6.904 Thread 0x000002d046839030 flushing osr nmethod 0x000002d032e7fe08

Events (20 events):
Event: 0.081 Thread 0x000002d0281b9a90 Thread added: 0x000002d046863d30
Event: 0.082 Thread 0x000002d0281b9a90 Thread added: 0x000002d046867e90
Event: 0.082 Thread 0x000002d0281b9a90 Thread added: 0x000002d046868cf0
Event: 0.195 Thread 0x000002d0281b9a90 Thread added: 0x000002d046938010
Event: 0.309 Thread 0x000002d046868cf0 Thread added: 0x000002d046ba24c0
Event: 0.429 Thread 0x000002d0281b9a90 Thread added: 0x000002d08c1bab20
Event: 0.429 Thread 0x000002d0281b9a90 Thread added: 0x000002d08c1bb190
Event: 1.153 Thread 0x000002d0281b9a90 Thread added: 0x000002d08ca43bf0
Event: 1.158 Thread 0x000002d08ca43bf0 Thread added: 0x000002d08ca55420
Event: 1.962 Thread 0x000002d08ca55420 Thread added: 0x000002d08cc1a140
Event: 2.251 Thread 0x000002d046ba24c0 Thread exited: 0x000002d046ba24c0
Event: 2.294 Thread 0x000002d046868cf0 Thread added: 0x000002d08cd39cb0
Event: 2.861 Thread 0x000002d08ca55420 Thread added: 0x000002d08d04a670
Event: 2.999 Thread 0x000002d08cc1a140 Thread exited: 0x000002d08cc1a140
Event: 3.028 Thread 0x000002d08d04a670 Thread exited: 0x000002d08d04a670
Event: 6.118 Thread 0x000002d08ca55420 Thread added: 0x000002d08da2bdb0
Event: 6.123 Thread 0x000002d08da2bdb0 Thread added: 0x000002d08da2a370
Event: 6.132 Thread 0x000002d08ca55420 Thread added: 0x000002d08da28fc0
Event: 6.783 Thread 0x000002d08ca55420 Thread added: 0x000002d08da29ce0
Event: 6.896 Thread 0x000002d08da29ce0 Thread added: 0x000002d08da29650


Dynamic libraries:
0x00007ff704740000 - 0x00007ff704750000 	C:\Program Files\Java\jdk-23\bin\java.exe
0x00007ffddd470000 - 0x00007ffddd668000 	C:\WINDOWS\SYSTEM32\ntdll.dll
0x00007ffdd1b70000 - 0x00007ffdd1b8a000 	C:\Program Files\AVG\Antivirus\aswhook.dll
0x00007ffddc300000 - 0x00007ffddc3c2000 	C:\WINDOWS\System32\KERNEL32.DLL
0x00007ffddadb0000 - 0x00007ffddb0af000 	C:\WINDOWS\System32\KERNELBASE.dll
0x00007ffddb240000 - 0x00007ffddb340000 	C:\WINDOWS\System32\ucrtbase.dll
0x00007ffdd21d0000 - 0x00007ffdd21e7000 	C:\Program Files\Java\jdk-23\bin\jli.dll
0x00007ffdd21b0000 - 0x00007ffdd21cb000 	C:\Program Files\Java\jdk-23\bin\VCRUNTIME140.dll
0x00007ffddca10000 - 0x00007ffddcbad000 	C:\WINDOWS\System32\USER32.dll
0x00007ffddab10000 - 0x00007ffddab32000 	C:\WINDOWS\System32\win32u.dll
0x00007ffdd9e70000 - 0x00007ffdda10a000 	C:\WINDOWS\WinSxS\amd64_microsoft.windows.common-controls_6595b64144ccf1df_6.0.19041.4355_none_60b8b9eb71f62e16\COMCTL32.dll
0x00007ffddb5a0000 - 0x00007ffddb5cb000 	C:\WINDOWS\System32\GDI32.dll
0x00007ffddab40000 - 0x00007ffddac5a000 	C:\WINDOWS\System32\gdi32full.dll
0x00007ffddce60000 - 0x00007ffddcefe000 	C:\WINDOWS\System32\msvcrt.dll
0x00007ffddb340000 - 0x00007ffddb3dd000 	C:\WINDOWS\System32\msvcp_win.dll
0x00007ffddd260000 - 0x00007ffddd28f000 	C:\WINDOWS\System32\IMM32.DLL
0x00007ffdd2150000 - 0x00007ffdd215c000 	C:\Program Files\Java\jdk-23\bin\vcruntime140_1.dll
0x00007ffdd0320000 - 0x00007ffdd03ae000 	C:\Program Files\Java\jdk-23\bin\msvcp140.dll
0x00007ffd7f9c0000 - 0x00007ffd80710000 	C:\Program Files\Java\jdk-23\bin\server\jvm.dll
0x00007ffddd2f0000 - 0x00007ffddd39f000 	C:\WINDOWS\System32\ADVAPI32.dll
0x00007ffddc250000 - 0x00007ffddc2ef000 	C:\WINDOWS\System32\sechost.dll
0x00007ffddccd0000 - 0x00007ffddcdf3000 	C:\WINDOWS\System32\RPCRT4.dll
0x00007ffddb0b0000 - 0x00007ffddb0d7000 	C:\WINDOWS\System32\bcrypt.dll
0x00007ffddc990000 - 0x00007ffddc9fb000 	C:\WINDOWS\System32\WS2_32.dll
0x00007ffdda970000 - 0x00007ffdda9bb000 	C:\WINDOWS\SYSTEM32\POWRPROF.dll
0x00007ffdcec20000 - 0x00007ffdcec2a000 	C:\WINDOWS\SYSTEM32\VERSION.dll
0x00007ffdb1070000 - 0x00007ffdb1097000 	C:\WINDOWS\SYSTEM32\WINMM.dll
0x00007ffdda950000 - 0x00007ffdda962000 	C:\WINDOWS\SYSTEM32\UMPDC.dll
0x00007ffdd8cb0000 - 0x00007ffdd8cc2000 	C:\WINDOWS\SYSTEM32\kernel.appcore.dll
0x00007ffdd0f60000 - 0x00007ffdd0f6a000 	C:\Program Files\Java\jdk-23\bin\jimage.dll
0x00007ffdda490000 - 0x00007ffdda674000 	C:\WINDOWS\SYSTEM32\DBGHELP.DLL
0x00007ffdda220000 - 0x00007ffdda254000 	C:\WINDOWS\SYSTEM32\dbgcore.DLL
0x00007ffddad20000 - 0x00007ffddada2000 	C:\WINDOWS\System32\bcryptPrimitives.dll
0x00007ffdd0490000 - 0x00007ffdd049f000 	C:\Program Files\Java\jdk-23\bin\instrument.dll
0x00007ffdd0470000 - 0x00007ffdd048e000 	C:\Program Files\Java\jdk-23\bin\java.dll
0x00007ffddc500000 - 0x00007ffddc62b000 	C:\WINDOWS\System32\ole32.dll
0x00007ffddc630000 - 0x00007ffddc985000 	C:\WINDOWS\System32\combase.dll
0x00007ffddb5d0000 - 0x00007ffddbd3d000 	C:\WINDOWS\System32\SHELL32.dll
0x00007ffdd8410000 - 0x00007ffdd8bb4000 	C:\WINDOWS\SYSTEM32\windows.storage.dll
0x00007ffdd9dd0000 - 0x00007ffdd9dff000 	C:\WINDOWS\SYSTEM32\Wldp.dll
0x00007ffddc3d0000 - 0x00007ffddc49d000 	C:\WINDOWS\System32\OLEAUT32.dll
0x00007ffddb4f0000 - 0x00007ffddb59d000 	C:\WINDOWS\System32\SHCORE.dll
0x00007ffddd290000 - 0x00007ffddd2e5000 	C:\WINDOWS\System32\shlwapi.dll
0x00007ffddaa40000 - 0x00007ffddaa64000 	C:\WINDOWS\SYSTEM32\profapi.dll
0x00007ffd93480000 - 0x00007ffd93557000 	C:\Program Files\Java\jdk-23\bin\jsvml.dll
0x00007ffdae0b0000 - 0x00007ffdae0c7000 	C:\Program Files\Java\jdk-23\bin\zip.dll
0x00007ffdd0460000 - 0x00007ffdd0470000 	C:\Program Files\Java\jdk-23\bin\net.dll
0x00007ffdd9b30000 - 0x00007ffdd9b9c000 	C:\WINDOWS\system32\mswsock.dll
0x00007ffdc8710000 - 0x00007ffdc8726000 	C:\Program Files\Java\jdk-23\bin\nio.dll
0x00007ffdac240000 - 0x00007ffdac25a000 	C:\Program Files\JetBrains\IntelliJ IDEA Community Edition 2024.3.3\bin\breakgen64.dll
0x00007ffdc2870000 - 0x00007ffdc2879000 	C:\Program Files\Java\jdk-23\bin\extnet.dll
0x00007ffdc25d0000 - 0x00007ffdc25da000 	C:\Program Files\Java\jdk-23\bin\management.dll
0x00007ffdc2470000 - 0x00007ffdc247b000 	C:\Program Files\Java\jdk-23\bin\management_ext.dll
0x00007ffddd3a0000 - 0x00007ffddd3a8000 	C:\WINDOWS\System32\PSAPI.DLL
0x00007ffdc1bc0000 - 0x00007ffdc1bce000 	C:\Program Files\Java\jdk-23\bin\sunmscapi.dll
0x00007ffddb0e0000 - 0x00007ffddb23c000 	C:\WINDOWS\System32\CRYPT32.dll
0x00007ffdd9e40000 - 0x00007ffdd9e67000 	C:\WINDOWS\SYSTEM32\ncrypt.dll
0x00007ffdd9e00000 - 0x00007ffdd9e3b000 	C:\WINDOWS\SYSTEM32\NTASN1.dll
0x00007ffdda7b0000 - 0x00007ffdda7c8000 	C:\WINDOWS\SYSTEM32\CRYPTSP.dll
0x00007ffdd94b0000 - 0x00007ffdd94e4000 	C:\WINDOWS\system32\rsaenh.dll
0x00007ffddaa00000 - 0x00007ffddaa2e000 	C:\WINDOWS\SYSTEM32\USERENV.dll
0x00007ffdd9d20000 - 0x00007ffdd9d2c000 	C:\WINDOWS\SYSTEM32\CRYPTBASE.dll
0x00007ffdd9810000 - 0x00007ffdd984b000 	C:\WINDOWS\SYSTEM32\IPHLPAPI.DLL
0x00007ffddca00000 - 0x00007ffddca08000 	C:\WINDOWS\System32\NSI.dll
0x00007ffdc13d0000 - 0x00007ffdc13e0000 	C:\Program Files\Java\jdk-23\bin\verify.dll

dbghelp: loaded successfully - version: 4.0.5 - missing functions: none
symbol engine: initialized successfully - sym options: 0x614 - pdb path: .;C:\Program Files\Java\jdk-23\bin;C:\WINDOWS\SYSTEM32;C:\Program Files\AVG\Antivirus;C:\WINDOWS\WinSxS\amd64_microsoft.windows.common-controls_6595b64144ccf1df_6.0.19041.4355_none_60b8b9eb71f62e16;C:\Program Files\Java\jdk-23\bin\server;C:\Program Files\JetBrains\IntelliJ IDEA Community Edition 2024.3.3\bin

VM Arguments:
jvm_args: -javaagent:C:\Program Files\JetBrains\IntelliJ IDEA Community Edition 2024.3.3\lib\idea_rt.jar=64759:C:\Program Files\JetBrains\IntelliJ IDEA Community Edition 2024.3.3\bin -Dfile.encoding=UTF-8 -Dsun.stdout.encoding=UTF-8 -Dsun.stderr.encoding=UTF-8 
java_command: com.example.greetingApp.GreetingAppApplication
java_class_path (initial): C:\Users\Harit Saxena\Desktop\greetingApp\target\classes;C:\Users\Harit Saxena\.m2\repository\org\springframework\boot\spring-boot-starter-web\3.4.3\spring-boot-starter-web-3.4.3.jar;C:\Users\Harit Saxena\.m2\repository\org\springframework\boot\spring-boot-starter\3.4.3\spring-boot-starter-3.4.3.jar;C:\Users\Harit Saxena\.m2\repository\org\springframework\boot\spring-boot-starter-logging\3.4.3\spring-boot-starter-logging-3.4.3.jar;C:\Users\Harit Saxena\.m2\repository\ch\qos\logback\logback-classic\1.5.16\logback-classic-1.5.16.jar;C:\Users\Harit Saxena\.m2\repository\ch\qos\logback\logback-core\1.5.16\logback-core-1.5.16.jar;C:\Users\Harit Saxena\.m2\repository\org\apache\logging\log4j\log4j-to-slf4j\2.24.3\log4j-to-slf4j-2.24.3.jar;C:\Users\Harit Saxena\.m2\repository\org\apache\logging\log4j\log4j-api\2.24.3\log4j-api-2.24.3.jar;C:\Users\Harit Saxena\.m2\repository\org\slf4j\jul-to-slf4j\2.0.16\jul-to-slf4j-2.0.16.jar;C:\Users\Harit Saxena\.m2\repository\jakarta\annotation\jakarta.annotation-api\2.1.1\jakarta.annotation-api-2.1.1.jar;C:\Users\Harit Saxena\.m2\repository\org\yaml\snakeyaml\2.3\snakeyaml-2.3.jar;C:\Users\Harit Saxena\.m2\repository\org\springframework\boot\spring-boot-starter-json\3.4.3\spring-boot-starter-json-3.4.3.jar;C:\Users\Harit Saxena\.m2\repository\com\fasterxml\jackson\core\jackson-databind\2.18.2\jackson-databind-2.18.2.jar;C:\Users\Harit Saxena\.m2\repository\com\fasterxml\jackson\core\jackson-annotations\2.18.2\jackson-annotations-2.18.2.jar;C:\Users\Harit Saxena\.m2\repository\com\fasterxml\jackson\core\jackson-core\2.18.2\jackson-core-2.18.2.jar;C:\Users\Harit Saxena\.m2\repository\com\fasterxml\jackson\datatype\jackson-datatype-jdk8\2.18.2\jackson-datatype-jdk8-2.18.2.jar;C:\Users\Harit Saxena\.m2\repository\com\fasterxml\jackson\datatype\jackson-datatype-jsr310\2.18.2\jackson-datatype-jsr310-2.18.2.jar;C:\Users\Harit Saxena\.m2\repository\com\fasterxml\jackson\module\jackson-module-parameter-names\2.18.2\jackson-module-parameter-names-2.18.2.jar;C:\Users\Harit Saxena\.m2\repository\org\springframework\boot\spring-boot-starter-tomcat\3.4.3\spring-boot-starter-tomcat-3.4.3.jar;C:\Users\Harit Saxena\.m2\repository\org\apache\tomcat\embed\tomcat-embed-core\10.1.36\tomcat-embed-core-10.1.36.jar;C:\Users\Harit Saxena\.m2\repository\org\apache\tomcat\embed\tomcat-embed-el\10.1.36\tomcat-embed-el-10.1.36.jar;C:\Users\Harit Saxena\.m2\repository\org\apache\tomcat\embed\tomcat-embed-websocket\10.1.36\tomcat-embed-websocket-10.1.36.jar;C:\Users\Harit Saxena\.m2\repository\org\springframework\spring-web\6.2.3\spring-web-6.2.3.jar;C:\Users\Harit Saxena\.m2\repository\org\springframework\spring-beans\6.2.3\spring-beans-6.2.3.jar;C:\Users\Harit Saxena\.m2\repository\io\micrometer\micrometer-observation\1.14.4\micrometer-observation-1.14.4.jar;C:\Users\Harit Saxena\.m2\repository\io\micrometer\micrometer-commons\1.14.4\micrometer-commons-1.14.4.jar;C:\Users\Harit Saxena\.m2\repository\org\springframework\spring-webmvc\6.2.3\spring-webmvc-6.2.3.jar;C:\Users\Harit Saxena\.m2\repository\org\springframework\spring-aop\6.2.3\spring-aop-6.2.3.jar;C:\Users\Harit Saxena\.m2\repository\org\springframework\spring-context\6.2.3\spring-context-6.2.3.jar;C:\Users\Harit Saxena\.m2\repository\org\springframework\spring-expression\6.2.3\spring-expression-6.2.3.jar;C:\Users\Harit Saxena\.m2\repository\org\springframework\boot\spring-boot-devtools\3.4.3\spring-boot-devtools-3.4.3.jar;C:\Users\Harit Saxena\.m2\repository\org\springframework\boot\spring-boot\3.4.3\spring-boot-3.4.3.jar;C:\Users\Harit Saxena\.m2\repository\org\springframework\boot\spring-boot-autoconfigure\3.4.3\spring-boot-autoconfigure-3.4.3.jar;C:\Users\Harit Saxena\.m2\repository\org\slf4j\slf4j-api\2.0.16\slf4j-api-2.0.16.jar;C:\Users\Harit Saxena\.m2\repository\jakarta\xml\bind\jakarta.xml.bind-api\4.0.2\jakarta.xml.bind-api-4.0.2.jar;C:\Users\Harit Saxena\.m2\repository\jakarta\activation\jakarta.activation-api\2.1.3\jakarta.activation-api-2.1.3.jar;C:\Users\Harit Saxena\.m2\repository\net\bytebuddy\byte-buddy\1.15.11\byte-buddy-1.15.11.jar;C:\Users\Harit Saxena\.m2\repository\org\springframework\spring-core\6.2.3\spring-core-6.2.3.jar;C:\Users\Harit Saxena\.m2\repository\org\springframework\spring-jcl\6.2.3\spring-jcl-6.2.3.jar;C:\Users\Harit Saxena\.m2\repository\org\springframework\boot\spring-boot-starter-data-jpa\3.4.3\spring-boot-starter-data-jpa-3.4.3.jar;C:\Users\Harit Saxena\.m2\repository\org\springframework\boot\spring-boot-starter-jdbc\3.4.3\spring-boot-starter-jdbc-3.4.3.jar;C:\Users\Harit Saxena\.m2\repository\com\zaxxer\HikariCP\5.1.0\HikariCP-5.1.0.jar;C:\Users\Harit Saxena\.m2\repository\org\springframework\spring-jdbc\6.2.3\spring-jdbc-6.2.3.jar;C:\Users\Harit Saxena\.m2\repository\org\hibernate\orm\hibernate-core\6.6.8.Final\hibernate-core-6.6.8.Final.jar;C:\Users\Harit Saxena\.m2\repository\jakarta\persistence\jakarta.persistence-api\3.1.0\jakarta.persistence-api-3.1.0.jar;C:\Users\Harit Saxena\.m2\repository\jakarta\transaction\jakarta.transaction-api\2.0.1\jakarta.transaction-api-2.0.1.jar;C:\Users\Harit Saxena\.m2\repository\org\jboss\logging\jboss-logging\3.6.1.Final\jboss-logging-3.6.1.Final.jar;C:\Users\Harit Saxena\.m2\repository\org\hibernate\common\hibernate-commons-annotations\7.0.3.Final\hibernate-commons-annotations-7.0.3.Final.jar;C:\Users\Harit Saxena\.m2\repository\io\smallrye\jandex\3.2.0\jandex-3.2.0.jar;C:\Users\Harit Saxena\.m2\repository\com\fasterxml\classmate\1.7.0\classmate-1.7.0.jar;C:\Users\Harit Saxena\.m2\repository\org\glassfish\jaxb\jaxb-runtime\4.0.5\jaxb-runtime-4.0.5.jar;C:\Users\Harit Saxena\.m2\repository\org\glassfish\jaxb\jaxb-core\4.0.5\jaxb-core-4.0.5.jar;C:\Users\Harit Saxena\.m2\repository\org\eclipse\angus\angus-activation\2.0.2\angus-activation-2.0.2.jar;C:\Users\Harit Saxena\.m2\repository\org\glassfish\jaxb\txw2\4.0.5\txw2-4.0.5.jar;C:\Users\Harit Saxena\.m2\repository\com\sun\istack\istack-commons-runtime\4.1.2\istack-commons-runtime-4.1.2.jar;C:\Users\Harit Saxena\.m2\repository\jakarta\inject\jakarta.inject-api\2.0.1\jakarta.inject-api-2.0.1.jar;C:\Users\Harit Saxena\.m2\repository\org\antlr\antlr4-runtime\4.13.0\antlr4-runtime-4.13.0.jar;C:\Users\Harit Saxena\.m2\repository\org\springframework\data\spring-data-jpa\3.4.3\spring-data-jpa-3.4.3.jar;C:\Users\Harit Saxena\.m2\repository\org\springframework\data\spring-data-commons\3.4.3\spring-data-commons-3.4.3.jar;C:\Users\Harit Saxena\.m2\repository\org\springframework\spring-orm\6.2.3\spring-orm-6.2.3.jar;C:\Users\Harit Saxena\.m2\repository\org\springframework\spring-tx\6.2.3\spring-tx-6.2.3.jar;C:\Users\Harit Saxena\.m2\repository\org\springframework\spring-aspects\6.2.3\spring-aspects-6.2.3.jar;C:\Users\Harit Saxena\.m2\repository\org\aspectj\aspectjweaver\1.9.22.1\aspectjweaver-1.9.22.1.jar;C:\Users\Harit Saxena\.m2\repository\com\h2database\h2\2.3.232\h2-2.3.232.jar
Launcher Type: SUN_STANDARD

[Global flags]
     intx CICompilerCount                          = 3                                         {product} {ergonomic}
     uint ConcGCThreads                            = 1                                         {product} {ergonomic}
     uint G1ConcRefinementThreads                  = 4                                         {product} {ergonomic}
   size_t G1HeapRegionSize                         = 1048576                                   {product} {ergonomic}
   size_t InitialHeapSize                          = 134217728                                 {product} {ergonomic}
   size_t MarkStackSize                            = 4194304                                   {product} {ergonomic}
   size_t MarkStackSizeMax                         = 536870912                                 {product} {ergonomic}
   size_t MaxHeapSize                              = 2116026368                                {product} {ergonomic}
   size_t MaxNewSize                               = 1268776960                                {product} {ergonomic}
   size_t MinHeapDeltaBytes                        = 1048576                                   {product} {ergonomic}
   size_t MinHeapSize                              = 8388608                                   {product} {ergonomic}
    uintx NonNMethodCodeHeapSize                   = 5832704                                {pd product} {ergonomic}
    uintx NonProfiledCodeHeapSize                  = 122945536                              {pd product} {ergonomic}
    uintx ProfiledCodeHeapSize                     = 122880000                              {pd product} {ergonomic}
    uintx ReservedCodeCacheSize                    = 251658240                              {pd product} {ergonomic}
     bool SegmentedCodeCache                       = true                                      {product} {ergonomic}
   size_t SoftMaxHeapSize                          = 2116026368                             {manageable} {ergonomic}
     bool UseCompressedOops                        = true                           {product lp64_product} {ergonomic}
     bool UseG1GC                                  = true                                      {product} {ergonomic}
     bool UseLargePagesIndividualAllocation        = false                                  {pd product} {ergonomic}

Logging:
Log output configuration:
 #0: stdout all=warning uptime,level,tags foldmultilines=false
 #1: stderr all=off uptime,level,tags foldmultilines=false

Environment Variables:
PATH=C:\Program Files\Common Files\Oracle\Java\javapath;C:\Program Files\Microsoft\jdk-11.0.16.101-hotspot\bin;C:\WINDOWS\system32;C:\WINDOWS;C:\WINDOWS\System32\Wbem;C:\WINDOWS\System32\WindowsPowerShell\v1.0\;C:\WINDOWS\System32\OpenSSH\;C:\xampp\php;C:\ProgramData\chocolatey\bin;C:\Python311;C:\Program Files\nodejs\;C:\Program Files\dotnet\;C:\Program Files (x86)\Git\cmd;C:\Users\Harit Saxena\.cargo\bin;C:\Users\Harit Saxena\AppData\Local\Microsoft\WindowsApps;C:\Users\Harit Saxena\AppData\Roaming\Composer\vendor\bin;C:\Users\Harit Saxena\AppData\Roaming\npm;C:\Users\Harit Saxena\AppData\Local\Programs\Microsoft VS Code\bin;C:\Users\Harit Saxena\.dotnet\tools;C:\Users\Harit Saxena\AppData\Local\Programs\Python\Python311;C:\Users\Harit Saxena\AppData\Local\Programs\Python\Python311\Scripts;;C:\Program Files\JetBrains\IntelliJ IDEA Community Edition 2024.3.3\bin;
USERNAME=Harit Saxena
OS=Windows_NT
PROCESSOR_IDENTIFIER=Intel64 Family 6 Model 142 Stepping 9, GenuineIntel
TMP=C:\Users\HARITS~1\AppData\Local\Temp
TEMP=C:\Users\HARITS~1\AppData\Local\Temp




Periodic native trim disabled

---------------  S Y S T E M  ---------------

OS:
 Windows 10 , 64 bit Build 19041 (10.0.19041.5438)
OS uptime: 0 days 1:33 hours

CPU: total 4 (initial active 4) (2 cores per cpu, 2 threads per core) family 6 model 142 stepping 9 microcode 0xea, cx8, cmov, fxsr, ht, mmx, 3dnowpref, sse, sse2, sse3, ssse3, sse4.1, sse4.2, popcnt, lzcnt, tsc, tscinvbit, avx, avx2, aes, erms, clmul, bmi1, bmi2, adx, fma, vzeroupper, clflush, clflushopt, rdtscp, f16c
Processor Information for the first 4 processors :
  Max Mhz: 2712, Current Mhz: 2511, Mhz Limit: 2495

Memory: 4k page, system-wide physical 8067M (1084M free)
TotalPageFile size 12675M (AvailPageFile size 4865M)
current process WorkingSet (physical memory assigned to process): 224M, peak: 224M
current process commit charge ("private bytes"): 254M, peak: 266M

vm_info: Java HotSpot(TM) 64-Bit Server VM (23.0.2+7-58) for windows-amd64 JRE (23.0.2+7-58), built on 2024-11-29T09:34:55Z with MS VC++ 17.6 (VS2022)

END.
